20 sets, 15 types of elements
Sets:
0 {2, 5, 11, 7}
1 {2}
2 {5, 12, 4, 2, 3, 9}
3 {12, 5, 10}
4 {4}
5 {10, 12}
6 {5, 9, 14, 10}
7 {6}
8 {4, 13, 3, 8, 10, 7}
9 {2}
10 {9}
11 {0, 14, 1, 7, 3, 5, 11, 9, 6}
12 {8}
13 {8, 0}
14 {14}
15 {14, 12}
16 {12, 7, 6, 4}
17 {9}
18 {7}
19 {4, 2, 9, 8, 10}

Solution strand #2308 at tube 3: 
0 0 1 0 0 0 0 0 1 0 0 1 0 0 0 0 0 0 0 0 1 1 1 1 1 1 1 1 1 1 1 1 1 1 1 

Minimum set cover: 
2 {5, 12, 4, 2, 3, 9}
8 {4, 13, 3, 8, 10, 7}
11 {0, 14, 1, 7, 3, 5, 11, 9, 6}

Elapsed times: init=0.256084 s, comp=0.907899 s, total=1.163983 s, t2=0.469108 s, t3=0.060035 s, t4=0.378756 s
