21 sets, 15 types of elements
Sets:
0 {12, 11, 0, 7, 2, 3}
1 {14}
2 {13, 6}
3 {4}
4 {14, 2, 10, 8}
5 {11}
6 {10, 6}
7 {8, 10, 2, 1, 9, 0, 11, 3, 6, 13}
8 {10}
9 {6, 5, 0}
10 {10, 12, 6, 5, 13, 3, 7, 0}
11 {3, 7}
12 {8, 12, 13, 9}
13 {3, 2}
14 {2, 8, 5, 3, 0}
15 {0}
16 {13, 7, 11}
17 {2}
18 {13}
19 {8, 0, 12, 11, 5}
20 {0}

Solution strand #1162 at tube 4: 
0 1 0 1 0 0 0 1 0 0 1 0 0 0 0 0 0 0 0 0 0 1 1 1 1 1 1 1 1 1 1 1 1 1 1 1 

Minimum set cover: 
1 {14}
3 {4}
7 {8, 10, 2, 1, 9, 0, 11, 3, 6, 13}
10 {10, 12, 6, 5, 13, 3, 7, 0}

Elapsed times: init=0.340630 s, comp=2.119677 s, total=2.460307 s, t2=1.046608 s, t3=0.142166 s, t4=0.930903 s
