22 sets, 15 types of elements
Sets:
0 {5, 14}
1 {5, 12, 6, 10, 14}
2 {5, 12}
3 {4, 5, 0}
4 {2}
5 {5, 1, 8, 7}
6 {7, 12, 8, 14, 10}
7 {8, 5, 10, 12, 14}
8 {12, 8, 0, 4, 11, 5}
9 {5, 11, 10, 14, 13}
10 {5}
11 {6, 11, 13, 0, 12, 5}
12 {10}
13 {1}
14 {10, 2, 0, 11}
15 {4, 5, 7, 2}
16 {9}
17 {6, 0, 4, 10, 2, 7, 14}
18 {11, 5}
19 {1, 6, 3, 9}
20 {6, 4, 8, 10, 9, 2}
21 {8, 5, 2, 4, 13, 9}

Solution strand #557824 at tube 4: 
0 0 0 0 0 0 0 0 1 1 0 0 0 0 0 1 0 0 0 1 0 0 1 1 1 1 1 1 1 1 1 1 1 1 1 1 1 

Minimum set cover: 
8 {12, 8, 0, 4, 11, 5}
9 {5, 11, 10, 14, 13}
15 {4, 5, 7, 2}
19 {1, 6, 3, 9}

Elapsed times: init=0.507290 s, comp=5.092720 s, total=5.600010 s, t2=2.480877 s, t3=0.315490 s, t4=2.296353 s
