20 sets, 15 types of elements
Sets:
0 {7, 6, 3, 13}
1 {8}
2 {11, 4, 8, 1, 13}
3 {13, 14, 0, 3}
4 {5, 13}
5 {14}
6 {3}
7 {1}
8 {10}
9 {12, 4, 14}
10 {9}
11 {4}
12 {0, 2}
13 {7}
14 {10}
15 {13, 7, 1}
16 {6, 2, 10, 4}
17 {7}
18 {13}
19 {8}

Solution strand #5909 at tube 7: 
1 0 1 0 1 0 0 0 1 1 1 0 1 0 0 0 0 0 0 0 1 1 1 1 1 1 1 1 1 1 1 1 1 1 1 

Minimum set cover: 
0 {7, 6, 3, 13}
2 {11, 4, 8, 1, 13}
4 {5, 13}
8 {10}
9 {12, 4, 14}
10 {9}
12 {0, 2}

Elapsed times: init=0.255535 s, comp=0.778332 s, total=1.033867 s, t2=0.389268 s, t3=0.067548 s, t4=0.321516 s
