22 sets, 15 types of elements
Sets:
0 {7, 2, 10, 12, 4, 14}
1 {7}
2 {2}
3 {11, 1, 10}
4 {7}
5 {9, 0}
6 {1, 11, 6, 5, 13, 2}
7 {10}
8 {7, 5, 1, 13, 10, 2, 12, 14, 6}
9 {14, 9, 12, 10}
10 {9, 2}
11 {9}
12 {12}
13 {6, 10, 1, 13}
14 {8, 9}
15 {4}
16 {10, 1, 8}
17 {6, 9, 4}
18 {4, 7}
19 {7}
20 {3, 9}
21 {1, 13, 12, 10, 7}

Solution strand #1065057 at tube 5: 
1 0 0 0 0 1 1 0 0 0 0 0 0 0 1 0 0 0 0 0 1 0 1 1 1 1 1 1 1 1 1 1 1 1 1 1 1 

Minimum set cover: 
0 {7, 2, 10, 12, 4, 14}
5 {9, 0}
6 {1, 11, 6, 5, 13, 2}
14 {8, 9}
20 {3, 9}

Elapsed times: init=0.506454 s, comp=4.016475 s, total=4.522929 s, t2=2.064502 s, t3=0.234056 s, t4=1.717917 s
