23 sets, 15 types of elements
Sets:
0 {9, 13, 0, 5, 14, 11}
1 {7, 9}
2 {4, 11, 7, 10, 9}
3 {8, 6}
4 {5}
5 {5, 2, 4}
6 {3}
7 {13, 3}
8 {6, 9}
9 {2, 5}
10 {4}
11 {7}
12 {9}
13 {1, 0, 5, 2}
14 {8, 14, 1}
15 {14, 1, 0, 13, 2, 9}
16 {13}
17 {10, 2, 13}
18 {2, 11}
19 {2, 12, 9}
20 {0, 8, 2, 14}
21 {10}
22 {1, 3, 4, 2}

Solution strand #4718605 at tube 5: 
1 0 1 1 0 0 0 0 0 0 0 0 0 0 0 0 0 0 0 1 0 0 1 1 1 1 1 1 1 1 1 1 1 1 1 1 1 1 

Minimum set cover: 
0 {9, 13, 0, 5, 14, 11}
2 {4, 11, 7, 10, 9}
3 {8, 6}
19 {2, 12, 9}
22 {1, 3, 4, 2}

Elapsed times: init=0.842060 s, comp=9.546636 s, total=10.388696 s, t2=4.249631 s, t3=0.760155 s, t4=4.536850 s
