23 sets, 15 types of elements
Sets:
0 {3}
1 {10}
2 {9, 0, 13, 11, 5, 14}
3 {1, 10, 11}
4 {1, 8}
5 {7, 11}
6 {13, 7, 14, 3, 8}
7 {8, 3, 4, 14, 11, 5, 6}
8 {10, 14, 2, 13}
9 {9}
10 {3, 1, 11, 5, 10, 7}
11 {11, 14, 13}
12 {5, 0, 9}
13 {6, 7, 3}
14 {14, 10, 7, 11}
15 {14}
16 {6, 13, 5, 3, 8, 14, 4, 10}
17 {3, 5}
18 {12}
19 {10}
20 {9}
21 {14}
22 {1, 3, 8}

Solution strand #263556 at tube 5: 
0 0 1 0 0 0 0 1 1 0 1 0 0 0 0 0 0 0 1 0 0 0 0 1 1 1 1 1 1 1 1 1 1 1 1 1 1 1 

Minimum set cover: 
2 {9, 0, 13, 11, 5, 14}
7 {8, 3, 4, 14, 11, 5, 6}
8 {10, 14, 2, 13}
10 {3, 1, 11, 5, 10, 7}
18 {12}

Elapsed times: init=0.840695 s, comp=8.997590 s, total=9.838285 s, t2=4.521702 s, t3=0.531628 s, t4=3.944260 s
