20 sets, 15 types of elements
Sets:
0 {2}
1 {0}
2 {7, 9, 6, 5, 13, 2}
3 {1}
4 {13}
5 {13}
6 {0, 13}
7 {5, 3, 11, 0}
8 {14, 1, 13, 0, 8}
9 {1, 2, 8, 9, 10, 11, 6, 5}
10 {4}
11 {12}
12 {4, 12, 3, 5, 10, 1, 11, 2}
13 {9, 10, 0, 1}
14 {6}
15 {10, 0, 3}
16 {2, 13, 6, 8, 7, 12}
17 {10, 7}
18 {14}
19 {10, 12, 8, 13, 11}

Solution strand #4356 at tube 3: 
0 0 1 0 0 0 0 0 1 0 0 0 1 0 0 0 0 0 0 0 1 1 1 1 1 1 1 1 1 1 1 1 1 1 1 

Minimum set cover: 
2 {7, 9, 6, 5, 13, 2}
8 {14, 1, 13, 0, 8}
12 {4, 12, 3, 5, 10, 1, 11, 2}

Elapsed times: init=0.273705 s, comp=1.021197 s, total=1.294902 s, t2=0.485092 s, t3=0.086412 s, t4=0.449693 s
