23 sets, 15 types of elements
Sets:
0 {2, 9, 10, 5, 1, 14}
1 {0, 11}
2 {7, 10}
3 {9, 12, 2, 13}
4 {11, 1, 8, 13, 5, 12}
5 {0}
6 {5, 8, 11, 2}
7 {3}
8 {14}
9 {9, 13, 11, 14}
10 {13, 12, 7}
11 {2, 10, 6}
12 {8, 7, 12, 4, 13, 10}
13 {4, 6, 8, 1, 13}
14 {0, 2}
15 {14, 1, 5}
16 {1, 6, 12, 2}
17 {9, 14, 1, 12, 5, 8, 11, 10, 3, 0}
18 {10, 9, 7, 11}
19 {10, 9, 12, 6}
20 {12, 3, 14}
21 {2}
22 {0, 7, 3, 4, 12}

Solution strand #137216 at tube 3: 
0 0 0 0 0 0 0 0 0 0 0 1 1 0 0 0 0 1 0 0 0 0 0 1 1 1 1 1 1 1 1 1 1 1 1 1 1 1 

Minimum set cover: 
11 {2, 10, 6}
12 {8, 7, 12, 4, 13, 10}
17 {9, 14, 1, 12, 5, 8, 11, 10, 3, 0}

Elapsed times: init=0.856585 s, comp=12.822621 s, total=13.679206 s, t2=5.259050 s, t3=0.824836 s, t4=6.738735 s
