21 sets, 15 types of elements
Sets:
0 {10, 11}
1 {13}
2 {0, 3}
3 {13, 12}
4 {9, 13, 3, 0, 2}
5 {9, 5, 6, 11, 14, 3, 12, 4, 2, 8}
6 {1, 8, 5, 6, 2, 7, 10, 3}
7 {6}
8 {14}
9 {6}
10 {7, 4, 3, 11, 1}
11 {1, 6, 2}
12 {0, 4, 10, 12, 11, 14, 1, 3, 5, 9, 2}
13 {6, 5, 9, 8, 14, 0, 3}
14 {0}
15 {5, 8}
16 {12, 1}
17 {0, 7, 9, 8, 5, 13, 11, 6, 10, 4, 12}
18 {13}
19 {2, 1, 11}
20 {11}

Solution strand #135168 at tube 2: 
0 0 0 0 0 0 0 0 0 0 0 0 1 0 0 0 0 1 0 0 0 1 1 1 1 1 1 1 1 1 1 1 1 1 1 1 

Minimum set cover: 
12 {0, 4, 10, 12, 11, 14, 1, 3, 5, 9, 2}
17 {0, 7, 9, 8, 5, 13, 11, 6, 10, 4, 12}

Elapsed times: init=0.340043 s, comp=2.911861 s, total=3.251904 s, t2=1.207948 s, t3=0.216116 s, t4=1.487797 s
