21 sets, 15 types of elements
Sets:
0 {7}
1 {13, 0, 1, 11}
2 {1, 6, 13, 11, 0, 14}
3 {11, 0, 10, 2}
4 {8}
5 {5, 12, 7}
6 {1, 11, 8}
7 {9, 13}
8 {5}
9 {8, 2, 1, 4}
10 {4, 6, 8, 10, 1, 7, 3, 0}
11 {11, 14, 0, 10, 4, 5, 1}
12 {6, 5, 1, 10, 11}
13 {2, 5, 14, 12}
14 {5, 2}
15 {8}
16 {8, 6, 13, 10, 2}
17 {13, 7, 8, 4, 3}
18 {5, 12}
19 {2, 6, 3, 4, 1, 0}
20 {13}

Solution strand #9346 at tube 4: 
0 1 0 0 0 0 0 1 0 0 1 0 0 1 0 0 0 0 0 0 0 1 1 1 1 1 1 1 1 1 1 1 1 1 1 1 

Minimum set cover: 
1 {13, 0, 1, 11}
7 {9, 13}
10 {4, 6, 8, 10, 1, 7, 3, 0}
13 {2, 5, 14, 12}

Elapsed times: init=0.340737 s, comp=2.400723 s, total=2.741460 s, t2=1.172124 s, t3=0.186073 s, t4=1.042526 s
