23 sets, 15 types of elements
Sets:
0 {2, 8, 12}
1 {14}
2 {2, 9, 10, 1}
3 {14}
4 {6, 13, 7, 3, 5, 10}
5 {7, 14, 0, 12, 8}
6 {0, 4}
7 {14, 11, 10, 1, 3, 12}
8 {6, 2}
9 {9, 11}
10 {11, 6, 2, 10}
11 {0}
12 {9, 10, 13, 14, 3, 0}
13 {11, 0}
14 {10, 9}
15 {13, 0, 1, 5}
16 {5}
17 {8, 3, 13}
18 {10, 8, 0, 6}
19 {9, 1, 7, 2, 5, 11}
20 {0, 14, 6}
21 {6, 4}
22 {6, 7, 12, 5, 3, 10, 11, 4, 0}

Solution strand #524400 at tube 4: 
0 0 0 0 1 1 1 0 0 0 0 0 0 0 0 0 0 0 0 1 0 0 0 1 1 1 1 1 1 1 1 1 1 1 1 1 1 1 

Minimum set cover: 
4 {6, 13, 7, 3, 5, 10}
5 {7, 14, 0, 12, 8}
6 {0, 4}
19 {9, 1, 7, 2, 5, 11}

Elapsed times: init=0.841017 s, comp=16.105103 s, total=16.946120 s, t2=6.665283 s, t3=1.139388 s, t4=8.300432 s
