23 sets, 25 types of elements
Sets:
0 {15, 21, 2}
1 {7, 12, 15, 14}
2 {14, 17, 22}
3 {6, 18, 11, 15, 23, 22, 24, 20, 8, 19, 21, 1, 0}
4 {13, 20, 11, 10, 19}
5 {9, 15, 8, 5, 6, 21, 2, 23, 24, 19, 17, 10, 13, 16, 1, 20, 14}
6 {9, 6, 19, 22, 13, 15, 23, 14, 17}
7 {12, 6, 21, 14, 23, 9, 16}
8 {14, 0, 17, 16, 7, 5, 13, 18, 4, 22, 6, 1}
9 {5, 8, 19}
10 {17, 0, 7, 16}
11 {24, 9}
12 {1, 8, 21, 15, 24, 3, 22, 12, 18, 7, 9, 11, 16}
13 {13}
14 {22}
15 {24}
16 {15, 14, 9, 23, 18, 6, 21, 3, 8, 2, 24, 0, 4, 7, 13, 17, 22, 16, 1}
17 {8, 2, 13, 23, 0, 21, 14, 12, 6, 3, 9}
18 {3, 14, 24}
19 {10, 11, 7, 4, 19, 5, 14}
20 {21, 22, 19, 14, 15, 11, 6, 13, 2, 20, 4}
21 {19, 10, 6, 0}
22 {15, 3, 5, 11, 18, 22}

Solution strand #4384 at tube 3: 
0 0 0 0 0 1 0 0 1 0 0 0 1 0 0 0 0 0 0 0 0 0 0 1 1 1 1 1 1 1 1 1 1 1 1 1 1 1 1 1 1 1 1 1 1 1 1 1 

Minimum set cover: 
5 {9, 15, 8, 5, 6, 21, 2, 23, 24, 19, 17, 10, 13, 16, 1, 20, 14}
8 {14, 0, 17, 16, 7, 5, 13, 18, 4, 22, 6, 1}
12 {1, 8, 21, 15, 24, 3, 22, 12, 18, 7, 9, 11, 16}

Elapsed times: init=0.841738 s, comp=16.777767 s, total=17.619505 s, t2=8.437801 s, t3=1.432672 s, t4=6.907294 s
