24 sets, 25 types of elements
Sets:
0 {15, 20, 22, 17, 19, 2, 1, 5, 11, 6}
1 {10, 14, 22, 9}
2 {10}
3 {9}
4 {2, 21, 1, 0, 19, 15, 4, 13, 17, 20, 7, 24, 22, 23, 5, 16, 18, 8, 14, 9, 11}
5 {23, 4, 22, 6, 1, 7}
6 {21, 7, 17, 12, 15}
7 {0, 20, 13, 18}
8 {10, 1, 0}
9 {8, 1, 16, 13, 12, 6, 19, 3, 17, 11, 5, 2, 20}
10 {11, 13, 15, 6, 5, 16, 23, 2, 24, 17}
11 {13, 3, 19}
12 {7, 10, 6, 23, 2, 16, 17, 24}
13 {6, 7, 23, 1}
14 {10, 6, 13, 18}
15 {24, 18, 4}
16 {20, 14, 9}
17 {20, 23, 22, 5, 15, 10}
18 {12, 10}
19 {8, 0, 17, 24, 12, 23, 9, 1}
20 {8, 15, 21}
21 {15, 21, 9, 4, 11, 17, 2, 10}
22 {12, 0, 20}
23 {14, 24, 8, 20, 21, 4, 5, 0}

Solution strand #530 at tube 3: 
0 1 0 0 1 0 0 0 0 1 0 0 0 0 0 0 0 0 0 0 0 0 0 0 1 1 1 1 1 1 1 1 1 1 1 1 1 1 1 1 1 1 1 1 1 1 1 1 1 

Minimum set cover: 
1 {10, 14, 22, 9}
4 {2, 21, 1, 0, 19, 15, 4, 13, 17, 20, 7, 24, 22, 23, 5, 16, 18, 8, 14, 9, 11}
9 {8, 1, 16, 13, 12, 6, 19, 3, 17, 11, 5, 2, 20}

Elapsed times: init=1.537009 s, comp=31.946805 s, total=33.483814 s, t2=15.712765 s, t3=2.535241 s, t4=13.698799 s
