23 sets, 20 types of elements
Sets:
0 {9, 15, 4, 5, 16, 7}
1 {13, 7}
2 {13}
3 {17}
4 {1, 6, 17, 10, 3, 13, 11}
5 {5, 2, 11, 14, 9, 10, 19, 3, 16, 15, 4, 12}
6 {12, 18, 19, 7, 0}
7 {18}
8 {11, 12, 8, 13, 3, 7, 2}
9 {13}
10 {14, 19, 12, 8, 13, 6, 18, 15, 4, 1, 3, 7}
11 {7}
12 {3, 14, 8}
13 {13, 0, 5, 19}
14 {3, 12, 6}
15 {9, 2}
16 {6, 5, 9, 4, 17, 10, 18, 2, 7, 8, 13, 12, 14}
17 {3}
18 {10, 16, 7, 1, 0, 18, 2, 11, 9, 5, 6, 3}
19 {17, 0, 9, 11, 14, 8, 13, 5, 7, 1, 19}
20 {6}
21 {6}
22 {19, 11, 15, 17, 18}

Solution strand #263176 at tube 3: 
0 0 0 1 0 0 0 0 0 0 1 0 0 0 0 0 0 0 1 0 0 0 0 1 1 1 1 1 1 1 1 1 1 1 1 1 1 1 1 1 1 1 1 

Minimum set cover: 
3 {17}
10 {14, 19, 12, 8, 13, 6, 18, 15, 4, 1, 3, 7}
18 {10, 16, 7, 1, 0, 18, 2, 11, 9, 5, 6, 3}

Elapsed times: init=0.843969 s, comp=14.389321 s, total=15.233290 s, t2=6.366341 s, t3=1.154164 s, t4=6.868816 s
