21 sets, 20 types of elements
Sets:
0 {9, 18, 16, 13, 12, 10, 15, 3, 1}
1 {0, 11, 1, 18, 13, 7, 15, 2, 12}
2 {9}
3 {7, 10, 0, 17}
4 {2, 4, 16, 1, 18, 9, 19}
5 {6, 5, 12, 9, 7, 19, 16, 3, 1, 13, 2, 14, 4, 8, 15, 17, 0, 10, 18, 11}
6 {14}
7 {18}
8 {10, 5, 9}
9 {15, 9, 10, 4, 19}
10 {14, 9, 10, 2, 5, 3, 4, 15, 17, 1, 7, 13}
11 {13, 2, 11}
12 {7, 5, 16, 18, 10, 2, 17, 11}
13 {11, 3, 2, 1, 19}
14 {6, 14}
15 {3, 4, 14, 15, 17}
16 {5, 11, 12, 19, 14, 9, 8, 4, 18}
17 {3}
18 {17, 16, 12, 4, 13}
19 {13, 11, 2, 14, 1, 7}
20 {19, 16, 0}

Solution strand #32 at tube 1: 
0 0 0 0 0 1 0 0 0 0 0 0 0 0 0 0 0 0 0 0 0 1 1 1 1 1 1 1 1 1 1 1 1 1 1 1 1 1 1 1 1 

Minimum set cover: 
5 {6, 5, 12, 9, 7, 19, 16, 3, 1, 13, 2, 14, 4, 8, 15, 17, 0, 10, 18, 11}

Elapsed times: init=0.339519 s, comp=3.377571 s, total=3.717090 s, t2=1.685551 s, t3=0.279628 s, t4=1.412392 s
