22 sets, 20 types of elements
Sets:
0 {17, 16, 10, 3, 7, 15, 1, 14, 13, 4, 2, 11, 6}
1 {12}
2 {8, 11, 17, 1, 7, 14, 0, 18, 13, 10, 15}
3 {8, 12, 0, 15, 18, 3, 6, 2}
4 {11, 14, 9, 19, 18, 7}
5 {3}
6 {18, 9, 5, 19, 3, 8, 16, 1, 2, 6, 10, 13, 12, 17, 4, 15}
7 {0, 4, 8, 5, 13}
8 {4, 9, 15, 13, 12, 1, 0, 7, 5, 3, 11}
9 {8, 1}
10 {1}
11 {14, 18}
12 {2, 4, 17, 9, 12}
13 {19, 17, 4, 8, 6, 0, 3, 1, 2}
14 {1, 0, 15, 13, 11, 2, 3, 14, 19}
15 {3, 10, 19}
16 {7}
17 {8, 6, 18, 2, 9, 19, 16, 5, 0, 15}
18 {10, 1, 13, 18, 15, 6}
19 {10}
20 {17}
21 {3, 16, 9, 11, 14, 6}

Solution strand #68 at tube 2: 
0 0 1 0 0 0 1 0 0 0 0 0 0 0 0 0 0 0 0 0 0 0 1 1 1 1 1 1 1 1 1 1 1 1 1 1 1 1 1 1 1 1 

Minimum set cover: 
2 {8, 11, 17, 1, 7, 14, 0, 18, 13, 10, 15}
6 {18, 9, 5, 19, 3, 8, 16, 1, 2, 6, 10, 13, 12, 17, 4, 15}

Elapsed times: init=0.506027 s, comp=7.553558 s, total=8.059585 s, t2=3.616932 s, t3=0.599500 s, t4=3.337126 s
