22 sets, 25 types of elements
Sets:
0 {20}
1 {20, 13, 12}
2 {14, 1, 22, 5, 20, 23, 18, 21, 4, 2, 11, 3, 7}
3 {18, 19, 12, 7, 11, 9}
4 {12, 18, 13, 0}
5 {12}
6 {17, 3, 2, 9, 19, 12, 14, 21, 15, 5}
7 {4, 3, 10, 14, 12, 23, 13, 9, 20}
8 {2, 13, 3, 14, 10, 23, 11, 18, 1, 15, 9, 17, 4, 19, 7, 0, 22, 16, 24, 12}
9 {17}
10 {17}
11 {14}
12 {7, 10, 0}
13 {22, 16, 13}
14 {4, 22, 20, 14, 1, 9, 13, 2, 21, 17}
15 {2, 22, 21, 20, 4, 15, 23, 12, 14, 8, 13, 5, 0, 3, 18, 7, 1, 16}
16 {24, 18, 4, 20, 13, 2, 9, 15, 23, 11, 22}
17 {4}
18 {4, 18, 21, 24, 9, 15, 5, 3, 17, 14, 16, 7, 13, 0}
19 {4, 15, 19, 3}
20 {9, 7, 23, 1}
21 {5, 16, 9}
No solution found

Elapsed times: init=0.507781 s, comp=5.455377 s, total=5.963158 s, t2=3.779806 s, t3=0.298039 s, t4=1.377532 s
