22 sets, 25 types of elements
Sets:
0 {11, 15, 17, 19, 14, 6, 18, 20, 21, 13}
1 {8}
2 {13, 19, 9, 14, 16, 21, 5, 18, 17, 10, 20, 11, 2}
3 {24, 0, 19, 16, 3, 7, 8, 6, 13}
4 {17, 2, 13, 14, 7, 19, 8, 3}
5 {24, 8, 9, 18, 21, 1, 0, 17, 6}
6 {10, 6, 20}
7 {24, 1, 16, 10, 6}
8 {17, 4}
9 {1, 6, 23, 3}
10 {6, 24, 8, 20, 1, 9, 18, 21, 2}
11 {21, 2, 14, 7, 4, 18, 17, 11}
12 {24, 4, 12, 6, 13, 19, 10, 8, 7, 23, 17, 21}
13 {11, 16, 19, 9, 18, 7, 3, 2, 5, 10}
14 {0, 16, 4, 15, 10, 1}
15 {3}
16 {23}
17 {3, 16, 13, 9, 17, 4, 20, 19, 0, 2, 14, 12}
18 {17, 12, 20, 24, 18, 19, 21, 5}
19 {14, 8, 21, 9, 23, 10, 22, 5, 16, 24, 7, 2, 15}
20 {23, 4, 10, 18, 6, 21, 20, 12}
21 {24, 20, 0, 5, 16, 10, 22, 2}

Solution strand #655393 at tube 4: 
1 0 0 0 0 1 0 0 0 0 0 0 0 0 0 0 0 1 0 1 0 0 1 1 1 1 1 1 1 1 1 1 1 1 1 1 1 1 1 1 1 1 1 1 1 1 1 

Minimum set cover: 
0 {11, 15, 17, 19, 14, 6, 18, 20, 21, 13}
5 {24, 8, 9, 18, 21, 1, 0, 17, 6}
17 {3, 16, 13, 9, 17, 4, 20, 19, 0, 2, 14, 12}
19 {14, 8, 21, 9, 23, 10, 22, 5, 16, 24, 7, 2, 15}

Elapsed times: init=0.506114 s, comp=7.797799 s, total=8.303913 s, t2=4.303794 s, t3=0.725254 s, t4=2.768751 s
