21 sets, 25 types of elements
Sets:
0 {5, 2, 22, 4, 16, 19, 21, 12, 0, 9, 18, 20, 23, 7, 10, 8}
1 {14}
2 {20, 3, 1, 17, 13, 11, 18, 8, 15, 10, 23}
3 {19, 12, 11, 13, 16, 20, 10, 15, 14, 1, 24, 3}
4 {6, 22, 17, 16, 2, 14}
5 {15, 1, 8, 23, 12, 0, 2, 21, 13, 20, 18}
6 {18, 7, 24, 5, 16, 22, 2, 3, 11, 0, 19, 13}
7 {8}
8 {3, 24, 6, 5, 8, 15, 14}
9 {8, 23, 24, 18, 10, 3, 16, 6, 22, 21, 7, 4, 19, 13, 2}
10 {17, 11, 16, 24, 20, 21, 12, 13, 6}
11 {17}
12 {23}
13 {18, 11, 16, 2, 7, 21, 24, 3, 1, 9, 5, 22, 23}
14 {12}
15 {18}
16 {24, 18, 11, 14, 7, 22, 3, 6, 13, 12, 19}
17 {22, 18, 13, 3, 7, 12, 19, 20, 8, 24, 11, 14}
18 {20}
19 {23, 16, 15, 19, 9, 2, 21, 11, 13, 14, 4, 12, 6, 7}
20 {17, 18}

Solution strand #25 at tube 3: 
1 0 0 1 1 0 0 0 0 0 0 0 0 0 0 0 0 0 0 0 0 1 1 1 1 1 1 1 1 1 1 1 1 1 1 1 1 1 1 1 1 1 1 1 1 1 

Minimum set cover: 
0 {5, 2, 22, 4, 16, 19, 21, 12, 0, 9, 18, 20, 23, 7, 10, 8}
3 {19, 12, 11, 13, 16, 20, 10, 15, 14, 1, 24, 3}
4 {6, 22, 17, 16, 2, 14}

Elapsed times: init=0.339506 s, comp=4.122608 s, total=4.462114 s, t2=2.130766 s, t3=0.376066 s, t4=1.615776 s
