20 sets, 25 types of elements
Sets:
0 {5, 6, 3, 14, 0}
1 {12}
2 {11, 9, 17, 8}
3 {7, 1, 20, 21, 23}
4 {22, 17, 11, 10, 0, 23, 9}
5 {3}
6 {17, 1, 20, 2}
7 {13, 10, 6, 17, 22, 3, 18, 1, 19, 14, 16, 24, 15}
8 {13, 5, 1, 24, 8, 22, 2, 6, 17, 7, 0, 3, 20, 23, 19, 16}
9 {5}
10 {4, 10, 6, 19, 8, 11, 12, 14, 3}
11 {14}
12 {23, 8, 11, 24, 9, 12, 18, 10, 0, 22}
13 {23, 20, 11, 2, 13, 21, 24, 3, 16, 6, 17, 15}
14 {2, 10, 8, 7, 6, 20, 12}
15 {22, 6}
16 {18}
17 {17, 11, 12, 13, 16, 0}
18 {21, 4, 18}
19 {20, 18, 8, 2, 5, 9, 4, 21, 24, 23, 17, 0, 10, 12, 7}

Solution strand #524420 at tube 3: 
0 0 1 0 0 0 0 1 0 0 0 0 0 0 0 0 0 0 0 1 1 1 1 1 1 1 1 1 1 1 1 1 1 1 1 1 1 1 1 1 1 1 1 1 1 

Minimum set cover: 
2 {11, 9, 17, 8}
7 {13, 10, 6, 17, 22, 3, 18, 1, 19, 14, 16, 24, 15}
19 {20, 18, 8, 2, 5, 9, 4, 21, 24, 23, 17, 0, 10, 12, 7}

Elapsed times: init=0.257294 s, comp=1.470229 s, total=1.727523 s, t2=0.796697 s, t3=0.149920 s, t4=0.523612 s
