23 sets, 20 types of elements
Sets:
0 {14, 7, 8, 4}
1 {11, 14, 8, 17, 13, 18, 5, 9, 12, 6, 15, 10, 16, 3}
2 {5}
3 {19}
4 {13}
5 {8}
6 {17}
7 {11, 18}
8 {18}
9 {6, 0, 8, 1, 11, 10, 7, 14, 3, 19, 18}
10 {19}
11 {2}
12 {0, 3, 4, 5, 14, 11}
13 {16, 1, 9, 6}
14 {0, 15, 18, 1, 7, 16, 11}
15 {5, 16, 14, 0, 6}
16 {6, 5, 3, 12, 16, 7, 2, 0, 11, 15}
17 {18, 8, 10, 2, 3, 1}
18 {2, 3, 16, 4, 10, 13, 8, 11, 18, 6, 9}
19 {14}
20 {14, 13, 17, 1, 18, 15}
21 {10, 19, 9, 5, 11, 4}
22 {13}

Solution strand #262658 at tube 3: 
0 1 0 0 0 0 0 0 0 1 0 0 0 0 0 0 0 0 1 0 0 0 0 1 1 1 1 1 1 1 1 1 1 1 1 1 1 1 1 1 1 1 1 

Minimum set cover: 
1 {11, 14, 8, 17, 13, 18, 5, 9, 12, 6, 15, 10, 16, 3}
9 {6, 0, 8, 1, 11, 10, 7, 14, 3, 19, 18}
18 {2, 3, 16, 4, 10, 13, 8, 11, 18, 6, 9}

Elapsed times: init=0.844083 s, comp=13.565728 s, total=14.409811 s, t2=6.032180 s, t3=1.106590 s, t4=6.426958 s
