23 sets, 20 types of elements
Sets:
0 {7, 4, 9, 10, 13}
1 {0, 17, 4, 2, 8, 18, 1, 15, 3}
2 {2, 10, 6, 8}
3 {0, 1, 5, 19}
4 {0, 13, 9, 2, 16}
5 {2, 17, 1, 13, 14, 19, 0, 18}
6 {13, 17, 4, 18, 14, 11, 6}
7 {3}
8 {13, 1, 9, 5}
9 {14, 17, 5, 4}
10 {10, 19, 15}
11 {12}
12 {3}
13 {11, 2, 14, 5, 17}
14 {8}
15 {3}
16 {6, 15, 9, 0, 1}
17 {0, 13, 19, 5, 7, 11, 8}
18 {3, 1, 7, 17, 4, 5, 8, 12, 16}
19 {18, 16, 3, 10, 14, 8, 5, 17, 12, 15, 11}
20 {0}
21 {16, 18}
22 {9, 12, 11, 16}

Solution strand #263248 at tube 4: 
0 0 0 0 1 0 1 0 0 0 1 0 0 0 0 0 0 0 1 0 0 0 0 1 1 1 1 1 1 1 1 1 1 1 1 1 1 1 1 1 1 1 1 

Minimum set cover: 
4 {0, 13, 9, 2, 16}
6 {13, 17, 4, 18, 14, 11, 6}
10 {10, 19, 15}
18 {3, 1, 7, 17, 4, 5, 8, 12, 16}

Elapsed times: init=0.840830 s, comp=13.826517 s, total=14.667347 s, t2=6.108893 s, t3=1.174410 s, t4=6.543214 s
