20 sets, 25 types of elements
Sets:
0 {18, 4, 6, 16, 9, 24, 19, 2, 23, 10}
1 {15, 18, 2, 0, 20, 3, 12, 14, 13}
2 {2, 22, 10, 21, 0, 16, 20, 14, 1, 6, 15}
3 {1, 16, 4, 24, 21, 17}
4 {8, 19, 16, 14, 12, 24}
5 {22, 1, 9, 12, 3, 11, 16, 14, 23}
6 {19, 16, 6, 13, 21, 3, 1, 23, 20}
7 {7, 18, 24, 20, 5, 3, 2, 22, 14, 8, 1, 0}
8 {2, 23, 18, 12, 24, 20, 0, 7, 10, 21, 15, 3}
9 {4, 1, 21, 13, 18, 19, 22, 23, 15, 20, 9, 24, 16, 6}
10 {15, 12, 23, 9, 18, 14}
11 {9}
12 {11, 18, 1, 15, 3, 23, 21, 8, 16}
13 {11}
14 {17, 0, 8, 11, 19}
15 {24}
16 {8, 22, 1}
17 {2, 19}
18 {16, 15, 14, 0, 4, 8}
19 {20, 1, 4, 19, 21, 17, 6, 3, 7, 23, 0}

Solution strand #17280 at tube 4: 
0 0 0 0 0 0 0 1 1 1 0 0 0 0 1 0 0 0 0 0 1 1 1 1 1 1 1 1 1 1 1 1 1 1 1 1 1 1 1 1 1 1 1 1 1 

Minimum set cover: 
7 {7, 18, 24, 20, 5, 3, 2, 22, 14, 8, 1, 0}
8 {2, 23, 18, 12, 24, 20, 0, 7, 10, 21, 15, 3}
9 {4, 1, 21, 13, 18, 19, 22, 23, 15, 20, 9, 24, 16, 6}
14 {17, 0, 8, 11, 19}

Elapsed times: init=0.259336 s, comp=1.559849 s, total=1.819185 s, t2=0.948095 s, t3=0.128473 s, t4=0.483281 s
