24 sets, 20 types of elements
Sets:
0 {2, 12, 16, 6, 4, 3}
1 {14}
2 {4, 18, 10, 16, 1, 14, 2, 12, 9}
3 {19, 3, 4, 5, 10}
4 {16, 9, 14, 10, 3, 17, 19, 18, 13, 1, 11, 6, 2}
5 {16, 8, 6, 1, 5, 3, 13, 15, 9, 7, 2, 18, 12, 17, 19, 10, 11, 4}
6 {17, 10, 7}
7 {12, 18, 9, 4, 16, 6, 5, 2}
8 {5}
9 {17, 16, 12, 14, 18, 7, 6, 3, 9, 11, 13, 8, 4, 5}
10 {0, 12, 5, 7, 17, 16}
11 {8, 6, 11, 12, 9, 2, 4, 15, 1, 19, 18, 14, 13}
12 {18, 19, 14, 0, 11, 7, 4, 17, 9}
13 {10, 8, 2, 16, 6, 14, 18}
14 {11, 14, 17}
15 {17, 2, 0, 18, 13, 11, 6}
16 {7, 17, 1, 18, 9, 16, 14, 10}
17 {5, 3, 14, 13, 6, 7, 10, 0}
18 {6, 18, 7, 17, 4, 3, 9, 5}
19 {3, 0, 9, 19, 1, 7, 10, 5, 8, 16}
20 {14, 0, 12}
21 {13}
22 {0}
23 {2, 9, 3, 6, 19}

Solution strand #4128 at tube 2: 
0 0 0 0 0 1 0 0 0 0 0 0 1 0 0 0 0 0 0 0 0 0 0 0 1 1 1 1 1 1 1 1 1 1 1 1 1 1 1 1 1 1 1 1 

Minimum set cover: 
5 {16, 8, 6, 1, 5, 3, 13, 15, 9, 7, 2, 18, 12, 17, 19, 10, 11, 4}
12 {18, 19, 14, 0, 11, 7, 4, 17, 9}

Elapsed times: init=1.509146 s, comp=35.802554 s, total=37.311700 s, t2=17.855242 s, t3=2.424500 s, t4=15.522812 s
