25 sets, 20 types of elements
Sets:
0 {17, 10}
1 {7}
2 {13, 3}
3 {7, 13, 18, 12, 11, 10, 5, 15, 17, 0, 16}
4 {15, 0, 2, 8, 19, 10, 9, 5}
5 {14}
6 {19, 18}
7 {7, 6, 11, 0, 15, 17, 4, 9, 19, 3, 16, 5, 13, 14, 12}
8 {2}
9 {12}
10 {1}
11 {1}
12 {8, 15, 13, 14, 9, 0}
13 {9, 12}
14 {15, 17}
15 {3, 14, 1}
16 {2}
17 {17, 4, 14, 0, 7, 19, 6, 11, 18, 15, 13}
18 {15, 16, 12, 9}
19 {5, 2, 0, 4, 10, 14, 18}
20 {6, 0, 15, 3, 13}
21 {0}
22 {8}
23 {6}
24 {16, 1, 18, 0, 17, 2, 14, 12, 4, 9, 6, 7, 10, 15}

Solution strand #16777360 at tube 3: 
0 0 0 0 1 0 0 1 0 0 0 0 0 0 0 0 0 0 0 0 0 0 0 0 1 1 1 1 1 1 1 1 1 1 1 1 1 1 1 1 1 1 1 1 1 

Minimum set cover: 
4 {15, 0, 2, 8, 19, 10, 9, 5}
7 {7, 6, 11, 0, 15, 17, 4, 9, 19, 3, 16, 5, 13, 14, 12}
24 {16, 1, 18, 0, 17, 2, 14, 12, 4, 9, 6, 7, 10, 15}

Elapsed times: init=2.851935 s, comp=70.062203 s, total=72.914138 s, t2=26.011820 s, t3=5.876347 s, t4=38.174036 s
