24 sets, 25 types of elements
Sets:
0 {5, 14, 13, 8, 19, 7, 15, 12, 6, 20, 16}
1 {17, 3, 2, 7, 21, 18, 0}
2 {18}
3 {20, 0, 1, 4, 2, 16, 9, 18, 22}
4 {19, 13, 23, 5, 0, 3, 8, 16, 14, 7, 17, 20, 10, 1, 24, 18, 9, 21, 15, 22, 4, 11}
5 {24, 7, 9, 21, 11, 4, 18}
6 {20, 4, 5, 10, 13, 3}
7 {21, 13, 10, 8, 4, 14, 18, 0, 15, 24, 23, 11, 2, 19, 22, 6, 3, 7, 17, 9, 16, 20}
8 {22, 21, 13, 7, 24, 2, 15, 14, 9, 20}
9 {18, 8, 13, 11, 16}
10 {10, 9, 15, 8, 24, 22, 19, 6, 18, 0, 12, 5, 16, 14}
11 {19, 2, 4}
12 {13}
13 {11, 21, 17, 19, 7, 9, 16, 22}
14 {21, 16, 15, 6}
15 {0, 20, 12, 24, 3, 17, 22, 5, 10, 16, 15}
16 {22, 24, 4, 19, 20, 10, 17, 8}
17 {11, 4, 20, 18, 7, 1, 0, 15, 23, 12, 14, 16, 5, 17, 19, 2, 22, 6}
18 {21, 4, 8, 17, 13, 24, 16, 2, 11, 20, 18, 12}
19 {6, 9, 0, 10, 22, 18}
20 {11, 20}
21 {0}
22 {6, 14, 11, 8, 22, 10, 3, 4}
23 {15, 13, 3, 6, 17, 18, 2, 5, 10, 1, 7, 16, 21, 22, 20, 14}

Solution strand #131088 at tube 2: 
0 0 0 0 1 0 0 0 0 0 0 0 0 0 0 0 0 1 0 0 0 0 0 0 1 1 1 1 1 1 1 1 1 1 1 1 1 1 1 1 1 1 1 1 1 1 1 1 1 

Minimum set cover: 
4 {19, 13, 23, 5, 0, 3, 8, 16, 14, 7, 17, 20, 10, 1, 24, 18, 9, 21, 15, 22, 4, 11}
17 {11, 4, 20, 18, 7, 1, 0, 15, 23, 12, 14, 16, 5, 17, 19, 2, 22, 6}

Elapsed times: init=1.534843 s, comp=41.174829 s, total=42.709672 s, t2=21.892181 s, t3=3.082674 s, t4=16.199974 s
