21 sets, 25 types of elements
Sets:
0 {20}
1 {22, 14, 20, 1, 23, 24}
2 {18, 19, 1, 5, 17, 24, 3, 2, 20, 10, 4, 6, 16, 12}
3 {17}
4 {18}
5 {15, 9, 5, 13, 14}
6 {9, 24, 12, 6, 18, 13, 5, 17, 7, 4, 8, 22}
7 {1, 11, 19, 0}
8 {6, 2, 21, 18, 14, 0, 4}
9 {20, 17, 3, 22, 23, 14, 12, 19, 18, 5, 8, 6}
10 {20, 6, 11, 13, 16, 12, 23, 2, 8, 0}
11 {4, 5, 17, 3, 18, 23, 13, 1, 12, 0}
12 {4, 17, 6, 18, 7, 16, 11, 14, 2, 9, 13, 5, 0}
13 {4, 1, 12, 17, 16, 24, 6, 23, 13, 10, 20, 5}
14 {6}
15 {9}
16 {7, 24, 21, 9, 1, 0, 14, 4, 20, 18, 17}
17 {0}
18 {10, 1}
19 {15, 1, 22, 8, 21, 16, 9, 3, 19, 12, 14}
20 {3}

Solution strand #536576 at tube 3: 
0 0 0 0 0 0 0 0 0 0 0 0 1 1 0 0 0 0 0 1 0 1 1 1 1 1 1 1 1 1 1 1 1 1 1 1 1 1 1 1 1 1 1 1 1 1 

Minimum set cover: 
12 {4, 17, 6, 18, 7, 16, 11, 14, 2, 9, 13, 5, 0}
13 {4, 1, 12, 17, 16, 24, 6, 23, 13, 10, 20, 5}
19 {15, 1, 22, 8, 21, 16, 9, 3, 19, 12, 14}

Elapsed times: init=0.338581 s, comp=3.293719 s, total=3.632300 s, t2=1.810216 s, t3=0.320030 s, t4=1.163473 s
