20 sets, 25 types of elements
Sets:
0 {5, 1, 18, 24}
1 {20, 2, 3, 14, 19, 12, 8, 4}
2 {13, 8, 2, 5, 23, 12, 0}
3 {13, 23, 7, 16, 2}
4 {11, 17, 2, 19}
5 {18}
6 {14, 3, 15, 11, 0, 4, 7, 9}
7 {18, 11, 0, 23, 19, 6, 15, 7, 24, 4, 17, 13, 2, 16, 22, 10, 9}
8 {21, 1, 5, 14, 6}
9 {7}
10 {5, 3}
11 {9, 19}
12 {11, 24, 10, 23, 17, 0}
13 {0}
14 {17}
15 {4, 5, 10, 15}
16 {16, 20, 19, 14, 24, 22, 2, 12, 21, 15, 4}
17 {22, 6}
18 {17, 7, 19, 1, 12}
19 {15}

Solution strand #386 at tube 3: 
0 1 0 0 0 0 0 1 1 0 0 0 0 0 0 0 0 0 0 0 1 1 1 1 1 1 1 1 1 1 1 1 1 1 1 1 1 1 1 1 1 1 1 1 1 

Minimum set cover: 
1 {20, 2, 3, 14, 19, 12, 8, 4}
7 {18, 11, 0, 23, 19, 6, 15, 7, 24, 4, 17, 13, 2, 16, 22, 10, 9}
8 {21, 1, 5, 14, 6}

Elapsed times: init=0.256135 s, comp=1.268521 s, total=1.524656 s, t2=0.679983 s, t3=0.145322 s, t4=0.443216 s
