21 sets, 25 types of elements
Sets:
0 {17, 24, 2, 7, 12, 8, 6, 11, 1, 21, 14, 19, 20}
1 {7, 13, 14}
2 {1, 11, 24}
3 {8, 20, 19, 18, 23, 5, 24, 13, 0, 22, 3, 4}
4 {19, 16, 17, 13, 14}
5 {10, 13, 7, 3, 0, 21, 9, 8, 22, 4}
6 {3, 16, 17, 9, 21, 2, 10, 4, 15, 20, 14, 12, 5, 18}
7 {21, 17, 12, 0, 19, 15, 3, 4, 16}
8 {11, 5, 23, 13, 21, 3}
9 {16}
10 {10, 12, 0, 24, 3, 19, 9, 1, 5, 17, 13}
11 {15, 16, 7, 19, 22, 17}
12 {4, 14, 6}
13 {12}
14 {13, 9, 3, 6, 18, 14, 0, 4, 16, 7, 12, 24, 2}
15 {0}
16 {4, 11, 21, 17, 22, 7}
17 {9, 17, 11, 6, 14, 0, 21, 13, 23}
18 {17, 16, 24}
19 {1, 18, 12, 6, 13, 14, 24}
20 {4}

Solution strand #73 at tube 3: 
1 0 0 1 0 0 1 0 0 0 0 0 0 0 0 0 0 0 0 0 0 1 1 1 1 1 1 1 1 1 1 1 1 1 1 1 1 1 1 1 1 1 1 1 1 1 

Minimum set cover: 
0 {17, 24, 2, 7, 12, 8, 6, 11, 1, 21, 14, 19, 20}
3 {8, 20, 19, 18, 23, 5, 24, 13, 0, 22, 3, 4}
6 {3, 16, 17, 9, 21, 2, 10, 4, 15, 20, 14, 12, 5, 18}

Elapsed times: init=0.369177 s, comp=3.604432 s, total=3.973609 s, t2=1.902427 s, t3=0.350386 s, t4=1.351619 s
