20 sets, 20 types of elements
Sets:
0 {14, 7, 9, 17, 11, 4, 16, 2}
1 {8, 14, 15, 3, 9, 2, 4}
2 {8, 2, 7, 14, 10, 17, 3}
3 {4}
4 {8, 9, 12, 6, 3, 10, 17, 1, 13}
5 {1, 3, 12, 4, 16, 13}
6 {10, 15, 14, 13, 12, 9}
7 {1}
8 {16, 2, 12, 9, 14, 15, 17}
9 {5, 2, 6, 13}
10 {5, 19, 18, 11, 15, 16, 9, 17}
11 {11, 10, 14, 12, 7, 9, 18, 1}
12 {3, 12, 11, 17, 2, 19}
13 {1, 0}
14 {1, 19, 14}
15 {12, 17, 19, 9, 7, 16, 15, 5, 4, 10, 13, 3, 2, 1, 14, 8}
16 {1, 0, 5}
17 {16, 10, 9, 4, 5, 14, 12, 11, 0, 6}
18 {19, 10, 5, 8}
19 {10, 1, 18, 8}

Solution strand #164864 at tube 3: 
0 0 0 0 0 0 0 0 0 0 1 0 0 0 0 1 0 1 0 0 1 1 1 1 1 1 1 1 1 1 1 1 1 1 1 1 1 1 1 1 

Minimum set cover: 
10 {5, 19, 18, 11, 15, 16, 9, 17}
15 {12, 17, 19, 9, 7, 16, 15, 5, 4, 10, 13, 3, 2, 1, 14, 8}
17 {16, 10, 9, 4, 5, 14, 12, 11, 0, 6}

Elapsed times: init=0.259119 s, comp=1.569378 s, total=1.828497 s, t2=0.812684 s, t3=0.131794 s, t4=0.624900 s
