23 sets, 20 types of elements
Sets:
0 {15, 0, 1, 5, 2, 14, 6}
1 {2}
2 {6, 4, 16, 11, 18, 7, 8, 17, 12, 2}
3 {14, 12, 5}
4 {0, 16, 11, 15, 18, 10, 4, 2, 13, 1, 14, 8, 5, 17}
5 {9, 2, 10, 0, 16}
6 {0, 9}
7 {19, 1, 12, 7, 3, 17, 6, 16, 2, 11, 5, 10, 9}
8 {8, 11, 12, 7, 16, 18, 14, 3, 2, 15, 5, 6, 1, 10, 13}
9 {5, 16, 10, 4, 8}
10 {1, 17, 4, 6, 2, 0, 12, 5, 15}
11 {0, 19, 18, 2, 12, 17, 7, 9, 4}
12 {4, 15}
13 {17, 16, 9, 5, 14, 6, 13, 2, 0, 10}
14 {9, 2, 8}
15 {18, 15, 12, 14, 1, 6, 19, 9}
16 {10, 18, 19, 11, 5, 2, 0, 7, 17, 4, 9}
17 {5, 14, 4, 11, 19, 17, 2, 16}
18 {19, 15, 5, 2, 13, 17, 11, 8}
19 {17}
20 {6, 3, 17, 15}
21 {19, 3, 10, 5}
22 {18, 7, 2, 13}

Solution strand #144 at tube 2: 
0 0 0 0 1 0 0 1 0 0 0 0 0 0 0 0 0 0 0 0 0 0 0 1 1 1 1 1 1 1 1 1 1 1 1 1 1 1 1 1 1 1 1 

Minimum set cover: 
4 {0, 16, 11, 15, 18, 10, 4, 2, 13, 1, 14, 8, 5, 17}
7 {19, 1, 12, 7, 3, 17, 6, 16, 2, 11, 5, 10, 9}

Elapsed times: init=0.842587 s, comp=17.050493 s, total=17.893080 s, t2=8.370189 s, t3=1.194239 s, t4=7.486065 s
