20 sets, 25 types of elements
Sets:
0 {11}
1 {19, 22, 20, 18, 21, 24, 2, 4, 5, 8, 17, 23, 13, 6, 10}
2 {16, 12, 8, 3, 6, 22, 14, 5, 2}
3 {9, 21, 10, 19, 13, 15, 20}
4 {4}
5 {10}
6 {19}
7 {8, 19, 0}
8 {18, 2, 17, 5, 12, 7, 15}
9 {12, 23, 18, 3, 22, 1, 8}
10 {4, 11}
11 {4, 24, 9, 1, 17, 22, 23, 16, 12, 6}
12 {4, 12, 11, 16, 22, 8, 21, 20, 5, 7, 19, 24}
13 {17, 12, 14, 21, 0, 3, 1, 4, 15, 18, 9, 10}
14 {0, 23, 19, 10, 18, 2, 15, 16, 7, 5, 4, 3, 24}
15 {9}
16 {0}
17 {2, 4, 0, 7, 21}
18 {24, 11, 9, 17, 8}
19 {22, 9, 11, 10, 0, 3, 17, 2, 13, 21, 12, 4, 18, 7, 16, 5}

Solution strand #12290 at tube 3: 
0 1 0 0 0 0 0 0 0 0 0 0 1 1 0 0 0 0 0 0 1 1 1 1 1 1 1 1 1 1 1 1 1 1 1 1 1 1 1 1 1 1 1 1 1 

Minimum set cover: 
1 {19, 22, 20, 18, 21, 24, 2, 4, 5, 8, 17, 23, 13, 6, 10}
12 {4, 12, 11, 16, 22, 8, 21, 20, 5, 7, 19, 24}
13 {17, 12, 14, 21, 0, 3, 1, 4, 15, 18, 9, 10}

Elapsed times: init=0.255858 s, comp=1.572122 s, total=1.827980 s, t2=0.846939 s, t3=0.158081 s, t4=0.567102 s
