22 sets, 25 types of elements
Sets:
0 {9, 12, 0, 10, 6, 16, 13, 22, 7, 17}
1 {0, 22, 4, 14, 12, 7, 9, 19, 11, 5, 6, 17, 3, 15, 2, 8, 20, 23, 21, 1, 24}
2 {18}
3 {20}
4 {5}
5 {20, 0, 16}
6 {7, 11, 4, 6, 5, 19, 10}
7 {2, 22, 7, 3, 16, 13, 6, 4}
8 {10, 11, 19, 6, 5, 3, 2, 22}
9 {24, 19, 13, 4, 15, 2, 3, 9, 6, 5}
10 {0}
11 {23, 11, 2, 21, 3, 1, 10, 4, 8, 18, 19}
12 {3, 8, 18, 14, 6, 22, 13, 20, 17}
13 {22, 15, 19, 12, 16, 23, 0}
14 {20, 19}
15 {23, 15, 1, 19}
16 {7, 20, 12, 2, 14, 4}
17 {16, 20, 14, 12, 24, 19, 18, 11, 17}
18 {10, 14, 6}
19 {9}
20 {1}
21 {17, 12, 5}

Solution strand #7 at tube 3: 
1 1 1 0 0 0 0 0 0 0 0 0 0 0 0 0 0 0 0 0 0 0 1 1 1 1 1 1 1 1 1 1 1 1 1 1 1 1 1 1 1 1 1 1 1 1 1 

Minimum set cover: 
0 {9, 12, 0, 10, 6, 16, 13, 22, 7, 17}
1 {0, 22, 4, 14, 12, 7, 9, 19, 11, 5, 6, 17, 3, 15, 2, 8, 20, 23, 21, 1, 24}
2 {18}

Elapsed times: init=0.505772 s, comp=7.371269 s, total=7.877041 s, t2=3.566316 s, t3=0.745059 s, t4=3.059894 s
