23 sets, 25 types of elements
Sets:
0 {1, 8, 9, 16, 7, 21, 12, 0, 15}
1 {10, 9, 24, 5}
2 {11, 9, 24}
3 {0, 17, 5, 20, 16}
4 {6}
5 {8}
6 {11}
7 {1}
8 {4, 9, 5}
9 {17, 11, 1, 22, 16}
10 {17}
11 {1}
12 {18, 6, 7, 3, 19, 1}
13 {7, 21, 12, 16, 13, 11, 20, 19, 14, 23, 6, 8}
14 {14, 15, 9, 11, 23, 4, 16, 6, 12, 0, 20}
15 {6, 23}
16 {11, 12, 23}
17 {24, 18, 2, 12, 7, 4, 9, 21, 23, 1, 15}
18 {12, 4, 11, 6, 15, 14, 10, 16}
19 {2}
20 {13, 1, 3, 11, 24, 5, 17, 6, 20}
21 {18, 15, 1, 0, 2, 12, 7, 24}
22 {23, 8, 19, 7, 3, 6, 2, 17, 13}

Solution strand #4342274 at tube 5: 
0 1 0 0 0 0 0 0 0 1 0 0 0 0 1 0 0 1 0 0 0 0 1 1 1 1 1 1 1 1 1 1 1 1 1 1 1 1 1 1 1 1 1 1 1 1 1 1 

Minimum set cover: 
1 {10, 9, 24, 5}
9 {17, 11, 1, 22, 16}
14 {14, 15, 9, 11, 23, 4, 16, 6, 12, 0, 20}
17 {24, 18, 2, 12, 7, 4, 9, 21, 23, 1, 15}
22 {23, 8, 19, 7, 3, 6, 2, 17, 13}

Elapsed times: init=0.839674 s, comp=12.027748 s, total=12.867422 s, t2=6.582503 s, t3=1.171189 s, t4=4.274056 s
