21 sets, 25 types of elements
Sets:
0 {20, 10, 2, 14, 5, 18, 19, 22, 7, 16, 13, 17, 4}
1 {18}
2 {16, 23, 19, 7, 3, 12, 8, 15}
3 {11, 17, 3, 22, 0, 18, 15, 21, 12, 24}
4 {6}
5 {11}
6 {8}
7 {2, 13, 5, 7, 11, 15, 4, 8}
8 {19, 2, 17, 18}
9 {7, 17, 11, 12, 0, 4, 2, 19, 9, 1, 5}
10 {17, 21, 2, 19, 3}
11 {23}
12 {7}
13 {13, 3, 5, 1, 16, 7, 24, 20}
14 {11}
15 {21, 1, 8, 2, 6, 19, 15, 0, 3, 12, 16, 18}
16 {0, 3, 22, 15, 17, 8, 5}
17 {9, 3, 18, 21, 14, 23, 16, 2, 7, 19, 0}
18 {17}
19 {4}
20 {9, 17, 3, 7, 18, 1, 22, 16, 20, 10}

Solution strand #163849 at tube 4: 
1 0 0 1 0 0 0 0 0 0 0 0 0 0 0 1 0 1 0 0 0 1 1 1 1 1 1 1 1 1 1 1 1 1 1 1 1 1 1 1 1 1 1 1 1 1 

Minimum set cover: 
0 {20, 10, 2, 14, 5, 18, 19, 22, 7, 16, 13, 17, 4}
3 {11, 17, 3, 22, 0, 18, 15, 21, 12, 24}
15 {21, 1, 8, 2, 6, 19, 15, 0, 3, 12, 16, 18}
17 {9, 3, 18, 21, 14, 23, 16, 2, 7, 19, 0}

Elapsed times: init=0.342325 s, comp=3.091422 s, total=3.433747 s, t2=1.654332 s, t3=0.319423 s, t4=1.117667 s
