24 sets, 25 types of elements
Sets:
0 {6, 14, 7, 16, 9, 24, 21, 10, 22, 17, 19, 1, 20, 15, 0, 2}
1 {24}
2 {18}
3 {23, 14, 22, 7}
4 {15, 3, 14, 1}
5 {23, 5, 2, 11, 9, 13, 17, 20, 18, 1, 10, 19}
6 {2, 4, 9, 24, 15, 12, 1, 11, 7, 19, 23, 6, 10, 3, 13, 16, 8}
7 {20, 1, 17, 24}
8 {2}
9 {15, 6, 16, 22, 9, 7}
10 {21, 17, 24, 1, 5, 22, 19, 23, 13, 14}
11 {2, 17, 18}
12 {6}
13 {3, 12, 24, 11, 5, 8, 7, 16, 2, 22, 18, 14, 9, 17}
14 {10, 18}
15 {1}
16 {11, 7, 20, 15, 0, 5, 22, 17, 10, 21}
17 {17, 15}
18 {2, 5}
19 {3, 12, 24}
20 {3}
21 {2, 14, 13}
22 {14}
23 {15}

Solution strand #97 at tube 3: 
1 0 0 0 0 1 1 0 0 0 0 0 0 0 0 0 0 0 0 0 0 0 0 0 1 1 1 1 1 1 1 1 1 1 1 1 1 1 1 1 1 1 1 1 1 1 1 1 1 

Minimum set cover: 
0 {6, 14, 7, 16, 9, 24, 21, 10, 22, 17, 19, 1, 20, 15, 0, 2}
5 {23, 5, 2, 11, 9, 13, 17, 20, 18, 1, 10, 19}
6 {2, 4, 9, 24, 15, 12, 1, 11, 7, 19, 23, 6, 10, 3, 13, 16, 8}

Elapsed times: init=1.541442 s, comp=27.889597 s, total=29.431039 s, t2=13.810249 s, t3=2.209307 s, t4=11.870041 s
