25 sets, 25 types of elements
Sets:
0 {0, 12, 21}
1 {0, 2, 8, 16}
2 {15, 11, 4, 7}
3 {16}
4 {11, 9, 8, 19, 4, 17, 0, 12}
5 {15, 5, 11, 1, 20, 14, 4, 13, 2, 16, 22, 23, 18}
6 {21, 10}
7 {14, 5, 20, 21, 2, 13, 1, 23, 8, 17, 11, 6, 9, 12, 19}
8 {2}
9 {2, 16, 13, 23, 0, 22}
10 {20, 5, 7, 4, 23, 6, 9, 2}
11 {8, 15, 16, 5, 12, 17}
12 {24, 4, 2, 22, 10, 8, 19, 9, 23, 16, 1, 5, 12, 6}
13 {16, 5, 3, 23, 22, 0, 17, 20, 2, 4}
14 {23, 19, 6, 0, 13, 7}
15 {22, 17, 4, 10, 23, 5}
16 {17, 6, 21, 9, 22, 0}
17 {18, 14, 21, 13, 22}
18 {20, 7, 6, 19, 10, 15, 3}
19 {4, 22, 21, 14, 0, 9, 12, 17, 10, 7}
20 {9, 18, 13, 10, 1, 14, 3, 12, 15, 5, 0, 8, 6}
21 {3, 7, 21, 8, 5, 4, 24, 12}
22 {23, 13, 21, 24, 10}
23 {0, 13, 5, 10}
24 {8, 11, 16, 0, 17, 22}

Solution strand #143364 at tube 4: 
0 0 1 0 0 0 0 0 0 0 0 0 1 1 0 0 0 1 0 0 0 0 0 0 0 1 1 1 1 1 1 1 1 1 1 1 1 1 1 1 1 1 1 1 1 1 1 1 1 1 

Minimum set cover: 
2 {15, 11, 4, 7}
12 {24, 4, 2, 22, 10, 8, 19, 9, 23, 16, 1, 5, 12, 6}
13 {16, 5, 3, 23, 22, 0, 17, 20, 2, 4}
17 {18, 14, 21, 13, 22}

Elapsed times: init=2.896832 s, comp=72.161570 s, total=75.058402 s, t2=35.799429 s, t3=5.790257 s, t4=30.571884 s
