21 sets, 25 types of elements
Sets:
0 {14, 11, 20, 17}
1 {20, 17, 0, 3, 4, 2, 1, 8, 22, 13, 7}
2 {7, 14, 21, 19, 17, 1, 16, 5, 0, 12, 10, 18, 3, 8, 4, 9}
3 {14}
4 {13, 19, 20, 4, 18, 17, 15, 16, 11, 3, 6, 23, 9, 10, 14, 5}
5 {8, 15, 13, 10, 16, 24, 21, 9, 14, 1}
6 {13}
7 {20, 10, 9, 5}
8 {18}
9 {24, 12, 20, 11, 5, 10, 21, 16, 15, 1}
10 {5}
11 {16, 23}
12 {23}
13 {4, 22, 2, 6}
14 {9, 15, 1}
15 {23, 12, 19, 9}
16 {15, 10}
17 {21}
18 {10, 6, 15}
19 {16}
20 {10}

Solution strand #530 at tube 3: 
0 1 0 0 1 0 0 0 0 1 0 0 0 0 0 0 0 0 0 0 0 1 1 1 1 1 1 1 1 1 1 1 1 1 1 1 1 1 1 1 1 1 1 1 1 1 

Minimum set cover: 
1 {20, 17, 0, 3, 4, 2, 1, 8, 22, 13, 7}
4 {13, 19, 20, 4, 18, 17, 15, 16, 11, 3, 6, 23, 9, 10, 14, 5}
9 {24, 12, 20, 11, 5, 10, 21, 16, 15, 1}

Elapsed times: init=0.345378 s, comp=3.032100 s, total=3.377478 s, t2=1.512265 s, t3=0.343017 s, t4=1.176818 s
