20 sets, 20 types of elements
Sets:
0 {11, 10, 14, 8, 15, 4, 7, 16, 3, 18, 0, 19, 5}
1 {17, 1}
2 {9, 17, 2, 10, 0, 4, 15}
3 {19, 9, 1}
4 {1, 18, 16, 8, 11, 10}
5 {4}
6 {16, 1, 6}
7 {8, 2, 9, 1, 4, 11}
8 {19, 4, 13, 12, 15, 8, 9}
9 {0, 7, 10, 6, 12, 14, 9, 5}
10 {12, 15}
11 {6}
12 {4}
13 {17, 1, 12, 0, 18}
14 {6}
15 {14}
16 {2}
17 {3, 16, 13, 8, 1, 19, 5, 9, 15}
18 {15}
19 {9, 16, 5, 10, 0, 7, 3, 19, 8, 14, 15, 4, 2, 11, 6, 17, 18}

Solution strand #524546 at tube 3: 
0 1 0 0 0 0 0 0 1 0 0 0 0 0 0 0 0 0 0 1 1 1 1 1 1 1 1 1 1 1 1 1 1 1 1 1 1 1 1 1 

Minimum set cover: 
1 {17, 1}
8 {19, 4, 13, 12, 15, 8, 9}
19 {9, 16, 5, 10, 0, 7, 3, 19, 8, 14, 15, 4, 2, 11, 6, 17, 18}

Elapsed times: init=0.256442 s, comp=1.370769 s, total=1.627211 s, t2=0.693091 s, t3=0.133608 s, t4=0.544070 s
