23 sets, 25 types of elements
Sets:
0 {20}
1 {7, 17, 14, 13, 19, 22, 0}
2 {14, 10, 17, 6, 13, 12}
3 {4}
4 {8, 13, 21, 4, 16, 12, 15, 19, 24, 23, 22}
5 {23}
6 {19, 15, 24, 10, 16, 11, 13, 9, 7}
7 {21, 22, 14, 7, 1}
8 {10, 18, 9, 24, 21, 1}
9 {16, 1, 21, 24, 10, 7, 5, 18, 11, 8, 13, 6, 15, 9}
10 {9, 20, 7, 23, 22}
11 {6, 1}
12 {19, 11, 4, 12, 10, 15, 24, 5, 18, 9, 0, 13, 7, 22}
13 {3, 7, 11, 24, 16, 20, 15, 1, 4, 14, 10, 6, 19, 22, 21}
14 {9}
15 {18}
16 {16}
17 {12, 23, 24, 1, 2, 19, 21, 14, 4, 22}
18 {0, 9, 10, 6, 3, 20, 22, 4, 7}
19 {6, 20, 12, 8, 19, 15, 9}
20 {7, 18, 1, 14, 12, 2, 10}
21 {5}
22 {5}

Solution strand #139778 at tube 4: 
0 1 0 0 0 0 0 0 0 1 0 0 0 1 0 0 0 1 0 0 0 0 0 1 1 1 1 1 1 1 1 1 1 1 1 1 1 1 1 1 1 1 1 1 1 1 1 1 

Minimum set cover: 
1 {7, 17, 14, 13, 19, 22, 0}
9 {16, 1, 21, 24, 10, 7, 5, 18, 11, 8, 13, 6, 15, 9}
13 {3, 7, 11, 24, 16, 20, 15, 1, 4, 14, 10, 6, 19, 22, 21}
17 {12, 23, 24, 1, 2, 19, 21, 14, 4, 22}

Elapsed times: init=0.839960 s, comp=13.387498 s, total=14.227458 s, t2=7.370877 s, t3=0.997788 s, t4=5.018833 s
