24 sets, 20 types of elements
Sets:
0 {6}
1 {2, 19, 11, 10, 14, 7, 3, 15, 17, 8, 9, 6}
2 {10}
3 {8, 5, 2, 17, 9, 15, 11, 1, 18, 19}
4 {8}
5 {17, 8, 1, 19}
6 {17, 3, 2, 9, 18, 4, 1, 15, 6}
7 {12, 10, 6, 4, 17, 18}
8 {14, 9, 5, 12, 11, 8, 16, 15, 18}
9 {6, 1, 4}
10 {1}
11 {13, 1, 18, 11}
12 {16}
13 {4, 16, 8, 1}
14 {8, 15, 3, 7}
15 {11, 2, 9}
16 {10, 7}
17 {8, 2, 15, 1, 11, 9}
18 {3, 13, 8, 15, 2, 18, 5, 11, 10, 6, 16, 17, 0}
19 {15, 5, 4, 16}
20 {0, 1, 2, 5}
21 {2, 7, 11}
22 {13, 18, 11, 16, 6}
23 {11, 16, 0}

Solution strand #262282 at tube 4: 
0 1 0 1 0 0 0 1 0 0 0 0 0 0 0 0 0 0 1 0 0 0 0 0 1 1 1 1 1 1 1 1 1 1 1 1 1 1 1 1 1 1 1 1 

Minimum set cover: 
1 {2, 19, 11, 10, 14, 7, 3, 15, 17, 8, 9, 6}
3 {8, 5, 2, 17, 9, 15, 11, 1, 18, 19}
7 {12, 10, 6, 4, 17, 18}
18 {3, 13, 8, 15, 2, 18, 5, 11, 10, 6, 16, 17, 0}

Elapsed times: init=1.512631 s, comp=27.339114 s, total=28.851745 s, t2=13.181074 s, t3=2.011967 s, t4=12.146073 s
