25 sets, 25 types of elements
Sets:
0 {21, 19, 13, 0, 9}
1 {14, 3, 10, 0, 4, 6, 15, 7, 5, 17, 23, 1, 19, 12, 9, 18}
2 {16, 22, 19}
3 {11}
4 {20}
5 {5, 10, 17, 13, 1, 23}
6 {5, 9}
7 {7}
8 {0, 22, 4, 20, 11, 23, 17, 6, 13}
9 {14, 4, 13, 12, 17, 8, 16, 20, 0}
10 {6, 12, 17, 18, 24, 8, 3, 22, 16}
11 {22}
12 {17, 8}
13 {14, 4, 2}
14 {9, 6, 0, 22, 14, 11, 2, 3, 12, 1, 24}
15 {1, 17, 6, 2}
16 {16, 14, 13, 2}
17 {10}
18 {7}
19 {13, 12, 22, 24, 9, 18, 20, 19, 11, 10, 6}
20 {10, 14, 18, 22, 9, 8}
21 {3, 0, 17, 19, 21, 15}
22 {24, 0, 5, 3}
23 {24}
24 {10, 20, 23, 4, 3, 21, 1, 14, 22, 6, 24, 15, 9, 12, 13, 5, 0, 8, 19, 18, 16, 7, 11, 2}

Solution strand #16777218 at tube 2: 
0 1 0 0 0 0 0 0 0 0 0 0 0 0 0 0 0 0 0 0 0 0 0 0 1 1 1 1 1 1 1 1 1 1 1 1 1 1 1 1 1 1 1 1 1 1 1 1 1 1 

Minimum set cover: 
1 {14, 3, 10, 0, 4, 6, 15, 7, 5, 17, 23, 1, 19, 12, 9, 18}
24 {10, 20, 23, 4, 3, 21, 1, 14, 22, 6, 24, 15, 9, 12, 13, 5, 0, 8, 19, 18, 16, 7, 11, 2}

Elapsed times: init=2.898915 s, comp=69.213891 s, total=72.112806 s, t2=31.432028 s, t3=5.845592 s, t4=31.936271 s
