25 sets, 35 types of elements
Sets:
0 {6, 25, 19, 20, 21, 13, 4, 3, 32}
1 {32}
2 {30, 12, 2, 20, 28, 18, 17, 13, 24, 1, 10, 19, 21, 22}
3 {17, 0, 5, 25, 3, 1, 27, 4, 33, 10, 31, 2, 24, 30, 32, 21, 14, 16}
4 {23, 28, 9, 22, 27, 4, 3, 7, 14, 18, 29, 24, 5, 0, 12, 34, 32, 33, 1, 13, 21, 2}
5 {11, 5, 19, 3, 9, 13, 21, 18, 34}
6 {7, 0, 14, 31, 17, 27, 2}
7 {27, 19, 23, 13, 8, 1, 4, 26, 18, 31, 14, 34, 16}
8 {12, 18, 31, 3, 2, 17, 28, 9}
9 {23}
10 {15, 31, 28, 19, 18, 33, 5, 14, 29}
11 {34, 2, 1, 16, 30, 29, 24, 23, 9, 3}
12 {29, 14, 25, 19, 33, 11}
13 {7}
14 {10, 28, 9, 16, 15, 13, 12, 23, 34}
15 {2, 3, 10, 29, 26, 11, 4, 21, 27, 12, 16, 32, 25, 0, 5, 18, 22, 17, 14, 7, 1, 9}
16 {7, 3, 27, 33, 8, 14, 16}
17 {25, 10, 8, 29, 1, 31, 3, 2, 9, 17, 16}
18 {11, 34, 26, 3, 16, 6, 10, 8, 19, 33, 7, 0, 31, 15, 32, 9, 17}
19 {31}
20 {31}
21 {20}
22 {9}
23 {21, 4, 20, 7, 32, 33, 19, 13}
24 {27, 34, 11, 2, 19, 22, 3, 26}

Solution strand #262165 at tube 4: 
1 0 1 0 1 0 0 0 0 0 0 0 0 0 0 0 0 0 1 0 0 0 0 0 0 1 1 1 1 1 1 1 1 1 1 1 1 1 1 1 1 1 1 1 1 1 1 1 1 1 1 1 1 1 1 1 1 1 1 1 

Minimum set cover: 
0 {6, 25, 19, 20, 21, 13, 4, 3, 32}
2 {30, 12, 2, 20, 28, 18, 17, 13, 24, 1, 10, 19, 21, 22}
4 {23, 28, 9, 22, 27, 4, 3, 7, 14, 18, 29, 24, 5, 0, 12, 34, 32, 33, 1, 13, 21, 2}
18 {11, 34, 26, 3, 16, 6, 10, 8, 19, 33, 7, 0, 31, 15, 32, 9, 17}

Elapsed times: init=2.922266 s, comp=81.538918 s, total=84.461184 s, t2=45.536629 s, t3=7.658094 s, t4=28.344195 s
