25 sets, 30 types of elements
Sets:
0 {25}
1 {12, 1, 11, 27, 6, 16, 17, 7, 9, 18, 10, 0}
2 {29, 22, 24, 1, 14, 9, 18, 26, 21, 4, 17, 19}
3 {18, 10, 3, 29, 5, 25, 24, 14, 28, 26, 9, 13, 11, 17, 15, 22, 0, 16, 4, 19}
4 {1}
5 {10, 29}
6 {2, 0, 24}
7 {14, 18, 4, 6, 23, 19, 11, 13}
8 {4, 19, 7, 16, 6, 8, 15, 9}
9 {6, 8, 18, 7, 5, 15, 25, 16, 29, 23, 11, 12}
10 {23}
11 {8}
12 {18, 26, 7, 20, 3, 17, 16, 4, 27, 11, 25, 15}
13 {16, 8, 18, 2, 6, 20, 7}
14 {7, 24, 19, 20, 12, 3, 5, 29, 0}
15 {4, 15, 1, 12, 10, 9}
16 {25, 23, 4, 10, 12}
17 {22}
18 {11, 13, 27, 0}
19 {23, 13, 17, 25, 12, 27, 29, 8, 3, 19, 0, 24, 16, 22}
20 {6, 2, 7, 3, 27}
21 {13}
22 {13}
23 {27, 24, 22, 19, 3}
24 {16, 25, 22}

Solution strand #532492 at tube 4: 
0 0 1 1 0 0 0 0 0 0 0 0 0 1 0 0 0 0 0 1 0 0 0 0 0 1 1 1 1 1 1 1 1 1 1 1 1 1 1 1 1 1 1 1 1 1 1 1 1 1 1 1 1 1 1 

Minimum set cover: 
2 {29, 22, 24, 1, 14, 9, 18, 26, 21, 4, 17, 19}
3 {18, 10, 3, 29, 5, 25, 24, 14, 28, 26, 9, 13, 11, 17, 15, 22, 0, 16, 4, 19}
13 {16, 8, 18, 2, 6, 20, 7}
19 {23, 13, 17, 25, 12, 27, 29, 8, 3, 19, 0, 24, 16, 22}

Elapsed times: init=2.915630 s, comp=65.438460 s, total=68.354090 s, t2=34.533405 s, t3=6.241883 s, t4=24.663172 s
