22 sets, 35 types of elements
Sets:
0 {28}
1 {24, 14, 30, 6, 1, 10, 5, 3, 19, 33, 22, 9, 34, 31, 18, 32, 2, 26}
2 {14, 27}
3 {33, 1}
4 {29, 28, 25, 3, 22, 1, 27}
5 {22, 10, 27, 26, 8, 31, 6, 24, 17, 19, 21, 13, 7, 3}
6 {10, 17, 28, 1, 25, 7, 21}
7 {1, 2, 15, 17, 26, 18}
8 {15}
9 {31, 3, 34, 20, 33, 4, 32, 23, 0, 13, 22, 2, 24, 5, 27, 28, 17, 11, 9, 25, 12, 7, 30, 6}
10 {34, 33, 27, 30, 0, 5, 14, 18, 32, 23}
11 {33}
12 {16, 28, 11, 26, 23, 1, 6, 29, 10, 14, 27, 7, 24}
13 {20, 21, 7, 16}
14 {16, 7, 13, 3, 18, 14, 17, 22, 28, 5, 0, 19, 24}
15 {24, 7, 32, 4, 13, 28, 15, 9, 18}
16 {28}
17 {25, 13, 14, 18, 19, 4, 26, 12, 11, 20, 30, 27, 1, 24, 29, 9, 10, 8, 15, 0, 33, 23, 28, 2}
18 {30, 33, 18}
19 {10, 16, 13, 34, 14}
20 {0, 1, 14, 30, 23, 9, 22, 13, 12, 15, 18, 8, 26, 27, 28, 6}
21 {15, 9, 12, 16, 26, 18, 24, 28, 6, 3, 1}

Solution strand #139776 at tube 3: 
0 0 0 0 0 0 0 0 0 1 0 0 0 1 0 0 0 1 0 0 0 0 1 1 1 1 1 1 1 1 1 1 1 1 1 1 1 1 1 1 1 1 1 1 1 1 1 1 1 1 1 1 1 1 1 1 1 

Minimum set cover: 
9 {31, 3, 34, 20, 33, 4, 32, 23, 0, 13, 22, 2, 24, 5, 27, 28, 17, 11, 9, 25, 12, 7, 30, 6}
13 {20, 21, 7, 16}
17 {25, 13, 14, 18, 19, 4, 26, 12, 11, 20, 30, 27, 1, 24, 29, 9, 10, 8, 15, 0, 33, 23, 28, 2}

Elapsed times: init=0.520133 s, comp=8.469386 s, total=8.989519 s, t2=4.890762 s, t3=0.886129 s, t4=2.692495 s
