20 sets, 30 types of elements
Sets:
0 {2, 28, 17, 22, 11}
1 {9}
2 {15, 28, 1}
3 {4, 2}
4 {29, 25, 9}
5 {27, 11, 28, 18, 17, 22, 21}
6 {13, 29, 17, 28, 4, 15, 10, 1, 12, 26, 25}
7 {20, 27, 26, 4, 28, 14, 2, 11, 6, 16, 15, 3, 22, 24, 12, 1, 25, 13, 21, 17, 0, 18, 8, 7, 9}
8 {15, 24, 23, 19, 0, 29, 17, 27, 8, 20, 10, 13}
9 {3, 5, 11, 1, 2, 18}
10 {11, 24, 0, 17, 15, 29}
11 {8, 23, 13, 28, 26, 11, 22, 27, 10, 6, 25, 16, 0, 1, 15, 18, 21, 20, 5, 14, 12}
12 {6, 10, 12, 19, 7, 1}
13 {7, 24, 1, 27, 18, 10, 21, 14}
14 {5, 14, 16, 6, 3, 19, 11}
15 {24, 26, 12, 6, 11, 0, 3, 28, 10, 21, 9, 18}
16 {14}
17 {8, 19, 13, 4, 25, 11, 21, 22}
18 {8, 23, 29, 20, 9, 3, 2, 10, 16, 7, 0, 12, 28, 25}
19 {26}

Solution strand #896 at tube 3: 
0 0 0 0 0 0 0 1 1 1 0 0 0 0 0 0 0 0 0 0 1 1 1 1 1 1 1 1 1 1 1 1 1 1 1 1 1 1 1 1 1 1 1 1 1 1 1 1 1 1 

Minimum set cover: 
7 {20, 27, 26, 4, 28, 14, 2, 11, 6, 16, 15, 3, 22, 24, 12, 1, 25, 13, 21, 17, 0, 18, 8, 7, 9}
8 {15, 24, 23, 19, 0, 29, 17, 27, 8, 20, 10, 13}
9 {3, 5, 11, 1, 2, 18}

Elapsed times: init=0.258562 s, comp=1.679272 s, total=1.937834 s, t2=0.948378 s, t3=0.179992 s, t4=0.550902 s
