23 sets, 35 types of elements
Sets:
0 {32, 16, 23, 7, 22, 14, 15, 3, 10, 1, 29, 27, 25, 8, 34}
1 {16, 27, 31, 20, 34, 14, 9, 18, 8, 3, 13, 6, 32}
2 {31, 28, 1}
3 {22, 28, 31, 9, 5, 13, 8, 26, 2, 15, 12, 24}
4 {15, 27, 30, 5, 6, 23, 19, 32, 12, 25, 2, 0, 3, 29, 7, 34}
5 {11, 25, 31, 16, 5, 15, 19, 20, 32, 21, 1, 8, 6, 2}
6 {23}
7 {19, 32, 3, 13, 2, 15, 27, 10, 0, 25}
8 {22, 29, 31, 23, 13, 16, 24, 33, 12, 5, 4, 15, 17, 2}
9 {16, 25, 5, 8, 7, 14, 20, 15, 17, 13, 9, 10, 3, 4}
10 {28, 2, 12, 17, 18, 29, 14, 19, 22, 10, 1, 20, 9, 32, 4, 15, 26, 7, 31, 0, 3, 21, 6}
11 {27, 0, 3, 23, 14, 25}
12 {24, 20, 19}
13 {20, 1, 4, 13, 31, 28, 27, 9, 11, 19, 12, 21, 14, 5}
14 {13, 23, 4, 20, 9, 22, 6, 26, 1, 24, 29, 31, 25, 28, 17}
15 {14, 5, 4, 1, 2, 25, 17, 29}
16 {16, 31, 14, 0, 18, 9, 33, 29}
17 {7, 21, 13}
18 {24}
19 {3}
20 {34, 20, 10, 18, 28, 7, 25, 17}
21 {1, 22, 6}
22 {0}

Solution strand #1328 at tube 4: 
0 0 0 0 1 1 0 0 1 0 1 0 0 0 0 0 0 0 0 0 0 0 0 1 1 1 1 1 1 1 1 1 1 1 1 1 1 1 1 1 1 1 1 1 1 1 1 1 1 1 1 1 1 1 1 1 1 1 

Minimum set cover: 
4 {15, 27, 30, 5, 6, 23, 19, 32, 12, 25, 2, 0, 3, 29, 7, 34}
5 {11, 25, 31, 16, 5, 15, 19, 20, 32, 21, 1, 8, 6, 2}
8 {22, 29, 31, 23, 13, 16, 24, 33, 12, 5, 4, 15, 17, 2}
10 {28, 2, 12, 17, 18, 29, 14, 19, 22, 10, 1, 20, 9, 32, 4, 15, 26, 7, 31, 0, 3, 21, 6}

Elapsed times: init=0.866114 s, comp=17.983169 s, total=18.849283 s, t2=10.868490 s, t3=1.970281 s, t4=5.144398 s
