20 sets, 30 types of elements
Sets:
0 {28}
1 {8, 10, 4, 25, 5, 1, 7}
2 {11, 6, 21, 3, 19}
3 {24}
4 {8, 7, 26, 5, 4, 16, 21}
5 {9, 11, 2, 20, 13, 19}
6 {2}
7 {10}
8 {25, 15, 13, 24, 6, 14, 19, 11, 17, 8, 28}
9 {4, 0, 21, 3, 26, 12, 13, 6, 22, 1, 18, 11, 10, 15, 27}
10 {1, 24, 11, 9, 25, 13, 22, 23, 19, 29, 21}
11 {19}
12 {4}
13 {1, 12, 4, 16, 25, 6, 2}
14 {5}
15 {11, 13, 6}
16 {6, 17, 22, 26}
17 {18, 10, 26, 5, 14, 4, 15, 3, 6}
18 {27, 21, 22, 13, 19, 3, 5, 4, 9, 17}
19 {20, 25, 6, 4, 15, 13, 16, 9, 11, 3, 8, 5, 28, 27, 17, 12, 7}

Solution strand #1840 at tube 5: 
0 0 0 0 1 1 0 0 1 1 1 0 0 0 0 0 0 0 0 0 1 1 1 1 1 1 1 1 1 1 1 1 1 1 1 1 1 1 1 1 1 1 1 1 1 1 1 1 1 1 

Minimum set cover: 
4 {8, 7, 26, 5, 4, 16, 21}
5 {9, 11, 2, 20, 13, 19}
8 {25, 15, 13, 24, 6, 14, 19, 11, 17, 8, 28}
9 {4, 0, 21, 3, 26, 12, 13, 6, 22, 1, 18, 11, 10, 15, 27}
10 {1, 24, 11, 9, 25, 13, 22, 23, 19, 29, 21}

Elapsed times: init=0.257351 s, comp=1.226484 s, total=1.483835 s, t2=0.786211 s, t3=0.103953 s, t4=0.336320 s
