20 sets, 35 types of elements
Sets:
0 {16, 21, 11, 12, 15, 9, 8, 29, 10, 25}
1 {5, 25, 22, 34, 0, 31, 27, 28, 23, 24, 1, 7, 11, 29}
2 {6, 21, 19, 34, 26, 22, 24, 29, 15, 18, 27, 33}
3 {8, 17}
4 {14, 11, 26, 19, 17, 0, 31}
5 {21, 33, 30, 15, 20, 4, 11, 17, 32, 10, 31, 9, 1, 34}
6 {23, 31, 17, 0, 5, 22, 20, 28, 21, 27, 30, 10, 18}
7 {18, 26, 9, 3, 13, 16, 29, 31, 12}
8 {26, 18, 2, 33, 29, 9, 22}
9 {5}
10 {18, 8, 7, 10, 2, 6, 33, 21, 1, 32, 23}
11 {33, 23, 31, 13, 12}
12 {30, 4, 33, 3, 5, 34, 22, 11, 26, 27, 12}
13 {32}
14 {34, 14, 29, 24, 12, 3, 6, 13, 4, 9}
15 {5, 20, 32, 16, 1, 21, 0, 31, 9, 23, 19, 2, 4, 11, 15, 29, 14, 13}
16 {24}
17 {19, 11, 29, 4, 34, 14}
18 {27, 3, 28, 12, 16, 34, 26}
19 {14, 29, 22, 34, 8, 2, 32, 5, 20}

Solution strand #1202 at tube 5: 
0 1 0 0 1 1 0 1 0 0 1 0 0 0 0 0 0 0 0 0 1 1 1 1 1 1 1 1 1 1 1 1 1 1 1 1 1 1 1 1 1 1 1 1 1 1 1 1 1 1 1 1 1 1 1 

Minimum set cover: 
1 {5, 25, 22, 34, 0, 31, 27, 28, 23, 24, 1, 7, 11, 29}
4 {14, 11, 26, 19, 17, 0, 31}
5 {21, 33, 30, 15, 20, 4, 11, 17, 32, 10, 31, 9, 1, 34}
7 {18, 26, 9, 3, 13, 16, 29, 31, 12}
10 {18, 8, 7, 10, 2, 6, 33, 21, 1, 32, 23}

Elapsed times: init=0.258255 s, comp=1.787270 s, total=2.045525 s, t2=1.081879 s, t3=0.209984 s, t4=0.495407 s
