22 sets, 30 types of elements
Sets:
0 {25}
1 {10, 26, 25, 23}
2 {16, 1, 21, 27}
3 {20}
4 {7, 6, 22, 9, 14, 21, 15, 8}
5 {28, 7, 27, 21, 8, 9, 1, 2, 29, 26, 16, 4, 18, 12}
6 {0, 7, 24}
7 {18}
8 {7}
9 {19}
10 {15, 21, 28, 10, 18, 22, 24, 6, 29, 3, 26, 4, 12, 0, 23}
11 {21, 28}
12 {24}
13 {21, 23, 22, 29}
14 {1, 0, 3, 25, 24, 16, 15, 26, 21, 8}
15 {2, 3, 27, 20}
16 {4, 15, 5, 16, 12, 13, 3}
17 {18, 22, 24, 8, 17, 27, 19, 0, 3}
18 {26, 11, 27}
19 {1, 13, 29, 16, 7, 27}
20 {26, 10, 28, 13, 6}
21 {17, 29, 14, 10, 23, 1, 20}

Solution strand #458810 at tube 7: 
0 1 0 1 1 1 0 0 0 0 0 0 0 0 0 0 1 1 1 0 0 0 1 1 1 1 1 1 1 1 1 1 1 1 1 1 1 1 1 1 1 1 1 1 1 1 1 1 1 1 1 1 

Minimum set cover: 
1 {10, 26, 25, 23}
3 {20}
4 {7, 6, 22, 9, 14, 21, 15, 8}
5 {28, 7, 27, 21, 8, 9, 1, 2, 29, 26, 16, 4, 18, 12}
16 {4, 15, 5, 16, 12, 13, 3}
17 {18, 22, 24, 8, 17, 27, 19, 0, 3}
18 {26, 11, 27}

Elapsed times: init=0.524253 s, comp=5.152478 s, total=5.676731 s, t2=3.151444 s, t3=0.414389 s, t4=1.586645 s
