24 sets, 30 types of elements
Sets:
0 {0, 20, 11, 1, 8, 21, 10, 6, 7, 15, 14, 9}
1 {16, 7, 27, 2, 13, 25, 24, 0, 28, 26, 29, 4, 14, 15, 3, 8, 18}
2 {19}
3 {24, 16, 5, 9, 0, 26, 4, 17}
4 {28, 22, 4}
5 {5}
6 {14}
7 {7, 1, 17, 24, 27, 15, 11, 8, 19, 4, 13, 10, 0, 28, 6, 16, 29, 5, 2, 14, 18}
8 {13, 6, 0, 20, 28, 7, 8}
9 {0}
10 {19, 11, 15, 21, 6, 2, 29}
11 {7, 29, 3, 12, 11, 25, 10}
12 {18}
13 {12, 15, 18, 9, 14, 22, 20, 13, 28, 4, 7, 17, 25, 3, 6, 21, 26, 19}
14 {9}
15 {14, 18, 20, 5, 28, 0, 11, 6, 8, 13}
16 {1, 26, 3, 9, 27, 2, 18, 6}
17 {3, 20, 21, 23, 27, 18, 11, 5, 13, 22}
18 {20, 2}
19 {29, 15, 12, 22, 21, 6, 16, 18, 28, 25}
20 {9, 6, 16, 28, 5, 14}
21 {22, 9, 18, 16, 6, 19, 5, 4, 28, 12, 14, 15, 17, 25, 13, 20, 29, 23, 27}
22 {6, 16, 5, 29, 18, 15, 19, 13, 23, 11, 25, 26, 2, 8, 12, 14, 20, 10}
23 {15, 18, 14, 6, 9}

Solution strand #139392 at tube 3: 
0 0 0 0 0 0 0 1 0 0 0 0 0 1 0 0 0 1 0 0 0 0 0 0 1 1 1 1 1 1 1 1 1 1 1 1 1 1 1 1 1 1 1 1 1 1 1 1 1 1 1 1 1 1 

Minimum set cover: 
7 {7, 1, 17, 24, 27, 15, 11, 8, 19, 4, 13, 10, 0, 28, 6, 16, 29, 5, 2, 14, 18}
13 {12, 15, 18, 9, 14, 22, 20, 13, 28, 4, 7, 17, 25, 3, 6, 21, 26, 19}
17 {3, 20, 21, 23, 27, 18, 11, 5, 13, 22}

Elapsed times: init=1.527233 s, comp=48.927591 s, total=50.454824 s, t2=26.378774 s, t3=4.599035 s, t4=17.949782 s
