21 sets, 30 types of elements
Sets:
0 {23, 5, 26, 6, 13}
1 {13}
2 {19, 10, 15, 23, 2, 22, 29, 13, 24}
3 {26, 12, 19}
4 {28, 19}
5 {20}
6 {10}
7 {17, 19, 13, 22, 3, 6, 23, 12, 25, 7, 20}
8 {28, 1, 16, 9, 7, 10, 14, 21, 3, 11}
9 {5}
10 {19, 14, 24}
11 {0}
12 {22, 6, 28, 12, 23, 9, 18, 17, 25, 7, 21, 19, 0, 10, 11}
13 {6, 29}
14 {5}
15 {0, 7, 1, 23, 21, 10, 13, 14, 20, 25, 29, 19, 22}
16 {25}
17 {15, 11, 19, 10, 7, 12, 23}
18 {12}
19 {28, 25, 9, 23, 13, 0, 16, 19, 6, 12, 24, 11}
20 {18, 5, 3, 25}
No solution found

Elapsed times: init=0.347376 s, comp=2.225804 s, total=2.573180 s, t2=1.480222 s, t3=0.120901 s, t4=0.624681 s
