20 sets, 35 types of elements
Sets:
0 {3, 5, 18, 24, 34, 30, 7, 31, 1, 26, 8, 19, 13, 6}
1 {3, 9, 4, 11, 31, 34, 23, 21, 1, 25, 6, 8, 10, 27, 14, 12, 5, 20, 33, 28, 7, 29, 13, 18, 17}
2 {26, 21, 5}
3 {18, 5, 12, 2, 13, 16, 7, 8}
4 {12, 23, 25, 24, 16, 30, 17, 11, 22, 13, 9, 6, 10, 1, 33}
5 {31}
6 {10, 12, 17, 8, 9, 3, 23, 34, 7}
7 {29, 12, 34, 10, 27, 13, 0, 16, 25, 1, 3, 24, 23, 22, 8, 18, 30, 17, 32, 9, 20}
8 {1, 34, 31, 4}
9 {20, 32, 3}
10 {34, 17, 6, 23, 18, 11, 21, 27}
11 {17, 13, 27, 14, 30, 21, 31, 12, 0, 5, 25, 1, 11, 24, 6, 9, 8, 3, 16, 23, 32, 22, 2, 20, 19, 18, 34}
12 {8}
13 {28, 4, 13, 1, 6}
14 {18}
15 {4}
16 {13, 5, 9, 20, 1, 24, 8, 23, 10, 7, 14, 19}
17 {11}
18 {8, 33, 19, 16, 10, 21, 1}
19 {16}
No solution found

Elapsed times: init=0.258185 s, comp=1.502932 s, total=1.761117 s, t2=1.108474 s, t3=0.113817 s, t4=0.280641 s
