21 sets, 30 types of elements
Sets:
0 {11, 7, 26, 17, 20, 2, 24, 19}
1 {26, 4, 6, 29, 22, 12, 3, 21, 8, 7, 18, 20}
2 {26, 18, 28, 13, 11, 6, 10, 21, 24, 12, 22, 15, 3, 4, 2, 5}
3 {14, 21, 22}
4 {2, 7, 26, 11, 16, 24, 5, 15, 25, 3, 14}
5 {4, 11, 9}
6 {17}
7 {9, 27, 4, 26, 11, 20, 12, 8, 29, 23, 13}
8 {7}
9 {1}
10 {16, 7}
11 {24}
12 {16, 24, 13}
13 {24, 15, 22, 18, 1, 23, 12, 2, 5, 20}
14 {12}
15 {20, 27, 25, 4, 16, 15, 24, 6, 13, 22, 26, 14}
16 {11, 28, 16, 1}
17 {9}
18 {26, 22, 14, 16, 2}
19 {9, 0, 6, 3, 18, 12, 22, 21, 19, 1, 24, 10}
20 {19, 13, 9, 5}

Solution strand #524437 at tube 5: 
1 0 1 0 1 0 0 1 0 0 0 0 0 0 0 0 0 0 0 1 0 1 1 1 1 1 1 1 1 1 1 1 1 1 1 1 1 1 1 1 1 1 1 1 1 1 1 1 1 1 1 

Minimum set cover: 
0 {11, 7, 26, 17, 20, 2, 24, 19}
2 {26, 18, 28, 13, 11, 6, 10, 21, 24, 12, 22, 15, 3, 4, 2, 5}
4 {2, 7, 26, 11, 16, 24, 5, 15, 25, 3, 14}
7 {9, 27, 4, 26, 11, 20, 12, 8, 29, 23, 13}
19 {9, 0, 6, 3, 18, 12, 22, 21, 19, 1, 24, 10}

Elapsed times: init=0.344748 s, comp=2.838522 s, total=3.183270 s, t2=1.774830 s, t3=0.249650 s, t4=0.814042 s
