25 sets, 35 types of elements
Sets:
0 {26, 2, 29, 13, 1}
1 {15, 9, 7, 25, 19, 6, 33, 34, 11, 17, 3, 18, 30, 14}
2 {20, 8, 11, 5, 27, 18, 1, 15, 30, 34, 32, 13, 2, 10}
3 {10, 1, 20, 28, 2, 22, 25, 13, 19, 31, 18, 3, 29, 27, 6, 5, 14, 21, 17, 0}
4 {17, 28, 34, 1, 2, 29, 22, 33}
5 {8, 2, 1, 29, 28, 10, 13, 25}
6 {34, 13, 9, 14, 22, 8, 32, 33}
7 {14}
8 {19}
9 {1, 27, 5, 8, 34, 16, 23, 25, 13, 24, 11, 12, 18, 31, 0, 21, 29, 33}
10 {0, 10, 8, 20, 17, 32, 27, 28, 12, 4, 19, 16}
11 {25, 27, 12, 19, 7, 14, 23, 24, 33, 8, 4, 11, 21, 6, 0}
12 {22, 29, 18, 25, 28, 5, 31, 13, 15, 21, 12, 11, 9, 27, 32, 2}
13 {19}
14 {24, 27, 3}
15 {26}
16 {8, 7, 5, 22, 2, 34, 16, 13, 24, 19, 32, 6, 3, 33, 31, 18, 15, 20, 0, 4}
17 {30, 23, 27, 18, 5, 1, 8, 2, 14, 26, 21}
18 {21, 11, 23, 24}
19 {8}
20 {7, 13, 21, 24, 2, 11, 29, 12, 18, 20, 16, 4, 34, 30, 25, 33, 10, 31, 28, 15}
21 {4, 25, 7, 13}
22 {15, 27, 17, 9, 1, 8, 12, 6, 21, 10, 20}
23 {11, 8, 12, 30, 4, 15, 14}
24 {5}

Solution strand #200712 at tube 4: 
0 0 0 1 0 0 0 0 0 0 0 0 1 0 0 0 1 1 0 0 0 0 0 0 0 1 1 1 1 1 1 1 1 1 1 1 1 1 1 1 1 1 1 1 1 1 1 1 1 1 1 1 1 1 1 1 1 1 1 1 

Minimum set cover: 
3 {10, 1, 20, 28, 2, 22, 25, 13, 19, 31, 18, 3, 29, 27, 6, 5, 14, 21, 17, 0}
12 {22, 29, 18, 25, 28, 5, 31, 13, 15, 21, 12, 11, 9, 27, 32, 2}
16 {8, 7, 5, 22, 2, 34, 16, 13, 24, 19, 32, 6, 3, 33, 31, 18, 15, 20, 0, 4}
17 {30, 23, 27, 18, 5, 1, 8, 2, 14, 26, 21}

Elapsed times: init=2.922519 s, comp=86.013711 s, total=88.936230 s, t2=47.243897 s, t3=8.116232 s, t4=30.653582 s
