20 sets, 35 types of elements
Sets:
0 {26}
1 {0, 4, 15, 11, 7, 31}
2 {23}
3 {1, 5, 3, 17, 23, 18, 11, 20}
4 {21, 23, 5, 27}
5 {27, 26, 9, 14, 1, 28, 8, 30, 0, 6, 21, 23, 13}
6 {27, 1, 23, 6, 19, 11, 24, 12, 9, 18, 32, 30, 7, 2, 33, 34, 21, 16}
7 {11, 29, 34, 28, 9, 33, 12, 0}
8 {8, 3, 18, 24, 10, 11, 13, 26, 30, 32, 6, 1, 14, 31, 17}
9 {33, 3, 32, 25, 10, 14, 1, 34, 4, 13, 23, 15, 17, 31, 28, 22, 7, 8}
10 {2, 25, 31}
11 {21, 20, 4, 2, 26, 7, 14, 34, 19}
12 {33, 17, 15, 0, 22, 18, 32}
13 {34, 23, 11, 19, 7, 30, 32, 27, 28, 13}
14 {30, 14, 10, 27, 28, 8, 34, 23, 24, 21, 7, 18}
15 {1, 12, 25, 3, 26, 9, 17}
16 {20, 14, 13, 16, 22, 24, 1, 31, 12, 17, 15, 8, 18}
17 {14, 23, 20, 30, 7, 15, 29, 19, 22, 6, 1, 3, 24, 16, 2, 4, 13, 8, 21}
18 {13, 20, 0, 34}
19 {31, 34, 5, 16, 33, 13, 22, 10, 14, 30, 8, 28, 23, 12, 24, 21, 4}

Solution strand #713 at tube 5: 
1 0 0 1 0 0 1 1 0 1 0 0 0 0 0 0 0 0 0 0 1 1 1 1 1 1 1 1 1 1 1 1 1 1 1 1 1 1 1 1 1 1 1 1 1 1 1 1 1 1 1 1 1 1 1 

Minimum set cover: 
0 {26}
3 {1, 5, 3, 17, 23, 18, 11, 20}
6 {27, 1, 23, 6, 19, 11, 24, 12, 9, 18, 32, 30, 7, 2, 33, 34, 21, 16}
7 {11, 29, 34, 28, 9, 33, 12, 0}
9 {33, 3, 32, 25, 10, 14, 1, 34, 4, 13, 23, 15, 17, 31, 28, 22, 7, 8}

Elapsed times: init=0.259524 s, comp=1.818238 s, total=2.077762 s, t2=1.135253 s, t3=0.208951 s, t4=0.474034 s
