20 sets, 35 types of elements
Sets:
0 {0, 12, 13, 3, 1, 25, 4, 24, 27, 10, 19}
1 {10, 17, 7, 34, 23, 18, 33, 22, 25, 8}
2 {10, 8, 11, 33, 29, 14, 15, 3, 16, 34, 30, 25, 12, 24, 22, 19, 9, 5}
3 {32}
4 {2, 24, 3}
5 {24, 26, 31, 33, 21, 30, 34, 32, 14, 19}
6 {11}
7 {29}
8 {30, 11, 10, 12, 33, 17, 8, 19, 5, 25, 22, 0}
9 {31, 12, 10, 17, 21, 26, 15, 13, 14, 30, 9, 8, 2, 27}
10 {26}
11 {18, 7, 10, 27, 5, 8, 2, 31, 21, 25, 34}
12 {4, 21, 1, 6, 16, 28, 14}
13 {30}
14 {20}
15 {14, 4, 23}
16 {24}
17 {17, 26}
18 {17, 30, 5, 4, 32, 22, 28, 31, 20, 23, 21, 33, 7, 11, 19, 26, 14, 6, 34, 25, 24, 27, 3}
19 {3, 24, 10, 4, 33, 8, 9, 17, 32, 6, 29, 18, 25, 27, 2, 30, 1}

Solution strand #264197 at tube 4: 
1 0 1 0 0 0 0 0 0 0 0 1 0 0 0 0 0 0 1 0 1 1 1 1 1 1 1 1 1 1 1 1 1 1 1 1 1 1 1 1 1 1 1 1 1 1 1 1 1 1 1 1 1 1 1 

Minimum set cover: 
0 {0, 12, 13, 3, 1, 25, 4, 24, 27, 10, 19}
2 {10, 8, 11, 33, 29, 14, 15, 3, 16, 34, 30, 25, 12, 24, 22, 19, 9, 5}
11 {18, 7, 10, 27, 5, 8, 2, 31, 21, 25, 34}
18 {17, 30, 5, 4, 32, 22, 28, 31, 20, 23, 21, 33, 7, 11, 19, 26, 14, 6, 34, 25, 24, 27, 3}

Elapsed times: init=0.260989 s, comp=1.575451 s, total=1.836440 s, t2=0.982103 s, t3=0.186119 s, t4=0.407229 s
