22 sets, 35 types of elements
Sets:
0 {24, 15, 12, 0, 17, 5, 18, 13}
1 {5}
2 {23, 28, 31, 21, 24, 3, 18, 16, 15, 12, 13, 6, 1, 30}
3 {26, 6, 11, 33, 20, 17, 28}
4 {13}
5 {7, 22, 2, 29, 6, 19, 33}
6 {22}
7 {18, 19, 20, 25, 31, 14, 10, 2, 22, 17, 27, 26, 1, 34, 21}
8 {5, 19, 9, 12, 22, 20, 31, 18, 3, 27, 14}
9 {9, 30, 0, 6, 26, 22}
10 {14, 9, 2, 16, 10, 20, 27, 13, 33}
11 {0, 3, 31, 17, 9, 22}
12 {11, 17, 34, 8, 18, 5, 28, 31, 0, 9, 13, 29, 20, 19, 23, 1, 6}
13 {25}
14 {7, 1, 25, 20, 15, 5, 17, 19, 31, 6, 28, 34}
15 {34, 10, 3, 12, 19, 8, 16, 6, 7, 0, 22, 32}
16 {16, 8, 7, 18, 11, 29}
17 {17, 13}
18 {30, 32, 5, 29, 10, 28, 22, 21, 0, 8, 11, 12, 16, 9, 7, 34, 1, 26, 4, 15}
19 {3, 28, 15, 5}
20 {9}
21 {4, 19, 23}

Solution strand #262284 at tube 4: 
0 0 1 1 0 0 0 1 0 0 0 0 0 0 0 0 0 0 1 0 0 0 1 1 1 1 1 1 1 1 1 1 1 1 1 1 1 1 1 1 1 1 1 1 1 1 1 1 1 1 1 1 1 1 1 1 1 

Minimum set cover: 
2 {23, 28, 31, 21, 24, 3, 18, 16, 15, 12, 13, 6, 1, 30}
3 {26, 6, 11, 33, 20, 17, 28}
7 {18, 19, 20, 25, 31, 14, 10, 2, 22, 17, 27, 26, 1, 34, 21}
18 {30, 32, 5, 29, 10, 28, 22, 21, 0, 8, 11, 12, 16, 9, 7, 34, 1, 26, 4, 15}

Elapsed times: init=0.519968 s, comp=7.734233 s, total=8.254201 s, t2=4.320597 s, t3=0.913765 s, t4=2.499871 s
