24 sets, 35 types of elements
Sets:
0 {28, 33, 17, 30, 11, 12, 16, 13, 18, 27, 31, 19, 5, 24, 8}
1 {17, 3}
2 {6}
3 {5, 7, 24, 8, 27, 0, 26}
4 {21, 9, 4, 17, 11, 20, 0, 6, 22, 3, 1, 19}
5 {28}
6 {28, 33, 20, 29, 13, 4, 2, 15, 31, 1, 34, 16}
7 {28, 10, 22, 21, 20, 25, 24, 13, 29, 5, 15, 1}
8 {27, 30, 16, 2, 29, 12, 1, 33, 10, 18, 26, 9, 28}
9 {23, 33, 17}
10 {21, 8, 4, 9, 33, 19, 10, 18}
11 {13}
12 {31}
13 {12, 17, 18, 25, 34, 23}
14 {12, 7, 2}
15 {19, 18, 15, 1, 20, 21}
16 {32}
17 {7, 11, 23, 21, 27, 28, 15, 26, 14, 5}
18 {15, 32, 21, 14, 23}
19 {34, 5, 12, 17, 32, 28}
20 {33, 20, 7, 12, 25, 28, 23, 2, 4, 9, 30, 3, 13, 26, 5, 21, 18, 19, 11}
21 {9, 22, 12, 26, 3, 5, 11, 6, 4, 28, 29, 25, 34, 21, 23, 0, 1, 17}
22 {17, 19, 32, 33, 22}
23 {5, 0, 28, 34, 18, 20, 9, 15, 2}

Solution strand #2375809 at tube 5: 
1 0 0 0 0 0 0 1 0 0 0 0 0 0 1 0 0 0 1 0 0 1 0 0 1 1 1 1 1 1 1 1 1 1 1 1 1 1 1 1 1 1 1 1 1 1 1 1 1 1 1 1 1 1 1 1 1 1 1 

Minimum set cover: 
0 {28, 33, 17, 30, 11, 12, 16, 13, 18, 27, 31, 19, 5, 24, 8}
7 {28, 10, 22, 21, 20, 25, 24, 13, 29, 5, 15, 1}
14 {12, 7, 2}
18 {15, 32, 21, 14, 23}
21 {9, 22, 12, 26, 3, 5, 11, 6, 4, 28, 29, 25, 34, 21, 23, 0, 1, 17}

Elapsed times: init=1.539963 s, comp=33.527896 s, total=35.067859 s, t2=18.714925 s, t3=3.374342 s, t4=11.438629 s
