23 sets, 35 types of elements
Sets:
0 {8, 30, 0, 16, 13, 34, 6, 15, 3, 1}
1 {26}
2 {24}
3 {9, 14, 7, 10, 13, 1, 30, 32, 15, 33, 4, 26, 21, 2, 29}
4 {6, 20, 22, 26, 23, 25, 17, 18, 2, 1, 27, 7, 21, 16, 11}
5 {22}
6 {3, 9, 8, 20, 17, 29, 19}
7 {9, 8, 17}
8 {6, 23, 14, 8, 0, 20}
9 {32, 9, 25, 34, 2, 18, 16, 13, 30, 27, 5, 0}
10 {12, 20, 21, 3, 13, 18, 31, 15, 34, 30, 29, 6, 24, 4, 14, 19, 8, 0, 1, 2, 25, 22}
11 {17, 19, 9, 12, 25, 13, 34, 29, 31, 18, 28, 1, 0}
12 {10}
13 {24, 7, 22, 20, 10, 14, 32, 3, 17, 6, 1, 26, 15, 23, 30, 21, 25, 31}
14 {27}
15 {23, 8, 5, 31, 4, 34, 12, 11, 21, 1, 17, 25, 14, 32, 16, 15}
16 {1}
17 {1, 17, 31, 18, 24, 20}
18 {29, 7, 30, 2, 22, 34, 17, 12, 16, 21, 4, 31, 18, 24, 14}
19 {11, 13, 29, 8, 22, 30, 6, 2, 18, 7, 15, 3, 20, 1, 21, 14}
20 {4, 16, 23, 18, 11, 8, 30, 28, 32, 12, 2, 33, 0, 31, 5, 9}
21 {3, 7, 5, 14}
22 {28, 10, 2, 29, 3, 17, 15, 26, 31}

Solution strand #1049624 at tube 4: 
0 0 0 1 1 0 0 0 0 0 1 0 0 0 0 0 0 0 0 0 1 0 0 1 1 1 1 1 1 1 1 1 1 1 1 1 1 1 1 1 1 1 1 1 1 1 1 1 1 1 1 1 1 1 1 1 1 1 

Minimum set cover: 
3 {9, 14, 7, 10, 13, 1, 30, 32, 15, 33, 4, 26, 21, 2, 29}
4 {6, 20, 22, 26, 23, 25, 17, 18, 2, 1, 27, 7, 21, 16, 11}
10 {12, 20, 21, 3, 13, 18, 31, 15, 34, 30, 29, 6, 24, 4, 14, 19, 8, 0, 1, 2, 25, 22}
20 {4, 16, 23, 18, 11, 8, 30, 28, 32, 12, 2, 33, 0, 31, 5, 9}

Elapsed times: init=0.862292 s, comp=18.642177 s, total=19.504469 s, t2=10.666188 s, t3=1.922860 s, t4=6.053129 s
