23 vertices, 125 edges
Edges:
6 9
0 20
15 20
0 7
13 17
1 6
3 7
2 5
5 8
9 21
17 20
6 10
5 18
11 22
0 17
7 12
18 20
2 6
9 14
4 5
5 21
11 21
17 18
8 12
4 15
5 14
3 18
6 13
11 15
7 8
6 16
1 21
7 21
19 22
2 18
0 14
1 15
8 9
2 12
3 17
0 21
12 13
13 16
0 11
14 19
0 18
17 22
0 8
5 10
4 6
3 22
8 22
11 20
10 20
16 20
15 21
0 2
13 22
1 3
8 13
4 8
2 8
3 21
11 14
14 20
9 18
1 20
7 20
0 15
7 19
1 14
2 13
3 16
8 16
6 15
6 18
20 22
2 20
1 4
0 12
2 14
14 16
5 16
0 19
7 13
12 19
1 18
13 18
0 9
3 4
9 12
5 9
4 18
6 21
5 19
7 16
0 3
13 21
4 9
2 9
3 20
8 20
9 17
15 18
6 22
11 18
16 18
12 21
17 19
3 13
1 13
8 11
2 10
9 10
5 15
8 17
6 12
4 20
11 12
15 17
21 22
2 21
0 13
3 8
2 15

Solution strand #54280 at tube 5: 
0 0 0 1 0 0 0 0 0 0 1 0 1 0 1 1 0 0 0 0 0 0 0 

Maximum independent set: 
3 10 12 14 15 
Elapsed times: init=0.713540 s, comp=6.410414 s, total=7.123954 s, t2=3.326890 s, t3=3.083524 s
