22 vertices, 150 edges
Edges:
0 20
7 12
1 17
17 20
13 17
18 19
0 10
3 7
1 11
5 8
6 7
4 19
9 21
14 18
5 18
10 18
0 17
13 20
17 18
10 13
4 16
9 16
14 15
5 21
11 21
16 19
2 17
0 1
3 12
1 12
2 11
5 14
3 18
10 14
8 18
14 21
4 21
11 15
9 19
7 8
11 16
1 21
2 18
0 14
1 15
8 9
4 12
6 14
7 15
12 13
13 16
0 11
3 6
1 10
16 17
9 20
7 18
12 18
1 19
0 5
13 19
18 21
0 8
3 5
9 13
5 10
4 17
6 20
11 20
0 7
3 15
6 10
8 13
4 8
2 8
3 21
10 15
11 14
9 18
7 11
6 17
11 19
1 20
7 20
12 20
2 19
0 15
19 20
3 10
1 14
8 10
4 13
2 13
9 11
15 17
6 15
11 13
7 14
6 18
2 20
1 4
0 12
3 9
1 9
2 14
6 8
10 16
12 19
0 6
1 7
0 9
7 16
19 21
2 4
5 9
4 18
6 21
5 19
10 21
0 16
16 21
12 16
13 21
1 2
2 9
9 15
5 12
3 20
9 17
7 10
12 21
2 16
17 19
3 13
1 13
4 14
2 10
9 10
5 15
3 19
8 17
14 20
4 20
11 12
7 9
12 15
13 14
0 13
3 8
2 15

Solution strand #2160 at tube 4: 
0 0 0 0 1 1 1 0 0 0 0 1 0 0 0 0 0 0 0 0 0 0 

Maximum independent set: 
4 5 6 11 
Elapsed times: init=0.444676 s, comp=3.303237 s, total=3.747913 s, t2=1.972296 s, t3=1.330941 s
