25 vertices, 75 edges
Edges:
9 20
1 21
7 21
11 14
0 21
2 16
5 6
15 24
0 7
3 21
11 23
10 21
0 16
7 16
6 24
19 22
11 24
5 23
5 8
7 20
16 24
6 7
15 23
4 19
9 15
20 21
9 21
17 20
6 10
3 18
10 18
15 20
2 13
1 20
4 24
3 16
11 20
13 20
7 23
11 13
4 10
13 24
3 13
3 23
6 22
7 18
2 10
19 24
17 22
3 19
8 17
2 19
5 19
11 12
12 22
17 23
9 23
9 10
1 22
14 16
8 12
21 22
8 22
4 15
7 13
2 4
0 6
1 8
4 12
13 18
8 18
12 23
9 19
0 19
9 12

Solution strand #184367 at tube 9: 
1 1 1 1 0 1 0 0 0 0 0 0 1 0 1 1 0 1 0 0 0 0 0 0 0 

Maximum independent set: 
0 1 2 3 5 12 14 15 17 
Elapsed times: init=2.335972 s, comp=24.852100 s, total=27.188072 s, t2=9.235064 s, t3=15.617036 s
