21 vertices, 75 edges
Edges:
11 16
6 9
8 13
15 20
4 18
5 13
0 7
1 15
8 9
8 19
0 16
1 6
0 10
11 14
3 7
1 9
15 19
2 5
1 11
11 19
3 14
7 20
6 7
4 15
2 9
6 20
12 13
1 16
14 18
8 10
10 18
7 19
9 11
12 17
9 17
0 4
3 16
5 11
11 13
1 2
17 19
9 14
12 14
3 13
10 13
16 20
10 19
2 10
1 10
1 19
3 19
14 20
2 14
4 11
2 7
10 15
12 15
5 10
14 16
1 12
17 18
0 19
12 19
0 6
5 20
10 16
6 13
1 7
2 15
3 12
10 11
9 19
0 2
9 12
2 12

Solution strand #70000 at tube 6: 
0 0 0 0 1 1 1 0 1 0 0 0 1 0 0 0 1 0 0 0 0 

Maximum independent set: 
4 5 6 8 12 16 
Elapsed times: init=0.308733 s, comp=1.107763 s, total=1.416496 s, t2=0.499271 s, t3=0.608492 s
