20 vertices, 50 edges
Edges:
10 11
2 18
2 8
12 16
1 19
5 13
0 7
18 19
3 7
7 11
3 10
3 14
6 14
16 17
6 7
7 15
1 16
14 18
13 16
5 12
4 13
7 19
3 6
1 10
16 18
2 16
7 14
5 17
7 18
4 16
3 16
5 15
0 5
3 19
4 9
6 8
3 12
4 6
1 12
10 16
2 11
12 19
6 16
1 8
10 14
13 18
8 18
7 8
0 2
9 12

Solution strand #715521 at tube 9: 
1 0 0 0 0 0 0 0 1 1 0 1 0 1 1 1 0 1 0 1 

Maximum independent set: 
0 8 9 11 13 14 15 17 19 
Elapsed times: init=0.241319 s, comp=0.495929 s, total=0.737248 s, t2=0.200590 s, t3=0.295339 s
