24 vertices, 50 edges
Edges:
1 21
6 9
8 13
8 23
0 20
15 20
2 11
11 21
4 7
17 20
3 21
18 19
0 10
6 12
3 7
0 3
1 2
6 7
4 19
9 15
1 16
16 22
2 16
9 11
9 17
0 4
5 22
2 17
18 20
19 21
0 22
15 22
5 11
6 11
8 11
2 20
9 16
0 5
13 19
14 20
4 20
19 20
4 11
11 17
8 12
4 17
3 8
18 23
12 23
7 20

Solution strand #2618528 at tube 11: 
0 0 0 0 0 1 0 1 0 0 1 0 1 1 1 1 1 1 1 0 0 1 0 0 

Maximum independent set: 
5 7 10 12 13 14 15 16 17 18 21 
Elapsed times: init=1.257428 s, comp=10.840843 s, total=12.098271 s, t2=3.588112 s, t3=7.252731 s
