25 vertices, 125 edges
Edges:
14 17
10 17
0 20
7 12
17 20
2 22
1 6
0 10
2 5
3 24
9 21
14 18
5 18
11 22
10 18
16 22
12 17
0 4
18 20
4 10
2 6
9 14
4 5
8 21
5 24
19 24
9 16
14 15
11 21
17 18
13 23
1 12
4 15
2 11
5 14
6 13
11 15
15 16
1 21
19 22
8 9
4 12
14 22
0 21
0 24
6 11
17 24
1 10
6 10
9 20
14 19
0 18
7 18
12 18
17 22
18 21
23 24
5 10
4 6
3 22
5 7
4 17
6 20
11 20
12 23
3 15
18 22
2 8
11 14
14 20
7 11
6 17
5 23
7 20
3 10
9 11
4 24
3 16
9 24
7 9
0 22
21 23
12 15
3 9
8 16
14 16
1 18
17 21
9 12
10 11
4 18
9 22
6 21
11 23
0 16
7 16
6 24
12 16
11 24
0 3
3 14
18 23
8 14
4 9
9 15
8 20
9 17
15 18
10 22
12 21
1 2
1 24
13 15
22 24
3 13
6 12
4 20
19 20
0 23
15 17
20 23
1 22
0 13
3 8
1 8

Solution strand #731170 at tube 7: 
0 1 0 0 0 1 0 0 0 0 0 1 0 1 0 0 1 1 0 1 0 0 0 0 0 

Maximum independent set: 
1 5 11 13 16 17 19 
Elapsed times: init=2.337719 s, comp=29.560523 s, total=31.898242 s, t2=13.937739 s, t3=15.622784 s
