24 vertices, 125 edges
Edges:
14 17
10 17
6 9
1 3
2 5
1 11
4 19
9 21
6 10
11 22
0 17
12 17
18 20
8 15
2 6
7 10
4 5
8 21
4 16
14 15
5 21
11 21
7 22
6 8
17 18
1 12
8 12
5 14
10 14
8 18
6 13
19 23
7 8
6 16
15 21
22 23
1 15
2 12
6 14
0 21
15 23
0 6
1 16
13 16
1 5
0 11
5 17
7 18
1 19
16 23
3 5
2 7
9 13
3 22
8 22
5 7
4 17
6 20
11 20
7 17
12 23
0 2
3 15
18 22
8 13
2 8
5 13
3 21
8 19
19 22
14 20
15 19
5 23
11 19
1 20
12 20
1 14
3 16
8 16
14 23
6 18
21 23
3 9
1 9
2 14
14 16
10 16
7 13
12 19
17 21
0 9
2 4
9 12
5 9
4 7
8 23
9 22
5 19
11 23
7 16
13 21
3 14
2 9
3 20
8 20
15 16
4 23
15 18
6 22
5 22
11 18
2 16
17 19
3 13
16 20
9 10
8 17
6 12
4 20
11 12
0 23
7 9
11 17
2 21
1 8

Solution strand #4240401 at tube 7: 
1 0 0 0 1 0 0 0 0 0 1 0 1 1 0 1 0 0 0 0 0 0 1 0 

Maximum independent set: 
0 4 10 12 13 15 22 
Elapsed times: init=1.253135 s, comp=14.114907 s, total=15.368042 s, t2=6.909747 s, t3=7.205160 s
