24 vertices, 150 edges
Edges:
6 9
7 12
0 7
1 6
0 10
3 7
1 11
7 22
5 8
6 10
5 18
11 22
10 18
0 17
16 22
12 17
17 23
13 20
8 15
2 6
9 14
5 11
10 13
8 21
6 23
5 21
16 19
2 17
0 1
3 12
2 11
5 14
4 21
11 15
7 8
1 21
7 21
2 18
3 11
4 12
15 19
3 17
14 22
7 15
0 6
12 13
13 16
2 23
1 5
3 6
1 10
7 20
6 11
5 17
10 19
0 18
7 18
1 19
17 22
13 19
0 8
4 11
3 5
3 22
6 20
13 22
3 15
18 22
4 8
2 8
3 21
10 15
4 22
19 22
14 20
7 11
6 17
11 19
1 20
16 17
8 10
2 13
8 16
14 23
19 21
0 22
7 14
6 18
1 23
21 23
2 20
1 4
1 9
2 14
6 8
10 16
7 13
12 19
1 18
21 22
1 7
0 9
3 4
2 4
9 12
5 9
5 6
9 22
15 22
6 21
5 19
11 23
10 21
0 16
0 3
13 21
3 14
18 23
4 9
2 9
3 20
10 12
8 20
4 23
15 18
6 22
11 18
10 22
7 23
12 21
1 2
17 19
3 13
8 11
2 10
9 10
8 17
6 12
4 20
11 12
0 23
15 17
6 19
20 23
11 17
1 22
13 14
2 21
3 8
14 15

Solution strand #36901 at tube 5: 
1 0 1 0 0 1 0 0 0 0 0 0 1 0 0 1 0 0 0 0 0 0 0 0 

Maximum independent set: 
0 2 5 12 15 
Elapsed times: init=1.253406 s, comp=15.505071 s, total=16.758477 s, t2=8.293879 s, t3=7.211192 s
