23 vertices, 50 edges
Edges:
13 22
5 9
4 7
7 21
4 8
0 14
8 10
10 15
2 22
2 12
13 21
6 14
12 20
17 21
12 13
11 16
6 10
5 20
0 17
3 6
6 22
3 16
10 22
8 11
17 18
7 14
17 19
7 10
5 11
6 11
5 17
10 13
13 15
1 4
1 10
3 9
4 20
7 9
2 7
5 10
14 16
3 22
7 13
1 18
14 18
3 18
11 20
7 17
11 15
3 4

Solution strand #3769159 at tube 11: 
1 1 1 0 0 0 1 0 1 1 0 0 0 0 0 1 1 0 0 1 1 1 0 

Maximum independent set: 
0 1 2 6 8 9 15 16 19 20 21 
Elapsed times: init=0.715389 s, comp=4.796298 s, total=5.511687 s, t2=1.677901 s, t3=3.118397 s
