21 vertices, 50 edges
Edges:
6 9
0 20
5 6
2 8
4 6
13 17
6 12
3 7
6 14
7 20
8 14
12 20
6 7
9 15
1 16
10 12
7 19
7 10
0 14
13 20
8 11
1 2
4 16
2 6
3 6
9 20
14 19
10 13
2 20
7 18
4 14
12 18
0 8
14 20
16 19
0 12
6 8
2 7
11 17
0 2
14 16
10 16
7 13
12 19
2 4
3 8
6 20
11 15
3 10
9 12

Solution strand #797243 at tube 10: 
1 1 0 1 1 1 0 0 0 1 0 1 0 1 0 0 0 0 1 1 0 

Maximum independent set: 
0 1 3 4 5 9 11 13 18 19 
Elapsed times: init=0.307847 s, comp=1.050016 s, total=1.357863 s, t2=0.439436 s, t3=0.610580 s
