20 vertices, 125 edges
Edges:
10 17
7 12
1 17
2 5
1 11
6 7
4 19
14 18
10 18
0 17
7 19
12 17
17 18
9 14
5 11
4 5
10 13
4 16
9 16
16 19
2 17
6 8
0 1
1 12
8 12
4 15
2 11
10 14
6 13
9 19
15 16
6 16
11 16
2 18
3 11
1 15
3 17
6 14
12 13
1 16
13 16
1 5
1 10
14 19
0 18
7 18
12 18
1 19
13 19
0 8
4 11
3 5
2 7
9 13
5 10
4 6
5 7
4 17
0 2
3 15
1 3
4 8
2 8
5 13
11 14
15 19
6 17
0 15
3 10
1 14
8 10
4 13
9 11
3 16
7 9
6 15
6 18
12 14
13 15
6 11
1 4
0 12
3 9
2 3
14 16
5 16
0 19
12 19
1 18
13 18
1 7
0 9
3 4
2 4
9 12
5 9
10 11
5 6
4 18
5 19
7 16
0 3
1 2
8 14
9 15
5 12
9 17
15 18
16 18
2 16
17 19
3 13
8 11
4 14
9 10
8 17
6 12
15 17
6 19
12 15
11 17
0 13
3 8
1 8
2 15

Solution strand #1169 at tube 4: 
1 0 0 0 1 0 0 1 0 0 1 0 0 0 0 0 0 0 0 0 

Maximum independent set: 
0 4 7 10 
Elapsed times: init=0.240548 s, comp=0.649502 s, total=0.890050 s, t2=0.373333 s, t3=0.276169 s
