21 vertices, 100 edges
Edges:
15 20
0 7
1 6
2 5
6 10
5 18
10 18
0 17
7 12
8 15
2 6
9 14
4 5
10 13
14 15
17 20
16 19
2 17
0 1
1 12
4 15
3 18
10 14
6 13
9 19
7 8
2 18
3 11
8 9
7 11
3 17
0 11
3 6
14 19
10 19
0 18
1 19
13 19
2 7
9 13
5 10
4 6
5 7
11 20
10 20
2 8
8 19
14 20
15 19
6 17
11 19
16 17
2 19
19 20
1 14
2 13
9 11
3 16
6 15
11 13
7 14
12 14
1 4
3 9
2 3
5 16
7 13
12 19
0 6
1 7
0 9
2 4
9 12
5 6
4 18
5 19
0 16
8 14
4 9
10 12
8 20
7 10
11 18
17 19
3 13
8 11
2 10
9 10
5 15
3 19
8 17
6 12
4 20
11 12
15 17
6 19
12 15
11 17
13 14
0 13

Solution strand #1376960 at tube 6: 
0 0 0 0 0 0 1 1 0 1 0 0 0 0 0 0 1 0 1 0 1 

Maximum independent set: 
6 7 9 16 18 20 
Elapsed times: init=0.308402 s, comp=1.304969 s, total=1.613371 s, t2=0.696507 s, t3=0.608462 s
