22 vertices, 150 edges
Edges:
6 9
15 20
14 17
13 17
18 19
0 10
1 11
6 7
4 19
9 21
14 18
10 18
0 17
7 19
12 17
0 4
13 20
18 20
8 15
4 10
2 6
5 11
4 5
10 13
8 21
1 17
9 16
5 21
11 21
2 17
6 8
0 1
1 12
8 12
4 15
2 11
1 6
3 18
10 14
14 21
11 15
6 16
11 16
1 21
7 21
2 18
3 11
8 9
4 12
3 17
0 21
7 15
17 21
12 13
1 16
13 16
1 5
0 11
1 10
9 20
14 19
7 18
12 18
1 19
0 5
0 8
4 11
3 5
2 7
5 7
6 20
5 20
10 20
16 20
0 2
3 15
8 13
2 8
5 13
9 18
15 19
11 19
1 20
16 17
3 10
8 10
2 13
9 11
3 16
6 15
6 18
12 14
13 15
6 11
0 12
14 16
5 16
10 16
0 19
15 21
12 19
1 18
0 6
13 18
1 7
0 9
7 16
3 4
2 4
5 9
4 7
5 6
4 18
0 16
16 21
12 16
0 3
3 14
1 2
8 14
4 9
2 9
9 15
5 12
3 20
10 12
8 20
9 17
15 18
11 18
16 18
2 16
17 19
3 13
1 13
4 14
2 10
9 10
5 15
3 19
8 17
4 20
11 12
7 9
6 19
12 15
13 14
2 21
0 13
1 8

Solution strand #134272 at tube 4: 
0 0 0 0 0 0 0 1 0 0 1 1 0 0 0 0 0 1 0 0 0 0 

Maximum independent set: 
7 10 11 17 
Elapsed times: init=0.444809 s, comp=3.043637 s, total=3.488446 s, t2=1.712486 s, t3=1.331151 s
