22 vertices, 50 edges
Edges:
4 7
7 21
8 13
4 8
0 20
4 18
3 11
6 21
1 15
0 16
18 19
2 12
11 14
12 16
7 11
1 11
1 20
2 14
4 19
1 16
6 10
8 10
4 13
1 5
2 16
15 18
8 16
4 10
17 19
5 11
4 5
2 10
1 19
0 5
0 7
14 20
0 8
11 12
3 5
6 19
6 8
0 19
5 7
4 17
12 19
3 8
10 20
0 9
11 15
7 8

Solution strand #422602 at tube 10: 
0 1 0 1 0 0 1 1 0 1 0 0 1 1 1 0 0 1 1 0 0 0 

Maximum independent set: 
1 3 6 7 9 12 13 14 17 18 
Elapsed times: init=0.443840 s, comp=2.228934 s, total=2.672774 s, t2=0.884279 s, t3=1.344655 s
