25 vertices, 50 edges
Edges:
13 22
7 21
0 20
3 20
1 17
0 7
5 19
10 15
0 16
0 10
13 21
4 20
4 19
9 15
1 16
1 14
13 16
2 13
12 17
3 6
1 10
13 20
7 23
5 18
1 24
9 14
9 20
5 11
4 5
1 13
7 17
4 14
1 4
0 12
2 3
13 19
8 17
0 8
15 17
6 19
12 15
2 9
21 22
2 11
9 23
3 18
7 14
1 7
0 9
15 16

Solution strand #21307344 at tube 12: 
0 0 0 0 1 0 1 1 1 1 1 1 1 0 0 0 1 0 1 0 0 0 1 0 1 

Maximum independent set: 
4 6 7 8 9 10 11 12 16 18 22 24 
Elapsed times: init=2.326458 s, comp=23.085982 s, total=25.412440 s, t2=7.380842 s, t3=15.705140 s
