20 vertices, 150 edges
Edges:
14 17
10 17
1 17
13 17
1 6
0 10
3 7
2 5
1 11
5 8
6 7
4 19
6 10
5 18
10 18
0 17
7 19
12 17
0 4
8 15
4 10
2 6
5 11
4 5
9 16
14 15
17 18
2 17
0 1
6 9
1 12
8 12
2 11
5 14
3 18
10 14
8 18
6 13
9 19
15 16
6 16
11 16
3 11
1 15
4 12
2 12
3 17
6 14
7 15
1 16
13 16
1 5
0 11
1 10
14 19
5 17
10 19
0 18
7 18
12 18
1 19
0 5
13 19
0 8
3 5
2 7
9 13
5 10
4 6
7 8
5 7
4 17
7 17
0 2
1 3
8 13
4 8
5 13
10 15
8 19
9 18
6 17
11 19
16 17
2 19
0 15
3 10
1 14
8 10
4 13
2 13
3 16
7 9
11 13
7 14
6 18
12 14
13 15
6 11
1 4
0 12
3 9
2 3
1 9
2 14
14 16
0 19
7 13
12 19
1 18
0 6
13 18
1 7
3 4
9 12
5 9
4 7
10 11
4 18
5 19
0 16
7 16
12 16
0 3
1 2
8 14
4 9
5 12
10 12
9 17
15 18
11 18
16 18
2 16
17 19
1 13
8 11
4 14
2 10
9 10
5 15
3 19
8 17
6 12
15 17
12 15
11 17
0 13
3 8
1 8

Solution strand #772 at tube 3: 
0 0 1 0 0 0 0 0 1 1 0 0 0 0 0 0 0 0 0 0 

Maximum independent set: 
2 8 9 
Elapsed times: init=0.239750 s, comp=0.724463 s, total=0.964213 s, t2=0.448344 s, t3=0.276119 s
