25 vertices, 75 edges
Edges:
11 16
3 15
6 9
7 21
10 11
4 12
6 23
9 22
7 14
17 20
10 12
1 3
16 21
12 19
16 17
12 16
11 24
22 23
2 5
16 24
11 19
6 14
1 2
4 13
1 11
14 21
2 9
7 17
8 10
2 23
4 23
3 6
4 24
1 10
10 22
15 19
7 23
2 16
1 24
13 15
7 10
18 24
4 19
8 21
14 24
2 20
9 10
2 15
17 22
5 21
6 8
0 4
16 19
12 22
2 17
15 17
17 19
15 24
4 6
5 16
20 24
21 22
0 19
1 6
6 20
5 20
0 16
8 18
7 9
1 7
2 3
11 15
15 16
2 4
21 24

Solution strand #8551209 at tube 11: 
1 0 0 1 0 1 0 0 1 1 0 1 1 1 1 0 0 1 0 0 0 0 0 1 0 

Maximum independent set: 
0 3 5 8 9 11 12 13 14 17 23 
Elapsed times: init=2.332665 s, comp=24.593381 s, total=26.926046 s, t2=8.941662 s, t3=15.651719 s
