25 vertices, 150 edges
Edges:
0 20
7 12
18 22
18 19
3 7
2 5
5 8
3 24
14 18
5 18
10 18
0 17
7 19
18 20
8 15
9 14
10 13
8 21
10 24
14 15
11 21
16 19
0 1
7 15
13 23
3 12
1 12
8 12
4 15
1 6
16 18
5 14
3 18
2 22
6 13
4 21
19 23
7 8
21 24
11 16
1 21
22 23
2 18
0 14
8 9
4 12
14 22
0 21
15 23
20 21
1 16
1 5
17 24
6 10
14 19
10 19
0 18
16 23
17 22
11 15
2 24
18 21
23 24
3 5
2 7
9 13
4 6
3 22
8 22
6 20
11 20
10 20
16 20
12 23
0 2
3 15
1 3
4 8
2 8
5 13
4 22
19 22
14 20
9 18
6 17
7 20
2 19
0 15
8 10
4 13
9 11
4 24
9 24
14 23
11 13
15 22
12 14
13 15
12 15
1 4
3 9
2 14
6 8
5 16
10 16
17 21
6 15
19 21
3 4
4 7
5 6
9 22
6 21
11 23
10 21
0 16
7 16
6 24
11 24
0 3
13 21
18 23
4 9
5 12
10 12
8 20
4 23
15 18
6 22
5 22
10 22
7 23
1 2
1 24
21 23
22 24
3 13
8 11
3 19
8 17
6 12
4 20
11 12
15 17
6 19
20 23
1 22
3 8
1 8
2 15

Solution strand #150658 at tube 6: 
0 1 0 0 0 0 0 1 0 0 1 1 0 0 1 0 0 1 0 0 0 0 0 0 0 

Maximum independent set: 
1 7 10 11 14 17 
Elapsed times: init=2.333994 s, comp=32.120184 s, total=34.454178 s, t2=16.479541 s, t3=15.640643 s
