25 vertices, 75 edges
Edges:
11 16
6 9
7 13
8 13
10 17
4 8
2 8
9 22
5 13
17 20
1 15
10 21
4 12
18 19
6 22
2 20
12 16
3 7
0 3
10 18
5 8
20 22
18 23
4 9
9 15
9 21
1 14
8 20
0 17
16 22
1 20
1 5
4 24
11 18
14 22
6 15
18 20
14 21
9 20
1 13
13 15
14 24
1 4
0 12
9 10
3 9
6 23
7 18
13 19
2 14
12 22
17 23
3 5
19 24
20 23
15 24
6 8
3 22
21 22
4 15
15 21
4 17
1 6
9 23
1 18
17 21
7 21
8 18
6 13
4 21
19 23
12 23
9 19
7 8
21 24

Solution strand #1592561 at tube 10: 
1 0 0 0 1 1 1 1 0 0 1 1 0 0 1 0 0 0 0 1 1 0 0 0 0 

Maximum independent set: 
0 4 5 6 7 10 11 14 19 20 
Elapsed times: init=2.340596 s, comp=24.458266 s, total=26.798862 s, t2=8.824190 s, t3=15.634076 s
