24 vertices, 150 edges
Edges:
15 20
1 17
0 7
18 22
3 7
6 7
4 19
9 21
5 18
11 22
16 22
12 17
13 20
18 20
4 10
5 11
4 5
3 23
4 16
14 15
5 21
7 22
17 18
13 23
3 12
1 12
8 12
4 15
7 23
5 14
3 18
2 22
8 18
6 13
11 15
9 19
6 16
11 16
1 21
7 21
22 23
19 22
0 14
8 9
6 14
0 21
17 21
12 13
13 16
6 11
10 14
3 6
1 10
14 21
9 20
14 19
16 23
0 5
13 19
18 21
0 8
9 13
8 22
4 17
6 20
11 20
3 15
1 3
4 8
2 8
5 13
8 19
4 22
11 14
6 12
9 18
15 19
6 17
1 20
16 17
12 20
2 19
7 19
3 10
8 10
4 13
2 13
15 17
11 13
7 14
12 14
1 23
13 15
2 20
1 4
0 12
3 9
2 3
1 9
14 16
5 16
15 21
12 19
1 18
0 6
13 18
21 22
1 7
0 9
16 21
3 4
10 11
4 18
9 22
0 16
7 16
12 16
0 3
13 21
3 14
20 22
18 23
4 9
3 20
9 17
15 18
5 22
11 18
10 22
16 18
2 16
17 19
3 13
1 13
9 10
8 17
14 20
4 20
11 12
0 23
7 9
20 23
11 17
1 22
13 14
2 21
0 13
20 21
1 8
2 15

Solution strand #5284 at tube 5: 
0 0 1 0 0 1 0 1 0 0 1 0 1 0 0 0 0 0 0 0 0 0 0 0 

Maximum independent set: 
2 5 7 10 12 
Elapsed times: init=1.251519 s, comp=15.300676 s, total=16.552195 s, t2=8.088995 s, t3=7.211681 s
