21 vertices, 50 edges
Edges:
3 15
6 9
5 6
13 15
1 17
4 12
1 6
3 18
15 19
3 17
11 19
3 14
7 20
12 20
2 9
8 10
0 17
7 19
15 18
4 5
3 16
7 9
18 20
8 15
8 18
7 14
6 18
9 20
14 19
7 17
0 18
9 10
11 17
2 3
3 19
2 14
19 20
4 11
15 17
2 7
8 16
3 12
13 14
10 16
1 8
10 14
10 20
1 7
15 16
0 2

Solution strand #55843 at tube 8: 
1 1 0 0 0 1 0 0 0 1 0 1 1 0 1 1 0 0 0 0 0 

Maximum independent set: 
0 1 5 9 11 12 14 15 
Elapsed times: init=0.310056 s, comp=1.039267 s, total=1.349323 s, t2=0.429052 s, t3=0.610215 s
