24 vertices, 75 edges
Edges:
13 22
14 17
18 22
10 11
3 8
0 20
5 6
4 18
9 22
1 17
0 7
8 19
7 16
11 14
12 16
14 19
6 17
5 8
4 23
8 14
8 13
12 20
4 9
2 9
9 15
2 8
1 12
10 18
16 22
2 13
9 11
3 14
15 18
17 23
1 10
11 18
10 22
6 15
7 23
19 21
0 22
9 14
3 6
9 20
1 23
6 11
3 23
10 13
21 23
7 18
0 12
12 18
5 15
14 15
16 23
7 12
6 12
18 21
0 8
2 17
7 9
5 10
4 6
5 16
0 19
7 13
12 19
1 18
5 20
1 19
2 3
3 12
3 4
2 4
1 9

Solution strand #7375250 at tube 9: 
0 1 0 0 1 0 0 1 1 0 0 1 0 0 0 1 0 0 0 0 1 1 1 0 

Maximum independent set: 
1 4 7 8 11 15 20 21 22 
Elapsed times: init=1.254264 s, comp=11.665962 s, total=12.920226 s, t2=4.467894 s, t3=7.198068 s
