25 vertices, 50 edges
Edges:
11 16
1 3
8 23
2 18
0 7
11 23
1 23
18 19
0 10
19 22
2 24
9 18
13 21
1 20
1 2
8 24
2 9
4 8
3 20
8 10
11 22
8 20
4 13
4 5
9 17
6 21
14 16
13 20
15 17
16 18
11 13
6 10
3 13
14 19
18 24
8 21
7 18
1 19
1 4
14 20
5 8
3 5
6 8
8 22
2 21
7 13
5 14
17 21
3 18
4 21

Solution strand #28939936 at tube 12: 
0 0 0 0 0 1 0 1 0 1 1 0 1 0 0 1 1 0 0 1 1 1 0 1 1 

Maximum independent set: 
5 7 9 10 12 15 16 19 20 21 23 24 
Elapsed times: init=2.337933 s, comp=22.986575 s, total=25.324508 s, t2=7.237291 s, t3=15.749284 s
