25 vertices, 50 edges
Edges:
11 16
4 7
8 23
2 18
15 20
3 21
10 15
7 16
12 16
7 11
0 3
5 23
3 14
1 2
8 14
1 11
0 21
11 12
1 10
11 18
6 15
6 19
7 14
6 18
1 23
4 5
13 15
5 14
5 24
2 10
3 16
8 17
2 19
1 15
19 20
0 23
2 7
12 15
5 16
1 12
21 22
10 16
5 7
12 19
3 8
17 21
2 15
19 23
9 19
9 12

Solution strand #22178389 at tube 12: 
1 0 1 0 1 0 1 0 0 1 0 1 0 1 1 0 0 1 0 0 1 0 1 0 1 

Maximum independent set: 
0 2 4 6 9 11 13 14 17 20 22 24 
Elapsed times: init=2.336460 s, comp=22.744115 s, total=25.080575 s, t2=7.018498 s, t3=15.725617 s
