24 vertices, 50 edges
Edges:
14 17
15 21
5 6
0 13
3 11
0 7
1 15
11 23
16 21
2 12
7 11
9 18
15 19
13 21
4 9
0 15
3 10
14 18
3 20
8 10
13 16
10 18
16 22
3 16
12 21
2 6
20 22
1 23
14 19
2 10
2 3
13 19
8 17
14 20
18 21
0 23
7 9
0 1
0 2
14 16
4 15
7 13
2 11
2 21
6 16
13 18
10 20
6 13
1 7
5 12

Solution strand #10289588 at tube 10: 
0 0 1 0 1 1 0 1 1 0 0 0 0 0 0 0 1 0 1 1 1 0 0 1 

Maximum independent set: 
2 4 5 7 8 16 18 19 20 23 
Elapsed times: init=1.255067 s, comp=10.703791 s, total=11.958858 s, t2=3.470094 s, t3=7.233697 s
