22 vertices, 125 edges
Edges:
14 17
0 20
15 20
1 17
17 20
1 6
3 7
2 5
1 11
5 8
6 7
9 21
14 18
5 18
0 17
7 12
12 17
18 20
8 15
2 6
9 14
4 5
4 16
5 21
11 21
6 8
17 18
3 12
4 15
10 14
8 18
4 21
9 19
6 16
1 21
7 21
2 18
15 19
3 17
6 14
7 15
12 13
1 16
13 16
1 5
0 11
3 6
1 10
6 11
10 19
12 18
1 19
0 5
13 19
0 8
4 11
2 7
5 10
5 7
4 17
6 20
5 20
10 20
16 20
0 2
3 15
1 3
8 13
10 15
8 19
9 18
7 11
6 17
1 20
16 17
2 19
0 15
8 10
2 13
3 16
8 16
6 15
7 14
13 15
2 20
1 4
2 3
14 16
10 16
0 6
13 18
7 9
1 7
0 9
2 4
5 9
4 7
10 11
5 6
16 21
12 16
0 3
13 21
4 9
2 9
5 12
10 12
8 20
7 10
16 18
12 21
2 16
17 19
4 14
2 10
5 15
14 20
19 20
15 17
6 19
11 17
13 14
2 21
1 8
2 15

Solution strand #22788 at tube 5: 
0 0 1 0 0 0 0 0 1 0 0 1 1 0 1 0 0 0 0 0 0 0 

Maximum independent set: 
2 8 11 12 14 
Elapsed times: init=0.443929 s, comp=2.903893 s, total=3.347822 s, t2=1.572768 s, t3=1.331125 s
