22 vertices, 50 edges
Edges:
14 17
1 3
8 13
5 6
0 14
17 20
1 15
8 9
0 16
16 21
3 7
4 14
13 21
1 20
6 14
1 2
12 20
2 9
17 21
20 21
5 12
4 13
9 17
3 6
4 10
17 19
6 13
5 17
7 13
10 19
2 20
0 12
9 10
5 15
0 7
3 5
12 15
10 16
15 21
2 11
2 4
5 14
0 6
3 18
14 21
11 15
9 19
0 2
9 12
1 9

Solution strand #465362 at tube 10: 
0 1 0 0 1 0 1 1 1 0 0 1 1 0 0 0 1 1 1 0 0 0 

Maximum independent set: 
1 4 6 7 8 11 12 16 17 18 
Elapsed times: init=0.445827 s, comp=2.177364 s, total=2.623191 s, t2=0.838633 s, t3=1.338731 s
