21 vertices, 150 edges
Edges:
6 9
10 17
0 20
15 20
1 17
0 7
13 17
1 6
3 7
2 5
1 11
5 8
6 7
4 19
14 18
5 18
10 18
0 17
12 17
13 20
18 20
8 15
4 10
9 14
15 18
5 11
4 5
4 16
9 16
16 19
6 8
17 18
1 12
4 15
2 11
5 14
3 18
10 14
8 18
6 13
9 19
15 16
6 16
11 16
3 11
1 15
8 9
4 12
2 12
3 17
6 14
7 15
12 13
1 16
13 16
1 10
7 20
9 20
5 17
10 19
12 18
0 5
13 19
0 8
4 11
2 7
5 10
4 6
5 7
4 17
11 20
10 20
16 20
0 2
3 15
1 3
4 8
2 8
10 15
11 14
14 20
9 18
11 19
1 20
16 17
12 20
2 19
0 15
3 10
1 14
8 10
2 13
3 16
15 17
6 15
11 13
7 14
12 14
2 20
1 4
0 12
2 14
8 16
14 16
5 16
0 19
7 13
12 19
1 18
0 6
13 18
3 4
2 4
9 12
5 9
10 11
5 6
5 19
0 16
7 16
12 16
0 3
3 14
1 2
8 14
2 9
5 12
3 20
8 20
7 10
2 16
17 19
3 13
1 13
7 17
2 10
5 15
3 19
8 17
6 12
4 20
19 20
7 9
6 19
12 15
11 17
13 14
0 13
1 8
2 15

Solution strand #6528 at tube 4: 
0 0 0 0 0 0 0 1 1 0 0 1 1 0 0 0 0 0 0 0 0 

Maximum independent set: 
7 8 11 12 
Elapsed times: init=0.308201 s, comp=1.503347 s, total=1.811548 s, t2=0.895616 s, t3=0.607731 s
