23 vertices, 150 edges
Edges:
14 17
10 17
0 20
7 12
1 17
17 20
13 17
2 22
18 19
3 7
1 11
5 8
6 7
14 18
16 22
12 17
18 20
8 15
17 18
2 6
5 11
4 5
10 13
8 21
2 17
0 1
10 22
1 12
8 12
2 11
8 18
6 13
4 21
11 15
9 19
7 8
6 16
11 16
1 21
7 21
2 18
1 15
8 9
4 12
2 12
7 11
3 17
14 22
7 15
12 13
1 16
13 16
6 10
14 21
9 20
5 17
0 18
1 19
0 5
13 19
18 21
0 8
4 11
3 5
2 7
9 13
5 10
8 22
4 17
11 20
10 20
16 20
17 22
0 2
13 22
3 15
18 22
8 13
4 8
2 8
5 13
8 19
4 22
9 18
15 19
1 20
16 17
2 19
7 19
19 20
1 14
8 10
4 13
9 11
7 9
6 15
19 21
15 22
12 14
13 15
2 20
1 4
0 12
3 9
2 3
14 16
15 21
12 19
13 18
1 7
2 4
5 9
15 20
4 18
9 22
6 21
0 16
16 21
12 16
0 3
13 21
3 14
20 22
4 9
2 9
5 12
3 20
8 20
15 16
9 17
5 22
11 18
6 14
12 21
2 16
3 13
8 11
4 14
2 10
3 19
8 17
14 20
4 20
11 12
15 17
12 15
21 22
2 21
3 8
2 15

Solution strand #50689 at tube 5: 
1 0 0 0 0 0 0 0 0 1 1 0 0 0 1 1 0 0 0 0 0 0 0 

Maximum independent set: 
0 9 10 14 15 
Elapsed times: init=0.715053 s, comp=6.926248 s, total=7.641301 s, t2=3.840596 s, t3=3.085652 s
