24 vertices, 150 edges
Edges:
6 9
10 17
0 20
15 20
14 17
0 7
13 17
2 22
1 6
3 7
1 11
6 7
4 19
9 21
17 20
14 18
5 18
11 22
10 18
7 12
13 20
18 20
4 10
2 6
7 10
3 23
9 16
6 23
5 21
10 23
7 22
0 1
10 22
1 12
8 12
4 15
2 11
5 14
6 13
18 19
6 16
4 22
1 21
22 23
2 18
0 14
1 15
8 9
2 12
3 17
14 22
0 21
15 23
0 6
20 21
1 5
0 11
7 20
9 20
6 11
10 19
7 18
0 5
18 21
0 8
2 7
9 13
5 10
4 6
3 22
8 22
5 7
4 17
11 20
16 20
12 23
0 2
13 22
3 15
4 8
2 8
3 21
16 22
9 18
7 11
6 17
11 19
16 17
2 19
0 15
7 19
2 13
3 16
8 16
6 15
19 21
0 22
15 22
12 14
0 12
2 3
2 14
5 16
10 16
0 19
15 21
12 19
1 18
17 21
0 9
3 4
4 7
5 6
5 19
11 23
10 21
0 16
7 16
12 16
13 21
3 14
20 22
4 9
5 12
3 20
10 12
8 20
4 23
15 18
6 22
11 18
6 14
16 18
12 21
2 16
17 19
3 13
2 10
3 19
8 17
6 12
4 20
11 12
0 23
15 17
6 19
2 21
0 13
3 8
2 15

Solution strand #60672 at tube 6: 
0 0 0 0 0 0 0 0 1 0 1 1 0 1 1 1 0 0 0 0 0 0 0 0 

Maximum independent set: 
8 10 11 13 14 15 
Elapsed times: init=1.256245 s, comp=15.320912 s, total=16.577157 s, t2=8.118966 s, t3=7.201946 s
