23 vertices, 150 edges
Edges:
6 9
10 17
7 12
13 17
1 6
0 10
1 11
16 19
6 10
5 18
11 22
16 22
0 4
18 20
8 15
4 5
10 13
8 21
4 16
9 16
7 22
12 22
2 17
0 1
3 12
5 14
14 18
3 18
10 14
14 21
4 21
11 15
15 16
6 16
11 16
7 21
11 14
2 18
3 11
8 9
4 12
2 12
15 19
3 17
6 14
0 21
0 6
20 21
1 16
13 16
0 11
3 6
1 10
9 20
10 19
7 18
1 19
13 19
18 21
0 8
4 11
3 5
2 7
5 10
4 6
7 8
10 20
7 17
0 2
13 22
1 3
8 13
4 8
2 8
5 13
3 21
8 19
19 22
6 12
9 18
7 11
6 17
11 19
1 20
16 17
0 15
3 10
1 14
8 10
4 13
2 13
8 16
6 15
11 13
0 22
15 22
6 18
20 22
2 20
0 12
3 9
1 9
2 14
5 16
10 16
12 19
21 22
13 18
1 7
3 4
2 4
9 12
5 9
4 7
10 11
5 6
4 18
6 21
5 19
10 21
0 3
5 12
8 20
6 22
5 22
11 18
16 18
12 21
2 16
17 19
3 13
1 13
4 14
2 10
9 10
5 15
3 19
8 17
14 20
19 20
15 17
6 19
12 15
1 22
13 14
2 21
0 13
3 8
12 13
1 8

Solution strand #541313 at tube 5: 
1 0 0 0 0 0 0 1 0 1 0 0 0 0 1 0 0 0 0 1 0 0 0 

Maximum independent set: 
0 7 9 14 19 
Elapsed times: init=0.713041 s, comp=6.799800 s, total=7.512841 s, t2=3.718265 s, t3=3.081535 s
