22 vertices, 50 edges
Edges:
1 21
4 7
0 20
1 15
2 21
10 21
0 16
16 21
11 14
15 19
3 7
2 5
1 11
6 7
20 21
1 16
3 20
8 10
10 14
3 6
1 10
18 20
7 14
9 14
5 11
1 13
8 11
0 18
9 10
3 16
5 15
2 3
11 21
8 17
0 21
4 20
19 20
2 17
3 5
0 1
12 15
4 6
4 15
16 18
5 20
1 19
11 20
14 21
0 9
0 19

Solution strand #932376 at tube 9: 
0 0 0 1 1 0 0 0 0 1 0 1 1 1 0 0 0 1 1 1 0 0 

Maximum independent set: 
3 4 9 11 12 13 17 18 19 
Elapsed times: init=0.444971 s, comp=2.298747 s, total=2.743718 s, t2=0.947946 s, t3=1.350801 s
