20 vertices, 50 edges
Edges:
3 15
14 17
8 13
4 6
2 11
5 19
4 12
18 19
11 14
3 7
6 17
1 11
11 19
1 2
4 9
0 15
9 15
8 10
13 16
0 17
7 19
7 10
0 4
3 16
11 18
11 13
7 14
2 6
4 5
1 13
10 19
4 14
1 10
5 15
6 7
4 11
15 17
12 15
11 17
14 16
5 16
12 18
4 15
4 17
5 14
0 16
2 15
11 15
9 19
7 8

Solution strand #4971 at tube 8: 
1 1 0 1 0 1 1 0 1 1 0 0 1 0 0 0 0 0 0 0 

Maximum independent set: 
0 1 3 5 6 8 9 12 
Elapsed times: init=0.239578 s, comp=0.463389 s, total=0.702967 s, t2=0.185741 s, t3=0.277648 s
