24 vertices, 50 edges
Edges:
3 15
7 21
8 23
0 13
3 11
0 7
3 21
18 19
8 19
4 12
7 16
3 7
7 11
5 23
13 21
1 20
3 8
1 11
4 9
4 19
6 10
5 18
10 12
10 22
16 18
8 15
15 22
20 22
1 13
8 11
7 18
14 15
17 20
6 7
0 8
11 12
12 22
13 23
2 9
5 16
8 12
5 7
4 17
10 21
1 18
13 18
8 18
2 3
16 21
3 4

Solution strand #9130571 at tube 11: 
1 1 0 1 0 0 1 0 0 1 0 0 1 0 1 0 1 1 0 1 0 0 0 1 

Maximum independent set: 
0 1 3 6 9 12 14 16 17 19 23 
Elapsed times: init=1.252532 s, comp=10.934204 s, total=12.186736 s, t2=3.693454 s, t3=7.240750 s
