25 vertices, 50 edges
Edges:
13 22
6 9
22 23
11 14
17 20
10 21
0 10
19 22
11 24
6 17
5 23
11 19
8 14
8 24
6 7
15 23
23 24
6 10
5 18
12 24
0 17
7 10
4 24
5 22
11 18
10 22
10 20
7 14
6 18
9 20
13 21
0 4
0 3
9 16
1 9
2 19
19 20
14 16
12 15
5 10
6 8
3 22
10 16
4 15
1 8
10 14
8 18
7 8
0 19
2 12

Solution strand #9384090 at tube 11: 
0 1 0 1 1 0 0 1 0 0 0 0 1 1 0 0 1 1 1 1 0 0 0 1 0 

Maximum independent set: 
1 3 4 7 12 13 16 17 18 19 23 
Elapsed times: init=2.353801 s, comp=22.043236 s, total=24.397037 s, t2=6.342738 s, t3=15.700498 s
