22 vertices, 50 edges
Edges:
14 17
6 7
1 14
6 13
17 20
8 9
4 12
16 21
11 14
2 5
1 11
2 19
2 9
20 21
14 18
3 20
8 10
8 20
12 17
9 17
7 10
2 8
11 18
15 17
2 16
7 14
9 14
15 18
5 17
13 15
10 19
0 12
9 16
13 19
14 20
11 12
7 9
9 13
12 15
11 17
14 16
8 12
13 14
2 21
7 13
0 6
10 14
8 18
14 21
4 15

Solution strand #336955 at tube 9: 
1 1 0 1 1 1 0 0 0 0 1 0 0 1 0 0 1 0 1 0 0 0 

Maximum independent set: 
0 1 3 4 5 10 13 16 18 
Elapsed times: init=0.443931 s, comp=2.142123 s, total=2.586054 s, t2=0.799873 s, t3=1.342250 s
