24 vertices, 125 edges
Edges:
10 17
0 20
15 20
2 22
1 6
0 10
3 7
1 11
6 7
4 19
9 21
6 10
11 22
10 18
12 17
0 4
13 20
4 10
2 6
15 18
4 5
10 13
8 21
12 22
2 17
17 18
1 12
4 15
5 14
3 18
10 14
6 13
19 23
11 16
1 21
7 21
2 18
0 14
1 15
2 12
6 14
12 13
1 16
13 16
2 23
1 5
3 6
7 20
6 11
10 19
16 23
12 18
17 22
0 8
9 13
5 10
4 6
3 22
6 20
5 20
14 19
0 2
13 22
3 15
1 3
8 13
10 15
4 22
11 14
9 18
15 19
11 19
16 17
12 20
2 19
15 17
19 20
8 10
4 13
2 13
8 16
6 15
11 13
0 22
12 14
1 23
13 15
1 4
0 12
3 9
2 3
1 9
2 14
15 21
1 18
17 21
2 4
9 12
4 7
10 11
8 23
5 6
9 22
5 19
10 21
0 16
16 21
12 16
20 22
5 12
8 20
7 10
14 22
7 23
12 21
2 16
5 15
3 19
8 17
4 20
11 12
7 9
21 22
2 21
1 8

Solution strand #663683 at tube 6: 
1 1 0 0 0 0 0 1 0 0 0 0 0 1 0 0 0 1 0 1 0 0 0 0 

Maximum independent set: 
0 1 7 13 17 19 
Elapsed times: init=1.252361 s, comp=14.317870 s, total=15.570231 s, t2=7.109791 s, t3=7.208079 s
