22 vertices, 75 edges
Edges:
1 21
14 17
1 3
8 13
0 21
5 6
0 14
5 16
1 17
17 20
1 15
17 19
7 16
2 12
11 14
12 16
3 7
6 17
5 8
6 14
7 20
2 19
7 15
0 15
1 14
8 10
13 16
0 17
0 11
9 11
4 14
3 6
11 15
1 10
11 20
13 20
1 12
12 21
1 2
6 18
15 18
3 14
7 11
4 19
2 20
0 12
12 18
9 16
3 9
5 21
13 19
8 17
14 20
18 21
2 17
16 17
2 7
4 6
6 7
15 16
4 15
15 21
1 6
1 18
5 15
13 18
6 13
1 7
2 15
16 21
0 7
9 19
3 4
6 16
3 19

Solution strand #145072 at tube 8: 
0 0 0 0 1 1 0 1 0 1 1 0 1 1 0 0 0 1 0 0 0 0 

Maximum independent set: 
4 5 7 9 10 12 13 17 
Elapsed times: init=0.445699 s, comp=2.454962 s, total=2.900661 s, t2=1.121597 s, t3=1.333365 s
