20 vertices, 125 edges
Edges:
14 17
10 17
7 12
1 17
13 17
1 6
1 11
6 10
0 17
7 19
0 4
17 18
2 6
9 14
4 5
10 13
4 16
9 16
14 15
16 19
2 17
0 1
6 9
3 12
8 12
4 15
2 11
5 14
14 18
3 18
10 14
8 18
11 15
9 19
15 16
6 16
11 16
2 18
3 11
1 15
4 12
13 16
1 5
0 11
3 6
14 19
5 17
10 19
12 18
0 5
13 19
2 7
9 13
5 10
4 6
7 8
7 17
3 15
1 3
8 13
2 8
5 13
10 15
8 19
9 18
15 19
11 19
0 15
3 10
1 14
8 10
2 13
9 11
3 16
6 15
6 11
1 4
0 12
3 9
2 3
1 9
2 14
6 8
10 16
0 19
7 13
12 19
1 18
0 6
13 18
3 4
2 4
5 9
4 7
5 6
4 18
5 19
18 19
12 16
0 3
3 14
8 14
4 9
2 9
9 15
5 12
10 12
9 17
7 10
16 18
2 16
17 19
1 13
4 14
2 10
9 10
5 15
3 19
8 17
15 17
12 15
11 17
0 13
3 8
2 15

Solution strand #28736 at tube 4: 
0 0 0 0 0 0 1 0 0 0 0 0 1 1 1 0 0 0 0 0 

Maximum independent set: 
6 12 13 14 
Elapsed times: init=0.239063 s, comp=0.647645 s, total=0.886708 s, t2=0.371483 s, t3=0.276162 s
