24 vertices, 125 edges
Edges:
10 17
0 20
15 20
18 19
1 11
5 8
6 7
4 19
9 21
14 18
11 22
10 18
0 17
0 4
4 10
9 14
5 11
4 5
4 16
14 15
5 21
11 21
10 23
7 22
2 17
6 8
0 1
7 15
13 23
3 12
1 12
4 15
7 23
5 14
3 18
10 14
14 21
19 23
15 16
6 16
11 16
7 21
11 14
2 18
17 23
8 9
2 12
3 17
6 14
0 21
15 23
17 21
13 16
2 23
11 15
5 17
13 19
0 8
4 11
3 5
9 13
7 8
5 7
10 20
16 20
12 23
4 8
5 13
8 19
4 22
19 22
14 20
11 19
3 10
1 14
4 13
14 23
19 21
0 22
7 14
20 22
21 23
1 4
2 14
14 16
5 16
15 21
12 19
1 18
0 6
9 12
5 6
4 18
15 22
5 19
12 16
0 3
12 14
1 2
8 14
2 9
9 15
5 12
10 12
4 23
15 18
5 22
10 22
16 18
17 19
8 11
9 10
5 15
6 12
4 20
19 20
0 23
7 9
11 17
1 22
21 22
0 13
3 8
2 15
6 23

Solution strand #590981 at tube 6: 
1 0 1 0 0 0 0 1 0 0 1 0 0 0 0 0 1 0 0 1 0 0 0 0 

Maximum independent set: 
0 2 7 10 16 19 
Elapsed times: init=1.249766 s, comp=13.999653 s, total=15.249419 s, t2=6.810743 s, t3=7.188910 s
