23 vertices, 150 edges
Edges:
10 17
0 20
15 20
1 17
0 7
2 22
1 6
2 5
1 11
5 8
6 7
4 19
9 21
14 18
5 18
11 22
10 18
0 17
16 22
12 17
0 4
8 15
9 14
7 10
10 13
8 21
4 16
9 16
14 15
16 19
12 22
2 17
6 8
17 18
1 12
8 12
4 15
10 14
8 18
14 21
4 21
11 15
15 16
6 16
11 16
7 21
1 15
8 9
4 12
2 12
3 17
6 14
0 21
0 6
12 13
13 16
1 5
7 20
9 20
5 17
10 19
0 18
1 19
13 19
0 8
4 11
3 5
5 10
4 6
3 22
6 20
11 20
16 20
0 2
13 22
6 10
8 13
4 8
5 13
8 19
9 18
15 19
11 19
1 20
16 17
12 20
2 19
3 10
1 14
8 10
4 13
2 13
3 16
15 17
6 15
11 13
15 22
6 18
20 22
1 4
0 12
1 9
2 14
14 16
5 16
10 16
15 21
1 18
21 22
13 18
1 7
0 9
19 21
3 4
2 4
5 6
4 18
9 22
6 21
5 19
10 21
0 3
12 14
9 15
5 12
3 20
9 17
15 18
6 22
1 3
11 18
14 22
16 18
12 21
2 16
3 13
1 13
4 14
2 10
3 19
14 20
19 20
7 9
13 14
2 21
0 13
3 8
20 21
1 8
2 15

Solution strand #2636 at tube 5: 
0 0 1 1 0 0 1 0 0 1 0 1 0 0 0 0 0 0 0 0 0 0 0 

Maximum independent set: 
2 3 6 9 11 
Elapsed times: init=0.715280 s, comp=6.956444 s, total=7.671724 s, t2=3.874692 s, t3=3.081752 s
