24 vertices, 75 edges
Edges:
13 22
4 7
18 22
8 13
4 8
17 19
0 14
3 11
6 21
8 9
13 17
7 21
12 16
3 7
0 3
5 23
6 9
11 19
5 8
14 22
16 17
2 9
9 21
14 18
3 20
10 12
10 18
4 13
1 20
5 22
0 1
6 14
16 18
2 16
15 22
6 18
8 16
20 22
9 23
1 13
10 13
2 20
1 17
8 11
12 18
9 16
0 5
5 16
6 12
2 14
11 12
4 11
3 5
2 7
9 13
20 23
13 23
14 16
1 12
11 23
8 22
2 21
15 21
12 19
0 2
0 6
1 8
13 18
6 19
15 17
7 17
4 21
3 4
6 16
9 12

Solution strand #52898 at tube 8: 
0 1 0 0 0 1 0 1 0 1 1 1 0 0 1 1 0 0 0 0 0 0 0 0 

Maximum independent set: 
1 5 7 9 10 11 14 15 
Elapsed times: init=1.256899 s, comp=11.787458 s, total=13.044357 s, t2=4.575841 s, t3=7.211617 s
