24 vertices, 100 edges
Edges:
6 9
15 20
14 17
3 7
5 8
6 7
6 10
11 22
10 18
0 17
7 19
18 20
17 18
5 11
4 5
3 23
8 21
9 16
6 23
11 21
0 1
8 12
2 11
3 18
11 15
6 16
2 18
8 9
4 12
2 12
7 15
20 21
1 16
13 16
1 5
1 10
9 20
14 19
5 17
10 19
0 18
12 18
17 22
13 19
0 8
4 11
3 5
5 10
4 6
8 22
6 20
11 20
16 20
0 2
13 22
1 3
5 13
3 21
8 19
15 19
6 17
5 23
16 17
14 23
8 16
6 15
0 22
6 18
12 14
13 15
2 20
1 4
6 8
10 16
15 21
17 21
0 9
3 4
9 12
10 11
8 23
12 16
13 21
20 22
1 2
5 12
3 20
10 12
10 22
16 18
12 21
7 12
14 20
11 12
6 19
11 17
13 14
0 13
2 15
14 15

Solution strand #8529556 at tube 8: 
0 0 1 0 1 0 0 1 0 1 1 0 0 1 0 0 0 1 0 0 0 0 0 1 

Maximum independent set: 
2 4 7 9 10 13 17 23 
Elapsed times: init=1.251121 s, comp=12.793968 s, total=14.045089 s, t2=5.600724 s, t3=7.193244 s
