22 vertices, 75 edges
Edges:
3 15
6 9
10 11
10 17
14 16
5 6
0 14
3 21
6 18
2 20
0 3
1 11
6 17
3 14
17 21
16 17
3 13
1 13
12 20
0 15
9 15
1 21
9 21
14 18
1 14
8 10
11 19
4 13
15 20
9 11
5 19
3 6
2 9
3 16
0 1
11 18
16 18
12 21
2 16
17 19
9 20
5 11
3 17
1 8
4 14
7 18
2 10
9 10
12 18
9 16
1 19
14 15
3 19
11 21
18 21
4 20
19 20
3 5
6 19
2 5
3 12
6 8
7 8
2 14
1 2
12 19
11 12
0 6
5 20
11 20
14 21
0 9
9 19
3 4
9 12

Solution strand #103602 at tube 8: 
0 1 0 0 1 1 0 1 0 0 1 0 1 0 0 1 1 0 0 0 0 0 

Maximum independent set: 
1 4 5 7 10 12 15 16 
Elapsed times: init=0.446631 s, comp=2.411761 s, total=2.858392 s, t2=1.078796 s, t3=1.332965 s
