24 vertices, 75 edges
Edges:
13 22
3 15
6 16
8 13
5 9
2 8
9 22
0 7
10 15
2 21
8 19
2 22
1 6
0 10
11 14
5 23
5 8
6 14
7 20
5 14
2 19
7 15
4 19
12 13
9 21
7 16
10 18
2 13
9 11
3 14
15 18
5 22
13 20
10 22
14 23
0 22
17 19
9 20
5 11
5 17
13 15
4 14
3 5
2 10
9 10
9 16
0 5
5 21
6 18
10 23
3 12
7 22
11 18
0 23
15 23
17 20
8 9
1 22
8 12
21 22
6 15
4 15
4 17
10 21
2 4
1 18
3 18
18 23
11 20
8 18
0 9
17 22
12 23
0 2
4 22

Solution strand #3788803 at tube 9: 
1 1 0 0 0 0 0 0 0 0 0 0 1 0 1 1 1 0 0 1 1 1 0 0 

Maximum independent set: 
0 1 12 14 15 16 19 20 21 
Elapsed times: init=1.251772 s, comp=11.891470 s, total=13.143242 s, t2=4.682002 s, t3=7.209468 s
