24 vertices, 50 edges
Edges:
13 22
18 22
2 20
0 20
4 18
7 11
6 21
1 6
15 19
3 7
0 3
11 19
6 23
0 21
2 18
0 17
12 17
15 18
6 22
6 15
11 13
15 22
13 15
20 22
6 11
21 23
10 19
0 18
16 23
4 16
9 10
7 10
17 22
1 9
11 21
3 12
19 20
4 11
17 18
5 10
14 16
4 15
4 17
3 18
13 18
8 18
7 17
18 19
12 23
2 4

Solution strand #553957 at tube 11: 
1 0 1 0 0 1 1 1 1 1 0 0 1 1 1 0 0 0 0 1 0 0 0 0 

Maximum independent set: 
0 2 5 6 7 8 9 12 13 14 19 
Elapsed times: init=1.338669 s, comp=10.961669 s, total=12.300338 s, t2=3.689876 s, t3=7.271793 s
