24 vertices, 50 edges
Edges:
11 16
13 22
14 17
10 11
5 6
1 19
3 11
10 15
13 17
0 16
16 21
7 11
0 3
2 5
14 22
7 20
2 23
12 20
2 19
1 5
14 18
0 17
15 20
17 23
11 13
0 22
17 19
3 13
1 13
8 11
10 19
2 20
7 18
4 16
22 23
3 9
5 21
6 7
0 12
12 22
17 18
13 23
1 12
15 21
6 16
1 8
10 14
10 20
1 6
0 2

Solution strand #582577 at tube 10: 
1 0 0 0 1 1 0 1 1 1 0 0 0 1 1 1 0 0 0 1 0 0 0 0 

Maximum independent set: 
0 4 5 7 8 9 13 14 15 19 
Elapsed times: init=1.254708 s, comp=10.579631 s, total=11.834339 s, t2=3.323052 s, t3=7.256579 s
