25 vertices, 75 edges
Edges:
16 17
1 21
14 17
7 21
1 4
19 22
10 17
0 22
3 11
10 15
13 17
18 19
6 24
11 14
0 19
15 19
3 17
8 17
13 21
3 14
7 20
5 23
4 9
15 23
20 21
5 12
5 18
0 17
16 22
2 13
12 17
18 23
3 6
4 24
1 10
11 18
7 9
7 23
8 15
11 13
4 10
12 14
6 11
3 23
8 21
14 24
5 24
3 16
3 9
14 15
1 9
3 24
10 23
7 22
0 8
9 24
3 5
2 7
14 21
6 8
5 16
13 14
10 16
2 21
2 11
2 4
0 6
10 14
11 20
8 23
6 13
0 9
11 15
0 2
9 12

Solution strand #17150083 at tube 9: 
1 1 0 0 0 0 0 1 0 0 0 0 1 1 0 1 1 0 1 0 0 0 0 0 1 

Maximum independent set: 
0 1 7 12 13 15 16 18 24 
Elapsed times: init=2.329984 s, comp=24.843058 s, total=27.173042 s, t2=9.240325 s, t3=15.602733 s
