20 vertices, 100 edges
Edges:
10 17
7 12
0 7
1 6
0 10
2 5
1 11
6 7
4 19
14 18
5 18
12 17
0 4
4 10
15 18
5 11
4 5
4 16
14 15
16 19
2 17
17 18
3 12
1 12
8 12
2 11
5 14
10 14
8 18
6 13
11 15
9 19
7 8
2 18
0 14
1 15
4 12
15 19
6 14
7 15
12 13
13 16
1 5
3 6
1 10
14 19
10 19
7 18
12 18
0 5
0 8
3 5
9 13
5 7
4 17
7 17
3 15
6 10
8 13
4 8
7 11
6 17
11 19
16 17
2 19
0 15
1 14
3 16
13 15
1 4
0 12
2 14
14 16
7 13
12 19
1 18
13 18
0 9
3 4
2 4
9 12
5 9
4 18
7 16
18 19
4 9
2 9
9 15
5 12
7 10
16 18
17 19
8 11
2 10
9 10
5 15
3 19
12 15
0 13
1 8

Solution strand #98628 at tube 5: 
0 0 1 0 0 0 1 0 1 0 0 0 0 0 0 1 1 0 0 0 

Maximum independent set: 
2 6 8 15 16 
Elapsed times: init=0.240466 s, comp=0.620951 s, total=0.861417 s, t2=0.340843 s, t3=0.280108 s
