CUDA Device Query...
There are 2 CUDA devices.

CUDA Device #0
Major revision number:         5
Minor revision number:         2
Name:                          GeForce GTX TITAN X
Total global memory:           4243193856
Total shared memory per block: 49152
Total registers per block:     65536
Warp size:                     32
Maximum memory pitch:          2147483647
Maximum threads per block:     1024
Maximum dimension 0 of block:  1024
Maximum dimension 1 of block:  1024
Maximum dimension 2 of block:  64
Maximum dimension 0 of grid:   2147483647
Maximum dimension 1 of grid:   65535
Maximum dimension 2 of grid:   65535
Clock rate:                    1076000
Total constant memory:         65536
Texture alignment:             512
Concurrent copy and execution: Yes
Number of multiprocessors:     24
Kernel execution timeout:      No

CUDA Device #1
Major revision number:         3
Minor revision number:         5
Name:                          Tesla K40c
Total global memory:           4241227776
Total shared memory per block: 49152
Total registers per block:     65536
Warp size:                     32
Maximum memory pitch:          2147483647
Maximum threads per block:     1024
Maximum dimension 0 of block:  1024
Maximum dimension 1 of block:  1024
Maximum dimension 2 of block:  64
Maximum dimension 0 of grid:   2147483647
Maximum dimension 1 of grid:   65535
Maximum dimension 2 of grid:   65535
Clock rate:                    745000
Total constant memory:         65536
Texture alignment:             512
Concurrent copy and execution: Yes
Number of multiprocessors:     15
Kernel execution timeout:      No
