16 vertices
Adjacency matrix:
   0  1  2  3  4  5  6  7  8  9  10  11  12  13  14  15  
0  0  0  1  0  1  0  0  0  1  1  1  1  0  0  1  1  
1  0  0  1  0  0  0  0  0  0  1  0  1  0  1  1  1  
2  1  1  0  1  1  0  0  0  0  1  1  0  0  1  0  0  
3  0  0  1  0  1  0  0  1  1  1  1  1  1  0  0  0  
4  1  0  1  1  0  0  0  0  1  0  0  0  0  0  0  1  
5  0  0  0  0  0  0  0  1  0  1  1  0  1  0  0  1  
6  0  0  0  0  0  0  0  0  1  1  1  1  1  0  1  0  
7  0  0  0  1  0  1  0  0  1  0  0  1  1  1  0  0  
8  1  0  0  1  1  0  1  1  0  0  0  0  0  0  1  1  
9  1  1  1  1  0  1  1  0  0  0  1  1  0  1  0  1  
10  1  0  1  1  0  1  1  0  0  1  0  1  0  1  0  1  
11  1  1  0  1  0  0  1  1  0  1  1  0  0  1  0  1  
12  0  0  0  1  0  1  1  1  0  0  0  0  0  0  0  1  
13  0  1  1  0  0  0  0  1  0  1  1  1  0  0  0  1  
14  1  1  0  0  0  0  1  0  1  0  0  0  0  0  0  0  
15  1  1  0  0  1  1  0  0  1  1  1  1  1  1  0  0  

Solution strand #33830 at tube 5: 
1 0 0 0 0 0 0 0 0 1 1 1 0 0 0 1 

Maximum clique of size 5: 
0 9 10 11 15 
Elapsed times: init=0.186809 s, comp=0.253838 s, total=0.440647 s
