21 vertices
Adjacency matrix:
   0  1  2  3  4  5  6  7  8  9  10  11  12  13  14  15  16  17  18  19  20  
0  0  1  0  1  0  1  1  0  1  1  0  1  1  0  0  0  0  1  0  1  1  
1  1  0  0  1  1  0  1  1  1  1  0  0  0  0  0  1  0  0  0  0  1  
2  0  0  0  1  1  1  0  0  1  1  1  1  1  0  1  1  0  1  0  1  1  
3  1  1  1  0  1  1  0  0  0  1  0  0  0  0  1  1  0  1  1  1  0  
4  0  1  1  1  0  0  1  1  1  0  1  1  0  1  1  1  1  0  0  1  0  
5  1  0  1  1  0  0  0  0  1  1  0  0  1  1  0  1  0  0  1  0  1  
6  1  1  0  0  1  0  0  1  1  0  1  1  1  1  1  1  1  1  1  0  1  
7  0  1  0  0  1  0  1  0  1  0  1  1  1  1  1  1  1  1  1  0  1  
8  1  1  1  0  1  1  1  1  0  0  0  1  1  0  1  0  0  0  0  1  1  
9  1  1  1  1  0  1  0  0  0  0  1  0  1  0  1  0  0  1  1  1  0  
10  0  0  1  0  1  0  1  1  0  1  0  1  1  1  1  1  0  0  1  1  0  
11  1  0  1  0  1  0  1  1  1  0  1  0  0  1  1  1  1  1  1  1  0  
12  1  0  1  0  0  1  1  1  1  1  1  0  0  1  1  0  0  0  1  1  0  
13  0  0  0  0  1  1  1  1  0  0  1  1  1  0  1  0  0  1  0  0  1  
14  0  0  1  1  1  0  1  1  1  1  1  1  1  1  0  1  1  1  1  1  0  
15  0  1  1  1  1  1  1  1  0  0  1  1  0  0  1  0  1  0  1  1  0  
16  0  0  0  0  1  0  1  1  0  0  0  1  0  0  1  1  0  1  0  0  1  
17  1  0  1  1  0  0  1  1  0  1  0  1  0  1  1  0  1  0  1  1  0  
18  0  0  0  1  0  1  1  1  0  1  1  1  1  0  1  1  0  1  0  0  0  
19  1  0  1  1  1  0  0  0  1  1  1  1  1  0  1  1  0  1  0  0  0  
20  1  1  1  0  0  1  1  1  1  0  0  0  0  1  0  0  1  0  0  0  0  

Solution strand #22299 at tube 7: 
0 0 0 0 1 0 1 1 0 0 1 1 0 1 1 0 0 0 0 0 0 

Maximum clique of size 7: 
4 6 7 10 11 13 14 
Elapsed times: init=0.470473 s, comp=18.246099 s, total=18.716572 s
