22 vertices
Adjacency matrix:
   0  1  2  3  4  5  6  7  8  9  10  11  12  13  14  15  16  17  18  19  20  21  
0  0  1  0  0  1  1  0  1  1  0  1  1  0  0  1  1  1  1  0  1  0  0  
1  1  0  1  0  1  0  0  0  0  1  1  1  0  1  1  0  1  1  0  0  1  0  
2  0  1  0  0  1  1  0  1  0  0  1  1  0  0  0  0  0  1  0  0  0  1  
3  0  0  0  0  1  0  0  0  1  1  0  1  1  0  0  0  0  0  0  0  1  0  
4  1  1  1  1  0  0  0  1  1  0  0  1  1  0  0  0  0  1  0  1  1  1  
5  1  0  1  0  0  0  1  1  0  0  1  0  0  1  0  0  0  0  0  1  1  0  
6  0  0  0  0  0  1  0  1  0  1  1  1  1  1  1  1  0  0  0  0  0  1  
7  1  0  1  0  1  1  1  0  0  1  0  1  1  1  1  1  0  0  1  0  0  1  
8  1  0  0  1  1  0  0  0  0  1  0  0  1  0  0  1  0  0  1  0  1  0  
9  0  1  0  1  0  0  1  1  1  0  0  1  1  1  0  0  0  1  0  0  0  1  
10  1  1  1  0  0  1  1  0  0  0  0  0  1  0  1  0  0  0  0  0  1  1  
11  1  1  1  1  1  0  1  1  0  1  0  0  0  1  1  1  1  1  1  0  0  0  
12  0  0  0  1  1  0  1  1  1  1  1  0  0  0  1  1  1  1  0  1  1  1  
13  0  1  0  0  0  1  1  1  0  1  0  1  0  0  1  1  0  1  0  1  0  1  
14  1  1  0  0  0  0  1  1  0  0  1  1  1  1  0  0  1  1  0  1  1  1  
15  1  0  0  0  0  0  1  1  1  0  0  1  1  1  0  0  1  1  1  1  0  0  
16  1  1  0  0  0  0  0  0  0  0  0  1  1  0  1  1  0  0  0  1  0  0  
17  1  1  1  0  1  0  0  0  0  1  0  1  1  1  1  1  0  0  1  1  1  0  
18  0  0  0  0  0  0  0  1  1  0  0  1  0  0  0  1  0  1  0  0  1  1  
19  1  0  0  0  1  1  0  0  0  0  0  0  1  1  1  1  1  1  0  0  1  1  
20  0  1  0  1  1  1  0  0  1  0  1  0  1  0  1  0  0  1  1  1  0  0  
21  0  0  1  0  1  0  1  1  0  1  1  0  1  1  1  0  0  0  1  1  0  0  

Solution strand #9011 at tube 5: 
0 0 0 0 0 0 1 1 0 1 0 1 0 1 0 0 0 0 0 0 0 0 

Maximum clique of size 5: 
6 7 9 11 13 
Elapsed times: init=0.796238 s, comp=47.273242 s, total=48.069480 s
