17 vertices
Adjacency matrix:
   0  1  2  3  4  5  6  7  8  9  10  11  12  13  14  15  16  
0  0  0  0  1  1  0  1  0  0  1  1  1  0  1  1  1  0  
1  0  0  0  1  0  1  1  0  0  1  0  0  0  0  1  0  0  
2  0  0  0  0  1  0  0  1  0  1  1  0  1  0  0  0  1  
3  1  1  0  0  0  1  1  0  0  0  0  0  0  1  0  1  0  
4  1  0  1  0  0  1  1  0  0  1  1  0  0  0  1  1  0  
5  0  1  0  1  1  0  0  1  0  0  1  0  1  0  1  0  0  
6  1  1  0  1  1  0  0  1  1  0  0  1  1  1  0  0  0  
7  0  0  1  0  0  1  1  0  0  0  1  1  0  0  1  0  1  
8  0  0  0  0  0  0  1  0  0  1  1  1  1  0  0  0  1  
9  1  1  1  0  1  0  0  0  1  0  0  1  1  1  1  1  1  
10  1  0  1  0  1  1  0  1  1  0  0  0  1  1  0  0  0  
11  1  0  0  0  0  0  1  1  1  1  0  0  0  1  1  1  0  
12  0  0  1  0  0  1  1  0  1  1  1  0  0  0  1  1  0  
13  1  0  0  1  0  0  1  0  0  1  1  1  0  0  1  1  1  
14  1  1  0  0  1  1  0  1  0  1  0  1  1  1  0  0  0  
15  1  0  0  1  1  0  0  0  0  1  0  1  1  1  0  0  1  
16  0  0  1  0  0  0  0  1  1  1  0  0  0  1  0  1  0  

Solution strand #17770 at tube 5: 
1 0 0 0 0 0 0 0 0 1 0 1 0 1 1 0 0 

Maximum clique of size 5: 
0 9 11 13 14 
Elapsed times: init=0.194183 s, comp=0.622526 s, total=0.816709 s
