20 vertices
Adjacency matrix:
   0  1  2  3  4  5  6  7  8  9  10  11  12  13  14  15  16  17  18  19  
0  0  1  0  0  0  1  1  1  0  1  1  0  0  1  0  1  0  0  0  0  
1  1  0  1  1  0  0  0  1  1  0  1  1  0  0  1  1  0  1  0  1  
2  0  1  0  0  1  0  1  1  1  1  1  1  0  0  1  1  1  0  1  0  
3  0  1  0  0  1  1  1  0  1  0  0  1  0  1  0  1  0  0  1  0  
4  0  0  1  1  0  0  1  1  0  1  0  1  0  0  1  1  0  0  1  1  
5  1  0  0  1  0  0  0  1  1  0  1  0  1  1  1  0  1  0  0  1  
6  1  0  1  1  1  0  0  1  0  1  1  1  0  0  0  0  0  0  0  1  
7  1  1  1  0  1  1  1  0  0  1  1  1  0  0  0  1  0  1  1  0  
8  0  1  1  1  0  1  0  0  0  1  1  0  1  0  1  1  0  0  1  1  
9  1  0  1  0  1  0  1  1  1  0  1  1  1  0  1  1  1  0  0  0  
10  1  1  1  0  0  1  1  1  1  1  0  0  0  1  0  0  1  0  1  1  
11  0  1  1  1  1  0  1  1  0  1  0  0  0  0  1  0  0  0  0  1  
12  0  0  0  0  0  1  0  0  1  1  0  0  0  0  0  1  0  0  1  1  
13  1  0  0  1  0  1  0  0  0  0  1  0  0  0  0  0  1  1  0  1  
14  0  1  1  0  1  1  0  0  1  1  0  1  0  0  0  1  1  0  1  0  
15  1  1  1  1  1  0  0  1  1  1  0  0  1  0  1  0  0  0  0  0  
16  0  0  1  0  0  1  0  0  0  1  1  0  0  1  1  0  0  0  1  0  
17  0  1  0  0  0  0  0  1  0  0  0  0  0  1  0  0  0  0  1  0  
18  0  0  1  1  1  0  0  1  1  0  1  0  1  0  1  0  1  1  0  1  
19  0  1  0  0  1  1  1  0  1  0  1  1  1  1  0  0  0  0  1  0  

Solution strand #2799 at tube 6: 
0 0 1 0 1 0 1 1 0 1 0 1 0 0 0 0 0 0 0 0 

Maximum clique of size 6: 
2 4 6 7 9 11 
Elapsed times: init=0.316618 s, comp=8.159509 s, total=8.476127 s
