15 vertices
Adjacency matrix:
   0  1  2  3  4  5  6  7  8  9  10  11  12  13  14  
0  0  0  0  1  1  0  0  1  0  1  1  0  1  1  1  
1  0  0  1  1  1  1  1  1  1  0  0  0  1  0  1  
2  0  1  0  1  1  1  0  0  1  0  0  1  0  0  1  
3  1  1  1  0  0  1  0  0  1  1  0  1  0  1  1  
4  1  1  1  0  0  0  0  0  1  1  0  1  0  1  1  
5  0  1  1  1  0  0  0  1  1  1  0  1  1  1  0  
6  0  1  0  0  0  0  0  1  1  0  0  1  0  0  0  
7  1  1  0  0  0  1  1  0  0  1  0  1  1  1  0  
8  0  1  1  1  1  1  1  0  0  0  0  0  0  1  1  
9  1  0  0  1  1  1  0  1  0  0  1  1  1  1  1  
10  1  0  0  0  0  0  0  0  0  1  0  0  1  0  0  
11  0  0  1  1  1  1  1  1  0  1  0  0  1  0  1  
12  1  1  0  0  0  1  0  1  0  1  1  1  0  1  0  
13  1  0  0  1  1  1  0  1  1  1  0  0  1  0  0  
14  1  1  1  1  1  0  0  0  1  1  0  1  0  0  0  

Solution strand #357 at tube 5: 
0 1 1 1 0 1 0 0 1 0 0 0 0 0 0 

Maximum clique of size 5: 
1 2 3 5 8 
Elapsed times: init=0.183277 s, comp=0.105200 s, total=0.288477 s
