15 vertices
Adjacency matrix:
   0  1  2  3  4  5  6  7  8  9  10  11  12  13  14  
0  0  1  1  1  0  1  0  0  1  0  0  0  0  1  1  
1  1  0  0  1  1  1  1  1  0  0  1  1  0  1  0  
2  1  0  0  0  0  0  0  1  1  1  0  0  0  1  1  
3  1  1  0  0  0  0  1  0  1  0  0  1  1  0  0  
4  0  1  0  0  0  1  1  1  1  1  0  1  1  0  0  
5  1  1  0  0  1  0  0  0  0  1  1  1  1  1  1  
6  0  1  0  1  1  0  0  1  0  0  1  1  0  1  0  
7  0  1  1  0  1  0  1  0  0  1  0  1  1  1  1  
8  1  0  1  1  1  0  0  0  0  0  1  0  1  1  1  
9  0  0  1  0  1  1  0  1  0  0  0  1  0  1  0  
10  0  1  0  0  0  1  1  0  1  0  0  0  0  0  0  
11  0  1  0  1  1  1  1  1  0  1  0  0  0  0  1  
12  0  0  0  1  1  1  0  1  1  0  0  0  0  0  0  
13  1  1  1  0  0  1  1  1  1  1  0  0  0  0  0  
14  1  0  1  0  0  1  0  1  1  0  0  1  0  0  0  

Solution strand #2342 at tube 5: 
0 1 0 0 1 0 1 1 0 0 0 1 0 0 0 

Maximum clique of size 5: 
1 4 6 7 11 
Elapsed times: init=0.183331 s, comp=0.103617 s, total=0.286948 s
