22 vertices
Adjacency matrix:
   0  1  2  3  4  5  6  7  8  9  10  11  12  13  14  15  16  17  18  19  20  21  
0  0  0  0  0  1  1  0  0  0  0  0  1  0  0  0  0  1  0  1  1  1  1  
1  0  0  0  1  1  1  0  0  0  1  1  0  1  1  1  0  1  0  1  1  0  0  
2  0  0  0  0  0  1  1  1  0  0  0  0  0  0  1  0  0  1  1  1  1  0  
3  0  1  0  0  0  1  0  1  1  0  0  1  1  1  1  1  1  1  1  0  1  1  
4  1  1  0  0  0  1  1  0  0  1  0  1  0  0  1  0  0  0  0  1  0  0  
5  1  1  1  1  1  0  1  0  1  1  0  1  1  1  0  1  0  0  1  0  1  0  
6  0  0  1  0  1  1  0  0  1  0  1  1  1  1  1  1  1  0  1  0  1  0  
7  0  0  1  1  0  0  0  0  1  0  0  0  0  1  1  1  1  0  1  1  1  1  
8  0  0  0  1  0  1  1  1  0  0  0  0  0  0  1  1  0  1  1  1  1  1  
9  0  1  0  0  1  1  0  0  0  0  0  0  1  1  1  1  1  1  1  1  1  0  
10  0  1  0  0  0  0  1  0  0  0  0  0  1  1  1  1  0  0  1  1  1  1  
11  1  0  0  1  1  1  1  0  0  0  0  0  1  1  0  0  1  1  1  1  1  0  
12  0  1  0  1  0  1  1  0  0  1  1  1  0  1  0  0  0  0  0  1  1  0  
13  0  1  0  1  0  1  1  1  0  1  1  1  1  0  0  0  1  0  0  1  0  0  
14  0  1  1  1  1  0  1  1  1  1  1  0  0  0  0  1  0  1  0  1  1  1  
15  0  0  0  1  0  1  1  1  1  1  1  0  0  0  1  0  0  1  1  1  1  1  
16  1  1  0  1  0  0  1  1  0  1  0  1  0  1  0  0  0  0  0  1  0  1  
17  0  0  1  1  0  0  0  0  1  1  0  1  0  0  1  1  0  0  0  0  1  1  
18  1  1  1  1  0  1  1  1  1  1  1  1  0  0  0  1  0  0  0  0  1  1  
19  1  1  1  0  1  0  0  1  1  1  1  1  1  1  1  1  1  0  0  0  0  1  
20  1  0  1  1  0  1  1  1  1  1  1  1  1  0  1  1  0  1  1  0  0  0  
21  1  0  0  1  0  0  0  1  1  0  1  0  0  0  1  1  1  1  1  1  0  0  

Solution strand #1058856 at tube 6: 
0 0 0 1 0 0 0 1 1 0 0 0 0 0 1 1 0 0 0 0 1 0 

Maximum clique of size 6: 
3 7 8 14 15 20 
Elapsed times: init=0.799174 s, comp=45.545785 s, total=46.344959 s
