22 vertices
Adjacency matrix:
   0  1  2  3  4  5  6  7  8  9  10  11  12  13  14  15  16  17  18  19  20  21  
0  0  1  1  1  0  0  0  1  0  0  1  1  0  0  1  0  1  0  1  1  1  1  
1  1  0  0  1  0  1  0  0  0  1  0  0  0  1  0  1  0  0  1  0  1  0  
2  1  0  0  1  0  0  0  0  1  0  0  0  1  0  1  1  0  1  0  0  1  0  
3  1  1  1  0  0  1  1  1  1  1  0  0  1  1  0  1  1  1  1  0  0  1  
4  0  0  0  0  0  0  1  0  1  0  0  0  1  0  0  1  1  0  1  1  1  0  
5  0  1  0  1  0  0  1  0  1  1  1  1  0  0  0  0  1  1  1  1  0  0  
6  0  0  0  1  1  1  0  0  1  1  0  0  1  1  0  1  0  0  1  0  1  0  
7  1  0  0  1  0  0  0  0  0  0  1  1  0  1  0  0  0  0  0  1  0  0  
8  0  0  1  1  1  1  1  0  0  1  0  0  0  0  1  1  1  1  0  1  1  0  
9  0  1  0  1  0  1  1  0  1  0  1  0  1  0  0  1  0  0  1  1  1  1  
10  1  0  0  0  0  1  0  1  0  1  0  0  0  0  1  0  0  1  1  0  1  1  
11  1  0  0  0  0  1  0  1  0  0  0  0  0  0  1  0  0  1  0  1  1  1  
12  0  0  1  1  1  0  1  0  0  1  0  0  0  1  1  0  1  1  1  0  0  1  
13  0  1  0  1  0  0  1  1  0  0  0  0  1  0  0  0  1  1  0  0  0  0  
14  1  0  1  0  0  0  0  0  1  0  1  1  1  0  0  1  0  1  1  1  0  1  
15  0  1  1  1  1  0  1  0  1  1  0  0  0  0  1  0  0  0  1  0  1  0  
16  1  0  0  1  1  1  0  0  1  0  0  0  1  1  0  0  0  0  1  0  0  1  
17  0  0  1  1  0  1  0  0  1  0  1  1  1  1  1  0  0  0  1  1  1  0  
18  1  1  0  1  1  1  1  0  0  1  1  0  1  0  1  1  1  1  0  0  0  0  
19  1  0  0  0  1  1  0  1  1  1  0  1  0  0  1  0  0  1  0  0  0  0  
20  1  1  1  0  1  0  1  0  1  1  1  1  0  0  0  1  0  1  0  0  0  1  
21  1  0  0  1  0  0  0  0  0  1  1  1  1  0  1  0  1  0  0  0  1  0  

Solution strand #745 at tube 5: 
0 0 0 1 0 1 1 0 1 1 0 0 0 0 0 0 0 0 0 0 0 0 

Maximum clique of size 5: 
3 5 6 8 9 
Elapsed times: init=0.801572 s, comp=47.069050 s, total=47.870622 s
