17 vertices
Adjacency matrix:
   0  1  2  3  4  5  6  7  8  9  10  11  12  13  14  15  16  
0  0  1  1  0  0  0  0  1  0  0  0  1  0  1  1  0  0  
1  1  0  1  0  1  0  1  1  0  0  1  1  0  0  1  1  0  
2  1  1  0  0  1  1  1  1  1  1  1  0  1  0  0  1  0  
3  0  0  0  0  0  1  0  0  0  0  0  0  0  1  0  1  0  
4  0  1  1  0  0  0  1  0  0  0  1  1  0  1  1  0  0  
5  0  0  1  1  0  0  0  0  1  1  0  1  0  1  0  1  1  
6  0  1  1  0  1  0  0  0  1  1  1  1  0  1  1  1  1  
7  1  1  1  0  0  0  0  0  0  0  1  1  0  0  0  1  0  
8  0  0  1  0  0  1  1  0  0  0  0  0  1  0  1  1  0  
9  0  0  1  0  0  1  1  0  0  0  0  1  1  1  1  1  0  
10  0  1  1  0  1  0  1  1  0  0  0  1  0  0  0  0  0  
11  1  1  0  0  1  1  1  1  0  1  1  0  1  1  1  1  1  
12  0  0  1  0  0  0  0  0  1  1  0  1  0  0  1  1  0  
13  1  0  0  1  1  1  1  0  0  1  0  1  0  0  0  0  1  
14  1  1  0  0  1  0  1  0  1  1  0  1  1  0  0  0  0  
15  0  1  1  1  0  1  1  1  1  1  0  1  1  0  0  0  1  
16  0  0  0  0  0  1  1  0  0  0  0  1  0  1  0  1  0  

Solution strand #1221 at tube 5: 
0 1 1 0 1 0 1 0 0 0 1 0 0 0 0 0 0 

Maximum clique of size 5: 
1 2 4 6 10 
Elapsed times: init=0.194280 s, comp=0.628523 s, total=0.822803 s
