16 vertices
Adjacency matrix:
   0  1  2  3  4  5  6  7  8  9  10  11  12  13  14  15  
0  0  0  0  0  0  1  0  0  0  1  1  0  0  1  1  0  
1  0  0  1  1  1  1  1  1  0  0  0  0  1  1  0  0  
2  0  1  0  0  1  1  0  1  1  0  0  1  1  1  0  1  
3  0  1  0  0  0  1  1  1  0  1  1  1  1  1  0  1  
4  0  1  1  0  0  0  1  0  0  1  1  0  0  1  0  1  
5  1  1  1  1  0  0  1  1  1  1  1  1  1  0  0  1  
6  0  1  0  1  1  1  0  1  1  0  1  1  0  1  0  1  
7  0  1  1  1  0  1  1  0  1  0  1  1  1  0  0  1  
8  0  0  1  0  0  1  1  1  0  0  0  1  0  0  0  1  
9  1  0  0  1  1  1  0  0  0  0  0  0  0  1  0  0  
10  1  0  0  1  1  1  1  1  0  0  0  1  1  1  1  1  
11  0  0  1  1  0  1  1  1  1  0  1  0  1  0  1  1  
12  0  1  1  1  0  1  0  1  0  0  1  1  0  1  0  0  
13  1  1  1  1  1  0  1  0  0  1  1  0  1  0  0  0  
14  1  0  0  0  0  0  0  0  0  0  1  1  0  0  0  1  
15  0  0  1  1  1  1  1  1  1  0  1  1  0  0  1  0  

Solution strand #38494 at tube 7: 
0 0 0 1 0 1 1 1 0 0 1 1 0 0 0 1 

Maximum clique of size 7: 
3 5 6 7 10 11 15 
Elapsed times: init=0.187378 s, comp=0.225695 s, total=0.413073 s
