18 vertices
Adjacency matrix:
   0  1  2  3  4  5  6  7  8  9  10  11  12  13  14  15  16  17  
0  0  0  1  0  0  1  1  1  0  0  0  1  1  1  0  1  0  1  
1  0  0  0  1  0  1  1  0  1  1  0  0  1  0  1  1  1  1  
2  1  0  0  1  1  0  1  1  1  0  1  1  1  0  1  1  1  1  
3  0  1  1  0  0  1  1  0  1  0  0  0  0  0  0  1  1  1  
4  0  0  1  0  0  1  0  1  1  0  0  1  1  1  1  0  0  0  
5  1  1  0  1  1  0  0  1  1  0  1  0  0  1  1  0  0  0  
6  1  1  1  1  0  0  0  1  1  1  0  1  1  0  1  0  0  0  
7  1  0  1  0  1  1  1  0  0  0  1  0  0  1  0  1  1  1  
8  0  1  1  1  1  1  1  0  0  0  0  1  1  1  0  0  0  1  
9  0  1  0  0  0  0  1  0  0  0  1  1  0  0  1  0  1  0  
10  0  0  1  0  0  1  0  1  0  1  0  0  0  0  0  0  1  1  
11  1  0  1  0  1  0  1  0  1  1  0  0  1  0  0  0  1  1  
12  1  1  1  0  1  0  1  0  1  0  0  1  0  1  0  1  1  0  
13  1  0  0  0  1  1  0  1  1  0  0  0  1  0  0  0  1  0  
14  0  1  1  0  1  1  1  0  0  1  0  0  0  0  0  1  1  1  
15  1  1  1  1  0  0  0  1  0  0  0  0  1  0  1  0  0  0  
16  0  1  1  1  0  0  0  1  0  1  1  1  1  1  1  0  0  0  
17  1  1  1  1  0  0  0  1  1  0  1  1  0  0  1  0  0  0  

Solution strand #4746 at tube 5: 
1 0 1 0 0 0 1 0 0 0 0 1 1 0 0 0 0 0 

Maximum clique of size 5: 
0 2 6 11 12 
Elapsed times: init=0.210374 s, comp=1.561390 s, total=1.771764 s
