23 vertices
Adjacency matrix:
   0  1  2  3  4  5  6  7  8  9  10  11  12  13  14  15  16  17  18  19  20  21  22  
0  0  1  0  1  1  0  0  0  1  1  0  0  0  0  0  0  0  1  1  0  0  1  1  
1  1  0  0  1  1  1  0  0  0  1  1  1  1  0  1  0  1  1  0  0  1  1  1  
2  0  0  0  1  0  0  1  0  1  0  0  1  0  0  1  1  0  1  1  1  0  0  0  
3  1  1  1  0  0  1  1  0  0  1  0  0  1  0  1  0  1  1  0  0  0  0  1  
4  1  1  0  0  0  0  0  1  1  0  1  1  1  1  0  1  1  1  1  1  0  1  1  
5  0  1  0  1  0  0  1  1  1  0  0  1  0  0  0  1  0  0  1  1  0  1  1  
6  0  0  1  1  0  1  0  1  1  1  1  1  0  1  0  0  1  0  0  0  1  0  1  
7  0  0  0  0  1  1  1  0  0  1  0  0  1  1  1  1  0  1  0  1  1  1  1  
8  1  0  1  0  1  1  1  0  0  1  0  1  0  0  1  0  0  0  0  0  1  0  0  
9  1  1  0  1  0  0  1  1  1  0  0  1  1  1  1  0  0  0  1  0  0  1  0  
10  0  1  0  0  1  0  1  0  0  0  0  1  0  1  0  0  1  0  1  1  1  1  0  
11  0  1  1  0  1  1  1  0  1  1  1  0  1  1  0  0  0  0  1  1  0  1  0  
12  0  1  0  1  1  0  0  1  0  1  0  1  0  1  1  1  0  1  0  0  0  0  1  
13  0  0  0  0  1  0  1  1  0  1  1  1  1  0  0  1  1  1  0  0  0  1  0  
14  0  1  1  1  0  0  0  1  1  1  0  0  1  0  0  1  0  0  1  1  1  0  0  
15  0  0  1  0  1  1  0  1  0  0  0  0  1  1  1  0  0  1  0  1  1  1  1  
16  0  1  0  1  1  0  1  0  0  0  1  0  0  1  0  0  0  1  1  1  0  1  1  
17  1  1  1  1  1  0  0  1  0  0  0  0  1  1  0  1  1  0  1  1  1  1  1  
18  1  0  1  0  1  1  0  0  0  1  1  1  0  0  1  0  1  1  0  1  1  1  0  
19  0  0  1  0  1  1  0  1  0  0  1  1  0  0  1  1  1  1  1  0  1  0  1  
20  0  1  0  0  0  0  1  1  1  0  1  0  0  0  1  1  0  1  1  1  0  1  0  
21  1  1  0  0  1  1  0  1  0  1  1  1  0  1  0  1  1  1  1  0  1  0  1  
22  1  1  0  1  1  1  1  1  0  0  0  0  1  0  0  1  1  1  0  1  0  1  0  

Solution strand #138249 at tube 6: 
0 0 0 0 1 0 0 1 0 0 0 0 1 1 0 1 0 1 0 0 0 0 0 

Maximum clique of size 6: 
4 7 12 13 15 17 
Elapsed times: init=1.511760 s, comp=114.450112 s, total=115.961872 s
