15 vertices
Adjacency matrix:
   0  1  2  3  4  5  6  7  8  9  10  11  12  13  14  
0  0  1  1  0  0  0  0  0  1  1  1  0  0  1  1  
1  1  0  1  0  0  1  0  1  1  1  1  0  0  1  1  
2  1  1  0  1  1  0  1  0  1  1  0  1  0  0  0  
3  0  0  1  0  1  0  1  1  0  0  0  1  1  0  1  
4  0  0  1  1  0  0  0  1  1  0  1  0  0  1  0  
5  0  1  0  0  0  0  1  0  1  1  1  0  1  1  1  
6  0  0  1  1  0  1  0  0  1  1  0  0  0  0  1  
7  0  1  0  1  1  0  0  0  0  1  0  0  0  1  1  
8  1  1  1  0  1  1  1  0  0  0  0  0  0  1  0  
9  1  1  1  0  0  1  1  1  0  0  1  0  1  0  0  
10  1  1  0  0  1  1  0  0  0  1  0  1  1  1  1  
11  0  0  1  1  0  0  0  0  0  0  1  0  0  0  1  
12  0  0  0  1  0  1  0  0  0  1  1  0  0  1  0  
13  1  1  0  0  1  1  0  1  1  0  1  0  1  0  1  
14  1  1  0  1  0  1  1  1  0  0  1  1  0  1  0  

Solution strand #17689 at tube 5: 
1 1 0 0 0 0 0 0 0 0 1 0 0 1 1 

Maximum clique of size 5: 
0 1 10 13 14 
Elapsed times: init=0.199681 s, comp=0.103858 s, total=0.303539 s
