18 vertices
Adjacency matrix:
   0  1  2  3  4  5  6  7  8  9  10  11  12  13  14  15  16  17  
0  0  0  1  1  1  0  0  0  1  0  0  0  0  1  0  1  0  0  
1  0  0  1  1  0  0  0  1  0  1  0  0  0  0  1  1  0  0  
2  1  1  0  0  0  0  0  0  0  0  0  1  1  1  0  0  0  0  
3  1  1  0  0  0  0  1  1  1  0  0  0  0  0  1  0  1  0  
4  1  0  0  0  0  1  0  1  0  0  0  0  1  0  0  1  0  1  
5  0  0  0  0  1  0  0  1  0  1  0  0  0  0  1  1  0  0  
6  0  0  0  1  0  0  0  0  0  1  1  0  0  1  1  0  0  0  
7  0  1  0  1  1  1  0  0  1  1  0  1  1  0  0  0  0  1  
8  1  0  0  1  0  0  0  1  0  1  0  1  0  0  1  0  0  1  
9  0  1  0  0  0  1  1  1  1  0  1  0  0  0  0  0  1  0  
10  0  0  0  0  0  0  1  0  0  1  0  0  0  1  0  0  0  1  
11  0  0  1  0  0  0  0  1  1  0  0  0  0  0  0  1  0  1  
12  0  0  1  0  1  0  0  1  0  0  0  0  0  1  1  1  0  1  
13  1  0  1  0  0  0  1  0  0  0  1  0  1  0  1  0  1  1  
14  0  1  0  1  0  1  1  0  1  0  0  0  1  1  0  1  1  1  
15  1  1  0  0  1  1  0  0  0  0  0  1  1  0  1  0  1  1  
16  0  0  0  1  0  0  0  0  0  1  0  0  0  1  1  1  0  1  
17  0  0  0  0  1  0  0  1  1  0  1  1  1  1  1  1  1  0  

Solution strand #131426 at tube 4: 
0 0 0 0 0 0 0 1 1 0 0 1 0 0 0 0 0 1 

Maximum clique of size 4: 
7 8 11 17 
Elapsed times: init=0.209778 s, comp=1.614533 s, total=1.824311 s
