23 vertices
Adjacency matrix:
   0  1  2  3  4  5  6  7  8  9  10  11  12  13  14  15  16  17  18  19  20  21  22  
0  0  0  0  0  1  0  0  0  1  0  1  1  0  1  0  0  1  0  1  0  0  1  0  
1  0  0  1  1  0  0  1  0  0  0  1  0  0  0  1  0  1  1  1  0  0  1  1  
2  0  1  0  1  1  0  1  1  1  1  0  1  0  0  1  1  0  0  0  1  0  1  1  
3  0  1  1  0  0  1  0  0  1  0  1  0  1  0  1  1  0  1  1  1  1  1  1  
4  1  0  1  0  0  1  1  0  0  0  1  1  1  0  0  0  1  0  1  0  0  1  1  
5  0  0  0  1  1  0  0  0  0  0  0  1  0  0  1  0  0  0  1  1  1  1  0  
6  0  1  1  0  1  0  0  1  1  0  1  0  1  0  0  1  0  1  1  1  0  1  1  
7  0  0  1  0  0  0  1  0  0  0  1  1  0  1  0  1  0  1  1  1  0  1  1  
8  1  0  1  1  0  0  1  0  0  0  0  0  0  1  1  0  1  1  0  1  0  1  1  
9  0  0  1  0  0  0  0  0  0  0  0  0  1  0  0  1  1  1  0  0  1  1  1  
10  1  1  0  1  1  0  1  1  0  0  0  1  1  0  0  1  1  0  0  0  1  1  1  
11  1  0  1  0  1  1  0  1  0  0  1  0  1  0  1  1  0  0  1  1  0  1  1  
12  0  0  0  1  1  0  1  0  0  1  1  1  0  0  0  0  0  1  1  1  1  0  1  
13  1  0  0  0  0  0  0  1  1  0  0  0  0  0  1  0  0  1  1  1  1  1  0  
14  0  1  1  1  0  1  0  0  1  0  0  1  0  1  0  1  1  1  1  1  1  0  0  
15  0  0  1  1  0  0  1  1  0  1  1  1  0  0  1  0  1  0  0  0  1  1  0  
16  1  1  0  0  1  0  0  0  1  1  1  0  0  0  1  1  0  0  0  0  0  0  1  
17  0  1  0  1  0  0  1  1  1  1  0  0  1  1  1  0  0  0  0  1  1  0  0  
18  1  1  0  1  1  1  1  1  0  0  0  1  1  1  1  0  0  0  0  1  1  1  1  
19  0  0  1  1  0  1  1  1  1  0  0  1  1  1  1  0  0  1  1  0  0  0  1  
20  0  0  0  1  0  1  0  0  0  1  1  0  1  1  1  1  0  1  1  0  0  1  0  
21  1  1  1  1  1  1  1  1  1  1  1  1  0  1  0  1  0  0  1  0  1  0  0  
22  0  1  1  1  1  0  1  1  1  1  1  1  1  0  0  0  1  0  1  1  0  0  0  

Solution strand #526510 at tube 5: 
0 0 1 1 0 0 0 0 1 0 0 0 0 0 1 0 0 0 0 1 0 0 0 

Maximum clique of size 5: 
2 3 8 14 19 
Elapsed times: init=1.513515 s, comp=119.751132 s, total=121.264647 s
