17 vertices
Adjacency matrix:
   0  1  2  3  4  5  6  7  8  9  10  11  12  13  14  15  16  
0  0  1  0  0  0  1  0  0  0  0  0  0  1  1  0  0  0  
1  1  0  1  0  0  0  0  0  1  1  1  0  1  0  0  1  1  
2  0  1  0  0  1  0  1  0  1  0  1  0  0  1  0  0  0  
3  0  0  0  0  1  0  1  1  1  1  1  0  1  1  0  0  0  
4  0  0  1  1  0  1  0  1  0  1  1  0  1  0  0  1  1  
5  1  0  0  0  1  0  1  0  0  0  0  0  1  1  0  1  1  
6  0  0  1  1  0  1  0  0  0  1  0  0  0  1  1  0  0  
7  0  0  0  1  1  0  0  0  1  0  1  1  0  1  0  0  0  
8  0  1  1  1  0  0  0  1  0  0  1  1  1  0  0  0  0  
9  0  1  0  1  1  0  1  0  0  0  1  1  1  0  1  1  0  
10  0  1  1  1  1  0  0  1  1  1  0  1  0  1  0  1  0  
11  0  0  0  0  0  0  0  1  1  1  1  0  1  1  1  0  1  
12  1  1  0  1  1  1  0  0  1  1  0  1  0  0  0  0  0  
13  1  0  1  1  0  1  1  1  0  0  1  1  0  0  0  0  0  
14  0  0  0  0  0  0  1  0  0  1  0  1  0  0  0  1  0  
15  0  1  0  0  1  1  0  0  0  1  1  0  0  0  1  0  0  
16  0  1  0  0  1  1  0  0  0  0  0  1  0  0  0  0  0  

Solution strand #1124 at tube 4: 
0 0 0 1 1 0 0 1 0 0 1 0 0 0 0 0 0 

Maximum clique of size 4: 
3 4 7 10 
Elapsed times: init=0.193679 s, comp=0.662361 s, total=0.856040 s
