22 vertices
Adjacency matrix:
   0  1  2  3  4  5  6  7  8  9  10  11  12  13  14  15  16  17  18  19  20  21  
0  0  1  0  1  0  1  1  1  1  1  1  1  0  0  0  0  1  1  0  0  1  1  
1  1  0  1  0  1  0  1  0  1  0  0  1  0  1  1  1  0  0  0  1  1  0  
2  0  1  0  0  0  0  0  1  0  1  0  1  0  0  1  0  1  1  0  1  1  0  
3  1  0  0  0  1  1  0  1  1  1  0  1  0  1  1  1  0  1  1  1  0  0  
4  0  1  0  1  0  0  0  1  0  0  1  1  0  1  0  0  1  0  0  1  1  1  
5  1  0  0  1  0  0  1  0  0  1  0  0  1  1  0  1  0  0  1  1  0  0  
6  1  1  0  0  0  1  0  1  1  0  1  1  1  0  0  1  0  1  1  0  0  0  
7  1  0  1  1  1  0  1  0  1  1  0  0  0  0  1  1  0  0  1  0  1  0  
8  1  1  0  1  0  0  1  1  0  0  1  0  1  0  1  0  0  0  1  1  1  1  
9  1  0  1  1  0  1  0  1  0  0  0  0  1  0  0  1  1  1  0  0  1  1  
10  1  0  0  0  1  0  1  0  1  0  0  1  0  0  0  0  0  1  1  1  0  1  
11  1  1  1  1  1  0  1  0  0  0  1  0  1  0  0  1  0  1  1  0  0  0  
12  0  0  0  0  0  1  1  0  1  1  0  1  0  1  0  0  0  0  0  0  1  1  
13  0  1  0  1  1  1  0  0  0  0  0  0  1  0  1  1  0  0  1  0  1  1  
14  0  1  1  1  0  0  0  1  1  0  0  0  0  1  0  0  0  1  0  1  0  0  
15  0  1  0  1  0  1  1  1  0  1  0  1  0  1  0  0  1  1  0  0  1  1  
16  1  0  1  0  1  0  0  0  0  1  0  0  0  0  0  1  0  0  0  0  0  0  
17  1  0  1  1  0  0  1  0  0  1  1  1  0  0  1  1  0  0  1  1  1  1  
18  0  0  0  1  0  1  1  1  1  0  1  1  0  1  0  0  0  1  0  0  0  0  
19  0  1  1  1  1  1  0  0  1  0  1  0  0  0  1  0  0  1  0  0  0  0  
20  1  1  1  0  1  0  0  1  1  1  0  0  1  1  0  1  0  1  0  0  0  0  
21  1  0  0  0  1  0  0  0  1  1  1  0  1  1  0  1  0  1  0  0  0  0  

Solution strand #132371 at tube 5: 
1 0 0 0 0 0 1 0 0 0 1 1 0 0 0 0 0 1 0 0 0 0 

Maximum clique of size 5: 
0 6 10 11 17 
Elapsed times: init=0.797252 s, comp=47.287405 s, total=48.084657 s
