15 vertices
Adjacency matrix:
   0  1  2  3  4  5  6  7  8  9  10  11  12  13  14  
0  0  0  1  1  1  1  1  1  0  1  0  1  0  0  1  
1  0  0  0  1  1  1  0  1  0  1  0  1  0  0  0  
2  1  0  0  1  0  1  1  1  1  1  0  1  0  0  1  
3  1  1  1  0  0  1  1  0  1  1  1  1  1  0  0  
4  1  1  0  0  0  1  0  0  0  0  0  1  1  0  1  
5  1  1  1  1  1  0  0  0  0  1  0  0  1  1  1  
6  1  0  1  1  0  0  0  0  0  0  0  0  0  1  0  
7  1  1  1  0  0  0  0  0  0  1  1  0  1  1  1  
8  0  0  1  1  0  0  0  0  0  1  0  1  1  0  0  
9  1  1  1  1  0  1  0  1  1  0  1  1  0  1  1  
10  0  0  0  1  0  0  0  1  0  1  0  0  0  0  0  
11  1  1  1  1  1  0  0  0  1  1  0  0  1  1  0  
12  0  0  0  1  1  1  0  1  1  0  0  1  0  1  1  
13  0  0  0  0  0  1  1  1  0  1  0  1  1  0  1  
14  1  0  1  0  1  1  0  1  0  1  0  0  1  1  0  

Solution strand #649 at tube 5: 
1 0 1 1 0 1 0 0 0 1 0 0 0 0 0 

Maximum clique of size 5: 
0 2 3 5 9 
Elapsed times: init=0.184545 s, comp=0.104734 s, total=0.289279 s
