17 vertices
Adjacency matrix:
   0  1  2  3  4  5  6  7  8  9  10  11  12  13  14  15  16  
0  0  1  0  1  1  1  1  0  1  1  0  0  0  0  0  0  0  
1  1  0  1  0  0  1  1  1  0  0  0  1  1  0  1  0  0  
2  0  1  0  1  0  0  1  0  0  0  1  0  1  0  0  1  0  
3  1  0  1  0  1  1  1  0  1  1  1  0  0  1  0  1  1  
4  1  0  0  1  0  1  0  0  1  0  1  1  0  1  0  0  1  
5  1  1  0  1  1  0  0  1  1  1  0  0  0  1  0  0  1  
6  1  1  1  1  0  0  0  1  1  0  0  1  0  0  1  0  1  
7  0  1  0  0  0  1  1  0  1  0  1  0  1  1  1  0  1  
8  1  0  0  1  1  1  1  1  0  1  1  1  1  0  1  0  0  
9  1  0  0  1  0  1  0  0  1  0  0  0  1  1  0  1  0  
10  0  0  1  1  1  0  0  1  1  0  0  1  0  0  1  1  1  
11  0  1  0  0  1  0  1  0  1  0  1  0  0  1  1  0  0  
12  0  1  1  0  0  0  0  1  1  1  0  0  0  0  1  0  0  
13  0  0  0  1  1  1  0  1  0  1  0  1  0  0  1  0  1  
14  0  1  0  0  0  0  1  1  1  0  1  1  1  1  0  0  1  
15  0  0  1  1  0  0  0  0  0  1  1  0  0  0  0  0  1  
16  0  0  0  1  1  1  1  1  0  0  1  0  0  1  1  1  0  

Solution strand #361 at tube 5: 
1 0 0 1 1 1 0 0 1 0 0 0 0 0 0 0 0 

Maximum clique of size 5: 
0 3 4 5 8 
Elapsed times: init=0.194491 s, comp=0.628459 s, total=0.822950 s
