18 vertices
Adjacency matrix:
   0  1  2  3  4  5  6  7  8  9  10  11  12  13  14  15  16  17  
0  0  0  1  0  0  0  1  0  1  0  0  1  0  1  0  1  1  1  
1  0  0  0  1  1  1  1  1  1  0  0  0  1  1  0  1  0  1  
2  1  0  0  0  0  0  0  0  1  1  1  0  1  0  1  1  1  1  
3  0  1  0  0  1  1  0  0  1  1  0  1  1  1  1  0  1  1  
4  0  1  0  1  0  0  0  1  0  1  1  1  0  1  1  0  1  1  
5  0  1  0  1  0  0  0  0  0  0  0  0  1  1  0  0  1  1  
6  1  1  0  0  0  0  0  0  1  0  0  1  1  1  1  1  0  1  
7  0  1  0  0  1  0  0  0  0  1  1  0  0  0  1  1  0  1  
8  1  1  1  1  0  0  1  0  0  0  1  0  0  0  1  1  1  1  
9  0  0  1  1  1  0  0  1  0  0  0  1  0  1  0  1  0  1  
10  0  0  1  0  1  0  0  1  1  0  0  1  1  1  0  1  0  1  
11  1  0  0  1  1  0  1  0  0  1  1  0  1  0  1  1  0  0  
12  0  1  1  1  0  1  1  0  0  0  1  1  0  0  1  0  1  0  
13  1  1  0  1  1  1  1  0  0  1  1  0  0  0  1  0  0  0  
14  0  0  1  1  1  0  1  1  1  0  0  1  1  1  0  0  0  1  
15  1  1  1  0  0  0  1  1  1  1  1  1  0  0  0  0  0  1  
16  1  0  1  1  1  1  0  0  1  0  0  0  1  0  0  0  0  0  
17  1  1  1  1  1  1  1  1  1  1  1  0  0  0  1  1  0  0  

Solution strand #133328 at tube 5: 
1 0 1 0 0 0 0 0 1 0 0 0 0 0 0 1 0 1 

Maximum clique of size 5: 
0 2 8 15 17 
Elapsed times: init=0.209694 s, comp=1.559855 s, total=1.769549 s
