24 vertices
Adjacency matrix:
   0  1  2  3  4  5  6  7  8  9  10  11  12  13  14  15  16  17  18  19  20  21  22  23  
0  0  1  0  0  1  0  0  0  0  0  0  0  0  1  0  1  0  0  1  0  0  0  0  0  
1  1  0  1  1  0  1  0  1  1  1  0  1  1  0  1  0  1  0  1  0  1  1  0  0  
2  0  1  0  1  1  1  1  1  1  1  1  0  0  1  1  1  0  0  1  0  1  1  0  1  
3  0  1  1  0  1  0  0  0  1  1  1  1  0  1  1  1  1  1  0  1  1  0  0  1  
4  1  0  1  1  0  0  1  1  1  1  0  0  1  1  0  1  1  0  1  1  0  0  1  0  
5  0  1  1  0  0  0  0  1  1  0  0  1  0  1  0  0  1  1  1  0  0  0  1  0  
6  0  0  1  0  1  0  0  0  1  0  0  1  1  0  0  0  1  0  0  0  0  0  0  1  
7  0  1  1  0  1  1  0  0  0  0  0  0  1  1  1  1  1  0  1  0  1  0  1  1  
8  0  1  1  1  1  1  1  0  0  1  1  1  0  0  0  0  1  0  1  1  1  1  1  0  
9  0  1  1  1  1  0  0  0  1  0  0  1  1  1  1  1  1  1  0  1  0  1  1  1  
10  0  0  1  1  0  0  0  0  1  0  0  0  0  1  1  1  1  0  1  1  1  0  1  1  
11  0  1  0  1  0  1  1  0  1  1  0  0  0  0  1  1  0  0  1  0  1  1  0  0  
12  0  1  0  0  1  0  1  1  0  1  0  0  0  0  0  0  1  0  0  1  0  1  1  1  
13  1  0  1  1  1  1  0  1  0  1  1  0  0  0  0  1  0  0  0  0  0  1  1  0  
14  0  1  1  1  0  0  0  1  0  1  1  1  0  0  0  0  0  1  0  0  1  0  1  1  
15  1  0  1  1  1  0  0  1  0  1  1  1  0  1  0  0  1  0  0  1  1  0  0  1  
16  0  1  0  1  1  1  1  1  1  1  1  0  1  0  0  1  0  1  1  0  0  0  1  1  
17  0  0  0  1  0  1  0  0  0  1  0  0  0  0  1  0  1  0  0  0  0  1  0  0  
18  1  1  1  0  1  1  0  1  1  0  1  1  0  0  0  0  1  0  0  1  0  1  1  0  
19  0  0  0  1  1  0  0  0  1  1  1  0  1  0  0  1  0  0  1  0  0  1  0  0  
20  0  1  1  1  0  0  0  1  1  0  1  1  0  0  1  1  0  0  0  0  0  1  0  1  
21  0  1  1  0  0  0  0  0  1  1  0  1  1  1  0  0  0  1  1  1  1  0  0  0  
22  0  0  0  0  1  1  0  1  1  1  1  0  1  1  1  0  1  0  1  0  0  0  0  0  
23  0  0  1  1  0  0  1  1  0  1  1  0  1  0  1  1  1  0  0  0  1  0  0  0  

Solution strand #36131 at tube 6: 
0 0 1 1 1 0 0 0 0 1 0 0 0 1 0 1 0 0 0 0 0 0 0 0 

Maximum clique of size 6: 
2 3 4 9 13 15 
Elapsed times: init=3.017915 s, comp=282.552605 s, total=285.570520 s
