21 vertices
Adjacency matrix:
   0  1  2  3  4  5  6  7  8  9  10  11  12  13  14  15  16  17  18  19  20  
0  0  0  0  0  1  0  1  0  0  1  1  1  0  0  0  1  0  1  1  1  1  
1  0  0  0  1  0  0  0  1  1  1  0  0  0  1  0  0  0  0  1  1  0  
2  0  0  0  1  0  0  0  0  1  0  0  0  1  1  0  1  0  1  1  1  1  
3  0  1  1  0  0  0  1  1  1  0  0  0  0  0  1  1  1  0  0  0  0  
4  1  0  0  0  0  1  1  0  0  1  1  0  0  0  1  1  1  0  0  1  1  
5  0  0  0  0  1  0  0  0  1  1  1  0  1  0  1  0  1  1  1  0  1  
6  1  0  0  1  1  0  0  0  0  1  0  1  0  1  1  1  0  1  0  0  0  
7  0  1  0  1  0  0  0  0  1  0  0  0  0  1  0  1  0  0  1  0  1  
8  0  1  1  1  0  1  0  1  0  1  0  0  0  1  1  0  0  1  1  1  0  
9  1  1  0  0  1  1  1  0  1  0  1  1  1  0  0  0  0  1  0  0  1  
10  1  0  0  0  1  1  0  0  0  1  0  0  1  1  0  0  1  1  0  0  1  
11  1  0  0  0  0  0  1  0  0  1  0  0  1  1  1  1  1  1  1  0  1  
12  0  0  1  0  0  1  0  0  0  1  1  1  0  1  1  1  1  1  0  1  1  
13  0  1  1  0  0  0  1  1  1  0  1  1  1  0  0  1  1  0  1  1  1  
14  0  0  0  1  1  1  1  0  1  0  0  1  1  0  0  1  1  1  0  0  0  
15  1  0  1  1  1  0  1  1  0  0  0  1  1  1  1  0  0  0  0  0  0  
16  0  0  0  1  1  1  0  0  0  0  1  1  1  1  1  0  0  1  1  0  0  
17  1  0  1  0  0  1  1  0  1  1  1  1  1  0  1  0  1  0  0  0  0  
18  1  1  1  0  0  1  0  1  1  0  0  1  0  1  0  0  1  0  0  0  1  
19  1  1  1  0  1  0  0  0  1  0  0  0  1  1  0  0  0  0  0  0  1  
20  1  0  1  0  1  1  0  1  0  1  1  1  1  1  0  0  0  0  1  1  0  

Solution strand #132335 at tube 5: 
1 0 0 0 0 0 1 0 0 1 0 1 0 0 0 0 0 1 0 0 0 

Maximum clique of size 5: 
0 6 9 11 17 
Elapsed times: init=0.470078 s, comp=20.291387 s, total=20.761465 s
