16 vertices
Adjacency matrix:
   0  1  2  3  4  5  6  7  8  9  10  11  12  13  14  15  
0  0  1  1  0  0  0  0  0  1  1  1  0  0  1  0  0  
1  1  0  1  0  1  1  0  0  1  0  0  1  0  1  1  0  
2  1  1  0  1  0  0  1  0  1  0  0  1  1  0  0  1  
3  0  0  1  0  1  1  0  0  1  0  1  1  1  0  0  0  
4  0  1  0  1  0  0  0  1  0  0  1  1  0  0  0  0  
5  0  1  0  1  0  0  1  0  1  0  0  1  0  1  1  1  
6  0  0  1  0  0  1  0  1  0  1  1  1  0  0  0  0  
7  0  0  0  0  1  0  1  0  0  1  1  1  1  1  0  1  
8  1  1  1  1  0  1  0  0  0  0  1  0  0  0  1  1  
9  1  0  0  0  0  0  1  1  0  0  0  0  0  0  1  0  
10  1  0  0  1  1  0  1  1  1  0  0  0  0  0  1  0  
11  0  1  1  1  1  1  1  1  0  0  0  0  1  0  0  1  
12  0  0  1  1  0  0  0  1  0  0  0  1  0  0  0  0  
13  1  1  0  0  0  1  0  1  0  0  0  0  0  0  1  0  
14  0  1  0  0  0  1  0  0  1  1  1  0  0  1  0  1  
15  0  0  1  0  0  1  0  1  1  0  0  1  0  0  1  0  

Solution strand #293 at tube 4: 
1 1 1 0 0 0 0 0 1 0 0 0 0 0 0 0 

Maximum clique of size 4: 
0 1 2 8 
Elapsed times: init=0.186779 s, comp=0.274042 s, total=0.460821 s
