22 vertices
Adjacency matrix:
   0  1  2  3  4  5  6  7  8  9  10  11  12  13  14  15  16  17  18  19  20  21  
0  0  1  1  1  0  0  1  1  1  0  0  1  0  0  0  1  1  1  1  1  0  1  
1  1  0  1  1  0  0  0  1  1  1  1  0  0  1  0  0  0  0  1  0  0  1  
2  1  1  0  1  0  1  1  1  0  0  0  0  0  1  0  1  0  0  0  0  0  1  
3  1  1  1  0  0  0  1  1  0  0  0  0  1  0  0  0  0  1  0  0  0  1  
4  0  0  0  0  0  1  0  1  0  1  0  1  1  1  0  1  0  0  0  0  1  1  
5  0  0  1  0  1  0  1  1  0  1  1  1  0  1  0  1  0  1  1  0  0  0  
6  1  0  1  1  0  1  0  0  0  1  1  1  1  0  1  0  0  1  0  1  1  1  
7  1  1  1  1  1  1  0  0  0  1  0  0  1  0  0  0  1  0  1  0  0  1  
8  1  1  0  0  0  0  0  0  0  1  0  1  0  0  1  0  1  1  0  1  1  1  
9  0  1  0  0  1  1  1  1  1  0  1  1  1  1  1  0  1  0  0  1  1  1  
10  0  1  0  0  0  1  1  0  0  1  0  0  1  0  1  1  1  0  1  1  0  0  
11  1  0  0  0  1  1  1  0  1  1  0  0  0  0  1  0  1  0  1  0  0  1  
12  0  0  0  1  1  0  1  1  0  1  1  0  0  1  0  1  0  0  1  0  1  0  
13  0  1  1  0  1  1  0  0  0  1  0  0  1  0  1  1  0  0  1  1  1  1  
14  0  0  0  0  0  0  1  0  1  1  1  1  0  1  0  0  0  0  1  1  0  1  
15  1  0  1  0  1  1  0  0  0  0  1  0  1  1  0  0  1  1  0  0  0  0  
16  1  0  0  0  0  0  0  1  1  1  1  1  0  0  0  1  0  0  1  0  0  0  
17  1  0  0  1  0  1  1  0  1  0  0  0  0  0  0  1  0  0  1  0  0  1  
18  1  1  0  0  0  1  0  1  0  0  1  1  1  1  1  0  1  1  0  0  0  1  
19  1  0  0  0  0  0  1  0  1  1  1  0  0  1  1  0  0  0  0  0  1  1  
20  0  0  0  0  1  0  1  0  1  1  0  0  1  1  0  0  0  0  0  1  0  1  
21  1  1  1  1  1  0  1  1  1  1  0  1  0  1  1  0  0  1  1  1  1  0  

Solution strand #2104720 at tube 6: 
1 1 1 1 0 0 0 1 0 0 0 0 0 0 0 0 0 0 0 0 0 1 

Maximum clique of size 6: 
0 1 2 3 7 21 
Elapsed times: init=0.801510 s, comp=44.846041 s, total=45.647551 s
