21 sets, 15 types of elements
Sets:
0 {11, 13, 6, 12, 14}
1 {12, 0, 5, 10}
2 {7}
3 {2, 1, 5, 14, 13, 3}
4 {9}
5 {4}
6 {14}
7 {3}
8 {4, 0, 13, 3, 8, 14, 2, 9}
9 {8, 1, 13}
10 {2}
11 {10, 5}
12 {5, 8, 1, 4, 11, 7, 3, 12, 9}
13 {4, 14, 6, 12}
14 {2, 0, 3, 1, 11, 10, 13, 8}
15 {6}
16 {10, 12}
17 {1, 9, 14, 2, 12, 3, 8, 6}
18 {4}
19 {3, 2, 4, 8, 12, 7, 9, 10, 0}
20 {4, 6, 14, 7, 9}

Solution strand #24128 at tube 3: 
0 0 0 0 0 0 0 0 0 0 0 0 1 1 1 0 0 0 0 0 0 1 1 1 1 1 1 1 1 1 1 1 1 1 1 1 

Minimum set cover: 
12 {5, 8, 1, 4, 11, 7, 3, 12, 9}
13 {4, 14, 6, 12}
14 {2, 0, 3, 1, 11, 10, 13, 8}

Elapsed times: init=1.751361 s, comp=0.002425 s, total=1.753786 s, t2=0.000482 s, t3=0.000117 s, t4=0.001826 s
