24 sets, 15 types of elements
Sets:
0 {2, 5, 3, 12}
1 {12}
2 {12, 13, 3}
3 {10, 1, 11, 14}
4 {2, 14, 8, 5, 13, 11}
5 {12}
6 {11}
7 {7, 5, 11, 1, 13, 12, 9}
8 {4, 7, 5, 11, 14}
9 {11}
10 {4}
11 {11, 9}
12 {11}
13 {0, 4, 3, 5, 7, 10, 9}
14 {5, 11, 0}
15 {10, 14, 12, 8}
16 {9}
17 {11, 4, 6, 14, 7}
18 {10, 1}
19 {4}
20 {1, 9, 4, 12}
21 {8, 13, 11, 6, 1, 3}
22 {11}
23 {12}

Solution strand #140880 at tube 4: 
0 0 0 0 1 0 0 1 0 0 0 0 0 1 0 0 0 1 0 0 0 0 0 0 1 1 1 1 1 1 1 1 1 1 1 1 1 1 1 

Minimum set cover: 
4 {2, 14, 8, 5, 13, 11}
7 {7, 5, 11, 1, 13, 12, 9}
13 {0, 4, 3, 5, 7, 10, 9}
17 {11, 4, 6, 14, 7}

Elapsed times: init=1.920835 s, comp=0.003285 s, total=1.924120 s, t2=0.000520 s, t3=0.000128 s, t4=0.002637 s
