23 sets, 15 types of elements
Sets:
0 {6, 2, 0}
1 {6, 0, 7}
2 {1}
3 {5, 4, 1, 11, 9}
4 {11, 4}
5 {9, 8, 10}
6 {14}
7 {2, 13, 3}
8 {12, 14, 2}
9 {0, 4, 11, 10}
10 {2}
11 {4, 10, 1, 5}
12 {8}
13 {3, 11}
14 {4}
15 {6}
16 {7, 3, 5}
17 {7, 1, 13, 14, 8}
18 {9, 11, 3, 12}
19 {8, 13, 12, 14, 0, 11}
20 {12, 10, 1, 13}
21 {8, 6, 2, 11}
22 {1, 0, 11, 10, 6, 8, 3}

Solution strand #413409 at tube 4: 
1 0 0 0 0 0 0 0 0 0 0 1 0 0 0 0 0 1 1 0 0 0 0 1 1 1 1 1 1 1 1 1 1 1 1 1 1 1 

Minimum set cover: 
0 {6, 2, 0}
11 {4, 10, 1, 5}
17 {7, 1, 13, 14, 8}
18 {9, 11, 3, 12}

Elapsed times: init=1.805449 s, comp=0.002915 s, total=1.808364 s, t2=0.000484 s, t3=0.000122 s, t4=0.002309 s
