25 sets, 15 types of elements
Sets:
0 {5, 12}
1 {4, 8, 12, 1}
2 {0, 10}
3 {13, 4}
4 {12}
5 {6, 4, 1, 12, 3, 9}
6 {7, 6, 0, 2}
7 {7, 10, 13, 0, 11}
8 {0}
9 {5}
10 {5, 1, 0, 13}
11 {0, 7, 8}
12 {9}
13 {1}
14 {1, 6, 9, 14, 7, 4, 10}
15 {7}
16 {4, 0, 9, 2, 1, 8, 13, 14}
17 {4, 9}
18 {5, 2, 6, 8, 10, 13, 12}
19 {11}
20 {2, 12, 1, 7}
21 {2, 10, 12, 8}
22 {6}
23 {0, 5}
24 {8, 4, 10}

Solution strand #67777 at tube 4: 
1 0 0 0 0 1 0 1 0 0 0 0 0 0 0 0 1 0 0 0 0 0 0 0 0 1 1 1 1 1 1 1 1 1 1 1 1 1 1 1 

Minimum set cover: 
0 {5, 12}
5 {6, 4, 1, 12, 3, 9}
7 {7, 10, 13, 0, 11}
16 {4, 0, 9, 2, 1, 8, 13, 14}

Elapsed times: init=1.977954 s, comp=0.003242 s, total=1.981196 s, t2=0.000507 s, t3=0.000118 s, t4=0.002617 s
