25 sets, 15 types of elements
Sets:
0 {0, 8, 12, 7, 1}
1 {8}
2 {14}
3 {5, 12, 8, 6}
4 {7}
5 {0}
6 {9, 4, 5, 3}
7 {2, 4, 6, 8, 13, 14, 5, 3}
8 {14, 10, 9, 11, 6}
9 {1, 10, 2}
10 {5}
11 {2}
12 {6, 13, 11, 2}
13 {6}
14 {0}
15 {12, 0, 14, 1, 9}
16 {10, 3, 0, 7, 1, 4}
17 {0, 8, 7, 2, 13}
18 {3, 6}
19 {13, 3, 9, 0, 6, 11, 10, 12, 5, 8, 1, 7}
20 {7, 4, 0}
21 {12}
22 {12}
23 {1, 7, 5, 8, 0}
24 {13}

Solution strand #526016 at tube 2: 
0 0 0 0 0 0 0 1 0 0 0 0 0 0 0 0 0 0 0 1 0 0 0 0 0 1 1 1 1 1 1 1 1 1 1 1 1 1 1 1 

Minimum set cover: 
7 {2, 4, 6, 8, 13, 14, 5, 3}
19 {13, 3, 9, 0, 6, 11, 10, 12, 5, 8, 1, 7}

Elapsed times: init=1.981116 s, comp=0.003213 s, total=1.984329 s, t2=0.000515 s, t3=0.000116 s, t4=0.002582 s
