25 sets, 15 types of elements
Sets:
0 {0}
1 {8, 4}
2 {2, 14}
3 {13, 6, 5}
4 {0}
5 {2}
6 {14}
7 {0, 3, 13, 1, 12, 6, 9}
8 {9}
9 {12, 11}
10 {8, 0, 4, 6, 11, 12, 5, 7}
11 {9, 11, 4, 5, 1}
12 {1, 7}
13 {2, 5, 10, 11, 0}
14 {0, 7, 12, 1, 4}
15 {3}
16 {5}
17 {1, 9, 4, 8, 13, 7}
18 {6, 2, 4, 9}
19 {14, 2, 6, 3, 13}
20 {6, 8}
21 {11, 0, 12, 9}
22 {8, 13, 6, 3, 1}
23 {7, 0, 3, 9, 10}
24 {13}

Solution strand #8896 at tube 4: 
0 0 0 0 0 0 1 1 0 0 1 0 0 1 0 0 0 0 0 0 0 0 0 0 0 1 1 1 1 1 1 1 1 1 1 1 1 1 1 1 

Minimum set cover: 
6 {14}
7 {0, 3, 13, 1, 12, 6, 9}
10 {8, 0, 4, 6, 11, 12, 5, 7}
13 {2, 5, 10, 11, 0}

Elapsed times: init=2.024599 s, comp=0.003764 s, total=2.028363 s, t2=0.000598 s, t3=0.000144 s, t4=0.003022 s
