22 sets, 15 types of elements
Sets:
0 {11}
1 {11, 12, 9}
2 {4, 2, 10, 12, 0, 6, 1}
3 {11, 12, 8, 3, 14}
4 {8, 13, 14, 0, 2, 6}
5 {0, 5, 7, 1, 11}
6 {3, 6, 1, 14, 0, 13, 10}
7 {6}
8 {8, 7, 12, 2}
9 {11, 1}
10 {1, 9, 14}
11 {1, 7, 11, 5}
12 {8, 0, 14}
13 {11}
14 {4, 2, 0, 11, 9, 12, 3}
15 {10, 9, 0, 14}
16 {5}
17 {6, 5, 11, 13}
18 {1, 11, 5, 6}
19 {8}
20 {0, 6}
21 {8}

Solution strand #20468 at tube 4: 
0 0 1 0 1 1 0 0 0 0 0 0 0 0 1 0 0 0 0 0 0 0 1 1 1 1 1 1 1 1 1 1 1 1 1 1 1 

Minimum set cover: 
2 {4, 2, 10, 12, 0, 6, 1}
4 {8, 13, 14, 0, 2, 6}
5 {0, 5, 7, 1, 11}
14 {4, 2, 0, 11, 9, 12, 3}

Elapsed times: init=1.764297 s, comp=0.002630 s, total=1.766927 s, t2=0.000472 s, t3=0.000119 s, t4=0.002039 s
