25 sets, 15 types of elements
Sets:
0 {1}
1 {3, 11, 14}
2 {3, 4}
3 {2, 13, 8, 11}
4 {6, 12}
5 {2, 9, 6, 3, 1, 0, 8, 5}
6 {7, 12}
7 {12}
8 {9}
9 {0, 11, 5}
10 {14}
11 {13, 4, 7, 5, 0, 6}
12 {10, 8}
13 {3, 9}
14 {5, 7, 1, 2, 13, 0}
15 {13, 7, 8, 9, 2, 5, 1}
16 {12, 0, 4}
17 {12, 6, 4, 10}
18 {12, 13, 10, 14, 9, 5, 2}
19 {2, 3, 11, 13, 6}
20 {13, 10, 1, 8, 11, 7, 9, 6, 14}
21 {14}
22 {5, 2, 3}
23 {11}
24 {8, 0, 9, 11}

Solution strand #1119360 at tube 3: 
0 0 0 0 0 1 0 0 0 0 0 0 0 0 0 0 1 0 0 0 1 0 0 0 0 1 1 1 1 1 1 1 1 1 1 1 1 1 1 1 

Minimum set cover: 
5 {2, 9, 6, 3, 1, 0, 8, 5}
16 {12, 0, 4}
20 {13, 10, 1, 8, 11, 7, 9, 6, 14}

Elapsed times: init=1.981162 s, comp=0.003324 s, total=1.984486 s, t2=0.000548 s, t3=0.000121 s, t4=0.002655 s
