22 sets, 15 types of elements
Sets:
0 {11, 6, 9, 3, 10, 13, 1}
1 {14, 4}
2 {6, 5, 1}
3 {12}
4 {7}
5 {9, 7, 6}
6 {2, 6, 4}
7 {9, 14, 0, 3}
8 {12}
9 {13, 11}
10 {7, 1, 14}
11 {14}
12 {14}
13 {7, 8, 4, 9, 5}
14 {9}
15 {7, 13}
16 {5, 6, 4, 1}
17 {4, 11}
18 {3}
19 {5}
20 {12, 13, 3, 9, 2, 6, 8}
21 {13, 2, 11, 5, 1, 6, 4}

Solution strand #1056321 at tube 4: 
1 0 0 0 0 0 0 1 0 0 0 0 0 1 0 0 0 0 0 0 1 0 1 1 1 1 1 1 1 1 1 1 1 1 1 1 1 

Minimum set cover: 
0 {11, 6, 9, 3, 10, 13, 1}
7 {9, 14, 0, 3}
13 {7, 8, 4, 9, 5}
20 {12, 13, 3, 9, 2, 6, 8}

Elapsed times: init=1.764253 s, comp=0.002549 s, total=1.766802 s, t2=0.000416 s, t3=0.000117 s, t4=0.002016 s
