24 sets, 15 types of elements
Sets:
0 {13, 12, 9, 4, 11, 5}
1 {5, 1, 9, 11}
2 {14, 5, 3, 0}
3 {6, 3, 9, 12}
4 {10}
5 {10}
6 {4}
7 {1}
8 {14, 5, 10, 13, 9, 6, 11, 1}
9 {7}
10 {10}
11 {7, 9, 8, 12, 6, 14, 5, 3, 13}
12 {7, 0, 4}
13 {9}
14 {9, 10, 0, 6}
15 {7, 3, 8}
16 {11}
17 {1, 14, 6, 13}
18 {9, 3, 6, 5, 12, 1}
19 {1, 13, 3}
20 {5}
21 {8, 13, 4}
22 {6, 5, 8, 11, 10}
23 {14, 1, 11, 6}
No solution found

Elapsed times: init=1.856122 s, comp=0.003007 s, total=1.859129 s, t2=0.000504 s, t3=0.000117 s, t4=0.002386 s
