21 sets, 15 types of elements
Sets:
0 {7}
1 {14, 13}
2 {14}
3 {6}
4 {13}
5 {3, 10, 6, 11, 8}
6 {2, 3, 13, 6, 4}
7 {5, 13, 10, 14, 0}
8 {8, 5}
9 {14, 11}
10 {12, 8}
11 {10, 14, 11}
12 {10, 14, 2, 3, 1, 13, 12, 11}
13 {5}
14 {1, 0, 8, 7}
15 {13, 10}
16 {6, 7, 12, 11}
17 {8, 4, 14, 3}
18 {5, 10, 12}
19 {8, 11, 2, 0, 5, 1, 10}
20 {0, 9, 10}

Solution strand #1049376 at tube 5: 
0 0 0 0 0 0 1 0 1 0 0 0 1 0 1 0 0 0 0 0 1 1 1 1 1 1 1 1 1 1 1 1 1 1 1 1 

Minimum set cover: 
6 {2, 3, 13, 6, 4}
8 {8, 5}
12 {10, 14, 2, 3, 1, 13, 12, 11}
14 {1, 0, 8, 7}
20 {0, 9, 10}

Elapsed times: init=1.755385 s, comp=0.002358 s, total=1.757743 s, t2=0.000424 s, t3=0.000118 s, t4=0.001816 s
