20 sets, 15 types of elements
Sets:
0 {2, 11, 6, 10}
1 {13}
2 {5, 14, 10, 3}
3 {8, 13, 2}
4 {6, 14, 0, 10, 5, 12, 7}
5 {6, 8, 4, 11, 14, 7, 12, 2}
6 {7}
7 {8, 11, 0, 1}
8 {8, 5, 14, 7, 9, 13, 10, 1, 3}
9 {9, 8, 1, 7, 2, 13}
10 {1}
11 {13, 8, 1, 3, 6, 11, 12}
12 {13, 4, 10, 3, 11, 1, 0, 8, 7}
13 {8}
14 {4}
15 {5, 8}
16 {5, 14, 13, 12, 1}
17 {1, 8, 13, 5}
18 {2, 12, 4}
19 {3, 6, 0, 1}

Solution strand #320 at tube 3: 
0 0 0 0 0 1 0 1 1 0 0 0 0 0 0 0 0 0 0 0 1 1 1 1 1 1 1 1 1 1 1 1 1 1 1 

Minimum set cover: 
5 {6, 8, 4, 11, 14, 7, 12, 2}
7 {8, 11, 0, 1}
8 {8, 5, 14, 7, 9, 13, 10, 1, 3}

Elapsed times: init=1.810776 s, comp=0.002268 s, total=1.813044 s, t2=0.000482 s, t3=0.000117 s, t4=0.001669 s
