25 sets, 15 types of elements
Sets:
0 {13, 12, 5, 4, 1}
1 {2, 3, 9, 8, 5, 14, 13}
2 {8}
3 {11}
4 {1}
5 {2}
6 {11, 2, 7, 12, 4, 14, 8}
7 {13}
8 {6, 5, 4, 11}
9 {14}
10 {4}
11 {2, 3, 12}
12 {6, 0, 3, 7, 11, 10, 2}
13 {2, 12, 9, 6, 7}
14 {7, 5, 14, 6, 9, 13, 12, 8, 0}
15 {5, 3, 14, 11, 6}
16 {4, 1, 2, 12, 14, 8}
17 {3}
18 {4, 11, 7}
19 {14, 10, 5, 3, 2, 6}
20 {0, 3}
21 {2}
22 {14, 12}
23 {14, 13, 12, 7}
24 {10, 14, 0, 9, 12, 13}

Solution strand #5091 at tube 3: 
1 1 0 0 0 0 0 0 0 0 0 0 1 0 0 0 0 0 0 0 0 0 0 0 0 1 1 1 1 1 1 1 1 1 1 1 1 1 1 1 

Minimum set cover: 
0 {13, 12, 5, 4, 1}
1 {2, 3, 9, 8, 5, 14, 13}
12 {6, 0, 3, 7, 11, 10, 2}

Elapsed times: init=2.023279 s, comp=0.003230 s, total=2.026509 s, t2=0.000546 s, t3=0.000117 s, t4=0.002567 s
