24 sets, 15 types of elements
Sets:
0 {3}
1 {5}
2 {4, 14, 2, 6}
3 {12}
4 {2}
5 {0}
6 {12, 3, 8, 7, 11}
7 {1, 7}
8 {12, 11, 8, 10, 13}
9 {5, 6, 14, 12, 9, 0}
10 {6, 5, 9}
11 {3, 10, 11, 4, 1, 5, 6, 9, 0}
12 {12}
13 {13}
14 {9, 2, 7, 14, 1, 12, 4, 10}
15 {13, 4, 7, 3, 9, 1}
16 {7, 6, 12, 14, 11, 9, 5, 4, 3}
17 {8, 3, 6, 1, 13}
18 {11}
19 {1}
20 {0, 2}
21 {7}
22 {0, 2, 14, 3}
23 {0, 13, 2}

Solution strand #23584 at tube 3: 
0 0 0 0 0 0 0 0 1 0 0 1 0 0 1 0 0 0 0 0 0 0 0 0 1 1 1 1 1 1 1 1 1 1 1 1 1 1 1 

Minimum set cover: 
8 {12, 11, 8, 10, 13}
11 {3, 10, 11, 4, 1, 5, 6, 9, 0}
14 {9, 2, 7, 14, 1, 12, 4, 10}

Elapsed times: init=1.886497 s, comp=0.003017 s, total=1.889514 s, t2=0.000510 s, t3=0.000117 s, t4=0.002390 s
