24 sets, 15 types of elements
Sets:
0 {13, 6, 7, 8, 4}
1 {1}
2 {14}
3 {1, 10, 3, 4, 12, 2}
4 {14, 9, 4, 3, 6}
5 {0, 2}
6 {3, 2, 11}
7 {1}
8 {0, 2, 11, 13}
9 {14, 11, 0, 12, 7, 10}
10 {10}
11 {13}
12 {2, 10}
13 {12}
14 {13, 4, 0, 12, 1, 3, 10, 5, 2, 8}
15 {7, 1}
16 {2}
17 {7, 4}
18 {7, 5, 6, 9, 1, 14, 2, 12, 10}
19 {4, 6, 9}
20 {5, 11, 10}
21 {0, 3, 6, 4}
22 {4, 6, 12, 13}
23 {7, 12, 4, 6, 1}

Solution strand #28208 at tube 3: 
0 0 0 0 1 0 0 0 0 1 0 0 0 0 1 0 0 0 0 0 0 0 0 0 1 1 1 1 1 1 1 1 1 1 1 1 1 1 1 

Minimum set cover: 
4 {14, 9, 4, 3, 6}
9 {14, 11, 0, 12, 7, 10}
14 {13, 4, 0, 12, 1, 3, 10, 5, 2, 8}

Elapsed times: init=1.868372 s, comp=0.003002 s, total=1.871374 s, t2=0.000512 s, t3=0.000117 s, t4=0.002373 s
