20 sets, 20 types of elements
Sets:
0 {5, 4, 14, 1, 15, 13, 3, 8, 9}
1 {9}
2 {4, 17}
3 {13}
4 {3, 18, 1, 0, 16, 13, 19, 6, 17, 10, 7}
5 {11}
6 {15, 9, 19, 7, 6, 5}
7 {13}
8 {3, 7, 16, 18, 11, 15, 12, 0, 2, 5, 4, 13}
9 {12, 16, 4, 19, 1, 0}
10 {6, 3, 19, 18, 9, 4, 2, 11, 5, 7, 14, 13}
11 {18}
12 {14, 2, 8, 15, 16, 11, 4, 10}
13 {16, 19, 15, 12, 6, 4, 11, 8, 10, 3, 9, 18}
14 {9, 18, 11, 16, 7, 5, 2, 12, 14, 19, 6, 15, 1, 8, 4}
15 {17, 0, 19, 9, 5, 8, 10, 14, 4}
16 {10, 5, 4, 19, 8, 1, 2, 6}
17 {2, 19, 6}
18 {19}
19 {1, 12, 4, 11, 19, 8, 15, 14, 0, 5, 3}

Solution strand #18224 at tube 2: 
0 0 0 0 1 0 0 0 0 0 0 0 0 0 1 0 0 0 0 0 1 1 1 1 1 1 1 1 1 1 1 1 1 1 1 1 1 1 1 1 

Minimum set cover: 
4 {3, 18, 1, 0, 16, 13, 19, 6, 17, 10, 7}
14 {9, 18, 11, 16, 7, 5, 2, 12, 14, 19, 6, 15, 1, 8, 4}

Elapsed times: init=1.753275 s, comp=0.003102 s, total=1.756377 s, t2=0.000828 s, t3=0.000196 s, t4=0.002078 s
