25 sets, 20 types of elements
Sets:
0 {3}
1 {19, 18, 5, 15, 7, 13, 8, 12, 3, 14, 9}
2 {16, 17, 15, 11, 6, 1, 10}
3 {5}
4 {18, 2}
5 {5}
6 {11, 1, 0, 13, 2, 18, 15, 5, 6, 19}
7 {0, 15, 2, 7, 4, 17, 16, 18, 10, 11}
8 {3, 6, 2}
9 {3, 0, 1, 18, 9, 10, 7}
10 {2, 8, 17, 1, 5, 13}
11 {0}
12 {0, 4, 11, 12, 2, 17, 9}
13 {18}
14 {16, 5, 2, 19, 4, 10, 17, 13}
15 {7, 6, 1, 0, 14, 19, 16, 12}
16 {9, 1, 3, 18, 16, 7, 13, 5}
17 {7, 19, 16, 4, 5, 0, 13}
18 {18, 10, 4, 11, 5, 0, 17, 15, 7}
19 {2, 17, 8, 6, 14}
20 {13}
21 {3, 15, 2, 0, 8, 18, 12}
22 {6}
23 {0, 15, 7, 2}
24 {11, 16}

Solution strand #130 at tube 3: 
0 1 0 0 0 0 1 1 0 0 0 0 0 0 0 0 0 0 0 0 0 0 0 0 0 1 1 1 1 1 1 1 1 1 1 1 1 1 1 1 1 1 1 1 1 

Minimum set cover: 
1 {19, 18, 5, 15, 7, 13, 8, 12, 3, 14, 9}
6 {11, 1, 0, 13, 2, 18, 15, 5, 6, 19}
7 {0, 15, 2, 7, 4, 17, 16, 18, 10, 11}

Elapsed times: init=1.992861 s, comp=0.004064 s, total=1.996925 s, t2=0.000824 s, t3=0.000190 s, t4=0.003050 s
