25 sets, 20 types of elements
Sets:
0 {4}
1 {16, 17, 11, 3, 6, 0, 19}
2 {7}
3 {8, 16, 12, 15}
4 {11, 18, 5, 6, 8, 19, 1, 2, 14, 12, 0}
5 {14, 8, 7, 19, 13, 11, 17}
6 {4, 10, 15, 5, 7}
7 {15}
8 {7}
9 {0, 9, 12, 13}
10 {10, 0, 7, 16}
11 {1, 10, 2, 18, 15, 8}
12 {5, 8, 16, 4, 11, 10}
13 {17, 8, 0, 15, 18, 9, 1, 16, 4, 11, 2}
14 {10, 6, 19, 8, 11, 9, 3, 12, 5, 17}
15 {9, 18, 15, 3, 19, 17, 7, 12, 6, 4, 13, 1, 14, 10}
16 {10, 14, 2, 11, 19}
17 {6}
18 {2, 3, 5, 14}
19 {16, 1, 3, 10, 12, 13, 6, 7}
20 {5}
21 {7, 9, 10, 15}
22 {19, 14, 18, 9, 7, 13, 11, 3, 17}
23 {2, 18, 14, 4, 7}
24 {1, 3, 15, 11, 10, 17, 6, 7, 14, 16}

Solution strand #28448 at tube 3: 
0 0 0 0 0 1 0 0 0 0 0 0 0 1 1 0 0 0 0 0 0 0 0 0 0 1 1 1 1 1 1 1 1 1 1 1 1 1 1 1 1 1 1 1 1 

Minimum set cover: 
5 {14, 8, 7, 19, 13, 11, 17}
13 {17, 8, 0, 15, 18, 9, 1, 16, 4, 11, 2}
14 {10, 6, 19, 8, 11, 9, 3, 12, 5, 17}

Elapsed times: init=1.971481 s, comp=0.003466 s, total=1.974947 s, t2=0.000743 s, t3=0.000155 s, t4=0.002568 s
