24 sets, 20 types of elements
Sets:
0 {9}
1 {0}
2 {7}
3 {7, 17, 5, 4, 2}
4 {9, 14, 3, 16, 11, 5, 10}
5 {9, 18, 7, 10}
6 {15, 14, 2, 7, 1}
7 {2}
8 {7, 5, 1, 2, 14, 18}
9 {8, 15, 17, 19}
10 {5, 3, 13, 19, 16, 18, 9, 14, 7}
11 {1}
12 {14, 18, 13, 7}
13 {16, 15, 12, 9}
14 {4, 12, 15, 3, 9, 6, 5, 18, 0, 7, 11, 2, 16, 14, 19}
15 {16}
16 {15, 8, 11, 19}
17 {5, 16, 6, 4, 18, 7}
18 {14, 17}
19 {9, 7, 16, 4, 3, 1, 12, 8}
20 {10}
21 {16, 14, 7, 15, 8}
22 {1, 6, 14, 16, 7, 13, 2, 17, 8}
23 {13, 5, 12, 18, 14, 2, 6, 17, 7}

Solution strand #4197680 at tube 3: 
0 0 0 0 1 0 0 0 0 0 0 0 0 0 1 0 0 0 0 0 0 0 1 0 1 1 1 1 1 1 1 1 1 1 1 1 1 1 1 1 1 1 1 1 

Minimum set cover: 
4 {9, 14, 3, 16, 11, 5, 10}
14 {4, 12, 15, 3, 9, 6, 5, 18, 0, 7, 11, 2, 16, 14, 19}
22 {1, 6, 14, 16, 7, 13, 2, 17, 8}

Elapsed times: init=1.867500 s, comp=0.003210 s, total=1.870710 s, t2=0.000636 s, t3=0.000157 s, t4=0.002417 s
