24 sets, 20 types of elements
Sets:
0 {11, 4, 17}
1 {0, 19, 6, 7, 17}
2 {14, 13, 19, 9}
3 {4, 6, 1, 8, 18}
4 {7, 10, 1, 16, 18, 4}
5 {17}
6 {15, 0, 10, 4, 2, 1, 6}
7 {14}
8 {12, 10}
9 {15, 1, 17, 6, 2, 4, 19}
10 {9}
11 {19, 17, 10, 14, 6, 0}
12 {16, 13, 18, 7, 9, 2, 1, 12, 4}
13 {4, 2, 19, 8}
14 {13, 9, 7, 16}
15 {16}
16 {1}
17 {0}
18 {10}
19 {12, 10, 4, 19, 2, 7, 17, 3, 6, 11}
20 {19}
21 {14, 17, 1, 15, 12, 13, 8, 5, 18, 10, 9}
22 {0, 16, 3, 19, 15, 4, 17, 14, 6, 1, 7, 11, 9, 10, 2}
23 {12, 15, 6, 18, 2, 16}

Solution strand #6298496 at tube 2: 
0 0 0 0 0 0 0 0 0 0 0 0 0 0 0 0 0 0 0 0 0 1 1 0 1 1 1 1 1 1 1 1 1 1 1 1 1 1 1 1 1 1 1 1 

Minimum set cover: 
21 {14, 17, 1, 15, 12, 13, 8, 5, 18, 10, 9}
22 {0, 16, 3, 19, 15, 4, 17, 14, 6, 1, 7, 11, 9, 10, 2}

Elapsed times: init=1.875367 s, comp=0.003161 s, total=1.878528 s, t2=0.000628 s, t3=0.000157 s, t4=0.002376 s
