24 sets, 25 types of elements
Sets:
0 {23}
1 {4, 1, 16, 7, 15, 19, 23, 2, 12, 11, 3, 22, 24}
2 {13, 23, 1, 17, 18, 4, 10, 2, 11, 16, 21}
3 {16}
4 {24}
5 {9, 17, 6}
6 {13}
7 {19, 6}
8 {18}
9 {23, 2, 7, 14, 10, 21, 8, 12, 6, 9}
10 {15, 1, 12, 16, 22, 8, 0, 20, 17, 6}
11 {16, 15, 24, 19, 14, 12, 20}
12 {5, 19, 21, 3, 10, 13}
13 {11}
14 {7, 3, 14, 8, 20}
15 {10}
16 {22, 9, 8, 14, 24, 5, 10, 20, 15}
17 {2, 0, 14, 11, 6, 4, 16, 21}
18 {15, 8, 22, 20, 24, 14, 5, 13, 2, 4, 0, 12}
19 {9, 4, 21, 14, 13, 22, 1, 15, 11, 5, 0, 8}
20 {12, 4, 24, 16, 8}
21 {20, 6, 10, 0, 13, 17, 9, 18}
22 {12, 9, 17, 10, 19, 22}
23 {12, 6, 18, 16, 11, 21, 23, 0, 2, 24, 20, 15, 14, 7, 10, 5, 1}

Solution strand #2626146 at tube 3: 
0 1 0 0 0 0 0 0 0 0 0 0 0 0 0 0 0 0 0 1 0 1 0 0 1 1 1 1 1 1 1 1 1 1 1 1 1 1 1 1 1 1 1 1 1 1 1 1 1 

Minimum set cover: 
1 {4, 1, 16, 7, 15, 19, 23, 2, 12, 11, 3, 22, 24}
19 {9, 4, 21, 14, 13, 22, 1, 15, 11, 5, 0, 8}
21 {20, 6, 10, 0, 13, 17, 9, 18}

Elapsed times: init=1.914061 s, comp=0.003854 s, total=1.917915 s, t2=0.000896 s, t3=0.000225 s, t4=0.002733 s
