23 sets, 20 types of elements
Sets:
0 {12, 0, 5, 10, 3, 13, 15, 19, 2, 14}
1 {19, 10, 8, 9, 16, 15, 7, 1, 6, 0, 2}
2 {11}
3 {8, 18, 15, 12, 2, 17, 14, 13}
4 {9, 12}
5 {13, 8}
6 {0}
7 {2, 4, 1, 12, 10}
8 {18, 8, 0, 10, 9, 15, 14}
9 {1, 16, 5, 10, 7, 14, 4, 18, 8, 6, 19, 9}
10 {12, 2, 10, 1, 9, 11, 0, 18}
11 {17, 0, 5}
12 {1}
13 {7}
14 {19, 7, 2}
15 {19}
16 {16, 7, 8, 13, 4, 18, 1, 11, 14, 15, 5, 9, 6, 19}
17 {10}
18 {15, 8, 0, 6, 3, 2, 18, 17, 5, 19, 14, 16, 12, 10}
19 {1, 13}
20 {12, 16, 1}
21 {11}
22 {7, 17, 3, 13, 8, 9, 16, 18, 0, 12, 1, 2, 4}

Solution strand #345440 at tube 2: 
0 0 0 0 0 0 0 0 0 0 0 0 0 0 0 0 1 0 1 0 0 0 0 1 1 1 1 1 1 1 1 1 1 1 1 1 1 1 1 1 1 1 1 

Minimum set cover: 
16 {16, 7, 8, 13, 4, 18, 1, 11, 14, 15, 5, 9, 6, 19}
18 {15, 8, 0, 6, 3, 2, 18, 17, 5, 19, 14, 16, 12, 10}

Elapsed times: init=1.796612 s, comp=0.003002 s, total=1.799614 s, t2=0.000664 s, t3=0.000157 s, t4=0.002181 s
