22 sets, 20 types of elements
Sets:
0 {15, 8, 11, 13, 2}
1 {6}
2 {6, 13, 5, 12, 8}
3 {18, 9, 10, 14, 6, 19, 4, 1, 15}
4 {8, 1}
5 {2}
6 {8}
7 {13}
8 {4, 12, 15, 14, 0, 10, 9, 5, 19, 1, 13, 18, 3, 8, 2}
9 {10, 4, 3, 18, 16, 14, 7, 0, 15}
10 {15, 0, 9, 5, 6, 17, 16, 1, 4, 14, 8, 18, 12}
11 {15, 0, 1, 2, 6, 8, 14}
12 {10}
13 {19, 17, 4, 14, 16, 9, 1}
14 {6, 3, 4}
15 {17, 6, 18, 9, 10, 11, 1, 4, 5}
16 {8}
17 {1, 12, 18}
18 {5, 2, 6, 3, 4, 1, 12, 8, 17}
19 {11, 15, 3, 10, 9, 13, 16}
20 {9, 3, 5, 11}
21 {3, 15, 13}

Solution strand #56736 at tube 3: 
0 0 0 0 0 0 0 0 1 1 0 0 0 0 0 1 0 0 0 0 0 0 1 1 1 1 1 1 1 1 1 1 1 1 1 1 1 1 1 1 1 1 

Minimum set cover: 
8 {4, 12, 15, 14, 0, 10, 9, 5, 19, 1, 13, 18, 3, 8, 2}
9 {10, 4, 3, 18, 16, 14, 7, 0, 15}
15 {17, 6, 18, 9, 10, 11, 1, 4, 5}

Elapsed times: init=1.910418 s, comp=0.003083 s, total=1.913501 s, t2=0.000828 s, t3=0.000160 s, t4=0.002095 s
