23 sets, 25 types of elements
Sets:
0 {19}
1 {1, 15, 18, 13, 2, 16, 12, 20, 11, 6, 4, 10, 19, 0, 23, 24, 5}
2 {4, 3, 10, 22, 17, 18, 0, 23, 21, 9}
3 {8, 1, 2, 4, 20, 7, 21, 19}
4 {17, 1, 2, 6, 18, 11, 23, 3}
5 {4}
6 {12, 19, 3, 2, 20, 10, 14, 8}
7 {12, 1, 3, 18, 20, 19, 16, 9}
8 {21, 12, 6, 20, 11}
9 {2, 6, 0, 10, 14, 17, 7, 18, 1, 4}
10 {6}
11 {3, 1, 17, 21, 20, 6, 22, 12, 18}
12 {8}
13 {16}
14 {22, 23, 16, 5, 3, 18, 0, 6, 20, 7, 21, 17}
15 {23, 5, 14, 11, 3, 18, 19, 2, 20, 4}
16 {18, 3, 11, 17, 20, 2, 24, 10, 1, 4, 8, 7}
17 {5, 10, 19, 14, 17, 8, 3, 9, 24, 13, 11, 1, 7, 16, 23, 20, 0, 15, 18}
18 {16}
19 {2, 13, 14, 7, 8, 3, 4, 6, 17, 20, 0, 18, 23, 1, 21, 22, 10, 15}
20 {17, 1, 2, 23}
21 {16, 18, 23, 6, 11, 2, 20, 12, 10, 15, 5, 3, 22}
22 {0}

Solution strand #135298 at tube 3: 
0 1 0 0 0 0 0 0 0 0 0 1 0 0 0 0 0 1 0 0 0 0 0 1 1 1 1 1 1 1 1 1 1 1 1 1 1 1 1 1 1 1 1 1 1 1 1 1 

Minimum set cover: 
1 {1, 15, 18, 13, 2, 16, 12, 20, 11, 6, 4, 10, 19, 0, 23, 24, 5}
11 {3, 1, 17, 21, 20, 6, 22, 12, 18}
17 {5, 10, 19, 14, 17, 8, 3, 9, 24, 13, 11, 1, 7, 16, 23, 20, 0, 15, 18}

Elapsed times: init=1.801353 s, comp=0.003366 s, total=1.804719 s, t2=0.000901 s, t3=0.000201 s, t4=0.002264 s
