21 sets, 20 types of elements
Sets:
0 {10, 0}
1 {5, 14, 2, 10, 17, 12, 19, 18}
2 {14}
3 {18, 7, 13, 5, 16, 14}
4 {10}
5 {4, 13}
6 {11}
7 {3, 19, 12}
8 {14, 13, 6, 1}
9 {19, 6, 4, 16, 10, 5, 18, 9, 14, 2}
10 {4, 14, 11, 19, 1, 0, 16, 5, 17, 15, 7, 2, 8, 3, 10, 13}
11 {6}
12 {9, 18, 6}
13 {0, 6, 8, 2, 13, 14, 17, 12, 19, 18, 1, 16}
14 {16}
15 {3, 8, 19, 4, 14, 9, 16, 2, 18, 12, 0, 15}
16 {15, 9, 12, 18, 5, 17, 11, 7}
17 {19, 13, 16, 12, 18, 2, 6, 4, 5, 11, 14}
18 {13, 16, 3, 18, 14}
19 {0, 8, 18, 11, 4, 19, 17, 7}
20 {16, 8, 14, 2, 18, 1, 17}

Solution strand #1408 at tube 3: 
0 0 0 0 0 0 0 1 0 1 1 0 0 0 0 0 0 0 0 0 0 1 1 1 1 1 1 1 1 1 1 1 1 1 1 1 1 1 1 1 1 

Minimum set cover: 
7 {3, 19, 12}
9 {19, 6, 4, 16, 10, 5, 18, 9, 14, 2}
10 {4, 14, 11, 19, 1, 0, 16, 5, 17, 15, 7, 2, 8, 3, 10, 13}

Elapsed times: init=1.754504 s, comp=0.002623 s, total=1.757127 s, t2=0.000641 s, t3=0.000159 s, t4=0.001823 s
