21 sets, 20 types of elements
Sets:
0 {1, 7, 13, 17, 14, 6, 11, 18}
1 {12, 4, 16, 10}
2 {19}
3 {11, 8, 0, 6, 1, 18}
4 {1, 8, 12, 3, 0, 14}
5 {13}
6 {12, 11, 19, 9, 4, 5, 10, 2, 14}
7 {17, 7, 10, 18, 8, 16, 13}
8 {15, 5, 1, 10, 17, 2, 9, 13, 11, 16, 4, 8}
9 {12}
10 {4}
11 {10}
12 {13, 18, 19, 3, 17, 12, 16, 15, 14, 1}
13 {4, 6, 14, 16, 0, 1}
14 {6}
15 {6}
16 {16, 10, 14, 13}
17 {10, 12, 3, 7}
18 {18, 16, 9}
19 {17}
20 {8, 14}

Solution strand #401 at tube 4: 
1 0 0 0 1 0 1 0 1 0 0 0 0 0 0 0 0 0 0 0 0 1 1 1 1 1 1 1 1 1 1 1 1 1 1 1 1 1 1 1 1 

Minimum set cover: 
0 {1, 7, 13, 17, 14, 6, 11, 18}
4 {1, 8, 12, 3, 0, 14}
6 {12, 11, 19, 9, 4, 5, 10, 2, 14}
8 {15, 5, 1, 10, 17, 2, 9, 13, 11, 16, 4, 8}

Elapsed times: init=1.752318 s, comp=0.002507 s, total=1.754825 s, t2=0.000516 s, t3=0.000154 s, t4=0.001837 s
