25 sets, 20 types of elements
Sets:
0 {18}
1 {5, 18, 13, 9, 6, 12, 16, 7, 11, 1, 8, 15, 3, 17, 10, 14, 4, 19, 2}
2 {1, 12}
3 {17, 12, 5, 19, 1}
4 {5, 9, 8, 11, 13, 0, 7, 3}
5 {2}
6 {0}
7 {2, 7, 11, 13, 12, 0, 15, 8, 14}
8 {2, 11, 19}
9 {19}
10 {14, 1, 11, 3, 7, 17, 12, 18, 16, 15, 0, 6}
11 {0, 11, 13, 4, 9, 3}
12 {9}
13 {15}
14 {2, 15, 8, 9, 10, 18}
15 {16, 3, 1, 19, 11}
16 {18, 1, 8, 16, 11}
17 {14, 9, 12}
18 {8, 7, 19, 1, 14, 6, 10, 11, 12, 3, 15}
19 {6}
20 {7, 11, 12}
21 {10, 8, 0, 5, 13, 18}
22 {13}
23 {16, 10, 13, 14, 15, 2, 8, 12, 17, 3, 6, 11, 9, 7, 0, 5}
24 {9}

Solution strand #18 at tube 2: 
0 1 0 0 1 0 0 0 0 0 0 0 0 0 0 0 0 0 0 0 0 0 0 0 0 1 1 1 1 1 1 1 1 1 1 1 1 1 1 1 1 1 1 1 1 

Minimum set cover: 
1 {5, 18, 13, 9, 6, 12, 16, 7, 11, 1, 8, 15, 3, 17, 10, 14, 4, 19, 2}
4 {5, 9, 8, 11, 13, 0, 7, 3}

Elapsed times: init=2.002957 s, comp=0.004273 s, total=2.007230 s, t2=0.000872 s, t3=0.000190 s, t4=0.003211 s
