22 sets, 20 types of elements
Sets:
0 {19}
1 {15}
2 {5, 1, 18}
3 {11, 10, 16, 0, 1}
4 {10, 6, 11, 14, 13, 18}
5 {3, 4, 2, 0, 5, 10}
6 {18, 12, 13, 1, 15}
7 {10, 9, 7, 2, 0, 8, 14, 15, 5}
8 {19, 2, 11, 9}
9 {19, 9, 7, 5}
10 {10, 18, 13, 12}
11 {18}
12 {15, 10, 6, 12, 14, 2, 0, 9}
13 {4, 5, 13, 8, 7}
14 {14}
15 {19}
16 {14, 4}
17 {1}
18 {4, 12, 10, 7, 16, 19, 3, 11, 15}
19 {6}
20 {11, 6, 10, 15, 16, 3, 18, 0}
21 {9}
No solution found

Elapsed times: init=1.806185 s, comp=0.002658 s, total=1.808843 s, t2=0.000509 s, t3=0.000156 s, t4=0.001993 s
