20 sets, 20 types of elements
Sets:
0 {13, 6, 11, 14, 10, 1}
1 {3}
2 {19, 7, 8, 0, 4, 14, 5, 6, 17, 1}
3 {12, 7, 3, 6, 15, 4}
4 {12, 0, 18, 17, 11}
5 {8, 3, 15, 4, 13, 19, 10, 6, 18, 7, 12, 11, 0}
6 {18}
7 {1, 16, 15, 5, 11, 12, 4, 14, 18, 0, 10, 19, 9, 2, 8}
8 {9, 10, 13, 0, 4, 1, 11, 12, 15, 16, 19, 5}
9 {14}
10 {14, 0}
11 {6, 0, 14, 3, 7, 11, 16, 12, 9}
12 {13, 11, 12, 9, 1, 7, 3}
13 {0, 1, 18, 11, 16, 14, 2, 12, 9, 3, 10, 15, 6, 5, 4, 8}
14 {17, 1, 13, 18, 19}
15 {13, 8, 1, 4}
16 {17, 6, 10, 18, 0, 13, 3}
17 {15, 2, 5, 9, 16}
18 {7}
19 {17, 11, 8, 5, 9, 16}

Solution strand #228 at tube 3: 
0 0 1 0 0 1 0 1 0 0 0 0 0 0 0 0 0 0 0 0 1 1 1 1 1 1 1 1 1 1 1 1 1 1 1 1 1 1 1 1 

Minimum set cover: 
2 {19, 7, 8, 0, 4, 14, 5, 6, 17, 1}
5 {8, 3, 15, 4, 13, 19, 10, 6, 18, 7, 12, 11, 0}
7 {1, 16, 15, 5, 11, 12, 4, 14, 18, 0, 10, 19, 9, 2, 8}

Elapsed times: init=1.840875 s, comp=0.002640 s, total=1.843515 s, t2=0.000711 s, t3=0.000164 s, t4=0.001765 s
