22 sets, 25 types of elements
Sets:
0 {20, 23, 21, 22, 6, 5, 19, 4}
1 {21}
2 {23, 0, 4, 12, 3, 9, 20, 18, 14, 16, 6}
3 {3, 13, 23, 1, 18, 10, 16, 21, 11, 15, 20, 12, 5, 0, 8, 17}
4 {7, 23, 15, 18, 12}
5 {2, 24, 5, 17, 13, 8}
6 {1, 3, 20, 6, 21, 10, 2, 11, 14}
7 {2}
8 {14, 24, 5, 4, 19}
9 {15, 17, 6, 16}
10 {22}
11 {10, 15, 21, 11, 12, 7, 5, 4, 19, 22, 23, 20, 9, 14, 16, 8, 13, 6, 18}
12 {2, 12, 0, 11, 8, 20, 19, 7, 18, 13, 16, 10, 17, 14, 5, 15}
13 {1}
14 {23, 6, 14, 8, 19, 0, 1, 13, 5, 7}
15 {22, 11, 24, 4}
16 {12}
17 {22, 11, 6, 17, 12, 16, 3, 0, 14, 5, 13}
18 {10}
19 {9, 15, 20, 5, 11, 14, 2, 10, 24, 21, 4, 7, 3, 17, 8}
20 {1, 5, 18, 21}
21 {16, 24, 7, 15, 0, 20, 17, 3, 21}

Solution strand #2408 at tube 3: 
0 0 0 1 0 1 0 0 0 0 0 1 0 0 0 0 0 0 0 0 0 0 1 1 1 1 1 1 1 1 1 1 1 1 1 1 1 1 1 1 1 1 1 1 1 1 1 

Minimum set cover: 
3 {3, 13, 23, 1, 18, 10, 16, 21, 11, 15, 20, 12, 5, 0, 8, 17}
5 {2, 24, 5, 17, 13, 8}
11 {10, 15, 21, 11, 12, 7, 5, 4, 19, 22, 23, 20, 9, 14, 16, 8, 13, 6, 18}

Elapsed times: init=1.894372 s, comp=0.003389 s, total=1.897761 s, t2=0.000898 s, t3=0.000220 s, t4=0.002271 s
