20 sets, 25 types of elements
Sets:
0 {14, 8}
1 {1, 8, 17, 19, 7, 2, 4, 14}
2 {20}
3 {12, 4, 3, 19, 22, 2, 6, 15, 1, 14, 23, 16, 7, 20}
4 {15, 9, 7, 0}
5 {10, 5, 6, 20, 23, 11, 1, 2}
6 {16, 15, 17, 14, 4, 18, 11, 21, 0, 13, 22, 19, 5, 20, 12}
7 {4, 1, 18, 8, 21}
8 {16}
9 {5, 21, 1, 20, 22, 18, 2, 8, 3, 19, 17, 24}
10 {9, 5, 10, 13, 24, 4, 12, 20, 22, 0, 6, 3, 21}
11 {1, 5, 18, 3, 4, 0, 6, 8, 10, 2, 17, 24, 15}
12 {4, 7, 13, 22, 0, 12, 23, 15, 8}
13 {4, 12, 24, 19, 22}
14 {14, 23, 16, 7, 20, 22}
15 {8, 12, 18, 6, 14, 22, 0, 24, 16}
16 {15}
17 {3, 5, 16, 11, 2, 24, 6}
18 {16, 17, 6, 0, 9, 2, 4, 22, 13, 20, 1}
19 {7, 19, 14, 10, 11, 16, 4, 8, 12}

Solution strand #720 at tube 4: 
0 0 0 0 1 1 1 0 0 1 0 0 0 0 0 0 0 0 0 0 1 1 1 1 1 1 1 1 1 1 1 1 1 1 1 1 1 1 1 1 1 1 1 1 1 

Minimum set cover: 
4 {15, 9, 7, 0}
5 {10, 5, 6, 20, 23, 11, 1, 2}
6 {16, 15, 17, 14, 4, 18, 11, 21, 0, 13, 22, 19, 5, 20, 12}
9 {5, 21, 1, 20, 22, 18, 2, 8, 3, 19, 17, 24}

Elapsed times: init=1.845733 s, comp=0.002827 s, total=1.848560 s, t2=0.000815 s, t3=0.000212 s, t4=0.001800 s
