24 sets, 25 types of elements
Sets:
0 {14, 19}
1 {7}
2 {20, 21, 11, 17, 14, 18, 23}
3 {3, 24, 0, 17, 13}
4 {5, 12, 20, 15, 22, 11, 2, 24, 23, 16, 9, 17, 4, 0, 3, 14, 18, 13}
5 {4}
6 {13, 24, 15, 5, 7, 14, 2, 9, 12, 16, 23, 19, 20, 17}
7 {15, 5, 20, 14, 4}
8 {14, 4, 5, 15}
9 {3, 10, 17, 6, 12, 23, 21, 1, 20, 0, 11, 9, 8, 15, 18, 19}
10 {9, 5, 14, 8, 3, 15, 10, 21, 16, 1, 23, 4}
11 {0, 19, 12, 8, 13, 16, 24, 20, 14, 7, 15, 11, 1, 18, 10}
12 {3, 18, 6, 20, 4}
13 {11}
14 {4}
15 {3, 5, 17, 13, 16, 18, 21, 22, 8, 10}
16 {9}
17 {22}
18 {19, 17, 18, 5, 12, 20}
19 {17, 24, 11, 3, 22, 9, 23, 14, 10, 20, 1, 12, 18, 0}
20 {0, 5, 19, 20, 12, 13, 23, 2, 18, 22, 24, 7, 10}
21 {9, 1, 18, 21, 6, 5, 20, 2}
22 {21, 11, 23, 10, 12, 15, 5}
23 {13, 16, 23, 24, 15, 5}

Solution strand #656 at tube 3: 
0 0 0 0 1 0 1 0 0 1 0 0 0 0 0 0 0 0 0 0 0 0 0 0 1 1 1 1 1 1 1 1 1 1 1 1 1 1 1 1 1 1 1 1 1 1 1 1 1 

Minimum set cover: 
4 {5, 12, 20, 15, 22, 11, 2, 24, 23, 16, 9, 17, 4, 0, 3, 14, 18, 13}
6 {13, 24, 15, 5, 7, 14, 2, 9, 12, 16, 23, 19, 20, 17}
9 {3, 10, 17, 6, 12, 23, 21, 1, 20, 0, 11, 9, 8, 15, 18, 19}

Elapsed times: init=1.978163 s, comp=0.003610 s, total=1.981773 s, t2=0.000903 s, t3=0.000207 s, t4=0.002500 s
