20 sets, 20 types of elements
Sets:
0 {13, 18, 14, 12, 4}
1 {5, 7, 3, 19, 9, 11}
2 {4, 11, 12, 0, 18, 17, 5, 2}
3 {5}
4 {18, 5, 7, 8, 10, 13, 0}
5 {15, 10, 16, 18, 2, 9, 5}
6 {6}
7 {4, 14, 16, 5, 0, 1, 18}
8 {17, 1}
9 {15}
10 {18, 2, 9, 16, 13, 4, 19, 15}
11 {6, 18, 13, 16, 1}
12 {12, 7, 2, 3}
13 {14, 2, 5, 17, 9, 15}
14 {17, 15, 16}
15 {1}
16 {6}
17 {12}
18 {14, 2, 7}
19 {15}

Solution strand #11859 at tube 5: 
1 1 0 0 1 0 0 0 0 0 0 1 0 1 0 0 0 0 0 0 1 1 1 1 1 1 1 1 1 1 1 1 1 1 1 1 1 1 1 1 

Minimum set cover: 
0 {13, 18, 14, 12, 4}
1 {5, 7, 3, 19, 9, 11}
4 {18, 5, 7, 8, 10, 13, 0}
11 {6, 18, 13, 16, 1}
13 {14, 2, 5, 17, 9, 15}

Elapsed times: init=1.769925 s, comp=0.002408 s, total=1.772333 s, t2=0.000488 s, t3=0.000163 s, t4=0.001757 s
