25 sets, 20 types of elements
Sets:
0 {17, 5}
1 {2, 3, 5, 6, 7, 1, 10, 14, 15, 9, 17, 19}
2 {17, 6, 1, 14}
3 {18, 14, 4, 16, 13, 12, 9}
4 {1, 18, 3, 2, 13, 6, 7, 14, 12, 11, 10, 15, 8, 19, 4}
5 {18, 5, 1, 14, 8, 15}
6 {3, 18, 0, 2, 14, 10}
7 {10, 9, 4, 12, 6, 19}
8 {17, 7}
9 {13, 19, 4, 11, 2, 18, 3, 8, 7, 17, 6}
10 {18, 14}
11 {4, 12, 1, 15, 3, 8, 14, 7, 10, 9}
12 {17, 13, 2, 1, 3}
13 {9, 1, 16, 11, 0, 12, 8, 13, 14, 18, 5, 3, 7}
14 {19, 9, 7, 8, 3, 2, 1, 15, 11, 12}
15 {12, 14, 4, 5, 8, 6}
16 {11, 4, 17, 15}
17 {7, 12, 6}
18 {18}
19 {5, 1, 6, 0, 3, 17, 10}
20 {17, 10, 12}
21 {14, 13}
22 {19}
23 {10}
24 {8, 9, 16, 1, 18, 6, 15, 14, 3, 13, 10, 19}

Solution strand #8386 at tube 3: 
0 1 0 0 0 0 0 1 0 0 0 0 0 1 0 0 0 0 0 0 0 0 0 0 0 1 1 1 1 1 1 1 1 1 1 1 1 1 1 1 1 1 1 1 1 

Minimum set cover: 
1 {2, 3, 5, 6, 7, 1, 10, 14, 15, 9, 17, 19}
7 {10, 9, 4, 12, 6, 19}
13 {9, 1, 16, 11, 0, 12, 8, 13, 14, 18, 5, 3, 7}

Elapsed times: init=2.140929 s, comp=0.003584 s, total=2.144513 s, t2=0.000798 s, t3=0.000157 s, t4=0.002629 s
