21 sets, 20 types of elements
Sets:
0 {12, 19, 11, 0, 18, 1, 5, 7, 8, 6, 14, 16, 10}
1 {18, 7, 3, 19}
2 {13, 6, 10, 0, 14, 7, 8, 12, 18, 19, 4}
3 {16, 6, 10, 11, 3, 18, 15, 13, 4, 1}
4 {16}
5 {13}
6 {13, 10, 19, 18}
7 {13, 12}
8 {17, 10, 14, 8, 9}
9 {4, 3, 16, 18, 1, 7}
10 {1, 8, 10, 3, 18, 16, 11, 7, 13, 0}
11 {3, 5, 0, 10, 14, 4, 17}
12 {15, 2, 12}
13 {8}
14 {8, 15, 16, 10, 9, 3, 17, 12, 11, 1, 5}
15 {2, 5, 17, 9, 14}
16 {2, 7, 1, 14, 10, 8, 9, 17, 16, 19, 11}
17 {18}
18 {16, 10, 1, 18, 17, 6}
19 {0, 10, 16}
20 {15, 16}

Solution strand #23940 at tube 3: 
0 0 1 0 0 0 0 0 0 0 0 0 1 0 1 0 0 0 0 0 0 1 1 1 1 1 1 1 1 1 1 1 1 1 1 1 1 1 1 1 1 

Minimum set cover: 
2 {13, 6, 10, 0, 14, 7, 8, 12, 18, 19, 4}
12 {15, 2, 12}
14 {8, 15, 16, 10, 9, 3, 17, 12, 11, 1, 5}

Elapsed times: init=1.754060 s, comp=0.002643 s, total=1.756703 s, t2=0.000622 s, t3=0.000178 s, t4=0.001843 s
