23 sets, 25 types of elements
Sets:
0 {13, 21, 3, 14, 4, 5, 11, 7, 10}
1 {23}
2 {20, 13, 3, 18, 24, 4, 9, 19}
3 {15, 18}
4 {1, 14, 10, 23, 8, 21, 22, 11, 0, 12, 2, 6, 4, 3, 13, 9, 19}
5 {21, 16, 23, 22, 13, 15, 19, 17, 4, 10, 7, 5, 3, 20, 0, 1, 14, 6, 8, 11}
6 {16, 8, 2, 15, 20}
7 {5, 10, 24, 1, 4}
8 {6}
9 {23, 21, 17, 2, 10, 0, 14, 3, 15, 13, 1, 18}
10 {14, 9, 12, 0, 13, 18, 3, 23, 7, 6}
11 {24, 5, 18, 19, 7, 11, 16}
12 {24}
13 {3, 14, 1, 4, 24, 22}
14 {0, 2, 21, 13, 1, 4, 15}
15 {13, 19, 7, 17, 24, 4, 16, 3}
16 {5, 3, 14, 15, 0, 9, 10}
17 {4, 20}
18 {8, 23, 5, 17, 1, 15, 13, 24, 11, 10, 7, 4, 2, 0, 9}
19 {6}
20 {18, 3, 7, 12, 24, 16}
21 {10, 24, 20, 15, 2, 8, 11}
22 {22, 5, 17, 1, 19, 13, 12, 6, 10, 3, 2, 4}

Solution strand #52 at tube 3: 
0 0 1 0 1 1 0 0 0 0 0 0 0 0 0 0 0 0 0 0 0 0 0 1 1 1 1 1 1 1 1 1 1 1 1 1 1 1 1 1 1 1 1 1 1 1 1 1 

Minimum set cover: 
2 {20, 13, 3, 18, 24, 4, 9, 19}
4 {1, 14, 10, 23, 8, 21, 22, 11, 0, 12, 2, 6, 4, 3, 13, 9, 19}
5 {21, 16, 23, 22, 13, 15, 19, 17, 4, 10, 7, 5, 3, 20, 0, 1, 14, 6, 8, 11}

Elapsed times: init=1.821317 s, comp=0.003838 s, total=1.825155 s, t2=0.001215 s, t3=0.000297 s, t4=0.002326 s
