22 sets, 20 types of elements
Sets:
0 {12, 14, 9, 15, 0, 17, 16, 1, 7, 2, 11, 3, 8}
1 {15, 11, 1, 2, 5, 3, 6}
2 {9, 10, 18, 5, 6}
3 {5}
4 {16, 1}
5 {4, 12, 1}
6 {1, 18, 8, 5}
7 {0, 13, 19, 7, 11, 10}
8 {8, 10, 5, 11, 0, 6, 9, 14, 18, 1, 16, 15, 3, 19, 12, 7}
9 {4, 0, 9, 14}
10 {8}
11 {8, 11, 18, 10, 12, 17, 0, 14, 16}
12 {2}
13 {16}
14 {7, 17, 2, 11, 15, 12}
15 {15}
16 {10, 13, 3, 4, 9, 11, 19, 5, 14, 15, 17, 6, 0, 16, 18, 8}
17 {17}
18 {3, 19}
19 {18, 3, 4, 1, 10, 12, 0, 15, 7, 9}
20 {0, 9, 13, 18, 17}
21 {1, 16}

Solution strand #75969 at tube 2: 
1 0 0 0 0 0 0 0 0 0 0 0 0 0 0 0 1 0 0 0 0 0 1 1 1 1 1 1 1 1 1 1 1 1 1 1 1 1 1 1 1 1 

Minimum set cover: 
0 {12, 14, 9, 15, 0, 17, 16, 1, 7, 2, 11, 3, 8}
16 {10, 13, 3, 4, 9, 11, 19, 5, 14, 15, 17, 6, 0, 16, 18, 8}

Elapsed times: init=1.855370 s, comp=0.003333 s, total=1.858703 s, t2=0.000748 s, t3=0.000188 s, t4=0.002397 s
