22 sets, 20 types of elements
Sets:
0 {4, 14, 11, 18, 0, 15, 17, 2, 9, 7, 12}
1 {3, 2, 5, 4, 0, 19}
2 {13, 0, 2, 11, 16, 19, 3, 4}
3 {19, 18, 15, 17}
4 {15, 4, 0}
5 {13, 2, 12, 10, 8, 17, 5, 16, 6, 1, 14}
6 {7, 9, 8, 11, 10, 2, 17}
7 {1}
8 {16}
9 {5, 12, 9, 17, 3, 1, 7}
10 {10, 7}
11 {11, 10, 15, 13}
12 {8, 11, 6, 12, 3, 2}
13 {14, 9, 4, 0, 1}
14 {0}
15 {15}
16 {12, 6, 13, 7}
17 {16}
18 {6, 0, 17, 3, 1, 11, 4, 2, 8, 18, 7, 16, 14}
19 {5, 1, 15, 10, 19}
20 {4, 6, 8, 0, 16, 19, 7, 5, 1}
21 {2, 7, 10, 6, 3}

Solution strand #35 at tube 3: 
1 1 0 0 0 1 0 0 0 0 0 0 0 0 0 0 0 0 0 0 0 0 1 1 1 1 1 1 1 1 1 1 1 1 1 1 1 1 1 1 1 1 

Minimum set cover: 
0 {4, 14, 11, 18, 0, 15, 17, 2, 9, 7, 12}
1 {3, 2, 5, 4, 0, 19}
5 {13, 2, 12, 10, 8, 17, 5, 16, 6, 1, 14}

Elapsed times: init=1.922614 s, comp=0.002831 s, total=1.925445 s, t2=0.000649 s, t3=0.000161 s, t4=0.002021 s
