24 sets, 20 types of elements
Sets:
0 {1}
1 {14, 8, 18, 5, 4, 6, 3, 11, 0, 10, 7, 16, 1, 15, 12, 19}
2 {16}
3 {6}
4 {11, 19, 4, 5}
5 {18, 1, 14, 16, 8, 12, 2, 5, 0}
6 {5, 14, 3, 16, 17, 6, 10, 15, 9, 8, 1, 19}
7 {18}
8 {1, 15, 14, 17}
9 {15, 0}
10 {1, 15, 6, 0, 2, 5, 17}
11 {3, 4, 14}
12 {9, 13, 5, 6, 12, 3, 15, 2}
13 {14, 11, 16}
14 {1, 5, 13, 8, 3, 15, 4, 0, 17, 6, 18}
15 {0, 17, 11, 16, 2, 4, 13, 12, 6, 9, 7}
16 {18, 10, 19, 7}
17 {8, 11, 1, 13, 12, 6}
18 {14, 0, 15, 8}
19 {17, 11, 7, 13, 12}
20 {7, 9, 11}
21 {5, 11, 8, 14, 10, 7, 9, 3, 15, 6, 4}
22 {8, 16, 5, 10, 9, 7}
23 {4, 17, 2, 15, 11, 0, 3, 19, 7, 9}

Solution strand #44226 at tube 2: 
0 1 0 0 0 0 0 0 0 0 0 0 0 0 0 1 0 0 0 0 0 0 0 0 1 1 1 1 1 1 1 1 1 1 1 1 1 1 1 1 1 1 1 1 

Minimum set cover: 
1 {14, 8, 18, 5, 4, 6, 3, 11, 0, 10, 7, 16, 1, 15, 12, 19}
15 {0, 17, 11, 16, 2, 4, 13, 12, 6, 9, 7}

Elapsed times: init=1.870575 s, comp=0.005474 s, total=1.876049 s, t2=0.000932 s, t3=0.000351 s, t4=0.004191 s
