25 sets, 25 types of elements
Sets:
0 {23}
1 {8, 19, 17, 3, 12, 18, 1, 15, 9, 6, 23, 10, 5, 13, 16, 4, 22, 7, 11, 14}
2 {3}
3 {7, 3, 6, 12, 5, 17, 15, 22, 10, 14, 1}
4 {18, 15, 4, 6, 12, 19, 13, 3}
5 {1}
6 {2, 18, 4, 13, 21, 8, 14, 16}
7 {11}
8 {2}
9 {21, 6, 2, 16, 8, 24, 1, 15}
10 {12, 10, 9, 0, 2, 24}
11 {15, 9, 18, 10}
12 {2, 24, 1, 14, 17, 10, 6, 4, 21, 20, 12, 9}
13 {3, 12, 18, 23, 19, 16, 7}
14 {23, 22, 5, 7, 18, 0, 4}
15 {0, 19, 4, 5, 1, 20, 23, 10, 24, 13, 8}
16 {3, 19, 23, 20, 1, 10, 15, 21, 18, 2, 11, 5, 13, 9, 14, 0, 17, 22}
17 {16, 24, 14, 20, 5}
18 {24, 14, 7, 9, 10, 6}
19 {16, 17}
20 {20, 17, 18, 1, 6, 23}
21 {4, 12, 6, 5, 0, 8, 11}
22 {18, 21, 16, 20, 19, 5, 23, 13}
23 {21, 4, 20, 23}
24 {1}

Solution strand #5410 at tube 3: 
0 1 0 0 0 0 0 0 0 0 1 0 1 0 0 0 0 0 0 0 0 0 0 0 0 1 1 1 1 1 1 1 1 1 1 1 1 1 1 1 1 1 1 1 1 1 1 1 1 1 

Minimum set cover: 
1 {8, 19, 17, 3, 12, 18, 1, 15, 9, 6, 23, 10, 5, 13, 16, 4, 22, 7, 11, 14}
10 {12, 10, 9, 0, 2, 24}
12 {2, 24, 1, 14, 17, 10, 6, 4, 21, 20, 12, 9}

Elapsed times: init=2.040432 s, comp=0.003677 s, total=2.044109 s, t2=0.000853 s, t3=0.000202 s, t4=0.002622 s
