25 sets, 25 types of elements
Sets:
0 {24, 7, 0, 20, 10, 13, 1, 5, 14, 6}
1 {7, 10, 22, 3, 2, 14}
2 {21, 22, 5, 8, 23, 10, 11, 6, 16, 18, 13, 0, 14, 24}
3 {16, 10, 15, 7, 19, 18, 2, 6, 3, 11, 12}
4 {3}
5 {2, 23, 8, 24, 10, 17, 9, 11, 19, 3, 22, 20, 5, 21}
6 {10}
7 {12, 19, 3}
8 {0}
9 {6, 18, 22, 17, 5}
10 {16, 19, 21}
11 {11}
12 {9, 12, 4, 14, 22}
13 {22, 20, 24, 19, 14, 10, 17, 12}
14 {15, 18, 5, 2, 10, 24, 6, 4}
15 {19}
16 {15, 8, 11, 17, 4, 14, 18, 22, 0, 6, 1}
17 {13, 11, 9, 20, 3, 4, 10, 5, 21, 0, 22, 18, 15, 8, 1, 2, 19, 16}
18 {6, 4, 12, 1, 9, 5, 8, 23}
19 {19, 17, 1, 10, 12, 22, 16, 14, 8, 11, 20}
20 {18, 13, 19, 23, 4, 14, 12, 15, 2, 11, 16}
21 {17, 13, 2, 10, 22, 7, 0}
22 {15, 21, 5, 11, 14, 4, 8, 19, 13, 3, 12, 20, 6, 17, 0, 18, 2, 1, 22}
23 {12, 16, 21, 22, 11, 13, 9}
24 {8, 23, 6, 15, 14, 10, 24, 5, 21}

Solution strand #1052673 at tube 3: 
1 0 0 0 0 1 0 0 0 0 0 0 0 0 0 0 0 0 0 0 1 0 0 0 0 1 1 1 1 1 1 1 1 1 1 1 1 1 1 1 1 1 1 1 1 1 1 1 1 1 

Minimum set cover: 
0 {24, 7, 0, 20, 10, 13, 1, 5, 14, 6}
5 {2, 23, 8, 24, 10, 17, 9, 11, 19, 3, 22, 20, 5, 21}
20 {18, 13, 19, 23, 4, 14, 12, 15, 2, 11, 16}

Elapsed times: init=2.148576 s, comp=0.004095 s, total=2.152671 s, t2=0.001011 s, t3=0.000214 s, t4=0.002870 s
