21 sets, 20 types of elements
Sets:
0 {11, 14, 6, 1, 19}
1 {14, 7}
2 {18, 14, 17, 8, 5, 0, 10, 16, 15}
3 {11, 5, 14, 7, 9, 8, 16}
4 {5, 4, 1}
5 {18, 5, 15, 13, 1, 8, 6, 2, 7, 16}
6 {17, 13}
7 {10, 14, 6}
8 {3}
9 {8, 17, 12, 6, 16, 18}
10 {13, 2, 5, 16, 10, 7, 14, 19, 0, 8, 6, 15, 12, 11, 17, 4, 1, 9, 18}
11 {3}
12 {5, 9, 13, 8, 18}
13 {4, 8}
14 {5, 13, 6, 17, 3, 18, 19, 4, 12, 16, 14, 7, 10}
15 {2, 13, 0}
16 {13}
17 {11, 12, 16, 13, 4, 0, 14, 19, 10, 8, 18}
18 {13, 7, 11, 9, 5, 17}
19 {3}
20 {11, 10, 19, 3, 0}

Solution strand #1568 at tube 2: 
0 0 0 0 0 0 0 0 1 0 1 0 0 0 0 0 0 0 0 0 0 1 1 1 1 1 1 1 1 1 1 1 1 1 1 1 1 1 1 1 1 

Minimum set cover: 
8 {3}
10 {13, 2, 5, 16, 10, 7, 14, 19, 0, 8, 6, 15, 12, 11, 17, 4, 1, 9, 18}

Elapsed times: init=1.750880 s, comp=0.002603 s, total=1.753483 s, t2=0.000615 s, t3=0.000156 s, t4=0.001832 s
