22 sets, 25 types of elements
Sets:
0 {23}
1 {3, 13, 1}
2 {24, 18, 5, 7, 22, 12, 2, 1, 16, 23, 17, 9, 20, 4, 19}
3 {17, 13, 12, 3}
4 {4, 22, 11}
5 {15}
6 {1, 19, 4, 7, 18, 14, 20, 23}
7 {23, 15, 21, 7, 11, 24, 6, 2, 17, 16, 10, 9, 8, 14, 22, 5}
8 {13, 21, 7, 12}
9 {5, 21, 6, 10, 2, 15, 17}
10 {17, 10, 7, 18, 9, 14, 3, 23, 2}
11 {24, 5, 19, 10, 12, 0, 17, 8, 16, 6, 7, 11, 18, 15, 22}
12 {6, 4, 5, 17, 21, 11, 9, 19, 12, 13}
13 {9, 20, 16, 18, 2, 11, 24}
14 {10, 0, 24, 4, 21, 6, 17, 22, 18, 14, 16, 5, 3, 2, 1}
15 {2, 15, 9, 22, 8, 0, 18, 16, 19, 20, 1, 6, 4, 14, 3, 17, 10}
16 {20}
17 {7, 14, 9, 24}
18 {22, 14}
19 {8, 19, 14, 18, 3, 9}
20 {18, 16, 13, 9, 12, 15, 1, 21, 17, 22, 11, 19}
21 {10, 17, 15, 5, 14, 12, 3, 13, 4, 9, 24, 1, 23}

Solution strand #34596 at tube 3: 
0 0 1 0 0 0 0 0 0 0 0 0 1 0 0 1 0 0 0 0 0 0 1 1 1 1 1 1 1 1 1 1 1 1 1 1 1 1 1 1 1 1 1 1 1 1 1 

Minimum set cover: 
2 {24, 18, 5, 7, 22, 12, 2, 1, 16, 23, 17, 9, 20, 4, 19}
12 {6, 4, 5, 17, 21, 11, 9, 19, 12, 13}
15 {2, 15, 9, 22, 8, 0, 18, 16, 19, 20, 1, 6, 4, 14, 3, 17, 10}

Elapsed times: init=1.934749 s, comp=0.003251 s, total=1.938000 s, t2=0.000902 s, t3=0.000208 s, t4=0.002141 s
