22 sets, 30 types of elements
Sets:
0 {18, 29, 3, 21, 6}
1 {12, 2, 10, 6}
2 {2, 8, 17, 0, 18, 11, 15, 13, 9, 22, 25, 10, 20, 26}
3 {27, 9, 22, 23, 20, 26, 8, 6, 7, 17, 4, 1}
4 {3}
5 {10, 2, 9, 8, 22, 13, 19, 6, 26, 14, 4, 20}
6 {1, 5, 25}
7 {4, 12, 7, 3, 5, 9}
8 {14}
9 {4, 2, 10, 15, 14, 24, 26, 25, 29, 19, 20, 8}
10 {17, 28, 8, 1, 7, 0, 24, 20}
11 {13, 1, 24, 11, 21, 28, 22, 17, 10}
12 {24, 18, 3}
13 {26, 25, 17, 13, 20, 28, 5, 27, 6, 10, 9, 2}
14 {2, 20, 14, 29}
15 {15, 6}
16 {11, 4}
17 {16, 12, 2, 7, 9, 29, 1, 15, 24}
18 {0, 1, 17, 25, 15, 22}
19 {0, 15, 7, 16, 13, 26, 19, 9, 14, 28, 3, 17, 23}
20 {22, 8, 25, 18, 6, 3, 28}
21 {15, 21, 19, 13, 0, 14, 25, 29, 4, 28, 7, 1, 16, 18, 23, 9, 8, 26}

Solution strand #2115552 at tube 4: 
0 0 0 0 0 0 0 1 0 0 0 1 0 1 0 0 0 0 0 0 0 1 1 1 1 1 1 1 1 1 1 1 1 1 1 1 1 1 1 1 1 1 1 1 1 1 1 1 1 1 1 1 

Minimum set cover: 
7 {4, 12, 7, 3, 5, 9}
11 {13, 1, 24, 11, 21, 28, 22, 17, 10}
13 {26, 25, 17, 13, 20, 28, 5, 27, 6, 10, 9, 2}
21 {15, 21, 19, 13, 0, 14, 25, 29, 4, 28, 7, 1, 16, 18, 23, 9, 8, 26}

Elapsed times: init=1.927250 s, comp=0.003151 s, total=1.930401 s, t2=0.000842 s, t3=0.000242 s, t4=0.002067 s
