21 sets, 35 types of elements
Sets:
0 {0, 32, 15, 28, 19, 4, 29, 24, 20, 13, 23, 3, 34, 22, 26}
1 {19, 9}
2 {7, 1, 21, 23, 18, 33, 31, 8, 30, 26, 24, 19}
3 {23, 13, 30, 1, 6, 27, 22, 12, 19, 8}
4 {29, 16}
5 {20, 19, 29, 11, 16, 2, 3, 13}
6 {6}
7 {22}
8 {6, 29, 31, 33, 30, 18, 20, 4, 14, 21, 11, 3, 8, 25, 7}
9 {29}
10 {0, 11, 31, 3, 20, 10, 22, 17, 4, 23, 18, 8, 9}
11 {11, 9, 12, 28, 14, 25, 8, 33, 21, 19, 34, 23, 18, 22, 13, 30, 2, 32, 27, 15, 7, 31, 5}
12 {31, 14, 10, 12, 0, 32, 1, 30, 20, 26}
13 {33}
14 {11, 1, 13}
15 {6, 20, 32, 12, 13, 10, 29, 3, 33}
16 {33, 12}
17 {9, 29, 33, 11, 22, 8, 13, 26, 10, 18, 32, 1, 2, 30, 21, 4, 16, 3, 27, 17, 12, 19, 5}
18 {2, 6, 9, 15}
19 {19}
20 {27, 1, 14, 17, 9, 10, 26, 12}

Solution strand #139713 at tube 3: 
1 0 0 0 0 0 0 0 1 0 0 0 0 0 0 0 0 1 0 0 0 1 1 1 1 1 1 1 1 1 1 1 1 1 1 1 1 1 1 1 1 1 1 1 1 1 1 1 1 1 1 1 1 1 1 1 

Minimum set cover: 
0 {0, 32, 15, 28, 19, 4, 29, 24, 20, 13, 23, 3, 34, 22, 26}
8 {6, 29, 31, 33, 30, 18, 20, 4, 14, 21, 11, 3, 8, 25, 7}
17 {9, 29, 33, 11, 22, 8, 13, 26, 10, 18, 32, 1, 2, 30, 21, 4, 16, 3, 27, 17, 12, 19, 5}

Elapsed times: init=1.748164 s, comp=0.002939 s, total=1.751103 s, t2=0.000813 s, t3=0.000275 s, t4=0.001851 s
