20 sets, 30 types of elements
Sets:
0 {5, 17, 22, 1, 25, 4, 16}
1 {15, 14, 11, 4}
2 {2, 21, 5, 14, 27, 0, 23, 19, 1, 9}
3 {7, 28, 19, 22, 1, 27, 24}
4 {9, 7, 29, 12, 23, 26, 8, 16, 24, 18, 28}
5 {0, 17, 13, 25}
6 {16}
7 {11}
8 {8, 14, 27, 26, 21, 24, 6, 3}
9 {17, 11, 21, 20, 15, 23}
10 {3, 2}
11 {26, 0, 10, 25, 17, 11, 13, 21}
12 {24}
13 {3, 13, 9, 28, 26, 14}
14 {6, 24, 20, 18, 0, 19, 1, 8}
15 {12, 27, 22, 19, 3}
16 {9, 21, 12, 26, 10, 24, 23, 11}
17 {29, 19, 11, 27, 3, 12, 8}
18 {12, 27, 2, 11}
19 {0, 10, 6, 28, 18, 2, 24, 22, 7, 3, 1, 5, 14, 26}

Solution strand #650017 at tube 5: 
1 0 0 0 0 0 0 0 0 1 0 0 0 1 0 0 0 1 0 1 1 1 1 1 1 1 1 1 1 1 1 1 1 1 1 1 1 1 1 1 1 1 1 1 1 1 1 1 1 1 

Minimum set cover: 
0 {5, 17, 22, 1, 25, 4, 16}
9 {17, 11, 21, 20, 15, 23}
13 {3, 13, 9, 28, 26, 14}
17 {29, 19, 11, 27, 3, 12, 8}
19 {0, 10, 6, 28, 18, 2, 24, 22, 7, 3, 1, 5, 14, 26}

Elapsed times: init=1.939711 s, comp=0.002712 s, total=1.942423 s, t2=0.000670 s, t3=0.000245 s, t4=0.001797 s
