21 sets, 35 types of elements
Sets:
0 {14}
1 {23, 31, 8, 11, 4, 33, 27, 29, 2, 5, 21, 13, 9, 18, 6, 24, 14, 30, 0, 28}
2 {25}
3 {4, 14, 21, 22, 11, 8, 15, 30, 23, 26, 32}
4 {9}
5 {30, 3, 18, 13, 7, 32, 25, 14, 22, 28, 17, 0}
6 {1, 2, 24, 31, 34, 13, 33, 25, 29, 14, 18, 6, 3, 30, 7, 28, 26, 12, 22, 32, 15, 4}
7 {12}
8 {5, 6}
9 {0}
10 {26, 32, 20, 5, 12, 25}
11 {31}
12 {29, 34, 3, 17, 16, 12, 6, 22, 32, 14, 1}
13 {9, 32, 2, 20, 31}
14 {23, 22, 19, 13, 16, 7, 1}
15 {17, 27, 21, 11, 9, 34, 18, 0, 6}
16 {5, 14, 25, 23, 29, 26, 7, 24, 8, 22, 16, 3, 33}
17 {13, 9, 5, 4, 10, 2, 20, 3}
18 {24}
19 {9, 15, 12, 21, 19, 1, 24, 8, 25, 11, 3, 23}
20 {13, 19, 17, 5, 18, 20, 31, 10, 12, 4, 7, 6, 34, 14, 3, 24}

Solution strand #1057538 at tube 4: 
0 1 0 0 0 0 1 0 0 0 0 0 0 0 1 0 0 0 0 0 1 1 1 1 1 1 1 1 1 1 1 1 1 1 1 1 1 1 1 1 1 1 1 1 1 1 1 1 1 1 1 1 1 1 1 1 

Minimum set cover: 
1 {23, 31, 8, 11, 4, 33, 27, 29, 2, 5, 21, 13, 9, 18, 6, 24, 14, 30, 0, 28}
6 {1, 2, 24, 31, 34, 13, 33, 25, 29, 14, 18, 6, 3, 30, 7, 28, 26, 12, 22, 32, 15, 4}
14 {23, 22, 19, 13, 16, 7, 1}
20 {13, 19, 17, 5, 18, 20, 31, 10, 12, 4, 7, 6, 34, 14, 3, 24}

Elapsed times: init=1.785218 s, comp=0.002950 s, total=1.788168 s, t2=0.000804 s, t3=0.000276 s, t4=0.001870 s
