22 sets, 35 types of elements
Sets:
0 {18, 28}
1 {7}
2 {22}
3 {2, 4, 7, 18, 34, 15, 11, 26}
4 {11}
5 {22}
6 {9, 11, 14, 33, 1, 32, 26, 0, 29, 5, 7, 20}
7 {34, 15, 24, 16}
8 {1, 16, 0, 26}
9 {31}
10 {6}
11 {14, 16, 27, 29, 11, 12, 25, 33, 4, 34, 3}
12 {24}
13 {11, 21, 24, 26, 14, 23, 1, 32, 16, 30, 31}
14 {7, 28, 33, 27, 9, 34, 6, 5, 12, 19, 3, 16, 11, 22, 2}
15 {1}
16 {25, 31, 16, 23, 18, 20, 30, 13, 21, 34, 26}
17 {20, 31, 28, 4, 14, 8, 24, 7, 18, 34, 32, 13, 30, 5, 23, 9, 26}
18 {0, 25, 19, 3, 29}
19 {22, 1, 10, 9, 2, 25, 7, 4, 29, 20, 28, 27, 12, 32, 0, 17, 16, 14, 30, 21}
20 {5, 18, 29, 21, 1, 20, 10, 17, 25, 26, 31, 16, 14, 8, 27, 34}
21 {31, 24, 28, 33}

Solution strand #667752 at tube 4: 
0 0 0 1 0 0 0 0 0 0 0 0 0 0 1 0 0 1 0 1 0 0 1 1 1 1 1 1 1 1 1 1 1 1 1 1 1 1 1 1 1 1 1 1 1 1 1 1 1 1 1 1 1 1 1 1 1 

Minimum set cover: 
3 {2, 4, 7, 18, 34, 15, 11, 26}
14 {7, 28, 33, 27, 9, 34, 6, 5, 12, 19, 3, 16, 11, 22, 2}
17 {20, 31, 28, 4, 14, 8, 24, 7, 18, 34, 32, 13, 30, 5, 23, 9, 26}
19 {22, 1, 10, 9, 2, 25, 7, 4, 29, 20, 28, 27, 12, 32, 0, 17, 16, 14, 30, 21}

Elapsed times: init=1.765159 s, comp=0.003405 s, total=1.768564 s, t2=0.000838 s, t3=0.000308 s, t4=0.002259 s
