24 sets, 30 types of elements
Sets:
0 {10}
1 {0, 7, 21, 28, 11, 6, 25, 22, 3, 18, 4, 14, 12, 19, 17, 8, 1, 23, 5, 15, 13, 9}
2 {5, 11, 18, 2, 12, 26, 0, 23, 19, 10}
3 {17}
4 {28, 0, 17}
5 {7, 24, 18, 8, 4, 25, 19, 11, 20, 5, 26, 29, 2, 13, 3}
6 {9, 3, 23}
7 {26, 2, 12, 15}
8 {26, 12, 20, 28, 0, 2, 22, 29, 11, 8, 10, 1, 19}
9 {12, 27, 18, 4, 17, 29, 10, 28}
10 {6, 18, 21, 25, 4, 26, 29, 23, 15, 20}
11 {8}
12 {0, 29, 4, 21, 19, 13, 26, 14, 2, 15, 22, 6, 28, 20, 23, 11, 9}
13 {25}
14 {0, 6, 5, 29, 3, 18, 16, 27, 9, 19, 11, 25}
15 {28, 4, 27, 19, 16, 11, 26, 22}
16 {27, 29}
17 {19, 29, 18, 17, 23, 28, 5, 0, 14, 4, 2, 7, 15}
18 {18}
19 {15}
20 {29}
21 {2, 26, 0, 17, 3, 18, 16, 22, 27, 29, 21, 23}
22 {5, 18, 21, 28}
23 {5, 13, 16, 18, 6, 10, 24, 22, 2, 26, 20, 29, 3, 21, 19, 14, 27, 9, 12, 1}

Solution strand #8399298 at tube 2: 
0 1 0 0 0 0 0 0 0 0 0 0 0 0 0 0 0 0 0 0 0 0 0 1 1 1 1 1 1 1 1 1 1 1 1 1 1 1 1 1 1 1 1 1 1 1 1 1 1 1 1 1 1 1 

Minimum set cover: 
1 {0, 7, 21, 28, 11, 6, 25, 22, 3, 18, 4, 14, 12, 19, 17, 8, 1, 23, 5, 15, 13, 9}
23 {5, 13, 16, 18, 6, 10, 24, 22, 2, 26, 20, 29, 3, 21, 19, 14, 27, 9, 12, 1}

Elapsed times: init=1.927470 s, comp=0.003571 s, total=1.931041 s, t2=0.000914 s, t3=0.000240 s, t4=0.002417 s
