20 sets, 30 types of elements
Sets:
0 {5, 12, 2, 13, 0, 23, 14, 26}
1 {7, 29, 18, 17, 0, 22, 4, 23, 10, 21, 8, 24, 28}
2 {3, 17, 23, 27, 4, 26, 0, 15}
3 {1, 6, 25}
4 {14, 29, 10, 13, 27, 28, 25}
5 {19}
6 {15}
7 {8}
8 {21, 18}
9 {18, 29, 22, 12, 4, 20, 13, 23, 6}
10 {12, 5, 9, 17, 21, 0, 3, 14, 27}
11 {5, 2, 27, 4, 17, 13, 16, 9, 0, 18, 21, 20, 26, 25, 11, 23}
12 {23, 9, 27, 22, 17, 15, 5, 25, 0, 10}
13 {4, 10, 6, 19, 8, 1}
14 {19, 25, 3, 20, 16, 21}
15 {21}
16 {19, 29, 3, 6, 1, 18, 26}
17 {0, 24, 14, 4}
18 {22}
19 {13, 26, 1, 8, 21, 4, 12, 16, 15, 25, 22}

Solution strand #9378 at tube 5: 
0 1 0 0 0 0 1 0 0 0 1 1 0 1 0 0 0 0 0 0 1 1 1 1 1 1 1 1 1 1 1 1 1 1 1 1 1 1 1 1 1 1 1 1 1 1 1 1 1 1 

Minimum set cover: 
1 {7, 29, 18, 17, 0, 22, 4, 23, 10, 21, 8, 24, 28}
6 {15}
10 {12, 5, 9, 17, 21, 0, 3, 14, 27}
11 {5, 2, 27, 4, 17, 13, 16, 9, 0, 18, 21, 20, 26, 25, 11, 23}
13 {4, 10, 6, 19, 8, 1}

Elapsed times: init=1.809808 s, comp=0.002639 s, total=1.812447 s, t2=0.000663 s, t3=0.000241 s, t4=0.001735 s
