20 sets, 30 types of elements
Sets:
0 {22, 6, 13, 20, 16, 11, 14, 26}
1 {11}
2 {11}
3 {10, 4, 11, 5, 27, 6, 29, 18, 13, 19, 24, 2}
4 {2}
5 {7}
6 {9, 29, 18, 15, 17, 8, 5}
7 {5, 17, 28, 13, 29, 22, 18, 10, 2, 27, 24, 23, 15}
8 {20, 0, 11, 8, 4}
9 {7, 17, 2, 21, 15, 0, 9, 16, 1, 24, 3, 25, 6}
10 {1, 7, 22, 8, 27, 18, 20, 2, 29, 5}
11 {13, 27, 20, 8, 26, 11}
12 {20, 7, 0, 29, 17, 14, 4, 23, 16}
13 {3, 6, 18, 24, 23, 11, 8, 0, 28}
14 {25, 19, 12, 20, 22, 29, 17, 16, 9, 10}
15 {19, 20, 1, 4, 25, 24}
16 {10}
17 {28, 13, 11}
18 {18, 12, 11}
19 {19, 22, 23, 14, 11}

Solution strand #16705 at tube 5: 
1 0 0 0 0 0 0 1 1 1 0 0 0 0 1 0 0 0 0 0 1 1 1 1 1 1 1 1 1 1 1 1 1 1 1 1 1 1 1 1 1 1 1 1 1 1 1 1 1 1 

Minimum set cover: 
0 {22, 6, 13, 20, 16, 11, 14, 26}
7 {5, 17, 28, 13, 29, 22, 18, 10, 2, 27, 24, 23, 15}
8 {20, 0, 11, 8, 4}
9 {7, 17, 2, 21, 15, 0, 9, 16, 1, 24, 3, 25, 6}
14 {25, 19, 12, 20, 22, 29, 17, 16, 9, 10}

Elapsed times: init=1.813694 s, comp=0.002896 s, total=1.816590 s, t2=0.000731 s, t3=0.000265 s, t4=0.001900 s
