21 sets, 30 types of elements
Sets:
0 {3, 5, 2}
1 {16}
2 {19, 4, 0, 20, 3, 17, 1, 28, 29, 5, 27, 24, 10, 2}
3 {10, 3, 4, 25, 11, 27, 1, 19, 17, 21, 14, 15, 12, 23, 28, 5}
4 {17, 27, 15, 3, 5, 11, 0, 23, 13, 20, 16, 8, 18, 25, 4, 9, 22, 7, 26, 29, 19, 12, 28, 1}
5 {6}
6 {12, 4, 29, 26, 7, 1, 20, 8, 6}
7 {28}
8 {1, 4, 8}
9 {26, 10, 15}
10 {20}
11 {28, 12, 25, 13, 2, 11, 3, 21, 9}
12 {10, 28, 26, 8, 18, 16, 4, 13}
13 {12, 20, 16, 4, 15, 28, 24, 6, 10, 29, 0, 25, 22}
14 {15, 18, 16, 27, 6, 24, 0, 11, 14, 8, 13, 1, 10, 17, 5}
15 {28}
16 {1, 25, 28, 19, 5, 3, 14}
17 {7, 24, 19, 25, 23, 18, 9, 28, 10, 6, 5, 4, 22, 2}
18 {13}
19 {5}
20 {5, 21, 7, 13, 18, 8, 27, 12, 1, 26, 20, 22, 24, 23, 19, 2, 0, 10}

Solution strand #26928 at tube 3: 
0 0 0 0 1 0 0 0 0 0 0 1 0 0 1 0 0 0 0 0 0 1 1 1 1 1 1 1 1 1 1 1 1 1 1 1 1 1 1 1 1 1 1 1 1 1 1 1 1 1 1 

Minimum set cover: 
4 {17, 27, 15, 3, 5, 11, 0, 23, 13, 20, 16, 8, 18, 25, 4, 9, 22, 7, 26, 29, 19, 12, 28, 1}
11 {28, 12, 25, 13, 2, 11, 3, 21, 9}
14 {15, 18, 16, 27, 6, 24, 0, 11, 14, 8, 13, 1, 10, 17, 5}

Elapsed times: init=1.814489 s, comp=0.003229 s, total=1.817718 s, t2=0.000895 s, t3=0.000264 s, t4=0.002070 s
