22 sets, 30 types of elements
Sets:
0 {1}
1 {11}
2 {28, 20, 14, 15, 16, 13, 0, 9, 29, 23}
3 {10}
4 {24, 28, 17, 4, 8, 18, 13, 5, 19}
5 {16, 13, 15, 27, 0, 19, 24, 28, 20, 22, 4, 5}
6 {18, 26, 27}
7 {1, 29, 15, 22, 16, 23, 25, 10, 6, 7, 3, 19, 5, 27}
8 {10, 6, 2, 4, 12, 15, 3, 19, 13}
9 {1}
10 {2}
11 {15, 12}
12 {0, 22, 26, 24, 1, 13, 20, 18, 25, 17, 23, 28, 29, 27}
13 {12, 21, 18, 5, 6, 28, 29, 1, 16, 25, 23, 0, 14, 4, 15, 13, 3, 10, 22, 8}
14 {8, 20, 9, 24, 26, 1, 6, 15, 29, 7, 11, 16, 23, 0, 27, 4}
15 {20, 12, 23, 19, 7, 25}
16 {19, 3, 0, 6, 2, 7, 25, 15, 24}
17 {26, 24, 4, 23, 22, 16, 27, 10, 13}
18 {27, 19, 12}
19 {5, 16, 17, 19, 10, 12, 14, 28, 23}
20 {12}
21 {18, 10, 8, 23, 1, 0}

Solution strand #20176 at tube 4: 
0 0 0 0 1 0 0 0 1 0 0 0 0 1 1 0 0 0 0 0 0 0 1 1 1 1 1 1 1 1 1 1 1 1 1 1 1 1 1 1 1 1 1 1 1 1 1 1 1 1 1 1 

Minimum set cover: 
4 {24, 28, 17, 4, 8, 18, 13, 5, 19}
8 {10, 6, 2, 4, 12, 15, 3, 19, 13}
13 {12, 21, 18, 5, 6, 28, 29, 1, 16, 25, 23, 0, 14, 4, 15, 13, 3, 10, 22, 8}
14 {8, 20, 9, 24, 26, 1, 6, 15, 29, 7, 11, 16, 23, 0, 27, 4}

Elapsed times: init=1.769296 s, comp=0.003107 s, total=1.772403 s, t2=0.000797 s, t3=0.000239 s, t4=0.002071 s
