23 sets, 30 types of elements
Sets:
0 {25, 28, 16, 13, 14, 11, 2, 7, 3, 27}
1 {0}
2 {28, 22, 16, 5, 20, 26, 9}
3 {4, 29, 26, 6, 20, 13, 23, 14, 3, 28, 17, 22, 15, 25}
4 {14}
5 {11, 7, 18, 5, 21, 15, 10, 1, 20, 8, 16, 23}
6 {10, 29, 25, 28, 7, 24, 26, 8, 22, 6, 0}
7 {21, 2, 24, 7, 27, 26, 14, 10, 16}
8 {14, 4, 23, 17}
9 {25, 6, 23, 22, 3, 9, 2, 11, 27, 4, 17, 29, 7}
10 {17}
11 {20, 5}
12 {9, 16, 7}
13 {9, 27, 28, 7, 13, 18}
14 {6, 14, 18, 0, 3, 20}
15 {12, 22, 1, 7, 9, 29, 17, 13}
16 {26}
17 {23}
18 {17, 19, 9, 8, 20, 3}
19 {25, 28, 24, 20, 7, 15, 12, 11}
20 {9}
21 {14, 6, 15, 19, 29, 16, 11, 5, 8, 2, 7}
22 {5, 11, 21, 6, 19, 4, 14, 24, 13, 27, 29, 12, 3, 9, 10, 17, 26, 8}

Solution strand #4197633 at tube 4: 
1 0 0 0 0 1 1 0 0 0 0 0 0 0 0 0 0 0 0 0 0 0 1 1 1 1 1 1 1 1 1 1 1 1 1 1 1 1 1 1 1 1 1 1 1 1 1 1 1 1 1 1 1 

Minimum set cover: 
0 {25, 28, 16, 13, 14, 11, 2, 7, 3, 27}
5 {11, 7, 18, 5, 21, 15, 10, 1, 20, 8, 16, 23}
6 {10, 29, 25, 28, 7, 24, 26, 8, 22, 6, 0}
22 {5, 11, 21, 6, 19, 4, 14, 24, 13, 27, 29, 12, 3, 9, 10, 17, 26, 8}

Elapsed times: init=1.862916 s, comp=0.003428 s, total=1.866344 s, t2=0.000836 s, t3=0.000248 s, t4=0.002344 s
