23 sets, 35 types of elements
Sets:
0 {22, 27, 23, 10, 17, 6, 16, 34, 8, 25, 3, 12}
1 {28, 3, 33, 17, 29, 11, 26, 7}
2 {12, 26, 9, 31, 15, 20, 1, 16, 27, 21, 32, 8, 34, 18, 2, 13, 14}
3 {21, 14, 13, 7, 33, 27, 11, 8, 23, 24, 2}
4 {19, 0, 27, 20, 23, 13, 11, 8, 17, 33, 22, 30, 1}
5 {18, 33, 24, 20, 9, 21, 16, 19, 3, 7, 1}
6 {0}
7 {28, 19, 7, 30, 1, 11, 6, 20, 2}
8 {32, 18, 21, 4, 33, 12, 7, 15, 9, 23}
9 {4, 19, 33, 3}
10 {20, 12, 1, 30, 19, 6, 11}
11 {3, 9, 27}
12 {21, 7, 14, 10, 11, 3, 20, 27}
13 {0, 26, 11, 14, 18, 17, 13}
14 {25}
15 {32}
16 {3}
17 {12, 8, 11}
18 {20, 21, 0, 29, 7, 1, 15, 8, 14, 18, 3, 32, 6, 10, 17, 9, 26, 16}
19 {9, 8, 27, 23, 28, 29, 30, 19, 11, 16, 5, 1, 21}
20 {16, 30, 13}
21 {21, 31, 34, 30, 2, 10, 15, 18, 1, 29}
22 {20, 31, 33, 0, 12, 9, 2, 32, 25, 8, 14, 21}

Solution strand #524917 at tube 6: 
1 0 1 0 1 1 0 0 1 0 0 0 0 0 0 0 0 0 0 1 0 0 0 1 1 1 1 1 1 1 1 1 1 1 1 1 1 1 1 1 1 1 1 1 1 1 1 1 1 1 1 1 1 1 1 1 1 1 

Minimum set cover: 
0 {22, 27, 23, 10, 17, 6, 16, 34, 8, 25, 3, 12}
2 {12, 26, 9, 31, 15, 20, 1, 16, 27, 21, 32, 8, 34, 18, 2, 13, 14}
4 {19, 0, 27, 20, 23, 13, 11, 8, 17, 33, 22, 30, 1}
5 {18, 33, 24, 20, 9, 21, 16, 19, 3, 7, 1}
8 {32, 18, 21, 4, 33, 12, 7, 15, 9, 23}
19 {9, 8, 27, 23, 28, 29, 30, 19, 11, 16, 5, 1, 21}

Elapsed times: init=1.797486 s, comp=0.003373 s, total=1.800859 s, t2=0.000902 s, t3=0.000275 s, t4=0.002196 s
