24 sets, 35 types of elements
Sets:
0 {10, 21, 30, 22, 32, 15, 9, 20}
1 {17}
2 {12}
3 {23}
4 {17, 32, 24, 1, 15, 3}
5 {32, 3, 0, 8, 28, 10, 25, 18, 12, 5, 23, 14, 24}
6 {34, 29, 2, 31, 10, 4, 19, 12, 33, 23, 26}
7 {20, 5, 2, 17, 9, 27, 6, 31}
8 {11, 24}
9 {4, 14, 15, 9, 2, 17, 25, 22, 0, 28, 8, 1, 32, 23}
10 {23}
11 {0, 33, 18}
12 {24, 6, 10, 2, 18, 13, 34, 14, 32, 1, 5, 17, 0, 30, 16, 20, 26, 33, 31, 19, 7, 29}
13 {15, 11, 1, 32, 19, 23, 21, 8, 17, 10, 33, 4, 3, 20, 18, 12, 2, 25, 24, 30, 28, 5, 31, 26, 13, 0, 7}
14 {4}
15 {4, 29, 34, 31, 28, 27, 6, 18, 1, 2, 15, 9, 25, 26}
16 {17, 31}
17 {19, 34, 26, 12, 22}
18 {34, 10, 3, 19, 33, 27}
19 {25}
20 {31, 8, 21, 29, 30, 19, 20, 24, 6, 0, 34, 15}
21 {18, 31, 27, 11, 24, 17, 6, 5}
22 {8, 30, 22, 23, 24, 14}
23 {27, 34, 25, 21, 8, 11, 7, 3, 10, 26, 2, 15, 30, 5, 16}

Solution strand #13440 at tube 4: 
0 0 0 0 0 0 0 1 0 1 0 0 1 1 0 0 0 0 0 0 0 0 0 0 1 1 1 1 1 1 1 1 1 1 1 1 1 1 1 1 1 1 1 1 1 1 1 1 1 1 1 1 1 1 1 1 1 1 1 

Minimum set cover: 
7 {20, 5, 2, 17, 9, 27, 6, 31}
9 {4, 14, 15, 9, 2, 17, 25, 22, 0, 28, 8, 1, 32, 23}
12 {24, 6, 10, 2, 18, 13, 34, 14, 32, 1, 5, 17, 0, 30, 16, 20, 26, 33, 31, 19, 7, 29}
13 {15, 11, 1, 32, 19, 23, 21, 8, 17, 10, 33, 4, 3, 20, 18, 12, 2, 25, 24, 30, 28, 5, 31, 26, 13, 0, 7}

Elapsed times: init=1.912647 s, comp=0.003668 s, total=1.916315 s, t2=0.000939 s, t3=0.000279 s, t4=0.002450 s
