25 sets, 30 types of elements
Sets:
0 {23, 19, 24}
1 {11, 7, 28, 2, 6, 21, 5, 10, 8, 13, 18}
2 {23, 11, 4, 24, 22, 12, 13, 16, 25, 1, 18, 7}
3 {27, 14, 13, 3, 16, 0, 25, 1, 7, 11, 6}
4 {6, 17, 23, 0}
5 {17, 0, 12, 1, 3, 8, 19, 13, 2, 10}
6 {28, 8, 14, 3, 17, 4, 19, 29, 25}
7 {20, 5, 18, 4, 19, 23, 10, 16}
8 {9, 6, 27}
9 {24, 8, 25, 2, 6, 1}
10 {8, 18, 3, 23, 11, 9, 29, 22, 27, 19}
11 {9}
12 {21, 0}
13 {29}
14 {26, 21, 16, 12, 0, 22, 20, 13}
15 {1, 18, 25, 29, 6}
16 {11, 9, 20, 6, 16, 29, 7, 8, 12, 10}
17 {13, 27, 17}
18 {8, 12, 17, 27, 18, 22}
19 {19}
20 {16}
21 {12, 26, 24, 11, 20, 1, 2}
22 {27}
23 {20, 23, 0, 19, 17, 6, 1, 2, 22, 7, 24}
24 {19, 14}
No solution found

Elapsed times: init=2.043321 s, comp=0.003666 s, total=2.046987 s, t2=0.000797 s, t3=0.000242 s, t4=0.002627 s
