23 sets, 35 types of elements
Sets:
0 {23, 30, 8, 16, 15, 28, 24, 3}
1 {7}
2 {9}
3 {25, 5, 19, 14, 16, 21, 29, 1, 32, 11, 8, 7, 12, 27, 23, 31, 4, 28, 0, 26, 30, 33, 24, 6, 20, 3, 2, 22, 9, 15, 13, 17, 18}
4 {1}
5 {21, 13, 19, 26, 5, 2}
6 {9, 2, 11, 23, 16, 30}
7 {6, 0, 28, 32, 34, 19, 24, 31, 2, 10}
8 {30, 2, 1, 17, 3, 8, 21, 25, 16, 29, 13}
9 {21, 10, 18, 9, 5, 4, 2, 25, 0, 14, 12, 15}
10 {8, 3, 22, 4, 9, 29, 34, 12, 16, 7, 18, 15, 13}
11 {24, 3, 17, 2, 15, 29}
12 {15, 27, 3, 33, 30, 2, 13, 4, 21, 18, 34, 28, 6}
13 {32, 6}
14 {33}
15 {21, 10, 16}
16 {5, 10, 20, 22, 26, 14, 15}
17 {2, 18, 8, 27, 16, 21, 10, 17, 34, 15, 14, 29, 28, 4, 0, 24, 9, 6, 19, 32}
18 {31, 18, 13, 16, 7, 14}
19 {27}
20 {21, 13, 25, 4}
21 {12, 31, 25, 7, 26, 30, 14, 15, 18, 11, 4, 34, 1}
22 {24, 31, 7, 13, 14, 0, 3}

Solution strand #168 at tube 2: 
0 0 0 1 0 0 0 1 0 0 0 0 0 0 0 0 0 0 0 0 0 0 0 1 1 1 1 1 1 1 1 1 1 1 1 1 1 1 1 1 1 1 1 1 1 1 1 1 1 1 1 1 1 1 1 1 1 1 

Minimum set cover: 
3 {25, 5, 19, 14, 16, 21, 29, 1, 32, 11, 8, 7, 12, 27, 23, 31, 4, 28, 0, 26, 30, 33, 24, 6, 20, 3, 2, 22, 9, 15, 13, 17, 18}
7 {6, 0, 28, 32, 34, 19, 24, 31, 2, 10}

Elapsed times: init=1.797192 s, comp=0.003411 s, total=1.800603 s, t2=0.000912 s, t3=0.000278 s, t4=0.002221 s
