23 sets, 30 types of elements
Sets:
0 {27, 3, 8}
1 {27, 26, 8, 28, 16, 20, 15, 7, 5, 9, 21, 1, 19, 24, 17, 10, 0, 23}
2 {16, 18}
3 {1, 17, 0, 19, 14}
4 {9}
5 {12, 10, 4, 22, 15, 7, 14, 29, 23, 16}
6 {3, 24, 5, 10, 28, 21, 2, 1, 0, 11, 9, 23, 6, 27, 12, 14, 18, 19, 29, 8, 13}
7 {19}
8 {4}
9 {18, 11, 2, 28, 17, 14, 13, 3, 1, 4, 27}
10 {5, 17, 1, 23, 18, 0, 15, 4, 7}
11 {22, 25, 19, 10, 7, 11, 5, 9, 21, 16, 26, 15, 8}
12 {17, 5, 28, 22, 26}
13 {4, 27, 15, 9, 13, 28, 5, 17, 16, 2, 22, 8}
14 {23, 12, 24, 10, 25}
15 {21, 0, 22, 7, 29, 23, 28, 19, 5, 9, 2, 20, 25}
16 {4}
17 {10, 4, 14, 29, 3, 11, 7, 23, 26, 20, 1, 13, 12, 9, 5}
18 {22}
19 {11}
20 {15}
21 {10, 17, 29, 16, 5}
22 {28}

Solution strand #2434 at tube 4: 
0 1 0 0 0 1 1 0 0 0 0 1 0 0 0 0 0 0 0 0 0 0 0 1 1 1 1 1 1 1 1 1 1 1 1 1 1 1 1 1 1 1 1 1 1 1 1 1 1 1 1 1 1 

Minimum set cover: 
1 {27, 26, 8, 28, 16, 20, 15, 7, 5, 9, 21, 1, 19, 24, 17, 10, 0, 23}
5 {12, 10, 4, 22, 15, 7, 14, 29, 23, 16}
6 {3, 24, 5, 10, 28, 21, 2, 1, 0, 11, 9, 23, 6, 27, 12, 14, 18, 19, 29, 8, 13}
11 {22, 25, 19, 10, 7, 11, 5, 9, 21, 16, 26, 15, 8}

Elapsed times: init=1.817766 s, comp=0.003189 s, total=1.820955 s, t2=0.000784 s, t3=0.000234 s, t4=0.002171 s
