24 sets, 30 types of elements
Sets:
0 {26}
1 {6, 2, 7, 11, 4, 28, 17, 19, 5, 12, 16, 13, 27, 15, 23, 8, 25, 10, 0, 24, 1, 22, 3, 14}
2 {13, 23, 14, 8, 24, 1, 28, 6, 3, 19, 11, 10, 4, 0, 29, 12, 21, 20, 15, 16, 22, 9}
3 {23, 18, 21, 27, 4, 8, 24, 13, 16, 28, 12, 0}
4 {13, 27, 11, 18, 2, 8, 19, 22, 9}
5 {27, 6}
6 {14, 16, 23, 10, 6, 13, 5, 26}
7 {22, 15, 28, 18, 14, 20, 29, 9, 13, 10, 11, 25, 0, 17, 16}
8 {9, 17, 1, 5, 12, 4, 11, 20, 8, 2, 19}
9 {27, 2, 20, 8, 11, 10, 18, 1}
10 {16, 13, 4, 0, 8, 27, 26, 25, 22, 15}
11 {25, 15}
12 {1, 21, 5, 18}
13 {25}
14 {27, 1, 21, 18, 16}
15 {24, 6, 23, 15, 0, 22, 19, 20, 1}
16 {2, 12, 16, 8, 14}
17 {24}
18 {13, 21, 12, 19, 14, 1}
19 {20}
20 {15}
21 {23, 14, 22, 7, 1}
22 {26, 23, 6, 2, 19, 10, 4, 11, 17, 8, 9, 13, 7, 29, 24, 18, 15}
23 {10}

Solution strand #4220006 at tube 3: 
0 1 1 0 0 0 0 0 0 0 0 0 0 0 0 0 0 0 0 0 0 0 1 0 1 1 1 1 1 1 1 1 1 1 1 1 1 1 1 1 1 1 1 1 1 1 1 1 1 1 1 1 1 1 

Minimum set cover: 
1 {6, 2, 7, 11, 4, 28, 17, 19, 5, 12, 16, 13, 27, 15, 23, 8, 25, 10, 0, 24, 1, 22, 3, 14}
2 {13, 23, 14, 8, 24, 1, 28, 6, 3, 19, 11, 10, 4, 0, 29, 12, 21, 20, 15, 16, 22, 9}
22 {26, 23, 6, 2, 19, 10, 4, 11, 17, 8, 9, 13, 7, 29, 24, 18, 15}

Elapsed times: init=1.856642 s, comp=0.003597 s, total=1.860239 s, t2=0.000909 s, t3=0.000244 s, t4=0.002444 s
