25 sets, 30 types of elements
Sets:
0 {17, 19, 5}
1 {26, 11, 8, 27, 17}
2 {17}
3 {1, 13, 6, 16, 8, 18, 27}
4 {19, 20, 13, 27, 6, 4, 22, 16, 1, 18, 17, 12, 8, 9, 5}
5 {25, 26, 1, 18, 15, 4}
6 {16}
7 {17, 0, 8, 22}
8 {3}
9 {6}
10 {10}
11 {2, 27, 16, 8, 29, 28, 1, 22}
12 {11, 19, 29}
13 {8, 10, 15, 19, 16, 5, 28, 6, 14, 27, 2, 22, 17, 29}
14 {22}
15 {13, 14}
16 {12, 5, 2, 10, 29, 21, 0, 17}
17 {11}
18 {6}
19 {17, 1, 29, 28, 3, 16, 24, 11, 2, 8, 25, 7, 19}
20 {12}
21 {24, 21, 23, 4, 1, 16, 10, 9, 20, 29}
22 {17, 2, 11, 24, 6, 27, 3, 25, 20, 16, 9}
23 {12, 29, 4, 14, 20}
24 {10, 0, 23, 21, 27, 24, 12, 15, 8}

Solution strand #17318002 at tube 5: 
0 1 0 0 1 0 0 0 0 0 0 0 0 1 0 0 0 0 0 1 0 0 0 0 1 1 1 1 1 1 1 1 1 1 1 1 1 1 1 1 1 1 1 1 1 1 1 1 1 1 1 1 1 1 1 

Minimum set cover: 
1 {26, 11, 8, 27, 17}
4 {19, 20, 13, 27, 6, 4, 22, 16, 1, 18, 17, 12, 8, 9, 5}
13 {8, 10, 15, 19, 16, 5, 28, 6, 14, 27, 2, 22, 17, 29}
19 {17, 1, 29, 28, 3, 16, 24, 11, 2, 8, 25, 7, 19}
24 {10, 0, 23, 21, 27, 24, 12, 15, 8}

Elapsed times: init=2.157380 s, comp=0.003676 s, total=2.161056 s, t2=0.000741 s, t3=0.000237 s, t4=0.002698 s
