24 sets, 35 types of elements
Sets:
0 {5, 16, 1, 6, 0, 13, 18, 26, 14}
1 {3, 11, 2, 26, 8, 10, 32, 30, 29, 12}
2 {18, 20, 23, 7, 10, 11, 28}
3 {9, 19, 2, 6, 32}
4 {15}
5 {29, 34, 5, 0, 24, 25, 23, 3, 21, 8, 31, 26, 32, 22, 13, 16, 11, 27, 30, 7, 15, 12, 1, 28, 6}
6 {15, 3, 33, 10, 32, 23, 9, 27, 11, 22, 12, 13, 4}
7 {0}
8 {26, 0, 7}
9 {16}
10 {9, 31, 30, 0, 27, 24, 32, 26, 21}
11 {32, 14, 6, 22, 8, 28, 25, 16, 2, 30, 17}
12 {21}
13 {29, 6, 7, 32, 1}
14 {29, 26, 15, 2}
15 {11}
16 {25, 7, 11, 32, 8, 26, 2, 20, 33, 3, 21, 12, 0, 6, 30, 17, 23, 16, 1, 5, 4, 34, 28}
17 {9, 16, 13}
18 {13}
19 {24, 32, 3, 14, 17, 10, 27, 20, 26, 25, 5, 34}
20 {7, 4, 1, 14, 11, 33, 30, 2, 20, 5, 28, 27}
21 {11, 21, 15, 4, 30, 32, 1, 24, 27, 29, 18, 31, 12, 5, 25, 17}
22 {16, 33, 19, 7, 9, 3, 24}
23 {30, 10, 22, 28, 1, 14, 5, 3, 15, 32, 6, 20, 12, 0, 33, 7, 27, 24}

Solution strand #10489096 at tube 4: 
0 0 0 1 0 1 0 0 0 0 0 0 0 0 0 0 0 0 0 0 0 1 0 1 1 1 1 1 1 1 1 1 1 1 1 1 1 1 1 1 1 1 1 1 1 1 1 1 1 1 1 1 1 1 1 1 1 1 1 

Minimum set cover: 
3 {9, 19, 2, 6, 32}
5 {29, 34, 5, 0, 24, 25, 23, 3, 21, 8, 31, 26, 32, 22, 13, 16, 11, 27, 30, 7, 15, 12, 1, 28, 6}
21 {11, 21, 15, 4, 30, 32, 1, 24, 27, 29, 18, 31, 12, 5, 25, 17}
23 {30, 10, 22, 28, 1, 14, 5, 3, 15, 32, 6, 20, 12, 0, 33, 7, 27, 24}

Elapsed times: init=2.010410 s, comp=0.003804 s, total=2.014214 s, t2=0.001011 s, t3=0.000287 s, t4=0.002506 s
