23 sets, 30 types of elements
Sets:
0 {6, 16, 21, 27, 14, 4, 5, 12, 19}
1 {2, 14, 23, 27, 20, 22, 6, 19}
2 {16, 0, 3}
3 {28, 22, 11}
4 {20, 0, 1, 8, 4, 26, 11, 6, 9, 21, 29, 3, 16, 19, 5, 17, 25, 15, 22}
5 {13, 10, 2, 1, 7}
6 {1, 13, 2, 26, 14, 4, 21, 16}
7 {0}
8 {5, 14, 17, 2, 0, 20, 18, 25, 23, 13, 24, 12}
9 {24, 1, 23}
10 {9}
11 {8, 16, 23, 6, 3, 17, 24, 0}
12 {1, 25, 7, 13, 26, 16, 17, 22, 5, 2, 15, 8, 10}
13 {11, 15, 2, 7, 25, 4}
14 {25, 13, 22, 6, 10, 19, 1, 16, 2, 21, 17}
15 {25, 2, 12}
16 {24, 4, 18}
17 {13, 17, 8, 2, 19, 10, 1, 9, 23, 16, 27, 22, 3}
18 {20}
19 {27, 21, 25, 4, 10, 12, 26, 18, 11, 19, 2, 17, 20}
20 {13, 4}
21 {23, 24, 17, 6, 10, 13, 21, 22, 0, 14, 20, 9, 4, 3, 27, 1, 8, 15}
22 {2, 24, 28, 6, 23, 15, 8, 19, 0, 17, 22, 5, 14, 18, 13, 27, 9, 20, 16, 4}

Solution strand #4200401 at tube 4: 
1 0 0 0 1 1 0 0 0 0 0 0 0 0 0 0 0 0 0 0 0 0 1 1 1 1 1 1 1 1 1 1 1 1 1 1 1 1 1 1 1 1 1 1 1 1 1 1 1 1 1 1 1 

Minimum set cover: 
0 {6, 16, 21, 27, 14, 4, 5, 12, 19}
4 {20, 0, 1, 8, 4, 26, 11, 6, 9, 21, 29, 3, 16, 19, 5, 17, 25, 15, 22}
5 {13, 10, 2, 1, 7}
22 {2, 24, 28, 6, 23, 15, 8, 19, 0, 17, 22, 5, 14, 18, 13, 27, 9, 20, 16, 4}

Elapsed times: init=1.839297 s, comp=0.003415 s, total=1.842712 s, t2=0.000928 s, t3=0.000240 s, t4=0.002247 s
