24 sets, 35 types of elements
Sets:
0 {1, 19, 12, 3, 5, 21, 34, 30}
1 {0}
2 {8, 14, 3, 18, 27, 32}
3 {5, 9, 32, 2, 6, 23, 3, 30, 34}
4 {0}
5 {19}
6 {30, 24, 10, 8, 23, 25, 13, 4, 15}
7 {2, 28, 14, 25}
8 {7, 18, 17, 28, 10, 5}
9 {28, 8, 14, 17, 30, 7}
10 {32, 12, 28}
11 {16, 14, 18, 13, 24, 2, 4, 33, 6, 32, 12, 23, 10, 34}
12 {18, 32, 22, 11, 12, 20, 3, 16, 33, 5, 30, 6, 1, 19, 29, 2, 21, 15}
13 {14, 16, 28, 20, 13, 19, 18, 31, 21, 11}
14 {11, 13, 12, 25, 30, 15, 19, 29, 9, 1, 6, 27, 10, 16, 32, 24}
15 {20}
16 {31}
17 {9}
18 {33, 13, 6, 28, 14, 12, 23, 9, 30, 24}
19 {9, 22, 20, 25, 4, 10, 19, 18, 31, 21, 14}
20 {0, 17, 25, 15, 34, 9, 27, 22, 14, 10, 5, 2, 32, 26, 20, 3, 18, 28}
21 {22}
22 {13, 7, 34, 30, 4, 18, 1, 22, 31, 16, 25, 8, 23, 17}
23 {6, 4, 7, 33, 19, 25, 22, 17, 31, 1, 18, 14, 3, 23, 26, 28}

Solution strand #5253600 at tube 4: 
0 0 0 0 0 0 0 0 0 0 0 1 1 0 0 0 0 0 0 0 1 0 1 0 1 1 1 1 1 1 1 1 1 1 1 1 1 1 1 1 1 1 1 1 1 1 1 1 1 1 1 1 1 1 1 1 1 1 1 

Minimum set cover: 
11 {16, 14, 18, 13, 24, 2, 4, 33, 6, 32, 12, 23, 10, 34}
12 {18, 32, 22, 11, 12, 20, 3, 16, 33, 5, 30, 6, 1, 19, 29, 2, 21, 15}
20 {0, 17, 25, 15, 34, 9, 27, 22, 14, 10, 5, 2, 32, 26, 20, 3, 18, 28}
22 {13, 7, 34, 30, 4, 18, 1, 22, 31, 16, 25, 8, 23, 17}

Elapsed times: init=2.022577 s, comp=0.003819 s, total=2.026396 s, t2=0.000973 s, t3=0.000292 s, t4=0.002554 s
