21 sets, 30 types of elements
Sets:
0 {16, 27, 1, 29, 17, 25, 9, 5, 24, 14, 10, 8, 6, 13, 21, 0}
1 {20, 8, 18, 24, 28, 26, 27, 1, 25, 19, 21, 23, 9, 5, 6}
2 {8, 10, 2, 16, 29, 25, 1, 26, 6}
3 {16}
4 {25, 1, 5, 22, 9}
5 {29}
6 {7}
7 {26, 13}
8 {3, 19, 5, 28, 25, 21, 23, 17}
9 {14, 6, 7, 15, 29, 28, 23, 25, 19, 11}
10 {12, 14, 13, 26, 29, 2, 9, 6, 15, 25, 10, 4, 17, 0, 22, 11}
11 {3, 25, 22, 4, 8, 28, 10, 11, 29, 0, 2, 15}
12 {10}
13 {19, 3, 0, 13, 22, 9, 10, 2, 8, 24, 17, 28, 16, 11, 21}
14 {12, 10, 22, 26, 20, 24, 21, 16, 2, 11, 13, 3}
15 {13, 10, 7, 3}
16 {16, 0, 24, 10, 15, 19, 21, 7, 14, 28, 27, 20}
17 {28, 11, 5, 12, 18}
18 {25, 18, 17, 22, 0, 29, 21, 26, 4, 11, 9, 28, 27, 1, 10, 7, 15}
19 {19, 1, 9, 16, 23, 29, 11, 12, 26, 0}
20 {17, 24, 20, 25, 1, 11, 16, 15, 6, 7, 13}

Solution strand #13986 at tube 4: 
0 1 0 0 0 0 1 0 0 0 1 0 0 1 0 0 0 0 0 0 0 1 1 1 1 1 1 1 1 1 1 1 1 1 1 1 1 1 1 1 1 1 1 1 1 1 1 1 1 1 1 

Minimum set cover: 
1 {20, 8, 18, 24, 28, 26, 27, 1, 25, 19, 21, 23, 9, 5, 6}
6 {7}
10 {12, 14, 13, 26, 29, 2, 9, 6, 15, 25, 10, 4, 17, 0, 22, 11}
13 {19, 3, 0, 13, 22, 9, 10, 2, 8, 24, 17, 28, 16, 11, 21}

Elapsed times: init=1.848860 s, comp=0.003927 s, total=1.852787 s, t2=0.001115 s, t3=0.000283 s, t4=0.002529 s
