22 sets, 35 types of elements
Sets:
0 {13}
1 {9, 12, 16, 27, 33, 1, 17, 11, 31, 25, 20, 34, 4, 29, 24, 22}
2 {9}
3 {25}
4 {4, 20, 24, 10, 25, 18, 8, 16}
5 {29}
6 {11, 9, 34}
7 {5, 14}
8 {33, 27, 17, 6}
9 {5, 4, 19, 10, 22, 3, 14, 1, 28, 18, 27, 2, 24}
10 {8, 14, 27, 18, 29, 9, 31, 26, 25, 19, 17, 2, 12}
11 {31, 6, 3, 21, 8}
12 {11, 26, 25, 19, 17, 23, 24, 20, 28, 16, 33, 3, 22, 13, 29, 21, 18, 9, 10, 14}
13 {15}
14 {16}
15 {11, 20, 24, 17, 2, 9, 21, 8, 12, 26, 29, 0, 23}
16 {0, 17, 14, 5, 30, 10, 24, 21, 19}
17 {32, 1, 7, 21, 0, 22, 24, 10, 3, 5, 11, 26, 15, 19, 30, 13, 16, 8}
18 {0, 11, 4}
19 {11}
20 {12, 4, 10}
21 {25, 12, 24, 4, 3, 31, 1, 18, 8, 23, 9, 22, 16, 17, 7, 32}

Solution strand #138946 at tube 5: 
0 1 0 0 0 0 0 0 0 0 1 1 1 0 0 0 0 1 0 0 0 0 1 1 1 1 1 1 1 1 1 1 1 1 1 1 1 1 1 1 1 1 1 1 1 1 1 1 1 1 1 1 1 1 1 1 1 

Minimum set cover: 
1 {9, 12, 16, 27, 33, 1, 17, 11, 31, 25, 20, 34, 4, 29, 24, 22}
10 {8, 14, 27, 18, 29, 9, 31, 26, 25, 19, 17, 2, 12}
11 {31, 6, 3, 21, 8}
12 {11, 26, 25, 19, 17, 23, 24, 20, 28, 16, 33, 3, 22, 13, 29, 21, 18, 9, 10, 14}
17 {32, 1, 7, 21, 0, 22, 24, 10, 3, 5, 11, 26, 15, 19, 30, 13, 16, 8}

Elapsed times: init=1.766976 s, comp=0.003301 s, total=1.770277 s, t2=0.000834 s, t3=0.000299 s, t4=0.002168 s
