25 sets, 35 types of elements
Sets:
0 {23, 27, 26, 28, 34, 29, 14, 0, 33, 16, 5, 30, 12, 11, 2, 7, 31}
1 {21, 18, 26, 32, 6, 14, 27, 31, 3, 23, 9, 17, 7, 15, 33, 5, 20, 34, 13}
2 {30, 6, 4, 27, 7, 26, 10}
3 {27}
4 {10, 28, 2, 4, 3, 14, 32, 12, 26, 1, 11}
5 {7, 28, 0, 31, 22, 2, 8, 24, 18, 26, 1, 16, 29, 3, 23, 9, 20, 25, 6, 5, 15, 32, 13}
6 {8, 27, 18, 31, 7}
7 {14, 31, 17, 29, 20, 12, 27}
8 {29, 16, 26, 24, 2, 14, 1, 17, 20, 6, 5, 34, 19}
9 {25}
10 {20, 12, 4, 22}
11 {17, 0, 34, 14, 27, 4, 23, 32, 28, 26, 11, 7, 29, 6, 18, 33, 31, 16, 30, 5, 3, 24, 12, 10, 15, 20, 9}
12 {21, 13, 30, 19, 3, 24, 22, 28, 16, 6, 23, 25, 15, 17, 31, 18, 2, 0}
13 {5, 21, 4, 27}
14 {2}
15 {17, 29, 3, 13, 15, 16, 12, 0, 14}
16 {19, 23, 2, 4, 17, 32, 26}
17 {1, 18}
18 {11, 26, 19, 4, 0, 30, 20, 16}
19 {32, 31, 0, 19, 30, 29, 22, 3, 15, 34, 26, 21}
20 {12, 34, 5, 11}
21 {8}
22 {19, 11, 18, 30, 32, 0, 17, 22, 23, 14, 33, 4, 3, 34}
23 {8, 19, 32, 25, 34, 15, 27, 29, 22, 17, 31, 13, 14, 28, 24, 26, 33, 1, 20}
24 {24, 12, 18, 32, 9, 6, 31, 33, 26, 11, 5, 4, 8}

Solution strand #6464 at tube 3: 
0 0 0 0 0 1 0 0 0 0 0 1 1 0 0 0 0 0 0 0 0 0 0 0 0 1 1 1 1 1 1 1 1 1 1 1 1 1 1 1 1 1 1 1 1 1 1 1 1 1 1 1 1 1 1 1 1 1 1 1 

Minimum set cover: 
5 {7, 28, 0, 31, 22, 2, 8, 24, 18, 26, 1, 16, 29, 3, 23, 9, 20, 25, 6, 5, 15, 32, 13}
11 {17, 0, 34, 14, 27, 4, 23, 32, 28, 26, 11, 7, 29, 6, 18, 33, 31, 16, 30, 5, 3, 24, 12, 10, 15, 20, 9}
12 {21, 13, 30, 19, 3, 24, 22, 28, 16, 6, 23, 25, 15, 17, 31, 18, 2, 0}

Elapsed times: init=2.054940 s, comp=0.004162 s, total=2.059102 s, t2=0.001200 s, t3=0.000281 s, t4=0.002681 s
