23 vertices
Adjacency matrix:
   0  1  2  3  4  5  6  7  8  9  10  11  12  13  14  15  16  17  18  19  20  21  22  
0  0  0  1  1  1  0  1  0  1  1  1  0  1  1  1  0  0  1  0  1  0  1  1  
1  0  0  0  0  1  0  0  0  0  0  1  1  1  0  1  1  0  1  0  1  0  0  1  
2  1  0  0  1  0  0  0  0  1  0  0  0  0  0  0  1  0  1  1  0  0  1  0  
3  1  0  1  0  0  0  1  0  1  0  1  1  1  0  0  0  0  0  0  0  1  1  0  
4  1  1  0  0  0  0  1  1  1  1  1  1  0  1  1  1  0  1  0  1  0  1  0  
5  0  0  0  0  0  0  1  1  0  0  1  1  0  0  1  0  1  0  0  0  1  0  0  
6  1  0  0  1  1  1  0  1  0  1  1  0  0  0  0  0  1  0  1  0  1  1  1  
7  0  0  0  0  1  1  1  0  0  1  1  1  1  1  0  1  0  1  0  0  0  1  1  
8  1  0  1  1  1  0  0  0  0  0  0  1  0  1  1  0  0  0  1  0  1  1  1  
9  1  0  0  0  1  0  1  1  0  0  1  1  0  0  1  1  1  1  1  0  0  0  0  
10  1  1  0  1  1  1  1  1  0  1  0  1  0  0  0  0  1  0  0  0  0  1  1  
11  0  1  0  1  1  1  0  1  1  1  1  0  1  1  1  0  0  0  0  0  0  0  1  
12  1  1  0  1  0  0  0  1  0  0  0  1  0  1  1  0  0  0  0  0  1  1  1  
13  1  0  0  0  1  0  0  1  1  0  0  1  1  0  1  1  0  1  1  1  1  1  0  
14  1  1  0  0  1  1  0  0  1  1  0  1  1  1  0  1  1  0  0  1  1  1  1  
15  0  1  1  0  1  0  0  1  0  1  0  0  0  1  1  0  0  0  0  0  0  0  0  
16  0  0  0  0  0  1  1  0  0  1  1  0  0  0  1  0  0  0  0  0  0  0  1  
17  1  1  1  0  1  0  0  1  0  1  0  0  0  1  0  0  0  0  0  1  1  0  1  
18  0  0  1  0  0  0  1  0  1  1  0  0  0  1  0  0  0  0  0  0  0  1  1  
19  1  1  0  0  1  0  0  0  0  0  0  0  0  1  1  0  0  1  0  0  0  1  0  
20  0  0  0  1  0  1  1  0  1  0  0  0  1  1  1  0  0  1  0  0  0  0  0  
21  1  0  1  1  1  0  1  1  1  0  1  0  1  1  1  0  0  0  1  1  0  0  0  
22  1  1  0  0  0  0  1  1  1  0  1  1  1  0  1  0  1  1  1  0  0  0  0  

Solution strand #2105489 at tube 6: 
1 0 0 0 1 0 0 0 1 0 0 0 0 1 1 0 0 0 0 0 0 1 0 

Maximum clique has size 6: 
0 4 8 13 14 21 
Elapsed times: init=1.822548 s, comp=4.545975 s, total=6.368523 s
