20 vertices
Adjacency matrix:
   0  1  2  3  4  5  6  7  8  9  10  11  12  13  14  15  16  17  18  19  
0  0  0  1  1  1  0  0  0  0  1  0  1  1  0  1  1  0  1  1  0  
1  0  0  1  1  1  1  1  0  0  1  1  1  1  0  1  1  1  0  0  1  
2  1  1  0  0  1  0  0  0  0  0  1  0  1  1  1  0  1  0  0  1  
3  1  1  0  0  0  0  0  1  0  1  1  1  1  0  1  0  0  0  0  1  
4  1  1  1  0  0  0  0  0  1  0  1  1  0  1  1  0  1  0  1  0  
5  0  1  0  0  0  0  0  0  0  1  0  0  0  0  1  0  0  1  0  1  
6  0  1  0  0  0  0  0  1  0  1  0  0  1  0  1  1  1  1  0  0  
7  0  0  0  1  0  0  1  0  0  1  1  1  1  0  0  0  0  1  0  1  
8  0  0  0  0  1  0  0  0  0  0  1  1  1  1  1  0  0  0  0  0  
9  1  1  0  1  0  1  1  1  0  0  0  1  1  1  1  1  0  1  0  1  
10  0  1  1  1  1  0  0  1  1  0  0  0  0  1  0  0  1  1  0  0  
11  1  1  0  1  1  0  0  1  1  1  0  0  1  1  1  0  0  1  1  0  
12  1  1  1  1  0  0  1  1  1  1  0  1  0  1  1  1  1  0  0  0  
13  0  0  1  0  1  0  0  0  1  1  1  1  1  0  1  0  0  1  0  1  
14  1  1  1  1  1  1  1  0  1  1  0  1  1  1  0  1  0  0  0  1  
15  1  1  0  0  0  0  1  0  0  1  0  0  1  0  1  0  1  0  1  1  
16  0  1  1  0  1  0  1  0  0  0  1  0  1  0  0  1  0  0  0  0  
17  1  0  0  0  0  1  1  1  0  1  1  1  0  1  0  0  0  0  1  0  
18  1  0  0  0  1  0  0  0  0  0  0  1  0  0  0  1  0  1  0  1  
19  0  1  1  1  0  1  0  1  0  1  0  0  0  1  1  1  0  0  1  0  

Solution strand #18355 at tube 6: 
1 0 0 1 0 0 0 0 0 1 0 1 1 0 1 0 0 0 0 0 

Maximum clique has size 6: 
0 3 9 11 12 14 
Elapsed times: init=1.754564 s, comp=1.625792 s, total=3.380356 s
