19 vertices
Adjacency matrix:
   0  1  2  3  4  5  6  7  8  9  10  11  12  13  14  15  16  17  18  
0  0  0  1  1  1  1  1  0  0  0  0  1  1  0  0  0  0  1  1  
1  0  0  1  1  1  0  1  1  0  0  0  1  0  1  0  0  0  0  0  
2  1  1  0  1  0  1  0  1  1  0  1  0  1  1  1  0  0  1  0  
3  1  1  1  0  0  0  1  1  1  0  0  1  1  1  1  0  0  1  1  
4  1  1  0  0  0  0  0  0  0  0  0  1  0  0  0  1  0  0  0  
5  1  0  1  0  0  0  0  0  0  0  1  0  1  0  0  0  1  1  0  
6  1  1  0  1  0  0  0  1  1  0  1  1  1  0  1  1  1  0  1  
7  0  1  1  1  0  0  1  0  1  1  1  1  1  0  1  1  0  0  1  
8  0  0  1  1  0  0  1  1  0  0  1  1  1  1  1  0  1  0  1  
9  0  0  0  0  0  0  0  1  0  0  1  0  1  1  0  1  0  0  1  
10  0  0  1  0  0  1  1  1  1  1  0  1  1  0  0  0  1  0  0  
11  1  1  0  1  1  0  1  1  1  0  1  0  1  0  1  1  0  0  0  
12  1  0  1  1  0  1  1  1  1  1  1  1  0  0  1  0  0  1  0  
13  0  1  1  1  0  0  0  0  1  1  0  0  0  0  1  0  1  1  0  
14  0  0  1  1  0  0  1  1  1  0  0  1  1  1  0  1  1  0  0  
15  0  0  0  0  1  0  1  1  0  1  0  1  0  0  1  0  0  0  0  
16  0  0  0  0  0  1  1  0  1  0  1  0  0  1  1  0  0  1  0  
17  1  0  1  1  0  1  0  0  0  0  0  0  1  1  0  0  1  0  0  
18  1  0  0  1  0  0  1  1  1  1  0  0  0  0  0  0  0  0  0  

Solution strand #21582 at tube 7: 
0 0 0 1 0 0 1 1 1 0 0 1 1 0 1 0 0 0 0 

Maximum clique has size 7: 
3 6 7 8 11 12 14 
Elapsed times: init=1.780677 s, comp=1.181458 s, total=2.962135 s
