18 vertices
Adjacency matrix:
   0  1  2  3  4  5  6  7  8  9  10  11  12  13  14  15  16  17  
0  0  1  0  1  0  1  1  0  0  1  1  0  1  0  0  0  1  0  
1  1  0  0  1  0  0  1  0  0  0  1  1  1  1  1  1  1  1  
2  0  0  0  0  1  0  0  0  0  1  0  0  1  1  1  0  0  0  
3  1  1  0  0  1  1  1  0  1  1  0  0  1  1  1  0  1  1  
4  0  0  1  1  0  1  0  0  1  0  0  0  1  0  1  1  1  1  
5  1  0  0  1  1  0  1  1  0  0  1  1  0  1  1  1  0  0  
6  1  1  0  1  0  1  0  1  1  1  0  0  1  1  0  0  0  0  
7  0  0  0  0  0  1  1  0  0  1  1  1  0  1  1  1  0  0  
8  0  0  0  1  1  0  1  0  0  1  0  1  0  1  0  0  0  1  
9  1  0  1  1  0  0  1  1  1  0  0  0  1  0  0  1  0  0  
10  1  1  0  0  0  1  0  1  0  0  0  1  1  1  0  0  0  1  
11  0  1  0  0  0  1  0  1  1  0  1  0  1  1  0  1  0  1  
12  1  1  1  1  1  0  1  0  0  1  1  1  0  1  1  0  1  1  
13  0  1  1  1  0  1  1  1  1  0  1  1  1  0  1  0  0  0  
14  0  1  1  1  1  1  0  1  0  0  0  0  1  1  0  0  1  0  
15  0  1  0  0  1  1  0  1  0  1  0  1  0  0  0  0  0  1  
16  1  1  0  1  1  0  0  0  0  0  0  0  1  0  1  0  0  0  
17  0  1  0  1  1  0  0  0  1  0  1  1  1  0  0  1  0  0  

Solution strand #4441 at tube 5: 
1 1 0 1 0 0 1 0 0 0 0 0 1 0 0 0 0 0 

Maximum clique has size 5: 
0 1 3 6 12 
Elapsed times: init=1.748794 s, comp=1.226105 s, total=2.974899 s
