19 vertices
Adjacency matrix:
   0  1  2  3  4  5  6  7  8  9  10  11  12  13  14  15  16  17  18  
0  0  1  0  0  1  1  1  0  1  1  1  1  0  1  1  0  1  0  0  
1  1  0  0  0  0  1  0  1  0  1  1  1  1  1  0  0  1  0  0  
2  0  0  0  0  1  0  1  0  1  0  1  1  0  1  0  1  0  0  1  
3  0  0  0  0  1  1  1  0  1  1  1  1  1  0  0  0  0  1  0  
4  1  0  1  1  0  0  0  1  1  0  0  0  0  0  1  0  0  1  0  
5  1  1  0  1  0  0  0  0  1  1  1  0  0  0  0  1  0  1  0  
6  1  0  1  1  0  0  0  1  1  0  1  0  0  1  1  0  0  0  1  
7  0  1  0  0  1  0  1  0  1  0  0  1  1  0  1  0  1  0  1  
8  1  0  1  1  1  1  1  1  0  0  1  0  1  1  1  0  0  0  1  
9  1  1  0  1  0  1  0  0  0  0  0  1  0  1  0  1  0  1  1  
10  1  1  1  1  0  1  1  0  1  0  0  0  0  0  0  1  1  1  1  
11  1  1  1  1  0  0  0  1  0  1  0  0  0  0  1  1  0  0  0  
12  0  1  0  1  0  0  0  1  1  0  0  0  0  1  0  1  0  0  1  
13  1  1  1  0  0  0  1  0  1  1  0  0  1  0  0  1  0  0  0  
14  1  0  0  0  1  0  1  1  1  0  0  1  0  0  0  0  0  1  0  
15  0  0  1  0  0  1  0  0  0  1  1  1  1  1  0  0  0  0  0  
16  1  1  0  0  0  0  0  1  0  0  1  0  0  0  0  0  0  0  0  
17  0  0  0  1  1  1  0  0  0  1  1  0  0  0  1  0  0  0  1  
18  0  0  1  0  0  0  1  1  1  1  1  0  1  0  0  0  0  1  0  

Solution strand #264452 at tube 5: 
0 0 1 0 0 0 1 0 1 0 1 0 0 0 0 0 0 0 1 

Maximum clique has size 5: 
2 6 8 10 18 
Elapsed times: init=1.749582 s, comp=1.360089 s, total=3.109671 s
