19 vertices
Adjacency matrix:
   0  1  2  3  4  5  6  7  8  9  10  11  12  13  14  15  16  17  18  
0  0  0  1  1  1  0  1  1  0  0  1  0  1  0  1  0  0  1  1  
1  0  0  0  0  0  0  1  0  1  1  1  0  1  1  0  1  1  0  0  
2  1  0  0  0  1  0  1  1  0  1  1  1  0  1  0  1  1  0  1  
3  1  0  0  0  0  1  1  0  1  0  0  0  1  1  1  0  1  0  0  
4  1  0  1  0  0  1  1  1  1  0  0  1  1  1  1  0  0  0  0  
5  0  0  0  1  1  0  1  0  1  1  0  1  1  1  1  1  1  0  0  
6  1  1  1  1  1  1  0  0  0  0  0  1  0  1  1  1  1  0  1  
7  1  0  1  0  1  0  0  0  0  1  0  0  1  0  1  0  1  1  1  
8  0  1  0  1  1  1  0  0  0  1  1  0  1  1  0  1  1  1  0  
9  0  1  1  0  0  1  0  1  1  0  1  1  1  1  0  1  0  0  1  
10  1  1  1  0  0  0  0  0  1  1  0  0  0  1  0  0  0  0  0  
11  0  0  1  0  1  1  1  0  0  1  0  0  1  0  0  1  1  0  1  
12  1  1  0  1  1  1  0  1  1  1  0  1  0  0  0  0  0  1  0  
13  0  1  1  1  1  1  1  0  1  1  1  0  0  0  0  0  0  0  1  
14  1  0  0  1  1  1  1  1  0  0  0  0  0  0  0  1  0  0  1  
15  0  1  1  0  0  1  1  0  1  1  0  1  0  0  1  0  1  0  1  
16  0  1  1  1  0  1  1  1  1  0  0  1  0  0  0  1  0  1  1  
17  1  0  0  0  0  0  0  1  1  0  0  0  1  0  0  0  1  0  1  
18  1  0  1  0  0  0  1  1  0  1  0  1  0  1  1  1  1  1  0  

Solution strand #271183 at tube 6: 
0 0 1 0 0 0 1 0 0 0 0 1 0 0 0 1 1 0 1 

Maximum clique has size 6: 
2 6 11 15 16 18 
Elapsed times: init=1.751928 s, comp=1.272484 s, total=3.024412 s
