24 vertices
Adjacency matrix:
   0  1  2  3  4  5  6  7  8  9  10  11  12  13  14  15  16  17  18  19  20  21  22  23  
0  0  1  1  1  1  1  0  1  1  1  0  1  1  1  1  1  1  0  0  1  1  0  0  0  
1  1  0  0  1  0  1  1  0  0  1  1  1  0  0  0  0  1  1  0  0  0  1  0  1  
2  1  0  0  1  1  1  1  0  0  0  0  0  1  1  1  1  0  0  0  0  1  1  0  1  
3  1  1  1  0  1  1  1  1  1  1  1  1  0  0  1  0  1  0  1  0  0  1  1  1  
4  1  0  1  1  0  0  0  1  0  1  1  0  0  0  1  1  1  1  0  1  1  0  1  0  
5  1  1  1  1  0  0  1  1  1  1  1  1  0  0  0  0  1  0  1  1  1  0  0  0  
6  0  1  1  1  0  1  0  1  0  0  0  1  0  1  1  0  0  1  1  1  0  0  1  1  
7  1  0  0  1  1  1  1  0  0  1  1  0  1  1  0  0  1  0  0  1  0  1  0  1  
8  1  0  0  1  0  1  0  0  0  0  0  1  0  0  0  1  0  1  1  1  0  1  1  0  
9  1  1  0  1  1  1  0  1  0  0  0  1  0  1  0  1  0  0  1  1  1  0  1  0  
10  0  1  0  1  1  1  0  1  0  0  0  1  1  0  0  1  1  0  1  0  0  0  1  1  
11  1  1  0  1  0  1  1  0  1  1  1  0  0  1  0  1  0  0  1  0  0  1  0  1  
12  1  0  1  0  0  0  0  1  0  0  1  0  0  1  0  0  0  0  0  1  0  0  0  0  
13  1  0  1  0  0  0  1  1  0  1  0  1  1  0  0  1  1  1  1  0  1  0  0  0  
14  1  0  1  1  1  0  1  0  0  0  0  0  0  0  0  1  1  1  0  1  1  1  1  1  
15  1  0  1  0  1  0  0  0  1  1  1  1  0  1  1  0  1  0  0  0  1  0  1  1  
16  1  1  0  1  1  1  0  1  0  0  1  0  0  1  1  1  0  0  0  0  0  0  1  0  
17  0  1  0  0  1  0  1  0  1  0  0  0  0  1  1  0  0  0  0  1  1  1  1  1  
18  0  0  0  1  0  1  1  0  1  1  1  1  0  1  0  0  0  0  0  0  1  0  1  0  
19  1  0  0  0  1  1  1  1  1  1  0  0  1  0  1  0  0  1  0  0  1  1  1  0  
20  1  0  1  0  1  1  0  0  0  1  0  0  0  1  1  1  0  1  1  1  0  0  1  0  
21  0  1  1  1  0  0  0  1  1  0  0  1  0  0  1  0  0  1  0  1  0  0  1  1  
22  0  0  0  1  1  0  1  0  1  1  1  0  0  0  1  1  1  1  1  1  1  1  0  0  
23  0  1  1  1  0  0  1  1  0  0  1  1  0  0  1  1  0  1  0  0  0  1  0  0  

Solution strand #2941 at tube 6: 
1 1 0 1 0 1 0 0 0 1 0 1 0 0 0 0 0 0 0 0 0 0 0 0 

Maximum clique has size 6: 
0 1 3 5 9 11 
Elapsed times: init=1.909466 s, comp=8.632731 s, total=10.542197 s
