21 vertices
Adjacency matrix:
   0  1  2  3  4  5  6  7  8  9  10  11  12  13  14  15  16  17  18  19  20  
0  0  0  1  1  0  0  1  1  0  0  0  0  0  0  0  1  0  0  1  1  1  
1  0  0  1  1  0  1  0  1  0  0  1  1  1  0  0  1  1  1  1  0  1  
2  1  1  0  0  0  1  0  0  1  0  1  0  0  1  0  0  0  0  1  1  0  
3  1  1  0  0  1  0  0  1  0  1  1  1  1  0  0  0  1  0  0  1  1  
4  0  0  0  1  0  1  1  0  1  0  0  0  0  0  0  1  1  0  0  0  0  
5  0  1  1  0  1  0  1  1  1  1  1  0  0  0  1  1  0  1  0  0  0  
6  1  0  0  0  1  1  0  0  0  0  0  0  0  0  0  1  1  1  0  1  0  
7  1  1  0  1  0  1  0  0  1  0  1  0  1  1  1  0  1  0  0  1  1  
8  0  0  1  0  1  1  0  1  0  0  1  1  0  1  1  0  0  0  1  1  0  
9  0  0  0  1  0  1  0  0  0  0  1  1  0  0  0  1  1  0  0  0  0  
10  0  1  1  1  0  1  0  1  1  1  0  0  0  1  1  1  0  0  0  1  0  
11  0  1  0  1  0  0  0  0  1  1  0  0  1  0  0  0  0  1  0  1  0  
12  0  1  0  1  0  0  0  1  0  0  0  1  0  0  0  0  0  0  1  0  0  
13  0  0  1  0  0  0  0  1  1  0  1  0  0  0  0  1  0  1  1  1  1  
14  0  0  0  0  0  1  0  1  1  0  1  0  0  0  0  0  1  1  0  1  1  
15  1  1  0  0  1  1  1  0  0  1  1  0  0  1  0  0  0  1  1  0  0  
16  0  1  0  1  1  0  1  1  0  1  0  0  0  0  1  0  0  1  1  1  0  
17  0  1  0  0  0  1  1  0  0  0  0  1  0  1  1  1  1  0  0  0  1  
18  1  1  1  0  0  0  0  0  1  0  0  0  1  1  0  1  1  0  0  1  1  
19  1  0  1  1  0  0  1  1  1  0  1  1  0  1  1  0  1  0  1  0  1  
20  1  1  0  1  0  0  0  1  0  0  0  0  0  1  1  0  0  1  1  1  0  

Solution strand #16946 at tube 5: 
0 0 0 0 0 1 0 1 1 0 1 0 0 0 1 0 0 0 0 0 0 

Maximum clique has size 5: 
5 7 8 10 14 
Elapsed times: init=1.766245 s, comp=2.131373 s, total=3.897618 s
