17 vertices
Adjacency matrix:
   0  1  2  3  4  5  6  7  8  9  10  11  12  13  14  15  16  
0  0  0  0  0  0  0  0  1  0  0  0  0  0  1  1  1  0  
1  0  0  0  0  1  1  0  1  0  0  1  0  0  1  0  0  0  
2  0  0  0  1  1  1  1  1  0  0  0  1  1  1  1  0  0  
3  0  0  1  0  0  0  0  0  1  1  0  0  0  1  0  1  0  
4  0  1  1  0  0  1  1  0  1  1  0  0  1  1  1  1  1  
5  0  1  1  0  1  0  1  1  1  0  0  0  0  0  0  1  1  
6  0  0  1  0  1  1  0  1  1  0  0  1  0  0  1  1  1  
7  1  1  1  0  0  1  1  0  0  1  0  0  1  1  0  0  1  
8  0  0  0  1  1  1  1  0  0  1  0  0  0  0  0  1  0  
9  0  0  0  1  1  0  0  1  1  0  0  1  0  0  1  1  1  
10  0  1  0  0  0  0  0  0  0  0  0  0  0  1  1  1  0  
11  0  0  1  0  0  0  1  0  0  1  0  0  1  1  0  0  0  
12  0  0  1  0  1  0  0  1  0  0  0  1  0  0  0  0  1  
13  1  1  1  1  1  0  0  1  0  0  1  1  0  0  0  0  1  
14  1  0  1  0  1  0  1  0  0  1  1  0  0  0  0  1  0  
15  1  0  0  1  1  1  1  0  1  1  1  0  0  0  1  0  1  
16  0  0  0  0  1  1  1  1  0  1  0  0  1  1  0  1  0  

Solution strand #33695 at tube 5: 
0 0 0 0 1 1 1 0 1 0 0 0 0 0 0 1 0 

Maximum clique has size 5: 
4 5 6 8 15 
Elapsed times: init=1.747047 s, comp=1.115078 s, total=2.862125 s
