16 vertices
Adjacency matrix:
   0  1  2  3  4  5  6  7  8  9  10  11  12  13  14  15  
0  0  0  1  0  1  0  0  0  1  1  1  1  0  0  1  1  
1  0  0  1  0  0  0  0  0  0  1  0  1  0  1  1  1  
2  1  1  0  1  1  0  0  0  0  1  1  0  0  1  0  0  
3  0  0  1  0  1  0  0  1  1  1  1  1  1  0  0  0  
4  1  0  1  1  0  0  0  0  1  0  0  0  0  0  0  1  
5  0  0  0  0  0  0  0  1  0  1  1  0  1  0  0  1  
6  0  0  0  0  0  0  0  0  1  1  1  1  1  0  1  0  
7  0  0  0  1  0  1  0  0  1  0  0  1  1  1  0  0  
8  1  0  0  1  1  0  1  1  0  0  0  0  0  0  1  1  
9  1  1  1  1  0  1  1  0  0  0  1  1  0  1  0  1  
10  1  0  1  1  0  1  1  0  0  1  0  1  0  1  0  1  
11  1  1  0  1  0  0  1  1  0  1  1  0  0  1  0  1  
12  0  0  0  1  0  1  1  1  0  0  0  0  0  0  0  1  
13  0  1  1  0  0  0  0  1  0  1  1  1  0  0  0  1  
14  1  1  0  0  0  0  1  0  1  0  0  0  0  0  0  0  
15  1  1  0  0  1  1  0  0  1  1  1  1  1  1  0  0  

Solution strand #34014 at tube 5: 
0 0 0 0 0 0 0 0 0 1 1 1 0 1 0 1 

Maximum clique has size 5: 
9 10 11 13 15 
Elapsed times: init=1.745754 s, comp=1.019329 s, total=2.765083 s
