23 vertices
Adjacency matrix:
   0  1  2  3  4  5  6  7  8  9  10  11  12  13  14  15  16  17  18  19  20  21  22  
0  0  1  0  1  1  0  1  1  0  1  0  0  1  0  0  1  1  0  1  1  0  1  0  
1  1  0  0  0  1  0  0  1  0  1  1  1  1  0  1  1  0  1  1  0  0  1  1  
2  0  0  0  1  1  1  0  1  1  0  0  0  1  0  1  1  1  0  0  1  1  0  1  
3  1  0  1  0  1  0  1  0  0  1  1  1  0  1  1  0  1  1  1  1  1  1  1  
4  1  1  1  1  0  1  0  0  1  0  1  0  1  0  1  0  0  1  0  1  1  0  1  
5  0  0  1  0  1  0  0  1  0  1  1  1  1  1  0  1  0  1  1  1  0  1  1  
6  1  0  0  1  0  0  0  0  1  1  1  0  1  1  1  0  0  1  0  0  1  1  0  
7  1  1  1  0  0  1  0  0  0  0  0  1  0  1  1  1  0  1  0  0  0  1  0  
8  0  0  1  0  1  0  1  0  0  0  1  0  1  0  1  0  1  1  0  0  0  0  1  
9  1  1  0  1  0  1  1  0  0  0  0  0  0  0  0  1  0  0  0  0  1  0  0  
10  0  1  0  1  1  1  1  0  1  0  0  1  1  1  1  0  1  1  0  0  0  0  0  
11  0  1  0  1  0  1  0  1  0  0  1  0  0  1  1  0  0  0  0  0  1  1  1  
12  1  1  1  0  1  1  1  0  1  0  1  0  0  0  1  1  0  0  1  1  0  1  0  
13  0  0  0  1  0  1  1  1  0  0  1  1  0  0  1  1  0  0  1  1  1  1  0  
14  0  1  1  1  1  0  1  1  1  0  1  1  1  1  0  1  0  1  1  0  0  1  0  
15  1  1  1  0  0  1  0  1  0  1  0  0  1  1  1  0  0  0  1  1  1  0  0  
16  1  0  1  1  0  0  0  0  1  0  1  0  0  0  0  0  0  0  0  0  1  1  1  
17  0  1  0  1  1  1  1  1  1  0  1  0  0  0  1  0  0  0  1  0  1  1  1  
18  1  1  0  1  0  1  0  0  0  0  0  0  1  1  1  1  0  1  0  1  0  1  0  
19  1  0  1  1  1  1  0  0  0  0  0  0  1  1  0  1  0  0  1  0  1  0  1  
20  0  0  1  1  1  0  1  0  0  1  0  1  0  1  0  1  1  1  0  1  0  1  0  
21  1  1  0  1  0  1  1  1  0  0  0  1  1  1  1  0  1  1  1  0  1  0  1  
22  0  1  1  1  1  1  0  0  1  0  0  1  0  0  0  0  1  1  0  1  0  1  0  

Solution strand #17086 at tube 5: 
0 0 0 1 0 0 1 0 0 0 1 0 0 1 1 0 0 0 0 0 0 0 0 

Maximum clique has size 5: 
3 6 10 13 14 
Elapsed times: init=1.824829 s, comp=4.847791 s, total=6.672620 s
