20 vertices
Adjacency matrix:
   0  1  2  3  4  5  6  7  8  9  10  11  12  13  14  15  16  17  18  19  
0  0  0  0  1  0  1  1  0  0  0  1  0  1  0  1  0  0  0  0  1  
1  0  0  0  0  0  1  1  0  1  1  1  0  0  0  1  1  0  1  0  1  
2  0  0  0  1  1  0  0  1  1  1  0  1  1  1  0  0  1  1  0  0  
3  1  0  1  0  0  0  0  1  1  1  1  0  0  1  0  1  0  1  1  0  
4  0  0  1  0  0  0  1  0  1  1  0  1  0  1  0  1  1  0  1  0  
5  1  1  0  0  0  0  0  0  1  0  1  1  1  1  1  1  0  1  0  0  
6  1  1  0  0  1  0  0  1  1  1  0  0  0  0  0  1  0  1  1  1  
7  0  0  1  1  0  0  1  0  1  0  1  1  0  1  0  0  1  1  0  0  
8  0  1  1  1  1  1  1  1  0  0  1  1  0  0  0  0  1  0  0  1  
9  0  1  1  1  1  0  1  0  0  0  1  1  1  0  0  0  0  1  0  1  
10  1  1  0  1  0  1  0  1  1  1  0  0  1  0  1  0  0  1  0  0  
11  0  0  1  0  1  1  0  1  1  1  0  0  1  1  1  0  1  1  1  1  
12  1  0  1  0  0  1  0  0  0  1  1  1  0  0  0  1  1  0  1  0  
13  0  0  1  1  1  1  0  1  0  0  0  1  0  0  0  0  0  1  0  0  
14  1  1  0  0  0  1  0  0  0  0  1  1  0  0  0  0  0  0  0  0  
15  0  1  0  1  1  1  1  0  0  0  0  0  1  0  0  0  1  0  1  0  
16  0  0  1  0  1  0  0  1  1  0  0  1  1  0  0  1  0  0  0  1  
17  0  1  1  1  0  1  1  1  0  1  1  1  0  1  0  0  0  0  1  1  
18  0  0  0  1  1  0  1  0  0  0  0  1  1  0  0  1  0  1  0  0  
19  1  1  0  0  0  0  1  0  1  1  0  1  0  0  0  0  1  1  0  0  

Solution strand #66537 at tube 5: 
0 0 1 0 0 0 0 1 1 0 0 1 0 0 0 0 1 0 0 0 

Maximum clique has size 5: 
2 7 8 11 16 
Elapsed times: init=1.816598 s, comp=1.634222 s, total=3.450820 s
