18 vertices
Adjacency matrix:
   0  1  2  3  4  5  6  7  8  9  10  11  12  13  14  15  16  17  
0  0  1  1  1  1  1  1  1  0  1  1  0  1  0  0  0  0  1  
1  1  0  0  0  1  1  1  1  0  1  1  1  0  1  0  1  1  1  
2  1  0  0  1  1  0  1  0  1  0  1  0  0  1  0  0  1  0  
3  1  0  1  0  1  1  1  0  1  1  1  0  1  0  0  0  1  0  
4  1  1  1  1  0  0  0  1  1  0  0  0  0  0  1  0  1  0  
5  1  1  0  1  0  0  0  0  1  0  0  0  1  1  0  1  1  1  
6  1  1  1  1  0  0  0  0  1  1  0  0  1  1  0  1  0  0  
7  1  1  0  0  1  0  0  0  1  1  1  1  1  1  0  1  0  1  
8  0  0  1  1  1  1  1  1  0  1  0  1  0  0  1  0  0  1  
9  1  1  0  1  0  0  1  1  1  0  1  0  1  1  1  0  1  1  
10  1  1  1  1  0  0  0  1  0  1  0  0  1  0  1  1  0  0  
11  0  1  0  0  0  0  0  1  1  0  0  0  0  1  0  0  1  0  
12  1  0  0  1  0  1  1  1  0  1  1  0  0  0  0  0  0  1  
13  0  1  1  0  0  1  1  1  0  1  0  1  0  0  0  1  0  0  
14  0  0  0  0  1  0  0  0  1  1  1  0  0  0  0  0  0  1  
15  0  1  0  0  0  1  1  1  0  0  1  0  0  1  0  0  0  0  
16  0  1  1  1  1  1  0  0  0  1  0  1  0  0  0  0  0  1  
17  1  1  0  0  0  1  0  1  1  1  0  0  1  0  1  0  1  0  

Solution strand #1283 at tube 5: 
1 1 0 0 0 0 0 1 0 1 1 0 0 0 0 0 0 0 

Maximum clique has size 5: 
0 1 7 9 10 
Elapsed times: init=1.768823 s, comp=1.228314 s, total=2.997137 s
