24 vertices
Adjacency matrix:
   0  1  2  3  4  5  6  7  8  9  10  11  12  13  14  15  16  17  18  19  20  21  22  23  
0  0  1  1  1  1  0  1  1  0  0  1  0  1  1  1  1  1  0  1  1  1  0  1  1  
1  1  0  1  1  1  0  0  0  1  1  1  1  0  1  1  0  0  0  0  0  1  0  0  0  
2  1  1  0  1  1  0  1  1  0  0  1  0  0  0  1  0  1  1  0  1  1  1  0  0  
3  1  1  1  0  1  0  0  0  0  0  1  1  0  0  1  0  1  0  1  0  1  1  1  1  
4  1  1  1  1  0  0  1  1  0  0  1  0  1  1  0  0  1  0  0  1  0  0  0  0  
5  0  0  0  0  0  0  1  0  0  1  0  1  1  0  0  1  1  0  0  0  0  1  0  0  
6  1  0  1  0  1  1  0  0  0  1  1  1  1  0  0  1  1  1  1  1  1  0  1  1  
7  1  0  1  0  1  0  0  0  1  1  1  1  0  0  1  1  1  0  1  0  0  1  0  1  
8  0  1  0  0  0  0  0  1  0  0  0  1  1  1  1  1  0  0  1  1  0  0  0  0  
9  0  1  0  0  0  1  1  1  0  0  1  0  0  1  0  1  1  0  0  1  1  0  1  0  
10  1  1  1  1  1  0  1  1  0  1  0  0  0  1  1  1  1  1  0  1  0  1  0  0  
11  0  1  0  1  0  1  1  1  1  0  0  0  0  0  0  1  0  0  0  1  0  1  1  1  
12  1  0  0  0  1  1  1  0  1  0  0  0  0  0  1  0  0  1  0  1  0  1  0  0  
13  1  1  0  0  1  0  0  0  1  1  1  0  0  0  0  0  1  0  0  1  0  0  0  0  
14  1  1  1  1  0  0  0  1  1  0  1  0  1  0  0  1  0  1  1  0  1  1  1  1  
15  1  0  0  0  0  1  1  1  1  1  1  1  0  0  1  0  0  1  1  0  1  1  0  1  
16  1  0  1  1  1  1  1  1  0  1  1  0  0  1  0  0  0  1  0  1  1  0  0  1  
17  0  0  1  0  0  0  1  0  0  0  1  0  1  0  1  1  1  0  1  0  0  1  0  1  
18  1  0  0  1  0  0  1  1  1  0  0  0  0  0  1  1  0  1  0  1  0  1  0  1  
19  1  0  1  0  1  0  1  0  1  1  1  1  1  1  0  0  1  0  1  0  1  0  0  1  
20  1  1  1  1  0  0  1  0  0  1  0  0  0  0  1  1  1  0  0  1  0  1  0  1  
21  0  0  1  1  0  1  0  1  0  0  1  1  1  0  1  1  0  1  1  0  1  0  0  1  
22  1  0  0  1  0  0  1  0  0  1  0  1  0  0  1  0  0  0  0  0  0  0  0  0  
23  1  0  0  1  0  0  1  1  0  0  0  1  0  0  1  1  1  1  1  1  1  1  0  0  

Solution strand #552715 at tube 7: 
1 0 1 0 1 0 1 0 0 0 1 0 0 0 0 0 1 0 0 1 0 0 0 0 

Maximum clique has size 7: 
0 2 4 6 10 16 19 
Elapsed times: init=1.980198 s, comp=8.153611 s, total=10.133809 s
