20 vertices
Adjacency matrix:
   0  1  2  3  4  5  6  7  8  9  10  11  12  13  14  15  16  17  18  19  
0  0  1  1  0  0  0  1  0  1  1  0  0  0  0  1  0  0  1  0  0  
1  1  0  0  1  0  1  1  1  0  0  0  1  0  1  0  0  0  1  0  0  
2  1  0  0  0  1  0  0  1  0  1  0  0  0  0  0  0  1  0  1  1  
3  0  1  0  0  0  0  0  1  1  0  1  0  1  1  1  1  0  0  1  1  
4  0  0  1  0  0  1  1  0  0  1  0  0  0  1  0  0  1  0  1  0  
5  0  1  0  0  1  0  1  1  1  1  1  0  1  1  1  0  1  0  0  1  
6  1  1  0  0  1  1  0  1  0  1  1  0  0  0  1  1  0  0  0  0  
7  0  1  1  1  0  1  1  0  0  1  1  1  0  0  1  1  0  0  0  0  
8  1  0  0  1  0  1  0  0  0  1  1  0  0  1  1  0  1  0  0  1  
9  1  0  1  0  1  1  1  1  1  0  1  1  0  1  1  1  1  0  0  0  
10  0  0  0  1  0  1  1  1  1  1  0  0  1  0  0  0  1  0  1  1  
11  0  1  0  0  0  0  0  1  0  1  0  0  0  0  0  0  0  0  0  0  
12  0  0  0  1  0  1  0  0  0  0  1  0  0  1  0  1  1  0  0  0  
13  0  1  0  1  1  1  0  0  1  1  0  0  1  0  1  1  1  0  0  0  
14  1  0  0  1  0  1  1  1  1  1  0  0  0  1  0  1  1  0  0  1  
15  0  0  0  1  0  0  1  1  0  1  0  0  1  1  1  0  0  0  1  1  
16  0  0  1  0  1  1  0  0  1  1  1  0  1  1  1  0  0  0  0  0  
17  1  1  0  0  0  0  0  0  0  0  0  0  0  0  0  0  0  0  1  0  
18  0  0  1  1  1  0  0  0  0  0  1  0  0  0  0  1  0  1  0  0  
19  0  0  1  1  0  1  0  0  1  0  1  0  0  0  1  1  0  0  0  0  

Solution strand #70095 at tube 6: 
0 0 0 0 0 1 0 0 1 1 0 0 0 1 1 0 1 0 0 0 

Maximum clique has size 6: 
5 8 9 13 14 16 
Elapsed times: init=1.759910 s, comp=1.530401 s, total=3.290311 s
