21 vertices
Adjacency matrix:
   0  1  2  3  4  5  6  7  8  9  10  11  12  13  14  15  16  17  18  19  20  
0  0  0  0  1  1  0  0  1  0  1  0  1  1  1  0  0  0  1  1  1  1  
1  0  0  0  1  0  1  0  0  0  1  0  1  0  0  1  0  1  0  1  0  1  
2  0  0  0  1  0  0  0  0  1  1  1  1  0  0  1  0  1  1  0  0  0  
3  1  1  1  0  0  0  0  1  0  1  1  1  1  1  1  1  0  0  1  1  1  
4  1  0  0  0  0  0  1  0  1  0  0  1  1  0  0  0  1  1  0  0  0  
5  0  1  0  0  0  0  0  1  1  0  0  1  0  0  1  0  1  1  1  1  0  
6  0  0  0  0  1  0  0  0  1  0  1  0  0  1  0  1  0  1  0  0  1  
7  1  0  0  1  0  1  0  0  0  0  0  1  1  1  1  0  1  0  0  1  1  
8  0  0  1  0  1  1  1  0  0  1  0  0  0  1  0  1  1  0  1  1  1  
9  1  1  1  1  0  0  0  0  1  0  0  0  0  1  0  0  1  0  1  1  0  
10  0  0  1  1  0  0  1  0  0  0  0  0  1  0  1  0  1  0  1  0  0  
11  1  1  1  1  1  1  0  1  0  0  0  0  0  1  0  1  0  0  0  1  1  
12  1  0  0  1  1  0  0  1  0  0  1  0  0  0  1  0  0  0  1  0  0  
13  1  0  0  1  0  0  1  1  1  1  0  1  0  0  1  1  1  0  0  0  1  
14  0  1  1  1  0  1  0  1  0  0  1  0  1  1  0  1  1  0  1  1  1  
15  0  0  0  1  0  0  1  0  1  0  0  1  0  1  1  0  0  0  1  0  1  
16  0  1  1  0  1  1  0  1  1  1  1  0  0  1  1  0  0  0  1  0  1  
17  1  0  1  0  1  1  1  0  0  0  0  0  0  0  0  0  0  0  0  0  0  
18  1  1  0  1  0  1  0  0  1  1  1  0  1  0  1  1  1  0  0  1  0  
19  1  0  0  1  0  1  0  1  1  1  0  1  0  0  1  0  0  0  1  0  0  
20  1  1  0  1  0  0  1  1  1  0  0  1  0  1  1  1  1  0  0  0  0  

Solution strand #1055233 at tube 6: 
1 0 0 1 0 0 0 1 0 0 0 1 0 1 0 0 0 0 0 0 1 

Maximum clique has size 6: 
0 3 7 11 13 20 
Elapsed times: init=1.769640 s, comp=1.947135 s, total=3.716775 s
