15 vertices
Adjacency matrix:
   0  1  2  3  4  5  6  7  8  9  10  11  12  13  14  
0  0  1  1  0  0  0  0  0  1  1  1  0  0  1  1  
1  1  0  1  0  0  1  0  1  1  1  1  0  0  1  1  
2  1  1  0  1  1  0  1  0  1  1  0  1  0  0  0  
3  0  0  1  0  1  0  1  1  0  0  0  1  1  0  1  
4  0  0  1  1  0  0  0  1  1  0  1  0  0  1  0  
5  0  1  0  0  0  0  1  0  1  1  1  0  1  1  1  
6  0  0  1  1  0  1  0  0  1  1  0  0  0  0  1  
7  0  1  0  1  1  0  0  0  0  1  0  0  0  1  1  
8  1  1  1  0  1  1  1  0  0  0  0  0  0  1  0  
9  1  1  1  0  0  1  1  1  0  0  1  0  1  0  0  
10  1  1  0  0  1  1  0  0  0  1  0  1  1  1  1  
11  0  0  1  1  0  0  0  0  0  0  1  0  0  0  1  
12  0  0  0  1  0  1  0  0  0  1  1  0  0  1  0  
13  1  1  0  0  1  1  0  1  1  0  1  0  1  0  1  
14  1  1  0  1  0  1  1  1  0  0  1  1  0  1  0  

Solution strand #17201 at tube 5: 
0 1 0 0 0 1 0 0 0 0 1 0 0 1 1 

Maximum clique has size 5: 
1 5 10 13 14 
Elapsed times: init=1.757462 s, comp=0.929199 s, total=2.686661 s
