19 vertices
Adjacency matrix:
   0  1  2  3  4  5  6  7  8  9  10  11  12  13  14  15  16  17  18  
0  0  0  1  1  1  0  1  1  0  1  1  1  0  0  1  0  1  1  1  
1  0  0  1  1  0  0  1  1  1  1  0  0  0  1  0  0  1  1  0  
2  1  1  0  0  1  0  1  0  0  0  0  0  1  0  1  0  1  0  0  
3  1  1  0  0  0  1  0  0  0  0  1  0  1  1  0  1  1  1  0  
4  1  0  1  0  0  0  0  0  1  1  1  0  0  0  0  0  1  0  1  
5  0  0  0  1  0  0  1  0  1  0  1  0  0  0  0  1  0  1  1  
6  1  1  1  0  0  1  0  1  1  1  1  1  0  0  1  1  1  0  1  
7  1  1  0  0  0  0  1  0  0  1  0  1  1  1  1  0  1  1  1  
8  0  1  0  0  1  1  1  0  0  0  0  1  0  1  1  1  1  0  1  
9  1  1  0  0  1  0  1  1  0  0  1  0  0  0  0  1  1  1  0  
10  1  0  0  1  1  1  1  0  0  1  0  0  1  0  0  0  1  0  0  
11  1  0  0  0  0  0  1  1  1  0  0  0  0  0  1  0  0  1  1  
12  0  0  1  1  0  0  0  1  0  0  1  0  0  1  1  0  1  1  0  
13  0  1  0  1  0  0  0  1  1  0  0  0  1  0  1  1  0  0  1  
14  1  0  1  0  0  0  1  1  1  0  0  1  1  1  0  1  0  0  1  
15  0  0  0  1  0  1  1  0  1  1  0  0  0  1  1  0  1  0  1  
16  1  1  1  1  1  0  1  1  1  1  1  0  1  0  0  1  0  1  0  
17  1  1  0  1  0  1  0  1  0  1  0  1  1  0  0  0  1  0  0  
18  1  0  0  0  1  1  1  1  1  0  0  1  0  1  1  1  0  0  0  

Solution strand #267901 at tube 6: 
1 0 0 0 0 0 1 1 0 0 0 1 0 0 1 0 0 0 1 

Maximum clique has size 6: 
0 6 7 11 14 18 
Elapsed times: init=1.750206 s, comp=1.271703 s, total=3.021909 s
