20 vertices
Adjacency matrix:
   0  1  2  3  4  5  6  7  8  9  10  11  12  13  14  15  16  17  18  19  
0  0  0  0  0  0  1  0  0  1  0  1  1  1  1  1  1  1  0  1  0  
1  0  0  1  1  1  1  1  0  0  0  1  1  0  0  0  0  0  1  1  0  
2  0  1  0  0  0  1  1  1  1  0  1  1  0  1  1  0  0  0  1  1  
3  0  1  0  0  1  1  0  0  0  0  1  1  0  1  1  0  1  1  0  1  
4  0  1  0  1  0  0  1  1  1  1  0  1  1  1  0  1  0  0  0  1  
5  1  1  1  1  0  0  1  0  1  0  1  0  1  1  1  1  0  1  0  0  
6  0  1  1  0  1  1  0  0  0  0  1  1  0  1  0  0  0  1  0  0  
7  0  0  1  0  1  0  0  0  1  0  1  0  1  1  0  0  0  1  0  1  
8  1  0  1  0  1  1  0  1  0  1  1  1  1  1  0  0  0  0  1  0  
9  0  0  0  0  1  0  0  0  1  0  1  1  0  0  0  1  1  0  0  0  
10  1  1  1  1  0  1  1  1  1  1  0  1  1  1  0  1  1  1  0  0  
11  1  1  1  1  1  0  1  0  1  1  1  0  1  1  0  0  0  1  0  1  
12  1  0  0  0  1  1  0  1  1  0  1  1  0  0  0  0  0  1  0  0  
13  1  0  1  1  1  1  1  1  1  0  1  1  0  0  1  1  1  1  1  1  
14  1  0  1  1  0  1  0  0  0  0  0  0  0  1  0  1  0  0  0  1  
15  1  0  0  0  1  1  0  0  0  1  1  0  0  1  1  0  1  0  0  1  
16  1  0  0  1  0  0  0  0  0  1  1  0  0  1  0  1  0  0  0  0  
17  0  1  0  1  0  1  1  1  0  0  1  1  1  1  0  0  0  0  0  1  
18  1  1  1  0  0  0  0  0  1  0  0  0  0  1  0  0  0  0  0  1  
19  0  0  1  1  1  0  0  1  0  0  0  1  0  1  1  1  0  1  1  0  

Solution strand #1205 at tube 5: 
0 1 1 0 0 1 1 0 0 0 1 0 0 0 0 0 0 0 0 0 

Maximum clique has size 5: 
1 2 5 6 10 
Elapsed times: init=1.790650 s, comp=1.636133 s, total=3.426783 s
