15 vertices
Adjacency matrix:
   0  1  2  3  4  5  6  7  8  9  10  11  12  13  14  
0  0  1  1  1  0  1  0  0  1  0  0  0  0  1  1  
1  1  0  0  1  1  1  1  1  0  0  1  1  0  1  0  
2  1  0  0  0  0  0  0  1  1  1  0  0  0  1  1  
3  1  1  0  0  0  0  1  0  1  0  0  1  1  0  0  
4  0  1  0  0  0  1  1  1  1  1  0  1  1  0  0  
5  1  1  0  0  1  0  0  0  0  1  1  1  1  1  1  
6  0  1  0  1  1  0  0  1  0  0  1  1  0  1  0  
7  0  1  1  0  1  0  1  0  0  1  0  1  1  1  1  
8  1  0  1  1  1  0  0  0  0  0  1  0  1  1  1  
9  0  0  1  0  1  1  0  1  0  0  0  1  0  1  0  
10  0  1  0  0  0  1  1  0  1  0  0  0  0  0  0  
11  0  1  0  1  1  1  1  1  0  1  0  0  0  0  1  
12  0  0  0  1  1  1  0  1  1  0  0  0  0  0  0  
13  1  1  1  0  0  1  1  1  1  1  0  0  0  0  0  
14  1  0  1  0  0  1  0  1  1  0  0  1  0  0  0  

Solution strand #2307 at tube 5: 
0 1 0 0 1 0 1 1 0 0 0 1 0 0 0 

Maximum clique has size 5: 
1 4 6 7 11 
Elapsed times: init=1.817495 s, comp=0.930178 s, total=2.747673 s
