15 vertices
Adjacency matrix:
   0  1  2  3  4  5  6  7  8  9  10  11  12  13  14  
0  0  1  1  0  0  1  0  0  0  1  0  1  0  0  0  
1  1  0  1  1  1  0  1  0  0  0  1  0  1  1  0  
2  1  1  0  0  1  1  1  1  1  1  0  0  1  0  1  
3  0  1  0  0  1  1  1  0  0  0  1  1  0  1  0  
4  0  1  1  1  0  0  0  1  0  1  1  1  0  1  0  
5  1  0  1  1  0  0  1  1  0  1  0  0  0  0  1  
6  0  1  1  1  0  1  0  1  0  0  1  1  0  0  0  
7  0  0  1  0  1  1  1  0  0  0  1  0  0  1  1  
8  0  0  1  0  0  0  0  0  0  1  1  0  1  1  0  
9  1  0  1  0  1  1  0  0  1  0  1  0  0  0  1  
10  0  1  0  1  1  0  1  1  1  1  0  0  1  1  1  
11  1  0  0  1  1  0  1  0  0  0  0  0  1  0  0  
12  0  1  1  0  0  0  0  0  1  0  1  1  0  1  0  
13  0  1  0  1  1  0  0  1  1  0  1  0  1  0  0  
14  0  0  1  0  0  1  0  1  0  1  1  0  0  0  0  

Solution strand #8897 at tube 5: 
0 1 0 1 1 0 0 0 0 0 1 0 0 1 0 

Maximum clique has size 5: 
1 3 4 10 13 
Elapsed times: init=1.762324 s, comp=0.929314 s, total=2.691638 s
