16 vertices
Adjacency matrix:
   0  1  2  3  4  5  6  7  8  9  10  11  12  13  14  15  
0  0  0  1  0  1  0  1  0  0  1  1  1  0  0  1  1  
1  0  0  0  1  1  1  0  0  0  1  1  1  0  0  0  0  
2  1  0  0  1  0  0  1  1  1  1  0  0  1  0  1  0  
3  0  1  1  0  0  1  1  1  0  0  1  0  0  0  1  0  
4  1  1  0  0  0  1  1  0  1  1  1  1  0  0  1  0  
5  0  1  0  1  1  0  0  0  0  1  1  0  0  1  0  0  
6  1  0  1  1  1  0  0  1  1  1  1  1  1  1  1  1  
7  0  0  1  1  0  0  1  0  0  1  0  1  0  1  1  1  
8  0  0  1  0  1  0  1  0  0  0  1  0  0  0  1  0  
9  1  1  1  0  1  1  1  1  0  0  1  0  0  0  0  1  
10  1  1  0  1  1  1  1  0  1  1  0  1  0  1  0  1  
11  1  1  0  0  1  0  1  1  0  0  1  0  1  1  0  1  
12  0  0  1  0  0  0  1  0  0  0  0  1  0  1  0  1  
13  0  0  0  0  0  1  1  1  0  0  1  1  1  0  0  0  
14  1  0  1  1  1  0  1  1  1  0  0  0  0  0  0  1  
15  1  0  0  0  0  0  1  1  0  1  1  1  1  0  1  0  

Solution strand #1260 at tube 5: 
0 1 0 0 1 1 0 0 0 1 1 0 0 0 0 0 

Maximum clique has size 5: 
1 4 5 9 10 
Elapsed times: init=1.745475 s, comp=1.019856 s, total=2.765331 s
