19 vertices
Adjacency matrix:
   0  1  2  3  4  5  6  7  8  9  10  11  12  13  14  15  16  17  18  
0  0  1  0  1  0  1  0  1  1  0  1  0  0  1  1  0  1  0  1  
1  1  0  1  1  0  1  0  1  1  1  0  1  0  1  1  0  1  1  0  
2  0  1  0  1  1  0  0  1  1  0  0  0  1  1  0  1  0  0  0  
3  1  1  1  0  1  1  1  0  1  0  1  0  1  0  1  0  0  0  1  
4  0  0  1  1  0  1  1  1  0  0  1  1  1  1  0  1  0  1  0  
5  1  1  0  1  1  0  1  0  0  0  1  0  1  1  0  1  1  1  1  
6  0  0  0  1  1  1  0  0  0  1  1  1  1  1  0  0  1  0  0  
7  1  1  1  0  1  0  0  0  1  0  1  0  1  0  1  0  0  1  1  
8  1  1  1  1  0  0  0  1  0  0  0  0  0  0  1  0  0  0  1  
9  0  1  0  0  0  0  1  0  0  0  1  1  1  0  0  1  0  1  1  
10  1  0  0  1  1  1  1  1  0  1  0  1  1  0  0  0  0  0  1  
11  0  1  0  0  1  0  1  0  0  1  1  0  0  0  0  0  1  0  0  
12  0  0  1  1  1  1  1  1  0  1  1  0  0  1  0  1  0  1  1  
13  1  1  1  0  1  1  1  0  0  0  0  0  1  0  0  0  0  0  1  
14  1  1  0  1  0  0  0  1  1  0  0  0  0  0  0  1  1  1  1  
15  0  0  1  0  1  1  0  0  0  1  0  0  1  0  1  0  1  0  1  
16  1  1  0  0  0  1  1  0  0  0  0  1  0  0  1  1  0  0  1  
17  0  1  0  0  1  1  0  1  0  1  0  0  1  0  1  0  0  0  0  
18  1  0  0  1  0  1  0  1  1  1  1  0  1  1  1  1  1  0  0  

Solution strand #5651 at tube 6: 
0 0 0 1 1 1 1 0 0 0 1 0 1 0 0 0 0 0 0 

Maximum clique has size 6: 
3 4 5 6 10 12 
Elapsed times: init=1.752391 s, comp=1.272822 s, total=3.025213 s
