16 vertices
Adjacency matrix:
   0  1  2  3  4  5  6  7  8  9  10  11  12  13  14  15  
0  0  1  0  1  0  1  1  0  0  0  1  0  0  1  1  1  
1  1  0  1  0  0  0  0  1  0  0  1  1  1  0  1  0  
2  0  1  0  1  0  0  0  0  1  1  1  1  1  0  1  1  
3  1  0  1  0  0  1  1  0  0  1  1  0  0  1  0  0  
4  0  0  0  0  0  0  0  0  0  0  0  0  1  1  1  0  
5  1  0  0  1  0  0  1  1  1  0  0  1  0  1  0  1  
6  1  0  0  1  0  1  0  0  0  1  1  0  0  1  1  1  
7  0  1  0  0  0  1  0  0  0  1  0  0  1  0  1  0  
8  0  0  1  0  0  1  0  0  0  1  0  0  1  0  0  0  
9  0  0  1  1  0  0  1  1  1  0  0  1  1  0  0  1  
10  1  1  1  1  0  0  1  0  0  0  0  1  1  1  1  1  
11  0  1  1  0  0  1  0  0  0  1  1  0  1  1  0  1  
12  0  1  1  0  1  0  0  1  1  1  1  1  0  0  0  0  
13  1  0  0  1  1  1  1  0  0  0  1  1  0  0  1  0  
14  1  1  1  0  1  0  1  1  0  0  1  0  0  1  0  0  
15  1  0  1  0  0  1  1  0  0  1  1  1  0  0  0  0  

Solution strand #4568 at tube 5: 
0 1 1 0 0 0 0 0 0 0 1 1 1 0 0 0 

Maximum clique has size 5: 
1 2 10 11 12 
Elapsed times: init=1.744694 s, comp=1.019550 s, total=2.764244 s
