24 vertices
Adjacency matrix:
   0  1  2  3  4  5  6  7  8  9  10  11  12  13  14  15  16  17  18  19  20  21  22  23  
0  0  0  0  1  0  0  1  0  1  0  1  1  1  0  1  0  1  0  1  0  0  0  0  0  
1  0  0  0  0  0  1  1  0  0  0  0  1  0  1  1  0  1  0  0  1  1  0  0  1  
2  0  0  0  1  0  0  0  1  0  0  0  1  0  0  1  0  1  1  0  0  0  0  0  0  
3  1  0  1  0  0  0  0  0  1  1  0  1  0  0  1  0  0  1  1  0  1  1  0  0  
4  0  0  0  0  0  0  0  1  1  1  0  1  0  1  1  0  0  1  1  0  1  1  1  1  
5  0  1  0  0  0  0  1  0  0  0  0  0  0  1  1  1  1  0  1  1  0  1  1  1  
6  1  1  0  0  0  1  0  0  1  0  0  0  1  0  0  1  0  0  1  0  1  0  1  1  
7  0  0  1  0  1  0  0  0  0  0  0  0  1  0  0  0  1  1  0  1  1  1  1  1  
8  1  0  0  1  1  0  1  0  0  0  1  1  1  0  0  1  0  1  0  1  1  1  1  0  
9  0  0  0  1  1  0  0  0  0  0  1  1  0  0  1  1  0  0  0  1  0  0  0  0  
10  1  0  0  0  0  0  0  0  1  1  0  0  0  1  1  1  1  1  1  0  1  1  1  1  
11  1  1  1  1  1  0  0  0  1  1  0  0  0  0  1  1  1  1  0  1  1  0  0  0  
12  1  0  0  0  0  0  1  1  1  0  0  0  0  1  1  1  1  1  1  0  1  1  0  0  
13  0  1  0  0  1  1  0  0  0  0  1  0  1  0  0  0  1  0  1  1  1  1  1  1  
14  1  1  1  1  1  1  0  0  0  1  1  1  1  0  0  0  1  0  0  1  1  1  1  1  
15  0  0  0  0  0  1  1  0  1  1  1  1  1  0  0  0  0  1  1  1  1  1  1  0  
16  1  1  1  0  0  1  0  1  0  0  1  1  1  1  1  0  0  1  1  0  1  0  0  0  
17  0  0  1  1  1  0  0  1  1  0  1  1  1  0  0  1  1  0  0  0  1  1  0  1  
18  1  0  0  1  1  1  1  0  0  0  1  0  1  1  0  1  1  0  0  1  1  1  0  1  
19  0  1  0  0  0  1  0  1  1  1  0  1  0  1  1  1  0  0  1  0  0  1  1  1  
20  0  1  0  1  1  0  1  1  1  0  1  1  1  1  1  1  1  1  1  0  0  1  0  1  
21  0  0  0  1  1  1  0  1  1  0  1  0  1  1  1  1  0  1  1  1  1  0  1  1  
22  0  0  0  0  1  1  1  1  1  0  1  0  0  1  1  1  0  0  0  1  0  1  0  0  
23  0  1  0  0  1  1  1  1  0  0  1  0  0  1  1  0  0  1  1  1  1  1  0  0  

Solution strand #2121413 at tube 6: 
0 0 0 0 0 0 0 0 1 0 0 0 1 0 0 1 0 1 0 0 1 1 0 0 

Maximum clique has size 6: 
8 12 15 17 20 21 
Elapsed times: init=1.907885 s, comp=8.540150 s, total=10.448035 s
