20 vertices, 75 edges
Edges:
11 16
3 15
14 17
6 10
10 11
2 8
3 11
0 7
1 15
4 12
18 19
2 12
1 14
0 14
7 11
6 17
3 17
5 19
5 8
5 14
8 13
7 15
15 19
0 10
1 16
14 18
5 18
6 19
14 19
12 17
2 17
15 18
4 18
3 16
11 18
8 16
6 15
16 18
8 15
4 10
9 14
12 14
3 13
3 10
1 13
10 19
4 14
3 5
0 18
1 10
14 15
1 9
8 17
16 19
0 8
4 11
6 8
0 1
3 12
14 16
5 16
0 19
7 13
4 17
12 19
2 4
3 8
12 13
2 11
13 18
8 18
1 7
0 2
9 12
6 16

Solution strand #170145 at tube 7: 
1 0 0 0 0 1 0 0 0 1 0 1 0 1 0 1 0 1 0 0 

Maximum independent set: 
0 5 9 11 13 15 17 
Elapsed times: init=1.745758 s, comp=0.002951 s, total=1.748709 s, t2=0.001230 s, t3=0.001721 s
