24 vertices, 150 edges
Edges:
14 17
0 20
15 20
0 7
13 17
18 19
0 10
3 7
2 5
1 11
16 19
5 8
4 19
9 21
6 10
5 18
0 17
12 17
17 23
13 20
18 20
1 2
9 14
10 13
9 16
5 21
11 21
7 22
2 17
17 18
13 23
1 12
4 15
2 11
1 6
5 14
3 18
6 13
4 21
11 15
9 19
6 16
11 16
0 14
8 9
17 19
2 12
3 17
7 15
0 6
13 16
0 11
14 21
9 20
14 19
5 17
0 18
16 23
1 19
17 22
7 18
19 23
18 21
0 8
4 11
3 5
2 7
5 10
5 7
9 23
5 20
10 20
7 17
12 23
13 22
2 8
5 13
10 15
4 22
11 14
7 11
5 23
1 20
2 19
1 14
4 13
2 13
3 16
15 17
6 15
11 13
15 22
12 14
21 23
2 20
1 4
0 12
2 3
1 9
2 14
14 16
14 23
0 19
7 13
1 18
17 21
7 16
3 4
9 12
4 7
8 23
4 18
9 22
7 14
6 21
5 19
10 21
16 21
12 16
0 3
3 14
18 23
4 9
5 12
8 20
4 23
9 17
15 18
5 22
11 18
16 18
2 16
13 15
3 13
8 11
4 14
2 10
9 10
5 15
8 17
11 12
0 23
7 9
6 19
20 23
21 22
2 21
0 13
1 8
2 15

Solution strand #2674152 at tube 6: 
0 0 0 1 0 0 0 0 1 0 0 0 1 0 0 1 0 0 0 1 0 1 0 0 

Maximum independent set: 
3 8 12 15 19 21 
Elapsed times: init=1.857203 s, comp=0.078074 s, total=1.935277 s, t2=0.002736 s, t3=0.075338 s
