21 vertices, 50 edges
Edges:
6 16
7 12
1 17
0 7
1 15
8 9
11 14
12 16
3 7
2 5
1 20
16 17
1 18
17 20
8 10
0 17
7 19
2 13
9 11
3 16
13 20
3 5
8 11
7 20
6 11
1 13
10 13
2 20
0 18
3 9
1 9
6 8
8 17
2 14
19 20
14 16
6 19
9 13
4 6
13 14
4 15
5 7
2 11
16 18
5 14
6 13
2 15
1 16
9 12
3 19

Solution strand #456864 at tube 8: 
0 0 0 0 0 0 1 1 0 1 1 0 0 0 1 1 0 1 1 0 0 

Maximum independent set: 
6 7 9 10 14 15 17 18 
Elapsed times: init=1.750510 s, comp=0.002668 s, total=1.753178 s, t2=0.000793 s, t3=0.001875 s
