23 vertices, 100 edges
Edges:
14 17
10 17
0 20
1 17
13 17
3 7
2 5
4 19
9 21
5 18
10 18
16 22
0 4
13 20
18 20
5 11
10 13
8 21
9 16
11 21
7 22
12 22
2 17
17 18
8 12
3 18
10 14
14 21
6 16
7 21
2 18
1 15
3 17
0 21
7 15
1 5
1 10
16 17
7 18
1 19
17 22
13 19
0 8
4 11
5 10
4 6
8 22
5 20
11 20
16 20
0 2
13 22
3 15
8 13
4 8
3 21
9 18
7 20
2 19
0 15
7 19
1 14
11 13
7 14
2 20
0 12
6 8
5 16
7 13
0 6
13 18
4 18
9 22
6 21
5 19
10 21
0 16
16 21
13 21
3 14
8 14
4 9
3 20
6 22
12 21
17 19
1 13
7 17
4 14
2 10
9 10
3 19
8 17
11 12
15 17
11 17
1 22
21 22
3 8
2 15

Solution strand #57920 at tube 7: 
0 0 0 0 0 1 1 0 0 1 0 0 1 1 1 1 0 0 0 0 0 0 0 

Maximum independent set: 
5 6 9 12 13 14 15 
Elapsed times: init=1.877289 s, comp=0.003734 s, total=1.881023 s, t2=0.001570 s, t3=0.002164 s
