21 vertices, 100 edges
Edges:
6 9
7 12
14 17
0 10
5 8
14 18
10 18
0 17
7 19
12 17
0 4
13 20
4 10
2 6
9 14
5 11
4 5
10 13
9 16
14 15
16 19
1 12
3 18
11 15
9 19
7 8
6 16
11 16
0 14
8 9
3 17
6 14
7 15
1 16
0 11
3 6
1 10
9 20
7 18
0 5
0 8
5 10
4 6
6 20
5 20
10 20
7 17
0 2
1 3
8 13
4 8
8 19
9 18
11 19
1 20
12 20
2 19
3 10
1 14
8 10
2 13
11 13
7 14
6 18
2 20
1 4
0 12
2 14
14 16
5 16
10 16
7 13
12 19
0 6
1 7
0 9
2 4
5 9
10 11
7 16
0 3
3 14
1 2
4 9
3 20
10 12
8 20
15 18
11 18
3 13
1 13
4 14
2 10
9 10
5 15
15 17
13 14
3 8
1 8
2 15

Solution strand #2348 at tube 5: 
0 0 1 1 0 0 0 1 0 1 0 1 0 0 0 0 0 0 0 0 0 

Maximum independent set: 
2 3 7 9 11 
Elapsed times: init=1.778392 s, comp=0.003585 s, total=1.781977 s, t2=0.001668 s, t3=0.001917 s
