24 vertices, 125 edges
Edges:
14 17
10 17
7 12
1 17
0 7
3 7
6 7
14 18
5 18
11 22
0 17
12 17
0 4
13 20
8 15
4 10
2 6
9 14
15 18
4 5
6 23
10 23
7 22
12 22
17 18
6 9
13 23
8 12
2 11
7 23
3 18
10 14
14 21
4 21
15 16
1 21
7 13
2 18
0 14
1 15
8 9
4 12
3 17
6 14
15 23
0 11
9 20
14 19
5 17
10 19
0 18
16 23
1 19
7 18
17 23
0 8
4 11
5 10
8 22
9 23
10 20
16 20
12 23
0 2
13 22
18 22
8 13
4 8
2 8
11 14
7 11
6 17
5 23
11 19
16 17
3 10
1 14
7 14
20 22
1 23
13 15
2 20
1 9
5 16
10 16
15 21
12 19
1 18
17 21
7 16
3 4
2 4
9 12
5 9
10 11
8 23
5 19
11 23
0 16
16 21
12 16
0 3
12 14
4 9
9 15
8 20
7 10
6 22
10 22
16 18
12 21
17 19
1 13
8 11
9 10
5 15
3 19
8 17
14 20
0 23
15 17
6 19
13 14
2 21
1 8

Solution strand #1061226 at tube 7: 
0 1 0 1 0 1 1 0 0 0 0 1 1 0 0 0 0 0 0 0 1 0 0 0 

Maximum independent set: 
1 3 5 6 11 12 20 
Elapsed times: init=1.916044 s, comp=0.048899 s, total=1.964943 s, t2=0.001965 s, t3=0.046934 s
