24 vertices, 100 edges
Edges:
14 17
10 17
17 20
13 17
2 22
1 6
0 10
16 19
4 19
6 10
0 17
16 22
13 20
9 14
5 11
4 5
10 13
8 21
9 16
5 21
7 22
12 22
14 16
17 18
14 18
10 14
8 18
14 21
11 15
9 19
15 16
6 16
11 16
1 21
7 21
3 11
8 9
4 12
3 17
15 23
20 21
1 16
1 5
3 6
1 10
0 18
16 23
12 18
1 19
17 22
0 8
4 11
9 13
5 10
9 23
6 20
5 20
7 17
0 5
18 22
11 14
9 18
7 20
12 20
7 19
3 10
4 13
9 11
6 15
20 22
1 23
13 15
2 3
2 14
6 8
0 19
12 19
1 18
13 18
1 7
0 9
3 4
9 12
8 23
12 16
1 2
4 9
15 18
10 22
16 18
12 21
2 16
21 23
3 13
16 20
6 12
19 20
7 9
13 14
2 15

Solution strand #47720 at tube 7: 
0 0 0 1 0 1 0 1 1 0 0 0 1 0 1 1 0 0 0 0 0 0 0 0 

Maximum independent set: 
3 5 7 8 12 14 15 
Elapsed times: init=1.919963 s, comp=0.004511 s, total=1.924474 s, t2=0.001805 s, t3=0.002706 s
