25 vertices, 150 edges
Edges:
7 8
0 20
7 12
1 17
0 7
18 19
3 7
2 5
5 8
8 24
6 7
14 18
5 18
11 22
10 18
7 19
12 17
13 20
4 10
2 6
4 5
3 23
10 13
8 21
4 16
10 24
9 16
7 22
12 22
2 17
17 18
3 12
1 12
8 12
2 11
5 14
3 18
10 14
4 21
19 23
9 19
15 16
1 21
7 21
22 23
2 18
0 14
4 12
14 22
15 23
1 16
0 24
12 24
2 23
1 5
0 11
3 6
1 13
6 10
9 20
5 17
10 19
7 18
12 18
0 5
13 19
4 11
9 13
5 10
3 22
8 22
5 7
4 17
9 23
11 20
7 17
12 23
0 2
13 22
3 15
1 3
2 8
5 13
3 21
10 15
8 19
19 22
7 11
6 17
16 17
2 19
0 15
2 13
9 24
14 23
11 13
15 22
20 22
1 23
13 15
2 20
1 4
2 3
2 14
5 16
10 16
0 19
15 21
1 18
6 15
19 21
3 4
2 4
5 9
4 7
8 23
5 6
10 21
0 16
16 21
12 16
0 3
16 24
12 14
1 2
4 9
2 9
5 12
10 12
4 23
9 17
15 18
6 22
10 22
7 23
12 21
17 19
18 24
8 11
3 19
8 17
11 12
0 23
7 9
12 15
11 17
1 22
21 22
2 21
3 8

Solution strand #283249 at tube 6: 
1 0 0 0 1 0 1 0 1 0 0 0 0 1 0 0 0 0 1 0 0 0 0 0 0 

Maximum independent set: 
0 4 6 8 13 18 
Elapsed times: init=1.984470 s, comp=0.184812 s, total=2.169282 s, t2=0.002359 s, t3=0.182453 s
