25 vertices, 75 edges
Edges:
11 16
5 9
14 17
7 21
10 17
2 16
6 9
0 7
1 15
1 3
7 16
2 12
16 17
9 18
0 3
3 17
13 21
1 20
14 22
7 20
16 24
6 7
4 19
17 21
20 21
14 18
1 14
3 18
13 16
8 20
2 23
2 13
9 11
5 8
15 18
17 23
1 10
9 17
7 9
14 23
18 20
11 13
18 23
1 2
22 24
6 11
5 17
2 20
4 7
4 14
19 24
1 19
14 15
1 9
0 12
6 12
7 22
2 14
12 22
2 17
15 17
2 7
0 15
5 16
8 12
0 19
15 21
4 17
11 18
3 6
5 14
0 6
1 8
15 16
2 21

Solution strand #26263128 at tube 10: 
0 0 0 1 1 1 0 0 0 0 1 0 1 1 0 1 0 0 0 0 1 0 0 1 1 

Maximum independent set: 
3 4 5 10 12 13 15 20 23 24 
Elapsed times: init=2.135037 s, comp=0.003831 s, total=2.138868 s, t2=0.001205 s, t3=0.002626 s
