22 vertices, 125 edges
Edges:
6 9
0 20
15 20
1 17
17 20
13 17
14 17
1 6
0 10
4 19
9 21
5 18
10 18
12 17
0 4
18 20
4 10
9 14
10 13
4 16
9 16
14 15
5 21
11 21
16 19
2 17
14 16
1 12
8 12
4 15
5 14
10 14
8 18
14 21
4 21
18 19
15 16
11 16
1 21
15 21
2 18
0 14
3 11
8 9
4 12
2 12
7 11
3 17
12 13
0 11
16 17
6 13
10 19
7 18
0 5
18 21
4 11
2 7
5 20
11 20
10 20
16 20
0 2
3 15
1 3
5 13
3 21
7 21
14 20
15 19
6 17
11 19
7 20
0 15
1 14
8 10
9 11
8 16
6 15
11 13
6 18
13 15
1 4
3 9
2 3
2 14
6 8
7 13
12 19
1 18
1 7
0 9
3 4
9 12
5 9
10 11
5 6
6 21
10 21
16 21
0 3
1 2
4 9
2 9
3 20
10 12
9 17
7 10
11 18
16 18
2 16
17 19
3 13
2 10
9 10
5 15
3 19
6 12
19 20
7 9
6 19
11 17
2 21
3 8
1 8

Solution strand #87432 at tube 5: 
0 0 0 1 0 1 0 1 0 0 0 0 1 0 0 0 1 0 0 0 0 0 

Maximum independent set: 
3 5 7 12 16 
Elapsed times: init=1.766712 s, comp=0.003969 s, total=1.770681 s, t2=0.001964 s, t3=0.002005 s
