21 vertices, 50 edges
Edges:
2 18
0 20
0 14
13 17
0 10
2 5
11 19
5 8
4 19
1 16
14 18
5 18
3 18
7 19
1 20
12 17
9 17
7 10
0 4
11 18
3 5
18 20
17 18
4 16
17 19
6 11
16 20
4 14
2 10
13 19
8 17
16 19
0 12
19 20
4 11
7 9
2 7
9 13
5 16
1 12
4 17
2 4
6 20
5 20
10 14
11 20
6 13
1 7
7 8
6 16

Solution strand #92940 at tube 9: 
0 0 1 1 0 0 0 0 1 0 0 1 1 1 1 1 1 0 0 0 0 

Maximum independent set: 
2 3 8 11 12 13 14 15 16 
Elapsed times: init=1.895162 s, comp=0.002690 s, total=1.897852 s, t2=0.000812 s, t3=0.001878 s
