25 vertices, 125 edges
Edges:
14 17
15 20
6 9
17 20
13 17
1 6
5 8
3 24
6 7
6 10
5 18
16 22
12 17
13 20
9 14
5 11
4 5
3 23
8 21
5 24
4 16
10 24
9 16
0 7
10 23
13 23
3 12
1 12
8 12
14 18
3 18
14 21
11 15
7 8
11 16
1 21
7 21
22 23
1 15
8 9
3 17
6 14
0 21
20 21
0 24
12 24
2 23
1 10
6 11
5 17
10 19
0 18
12 18
17 22
13 19
18 21
23 24
9 13
5 10
4 6
3 22
8 22
5 7
5 20
11 20
10 20
0 2
3 15
18 22
8 13
4 22
11 14
6 17
11 19
12 20
2 19
7 19
3 10
4 13
2 13
9 11
3 16
6 15
19 21
0 22
7 14
6 18
21 23
2 20
20 23
2 3
14 23
0 19
1 18
3 4
9 12
5 9
8 23
5 6
6 21
11 23
0 3
16 24
13 21
4 9
9 15
5 12
3 20
7 10
5 22
11 18
10 22
13 24
3 13
1 13
4 14
8 17
4 20
19 20
12 15
11 17
1 22
2 21
3 8
19 23

Solution strand #17215444 at tube 7: 
0 0 1 0 1 0 0 1 0 0 0 0 0 0 0 1 0 1 1 0 0 0 0 0 1 

Maximum independent set: 
2 4 7 15 17 18 24 
Elapsed times: init=1.984105 s, comp=0.118943 s, total=2.103048 s, t2=0.001971 s, t3=0.116972 s
