21 vertices, 75 edges
Edges:
7 16
4 7
8 13
2 18
5 6
4 18
6 9
17 20
5 19
3 11
14 17
4 12
1 6
2 12
2 10
9 18
2 5
3 17
11 19
6 14
1 2
5 14
9 15
12 13
1 4
1 16
13 16
4 13
14 19
2 13
12 17
4 17
7 10
8 16
11 13
7 20
6 18
3 13
4 5
5 17
10 13
4 14
6 11
2 20
7 18
0 12
9 16
1 19
2 3
1 9
7 12
11 15
6 12
0 8
11 12
0 18
7 9
17 18
12 15
4 6
1 12
2 11
2 4
3 8
0 6
3 18
3 5
11 20
1 7
0 9
18 19
9 19
3 4
6 16
3 19

Solution strand #682052 at tube 7: 
0 0 1 0 0 0 1 1 1 0 0 0 0 0 0 1 0 1 0 1 0 

Maximum independent set: 
2 6 7 8 15 17 19 
Elapsed times: init=1.756573 s, comp=0.002972 s, total=1.759545 s, t2=0.001171 s, t3=0.001801 s
