22 vertices, 100 edges
Edges:
6 9
10 17
7 12
17 20
1 6
3 7
1 11
5 8
6 7
6 10
7 19
4 5
10 13
4 16
5 21
11 21
16 19
6 8
0 1
3 12
4 15
3 18
10 14
11 15
9 19
15 16
2 12
7 11
3 17
6 14
7 15
1 10
16 17
9 20
14 19
7 18
18 21
5 10
7 8
5 7
4 17
6 20
10 20
7 17
3 15
5 13
3 21
8 19
14 20
9 18
15 19
1 20
7 20
0 15
4 13
2 13
3 16
8 16
6 15
19 21
12 14
13 15
1 4
0 12
2 3
2 14
14 16
10 16
7 13
0 6
11 13
2 4
4 7
5 6
18 19
10 21
0 3
13 21
3 14
1 2
8 14
4 9
2 9
9 15
3 20
9 17
15 18
12 21
2 16
17 19
1 13
8 11
3 19
6 12
4 20
15 17
13 14
0 13
3 8
2 15

Solution strand #392517 at tube 6: 
1 0 1 0 0 1 0 0 0 0 0 1 0 0 0 0 0 1 1 0 0 0 

Maximum independent set: 
0 2 5 11 17 18 
Elapsed times: init=1.767979 s, comp=0.003539 s, total=1.771518 s, t2=0.001561 s, t3=0.001978 s
