21 vertices, 75 edges
Edges:
3 13
14 18
8 13
2 18
5 6
3 20
2 13
5 13
0 7
8 10
8 9
18 19
2 12
11 14
9 18
15 19
2 5
8 20
11 19
3 14
6 14
4 17
4 13
1 11
6 7
0 15
9 15
0 20
5 18
10 12
4 8
10 18
0 17
7 19
2 16
9 17
4 18
11 18
3 5
18 20
11 13
17 18
7 14
6 19
12 14
9 20
8 14
14 19
10 13
4 19
3 11
5 9
9 16
1 19
3 19
13 19
8 17
4 9
1 15
4 6
0 1
9 13
11 17
3 12
14 16
5 16
0 13
1 18
1 8
5 15
13 18
8 18
10 11
9 19
0 2

Solution strand #1165360 at tube 7: 
0 0 0 0 1 0 0 1 0 0 0 1 1 0 0 1 1 0 0 0 1 

Maximum independent set: 
4 7 11 12 15 16 20 
Elapsed times: init=1.752093 s, comp=0.003018 s, total=1.755111 s, t2=0.001195 s, t3=0.001823 s
