23 vertices, 100 edges
Edges:
14 17
7 12
17 20
5 8
9 21
5 18
11 22
10 18
18 20
8 15
4 10
14 15
0 7
11 21
16 19
3 12
8 12
5 14
3 18
6 13
4 21
9 19
15 16
1 21
7 21
8 9
3 17
6 14
0 21
12 13
1 16
1 10
0 18
7 18
1 19
13 19
18 21
0 8
4 11
8 22
5 7
5 20
10 20
16 20
0 2
3 15
8 13
4 8
2 8
5 13
3 21
10 15
15 19
1 20
16 17
8 10
4 13
2 13
9 11
3 16
7 9
19 21
6 18
2 20
2 14
8 16
5 16
10 16
7 13
1 18
0 6
1 7
0 9
4 18
9 22
5 19
10 21
0 16
12 16
4 9
8 20
9 17
7 10
6 22
5 22
10 22
12 21
2 16
17 19
2 10
9 10
4 20
11 12
15 17
6 19
12 15
11 17
1 22
21 22
1 8

Solution strand #150390 at tube 7: 
0 1 1 0 1 1 1 0 0 0 0 0 1 0 0 0 0 1 0 0 0 0 0 

Maximum independent set: 
1 2 4 5 6 12 17 
Elapsed times: init=1.798427 s, comp=0.004447 s, total=1.802874 s, t2=0.001866 s, t3=0.002581 s
