21 vertices, 100 edges
Edges:
14 17
10 17
0 20
15 20
6 9
0 7
13 17
18 19
3 7
6 7
4 19
6 10
5 18
7 12
18 20
8 15
9 14
10 13
4 16
14 15
17 20
2 17
1 12
10 14
8 18
6 13
6 16
11 16
2 18
0 14
3 11
1 15
8 9
4 12
2 12
15 19
3 17
6 14
7 15
1 16
13 16
6 11
1 19
13 19
0 8
9 13
4 17
5 20
11 20
0 2
14 18
8 13
2 8
10 15
9 18
7 11
6 17
16 17
12 20
0 15
19 20
8 10
2 13
3 16
6 15
6 18
2 20
1 4
3 9
1 9
5 16
0 19
7 13
12 19
1 18
0 6
13 18
0 9
3 4
9 12
5 9
4 7
5 6
7 16
12 16
2 9
5 12
10 12
8 20
9 17
11 18
16 18
1 13
8 11
5 15
3 19
14 20
11 12
15 17
6 19

Solution strand #1190 at tube 5: 
0 1 1 0 0 1 0 1 0 0 1 0 0 0 0 0 0 0 0 0 0 

Maximum independent set: 
1 2 5 7 10 
Elapsed times: init=1.751659 s, comp=0.003429 s, total=1.755088 s, t2=0.001582 s, t3=0.001847 s
