23 vertices, 100 edges
Edges:
14 17
1 6
0 10
1 11
5 8
14 18
11 22
10 18
7 19
12 17
4 10
2 6
9 14
8 21
4 16
14 15
0 1
3 12
8 12
2 11
3 18
14 21
4 21
11 15
9 19
15 16
11 16
7 21
2 18
3 11
1 15
3 17
20 21
1 5
0 11
1 10
9 20
7 18
12 18
0 5
9 13
8 22
5 7
6 20
16 20
3 15
1 3
5 13
10 15
4 22
11 14
9 18
6 17
11 19
0 15
19 20
3 10
8 10
2 13
3 16
8 16
11 13
15 22
3 9
2 14
14 16
5 16
10 16
7 13
12 19
1 18
17 21
0 9
3 4
2 4
5 9
10 11
5 6
4 18
9 22
7 14
5 19
10 21
0 16
16 21
13 21
1 2
8 14
2 9
5 12
11 18
12 21
2 16
2 10
5 15
6 12
11 12
11 17
1 22
21 22

Solution strand #4736873 at tube 7: 
1 0 0 1 0 0 1 0 0 0 0 0 0 1 1 0 0 0 0 1 0 0 1 

Maximum independent set: 
0 3 6 13 14 19 22 
Elapsed times: init=1.837448 s, comp=0.003725 s, total=1.841173 s, t2=0.001562 s, t3=0.002163 s
