23 vertices, 125 edges
Edges:
14 17
0 20
15 20
6 9
17 20
2 22
1 6
0 10
2 5
6 7
9 21
6 10
5 18
10 18
13 20
18 20
8 15
4 10
2 6
9 14
4 16
9 16
11 21
16 19
12 22
6 8
0 1
3 12
8 12
4 15
6 14
3 18
6 13
15 16
6 16
1 21
7 13
11 14
2 18
3 11
1 15
2 12
3 17
14 22
7 15
12 13
1 16
13 16
1 5
0 11
3 6
1 10
14 21
14 19
0 18
17 22
0 8
2 7
9 13
3 22
17 18
5 7
4 17
6 20
10 20
13 22
14 18
3 21
4 22
19 22
6 12
7 11
11 19
7 20
2 19
3 10
9 11
15 17
11 13
12 14
13 15
8 16
14 16
0 19
15 21
12 19
1 18
17 21
13 18
1 7
19 21
5 9
4 7
10 21
0 16
16 21
0 3
13 21
3 14
20 22
1 2
5 12
8 20
9 17
15 18
5 22
11 18
10 22
16 18
12 21
2 16
17 19
3 13
4 14
2 10
5 15
14 20
4 20
11 12
7 9
6 19
1 22
20 21
1 8
2 15

Solution strand #988 at tube 5: 
0 0 1 1 1 0 0 0 1 1 0 0 0 0 0 0 0 0 0 0 0 0 0 

Maximum independent set: 
2 3 4 8 9 
Elapsed times: init=1.795867 s, comp=0.013823 s, total=1.809690 s, t2=0.001959 s, t3=0.011864 s
