20 vertices, 150 edges
Edges:
6 9
7 12
14 17
0 7
13 17
1 6
3 7
2 5
1 11
5 8
6 7
4 19
6 10
5 18
0 17
7 19
12 17
8 15
4 10
2 6
9 14
15 18
5 11
4 5
10 13
16 19
2 17
0 1
3 12
1 12
8 12
4 15
2 11
5 14
3 18
10 14
8 18
11 15
9 19
6 16
11 16
0 14
3 11
1 15
8 9
4 12
15 19
3 17
6 14
7 15
13 16
1 5
0 11
3 6
6 11
5 17
10 19
0 18
7 18
12 18
1 19
0 5
0 8
3 5
4 6
4 17
7 17
14 19
0 2
3 15
14 18
8 13
4 8
2 8
5 13
8 19
9 18
7 11
11 19
16 17
2 19
0 15
3 10
1 14
8 10
4 13
2 13
9 11
3 16
8 16
11 13
7 14
6 18
12 14
13 15
1 4
0 12
3 9
2 3
1 9
2 14
6 8
5 16
10 16
0 19
12 19
1 18
0 6
7 9
1 7
0 9
2 4
9 12
5 9
4 7
10 11
5 6
5 19
18 19
0 16
7 16
12 16
3 14
8 14
4 9
2 9
9 15
5 12
9 17
7 10
11 18
16 18
2 16
17 19
3 13
1 13
2 10
9 10
5 15
3 19
8 17
6 12
11 12
15 17
12 15
11 17
13 14
3 8
1 8
2 15

Solution strand #25 at tube 3: 
1 0 0 1 1 0 0 0 0 0 0 0 0 0 0 0 0 0 0 0 

Maximum independent set: 
0 3 4 
Elapsed times: init=1.746332 s, comp=0.004274 s, total=1.750606 s, t2=0.002499 s, t3=0.001775 s
