22 vertices, 100 edges
Edges:
6 9
0 20
7 12
14 17
17 20
0 10
2 5
1 11
5 8
6 7
4 19
5 18
15 20
8 15
4 10
5 11
10 13
5 21
17 18
3 18
10 14
6 13
9 19
7 8
11 16
0 14
3 11
3 17
6 14
0 21
7 15
1 16
0 11
3 6
14 21
14 19
5 17
10 19
7 18
4 11
2 7
9 13
5 10
4 6
11 20
7 17
0 7
2 8
5 13
3 21
10 15
8 19
9 18
7 11
11 19
1 20
19 20
9 11
3 16
15 17
19 21
12 14
13 15
1 4
0 12
3 9
8 16
14 16
5 16
15 21
1 18
17 21
13 18
1 7
7 16
3 4
4 7
6 21
10 21
16 21
0 3
3 14
4 9
2 9
10 12
15 18
16 18
2 16
17 19
8 11
2 10
9 10
3 19
11 12
7 9
12 15
11 17
3 8
1 8
2 15

Solution strand #545219 at tube 6: 
1 1 0 0 0 1 1 0 0 0 0 0 0 0 0 1 0 0 0 1 0 0 

Maximum independent set: 
0 1 5 6 15 19 
Elapsed times: init=1.767208 s, comp=0.003564 s, total=1.770772 s, t2=0.001568 s, t3=0.001996 s
