21 vertices, 125 edges
Edges:
14 17
0 20
15 20
0 7
13 17
0 10
3 7
1 11
6 7
4 19
14 18
7 12
4 10
9 14
15 18
5 11
4 5
4 16
9 16
14 15
17 20
2 17
6 8
0 1
3 12
8 12
4 15
5 14
6 13
7 8
6 16
11 16
2 18
0 14
3 11
1 15
4 12
2 12
15 19
1 16
14 19
1 10
7 20
6 11
5 17
10 19
12 18
1 19
0 5
13 19
4 11
3 5
2 7
9 13
5 10
5 7
4 17
6 20
5 20
10 20
16 20
0 2
3 15
1 3
8 13
4 8
2 8
5 13
10 15
6 10
14 20
7 11
1 20
16 17
12 20
0 15
1 14
4 13
2 13
9 11
8 16
11 13
12 14
2 20
1 4
1 9
2 14
14 16
0 19
7 13
1 18
0 6
5 9
4 7
10 11
5 6
0 16
3 14
8 14
2 9
9 15
3 20
10 12
9 17
7 10
11 18
16 18
2 16
17 19
1 13
8 11
7 17
4 14
2 10
9 10
5 15
8 17
6 12
19 20
6 19
12 15
11 17
13 14
3 8
2 15

Solution strand #272537 at tube 5: 
1 0 0 1 1 0 0 0 0 1 0 0 0 0 0 0 0 0 1 0 0 

Maximum independent set: 
0 3 4 9 18 
Elapsed times: init=1.750300 s, comp=0.003827 s, total=1.754127 s, t2=0.001968 s, t3=0.001859 s
