21 vertices, 150 edges
Edges:
14 17
10 17
0 20
7 12
6 9
17 20
13 17
1 6
0 10
3 7
2 5
1 11
5 8
6 7
4 19
6 10
5 18
10 18
15 20
12 17
0 4
13 20
18 20
17 18
2 6
4 5
4 16
9 16
14 15
16 19
2 17
0 1
1 12
8 12
5 14
10 14
8 18
6 13
18 19
15 16
11 16
2 18
3 11
1 15
8 9
2 12
7 11
3 17
6 14
7 15
12 13
1 16
13 16
0 11
3 6
1 10
16 17
9 20
6 11
5 17
10 19
7 18
12 18
1 19
13 19
3 5
2 7
9 13
5 10
4 6
5 7
4 17
6 20
11 20
7 17
0 2
3 15
1 3
8 13
4 8
2 8
15 19
11 19
1 20
7 20
12 20
2 19
0 15
7 19
3 10
1 14
8 10
4 13
2 13
9 11
3 16
8 16
6 15
11 13
7 14
1 4
2 3
2 14
14 16
5 16
10 16
0 19
7 13
1 18
13 18
1 7
0 9
3 4
2 4
4 7
10 11
4 10
5 6
4 18
5 19
0 16
7 16
12 16
0 3
1 2
4 9
2 9
9 15
5 12
10 12
8 20
15 18
11 18
2 16
17 19
3 13
8 11
4 14
9 10
5 15
3 19
8 17
6 12
4 20
11 12
7 9
6 19
11 17
3 8
2 15

Solution strand #22568 at tube 4: 
0 0 0 1 0 0 0 0 0 1 0 0 1 0 1 0 0 0 0 0 0 

Maximum independent set: 
3 9 12 14 
Elapsed times: init=1.798389 s, comp=0.004251 s, total=1.802640 s, t2=0.002385 s, t3=0.001866 s
