22 vertices, 150 edges
Edges:
10 17
0 20
15 20
0 7
13 17
1 6
0 10
3 7
1 11
14 18
5 18
10 18
0 17
7 19
12 17
18 20
9 14
7 10
5 11
4 5
10 13
8 21
4 16
9 16
14 15
5 21
16 19
17 19
17 18
3 12
8 12
4 15
5 14
3 18
8 18
6 13
4 21
18 19
9 19
15 16
11 16
1 21
7 21
2 18
3 11
8 9
4 12
6 14
0 21
7 15
12 13
1 16
14 19
0 11
3 6
16 17
14 21
9 20
6 11
10 19
0 18
7 18
12 18
1 19
0 5
0 8
4 11
2 7
4 6
4 17
6 20
5 20
11 20
10 20
7 17
0 2
3 15
1 3
8 13
3 21
10 15
11 14
14 20
7 11
6 17
11 19
1 20
7 20
2 19
0 15
3 10
1 14
4 13
2 13
9 11
3 16
11 13
7 13
2 20
0 12
3 9
2 3
2 14
5 16
10 16
0 19
15 21
12 19
1 18
0 6
1 7
0 9
3 4
10 11
5 6
4 18
10 21
0 16
16 21
0 3
3 14
8 14
4 9
2 9
9 15
5 12
3 20
15 18
11 18
16 18
2 16
13 15
8 11
16 20
2 10
9 10
5 15
3 19
8 17
6 12
11 12
7 9
6 19
12 15
11 17
13 14
0 13
3 8
20 21
2 15

Solution strand #438 at tube 4: 
0 1 1 0 1 0 0 0 1 0 0 0 0 0 0 0 0 0 0 0 0 0 

Maximum independent set: 
1 2 4 8 
Elapsed times: init=1.764480 s, comp=0.012947 s, total=1.777427 s, t2=0.002389 s, t3=0.010558 s
