20 vertices, 50 edges
Edges:
5 9
14 17
4 8
5 6
2 8
1 17
5 19
2 12
15 19
0 3
1 11
6 14
2 19
0 15
9 15
5 12
14 18
10 12
1 5
0 4
11 18
16 18
2 16
2 6
12 14
5 11
14 19
1 13
13 15
6 11
0 18
1 4
4 16
9 10
1 19
6 12
2 14
11 12
15 17
6 19
12 15
4 19
1 12
13 14
17 18
5 14
6 13
10 16
2 15
15 16

Solution strand #722433 at tube 9: 
1 0 0 0 0 0 0 1 1 1 0 1 0 1 0 0 1 1 0 1 

Maximum independent set: 
0 7 8 9 11 13 16 17 19 
Elapsed times: init=1.746327 s, comp=0.002612 s, total=1.748939 s, t2=0.000840 s, t3=0.001772 s
