20 vertices, 125 edges
Edges:
6 9
0 7
13 17
18 19
0 10
3 7
2 5
6 7
4 19
6 10
0 17
7 19
12 17
8 15
2 6
9 14
15 18
5 11
4 5
10 13
4 16
9 16
16 19
2 17
17 18
3 12
1 12
5 14
10 14
6 13
1 6
9 19
7 8
11 16
2 18
0 14
3 11
1 15
4 12
2 12
15 19
6 14
7 15
13 16
0 11
3 6
1 10
14 19
10 19
12 18
1 19
13 19
0 8
4 11
3 5
9 13
5 10
4 6
5 7
0 2
3 15
5 13
8 19
7 11
11 19
2 19
0 15
3 10
1 14
8 10
4 13
2 13
9 11
7 9
11 13
7 14
6 18
12 14
13 15
1 4
0 12
3 9
2 3
8 16
6 8
5 16
7 13
0 6
0 9
3 4
2 4
5 9
4 7
5 6
4 18
0 16
7 16
12 16
1 2
8 14
4 9
2 9
9 15
5 12
10 12
7 10
16 18
17 19
3 13
1 13
8 11
4 14
2 10
5 15
3 19
8 17
6 12
11 12
15 17
6 19
13 14
0 13
3 8
1 8
2 15

Solution strand #204746 at tube 4: 
0 1 0 1 0 0 0 0 0 0 0 0 0 0 0 0 1 1 0 0 

Maximum independent set: 
1 3 16 17 
Elapsed times: init=1.744548 s, comp=0.003682 s, total=1.748230 s, t2=0.001993 s, t3=0.001689 s
