21 vertices, 50 edges
Edges:
4 7
2 18
4 18
1 17
0 7
10 15
8 19
17 19
18 19
12 16
6 17
1 11
11 19
1 20
16 17
12 13
5 12
14 18
8 20
1 5
0 11
7 10
3 16
2 7
7 14
2 6
12 14
1 13
10 13
14 20
4 16
2 15
2 3
1 9
8 17
6 12
16 19
0 12
4 11
15 17
17 18
13 14
7 13
2 11
1 8
0 9
9 19
15 16
9 12
3 19

Solution strand #308264 at tube 9: 
0 0 0 1 0 1 1 0 1 1 0 1 0 1 0 1 0 0 1 0 0 

Maximum independent set: 
3 5 6 8 9 11 13 15 18 
Elapsed times: init=1.904666 s, comp=0.002673 s, total=1.907339 s, t2=0.000801 s, t3=0.001872 s
