24 vertices, 75 edges
Edges:
0 11
6 9
15 21
0 20
5 6
2 8
16 23
1 17
4 12
7 16
2 12
12 14
6 17
1 11
13 21
1 20
6 14
16 17
15 23
0 15
20 21
11 12
1 16
6 10
3 20
4 23
11 22
4 8
2 13
12 17
3 14
15 18
17 23
3 16
5 7
10 22
11 13
1 2
17 19
9 14
3 6
20 22
5 11
6 11
2 9
4 14
0 3
2 10
5 22
9 16
3 5
1 9
6 8
0 18
7 22
19 20
12 22
7 9
17 18
20 23
1 22
14 16
5 16
8 22
2 21
7 13
0 13
5 14
6 20
5 20
16 19
16 20
19 23
9 19
3 10

Solution strand #568322 at tube 8: 
0 1 0 0 0 1 0 0 1 0 1 0 1 1 0 1 0 0 0 1 0 0 0 0 

Maximum independent set: 
1 5 8 10 12 13 15 19 
Elapsed times: init=1.895009 s, comp=0.003728 s, total=1.898737 s, t2=0.001236 s, t3=0.002492 s
