23 vertices, 125 edges
Edges:
6 9
10 17
15 20
0 7
13 17
1 6
3 7
2 5
1 11
5 8
4 19
6 10
5 18
11 22
10 18
7 19
0 4
18 20
4 10
2 6
5 11
4 5
10 13
8 21
4 16
9 16
14 15
17 20
7 22
12 22
2 17
3 12
1 12
2 11
5 14
3 18
14 21
7 8
6 16
2 18
3 11
4 12
2 12
15 19
3 17
14 22
0 21
12 13
1 16
13 16
0 11
3 6
7 18
12 18
17 22
13 19
18 21
9 13
4 6
3 22
8 22
5 7
4 17
7 17
3 15
14 18
4 8
10 15
8 19
4 22
9 18
7 11
16 17
2 19
3 10
1 14
9 11
8 16
11 13
12 14
13 15
1 4
2 3
1 9
2 14
14 16
1 18
17 21
13 18
7 9
1 7
0 9
19 21
9 12
10 11
9 22
6 21
5 19
1 2
8 14
2 9
9 15
5 12
9 17
7 10
6 22
5 22
8 11
4 14
9 10
5 15
7 12
8 17
6 12
4 20
11 12
15 17
6 19
11 17
2 21
0 13
3 8
20 21
1 8
2 15

Solution strand #1650529 at tube 6: 
1 0 0 0 0 0 0 0 0 0 1 0 1 0 0 0 1 0 0 1 1 0 0 

Maximum independent set: 
0 10 12 16 19 20 
Elapsed times: init=1.832351 s, comp=0.013667 s, total=1.846018 s, t2=0.002041 s, t3=0.011626 s
