21 vertices, 125 edges
Edges:
6 9
10 17
0 20
7 12
0 7
13 17
1 6
0 10
3 7
1 11
5 8
6 7
14 18
5 18
10 18
0 17
7 19
12 17
0 4
13 20
18 20
4 10
9 14
7 10
5 11
4 5
4 16
14 15
16 19
2 17
14 16
17 18
3 12
8 12
2 11
8 18
6 13
11 15
11 16
3 11
8 9
2 12
3 17
12 13
1 16
1 5
0 11
9 20
6 11
5 17
0 18
7 18
1 19
13 19
0 8
3 5
9 13
5 10
4 6
4 17
6 20
11 20
10 20
7 17
3 15
8 13
2 8
10 15
8 19
11 14
7 11
11 19
1 20
16 17
0 15
1 14
8 10
4 13
3 16
6 15
11 13
7 14
12 14
13 15
1 4
0 12
3 9
2 3
1 9
6 8
0 19
7 13
12 19
1 7
2 4
9 12
4 7
0 16
0 3
18 19
1 2
8 14
4 9
5 12
3 20
10 12
8 20
15 18
0 1
16 18
3 13
1 13
8 11
16 20
4 14
2 10
5 15
8 17
11 12
6 19
12 15
0 13
3 8
1 8
2 15

Solution strand #20997 at tube 5: 
1 0 1 0 0 1 1 0 0 0 0 0 0 0 1 0 0 0 0 0 0 

Maximum independent set: 
0 2 5 6 14 
Elapsed times: init=1.765032 s, comp=0.004435 s, total=1.769467 s, t2=0.002307 s, t3=0.002128 s
