23 vertices, 150 edges
Edges:
6 9
15 20
1 17
0 7
14 17
18 19
0 10
3 7
2 5
5 8
6 7
9 21
6 10
5 18
10 18
0 17
16 22
12 17
0 4
13 20
8 15
4 10
2 6
7 10
5 11
4 5
10 13
8 21
9 16
14 15
5 21
11 21
7 22
12 22
3 12
5 14
3 18
10 14
14 21
4 21
1 6
9 19
15 16
2 18
0 14
8 9
2 12
15 19
3 17
6 14
0 21
12 13
1 5
0 11
3 6
11 15
6 13
9 20
6 11
5 17
10 19
7 18
1 19
17 22
13 19
0 8
9 13
5 10
4 6
7 8
5 7
4 17
6 20
5 20
11 20
10 20
16 20
0 5
4 8
4 22
9 18
7 11
6 17
11 19
16 17
12 20
2 19
0 15
7 19
3 10
1 14
8 10
2 13
9 11
3 16
15 17
6 15
11 13
7 14
12 14
13 15
2 20
0 12
3 9
2 3
2 14
8 16
14 16
10 16
0 19
7 13
0 6
1 7
2 4
9 12
5 9
4 7
10 11
5 6
4 18
15 22
5 19
7 16
0 3
13 21
3 14
1 2
9 15
9 17
15 18
6 22
5 22
14 22
16 18
12 21
8 11
4 14
2 10
9 10
3 19
8 17
6 12
7 9
6 19
11 17
1 22
13 14
2 21
0 13
1 8

Solution strand #78674 at tube 5: 
0 1 0 0 1 0 0 0 0 0 0 1 1 0 0 0 1 0 0 0 0 0 0 

Maximum independent set: 
1 4 11 12 16 
Elapsed times: init=1.845271 s, comp=0.032460 s, total=1.877731 s, t2=0.002692 s, t3=0.029768 s
