21 vertices, 75 edges
Edges:
5 9
14 17
10 17
3 11
17 20
5 19
8 9
8 19
3 14
7 16
0 10
7 11
2 5
3 17
6 9
0 3
1 20
1 2
8 14
0 8
2 19
7 15
2 9
9 15
11 12
3 10
5 20
11 19
0 17
0 11
12 17
9 17
15 18
11 15
8 16
6 15
18 20
4 10
7 14
6 8
9 14
9 20
6 11
1 13
8 11
13 15
2 20
1 4
2 10
2 15
3 9
2 3
1 9
13 19
4 20
19 20
4 11
3 5
6 19
0 18
4 6
1 12
10 16
0 19
0 13
12 19
3 18
1 19
11 20
7 17
0 9
14 15
15 16
0 2
9 12

Solution strand #266752 at tube 7: 
0 0 0 0 0 1 0 1 1 0 1 0 1 1 0 0 0 0 1 0 0 

Maximum independent set: 
5 7 8 10 12 13 18 
Elapsed times: init=1.755946 s, comp=0.003062 s, total=1.759008 s, t2=0.001196 s, t3=0.001866 s
