22 vertices, 100 edges
Edges:
6 9
0 20
1 17
13 17
18 19
1 11
5 8
4 19
9 21
6 10
10 18
0 4
13 20
18 20
17 18
9 14
15 18
5 11
10 13
8 21
2 17
0 1
8 12
5 14
3 18
8 18
1 6
11 16
0 14
1 15
3 17
6 14
0 21
7 15
20 21
1 16
3 6
7 20
9 20
6 11
5 17
0 18
1 19
0 5
13 19
18 21
4 11
3 5
2 7
5 7
6 20
0 2
3 15
8 13
4 8
2 8
3 21
6 12
9 18
16 17
0 15
19 20
3 10
1 14
8 10
4 13
3 16
6 15
0 12
2 3
2 14
6 8
5 16
0 19
13 18
5 9
10 11
4 10
5 6
6 21
10 21
0 16
12 16
0 3
2 9
3 20
7 10
16 18
1 13
4 14
3 19
14 20
4 20
11 12
11 17
13 14
2 21
0 13
1 8
2 15

Solution strand #4826 at tube 6: 
0 1 0 1 1 0 0 1 0 1 0 0 1 0 0 0 0 0 0 0 0 0 

Maximum independent set: 
1 3 4 7 9 12 
Elapsed times: init=1.765345 s, comp=0.003820 s, total=1.769165 s, t2=0.001812 s, t3=0.002008 s
