21 vertices, 100 edges
Edges:
0 20
1 17
13 17
1 6
0 10
3 7
2 5
6 7
4 19
14 18
0 17
7 19
12 17
18 20
8 15
2 6
10 13
4 16
14 15
2 17
17 18
4 15
5 14
10 14
8 18
9 19
7 8
6 16
0 14
2 12
15 19
12 13
13 16
0 11
6 10
9 20
5 17
0 18
1 19
0 5
0 8
4 11
9 13
10 20
16 20
1 3
4 8
2 8
5 13
8 19
9 18
7 11
11 19
16 17
0 15
4 13
6 15
11 13
12 14
13 15
3 9
2 3
1 9
2 14
6 8
5 16
10 16
0 19
7 13
12 19
0 6
13 18
0 9
3 4
2 4
10 11
4 18
5 19
3 14
4 9
2 9
3 20
10 12
8 20
16 18
2 16
17 19
1 13
8 11
7 17
2 10
9 10
4 20
19 20
15 17
12 15
11 17
13 14
0 13
3 8

Solution strand #275272 at tube 6: 
0 0 0 1 0 1 1 0 0 0 0 1 1 0 0 0 0 0 1 0 0 

Maximum independent set: 
3 5 6 11 12 18 
Elapsed times: init=1.883657 s, comp=0.003538 s, total=1.887195 s, t2=0.001642 s, t3=0.001896 s
