20 vertices, 125 edges
Edges:
14 17
7 12
6 9
0 7
1 3
1 6
0 10
3 7
2 5
1 11
6 7
4 19
14 18
7 19
12 17
0 4
4 10
2 6
5 11
4 5
10 13
14 15
16 19
2 17
0 1
1 12
2 11
5 14
10 14
8 18
6 13
18 19
7 8
6 16
11 16
0 14
1 15
2 12
3 17
6 14
7 15
12 13
1 16
13 16
1 5
3 6
1 10
10 19
12 18
1 19
13 19
0 8
4 11
2 7
5 10
4 6
15 16
5 7
0 2
3 15
6 10
8 13
4 8
2 8
5 13
10 15
8 19
11 14
15 19
6 17
11 19
16 17
2 19
8 10
4 13
2 13
3 16
8 16
6 15
11 13
6 18
13 15
3 9
2 3
14 16
10 16
0 19
7 13
12 19
1 18
0 6
0 9
3 4
9 12
5 9
10 11
5 6
5 19
7 16
12 16
0 3
3 14
1 2
4 9
9 15
5 12
9 17
7 10
17 19
3 13
1 13
8 11
4 14
2 10
9 10
8 17
6 12
11 12
7 9
12 15
11 17
13 14
0 13
3 8
2 15

Solution strand #429345 at tube 5: 
1 0 0 0 0 1 0 0 0 0 0 0 0 0 0 1 0 1 1 0 

Maximum independent set: 
0 5 15 17 18 
Elapsed times: init=1.910858 s, comp=0.003897 s, total=1.914755 s, t2=0.002108 s, t3=0.001789 s
