22 vertices, 75 edges
Edges:
16 17
3 15
4 7
8 13
10 17
2 18
7 12
4 18
1 14
5 13
0 7
10 12
10 15
8 19
4 12
7 16
6 12
7 11
1 11
13 21
3 14
6 14
1 2
3 8
12 20
7 15
4 19
9 15
11 16
4 8
3 20
5 20
11 19
4 13
0 11
9 11
5 19
2 13
15 18
0 14
0 20
7 20
17 19
9 14
3 13
3 10
5 17
7 17
1 17
5 9
1 19
14 15
5 21
11 21
8 17
14 20
16 19
0 8
0 16
7 9
0 1
3 7
6 8
17 18
4 15
2 11
1 18
1 8
3 18
10 14
1 7
0 5
8 14
0 19
9 12

Solution strand #2243965 at tube 8: 
1 0 1 1 1 0 1 0 0 1 0 0 0 0 0 0 0 1 0 0 0 1 

Maximum independent set: 
0 2 3 4 6 9 17 21 
Elapsed times: init=1.776484 s, comp=0.003833 s, total=1.780317 s, t2=0.001406 s, t3=0.002427 s
