21 vertices, 75 edges
Edges:
3 15
6 10
5 9
4 10
5 6
0 14
0 7
5 19
10 15
13 17
1 3
18 19
11 14
14 20
7 11
6 17
3 10
2 18
0 3
1 20
6 14
2 11
4 9
15 19
12 13
11 12
1 16
3 20
1 14
10 12
5 12
4 13
7 12
9 17
3 6
0 4
14 15
11 18
6 15
18 20
11 13
2 16
4 16
4 6
9 13
11 15
5 17
10 13
0 18
2 10
4 11
5 15
2 3
13 19
8 17
6 12
0 8
19 20
2 17
14 16
0 1
0 19
5 16
1 12
4 15
7 13
4 17
6 16
5 14
6 20
3 18
0 9
7 16
3 4
2 4

Solution strand #542278 at tube 7: 
0 1 1 0 0 0 1 1 1 1 0 0 0 0 0 0 0 0 0 1 0 

Maximum independent set: 
1 2 6 7 8 9 19 
Elapsed times: init=1.749588 s, comp=0.003164 s, total=1.752752 s, t2=0.001238 s, t3=0.001926 s
