25 vertices, 50 edges
Edges:
13 22
3 15
7 21
10 17
5 6
4 17
16 21
5 13
17 20
4 12
1 6
9 18
0 3
16 24
13 21
1 20
7 20
5 12
0 24
10 12
11 22
16 22
9 17
11 18
10 22
7 23
10 20
0 22
1 24
22 24
5 11
18 24
21 23
2 20
14 24
17 22
11 21
2 17
1 12
13 14
8 22
0 13
12 19
9 23
1 8
10 14
8 18
2 15
7 16
18 20

Solution strand #17317692 at tube 12: 
0 0 1 1 1 0 1 1 1 1 1 1 0 1 0 0 0 0 0 1 0 0 0 0 1 

Maximum independent set: 
2 3 4 6 7 8 9 10 11 13 19 24 
Elapsed times: init=2.045481 s, comp=0.003338 s, total=2.048819 s, t2=0.000783 s, t3=0.002555 s
