23 vertices, 50 edges
Edges:
13 22
14 17
7 21
5 6
2 8
7 11
1 17
5 19
10 21
4 12
2 12
12 16
3 7
11 19
1 13
2 14
0 21
9 15
6 10
5 20
13 16
0 17
1 5
1 15
6 22
3 16
10 22
16 18
4 18
6 18
12 14
5 17
1 9
0 8
2 17
3 5
6 19
6 9
4 6
8 22
12 19
3 8
3 18
2 22
11 20
1 7
9 19
15 16
6 16
4 22

Solution strand #1456000 at tube 9: 
0 0 0 0 0 0 0 1 1 1 1 0 1 1 0 0 0 1 1 0 1 0 0 

Maximum independent set: 
7 8 9 10 12 13 17 18 20 
Elapsed times: init=1.805860 s, comp=0.003445 s, total=1.809305 s, t2=0.000912 s, t3=0.002533 s
