20 vertices, 125 edges
Edges:
6 9
10 17
14 17
13 17
1 6
3 7
2 5
1 11
5 8
6 7
4 19
6 10
5 18
10 18
0 17
12 17
0 4
8 15
2 6
4 16
9 16
14 15
2 17
14 16
0 1
1 12
8 12
2 11
5 14
10 14
8 18
6 13
11 15
15 16
2 18
3 11
8 9
4 12
2 12
7 11
6 14
7 15
12 13
1 16
13 16
6 11
0 11
14 19
5 17
0 18
1 19
13 19
0 8
4 11
3 5
2 7
7 8
5 7
4 17
7 17
0 2
1 3
8 13
2 8
5 13
8 19
9 18
15 19
6 17
11 19
16 17
4 13
2 13
3 16
8 16
11 13
7 14
6 18
12 14
1 4
0 12
3 9
2 3
1 9
2 14
6 8
5 16
10 16
0 19
7 13
12 19
1 18
0 6
1 7
0 9
1 17
2 4
9 12
5 9
4 7
10 11
4 18
12 16
1 2
4 9
2 9
9 17
15 18
11 18
2 16
17 19
3 13
1 13
4 14
9 10
3 19
8 17
7 9
6 19
12 15
11 17
13 14
0 13
3 8
2 15

Solution strand #34313 at tube 4: 
1 0 0 1 0 0 0 0 0 0 1 0 0 0 0 1 0 0 0 0 

Maximum independent set: 
0 3 10 15 
Elapsed times: init=1.812652 s, comp=0.003815 s, total=1.816467 s, t2=0.002068 s, t3=0.001747 s
