22 vertices, 125 edges
Edges:
6 9
0 20
7 12
14 17
0 7
13 17
18 19
0 10
2 5
1 11
5 8
6 7
5 18
10 18
0 17
7 19
12 17
0 4
13 20
9 14
4 5
10 13
8 21
4 16
9 16
11 21
16 19
2 17
3 12
1 12
4 15
2 11
5 14
6 13
11 15
15 16
1 21
7 21
2 18
3 11
1 15
3 17
6 14
20 21
7 20
14 21
6 11
10 19
0 18
7 18
12 18
18 21
0 8
4 11
3 5
2 7
9 13
4 17
5 20
11 20
7 17
1 3
4 8
5 13
3 21
11 14
9 18
1 20
16 17
0 15
11 12
3 10
4 13
9 11
6 15
11 13
7 14
12 14
7 13
2 20
1 4
0 12
3 9
2 3
10 16
0 19
15 21
12 19
1 18
0 6
13 18
1 7
0 9
3 4
2 4
4 7
15 20
5 6
4 18
6 21
5 19
16 21
12 16
3 14
8 14
9 15
8 20
9 17
16 18
12 21
2 16
17 19
3 13
4 14
2 10
9 10
4 20
19 20
6 19
13 14
0 13
3 8
12 13
1 8
2 15

Solution strand #2912 at tube 4: 
0 0 0 0 0 1 0 1 0 0 1 1 0 0 0 0 0 0 0 0 0 0 

Maximum independent set: 
5 7 10 11 
Elapsed times: init=1.767170 s, comp=0.003978 s, total=1.771148 s, t2=0.001965 s, t3=0.002013 s
