23 vertices, 50 edges
Edges:
5 9
14 17
1 3
10 11
4 8
4 7
3 21
4 12
1 6
2 12
19 22
0 3
1 2
2 14
6 7
2 9
1 14
10 12
10 18
12 17
7 10
15 17
8 15
12 21
2 16
9 14
3 6
9 20
5 11
13 15
9 16
5 15
14 15
1 9
13 19
6 12
0 8
3 5
0 1
10 22
5 10
0 15
3 4
2 21
12 19
5 14
1 19
3 9
15 16
7 20

Solution strand #7670737 at tube 11: 
1 0 0 0 1 0 1 0 0 0 0 1 0 1 1 0 1 0 1 0 1 1 1 

Maximum independent set: 
0 4 6 11 13 14 16 18 20 21 22 
Elapsed times: init=1.794774 s, comp=0.002950 s, total=1.797724 s, t2=0.000781 s, t3=0.002169 s
