21 vertices, 125 edges
Edges:
14 17
10 17
7 12
6 9
17 20
13 17
18 19
0 10
3 7
2 5
1 11
5 8
6 7
4 19
5 18
10 18
0 17
15 20
8 15
4 10
2 6
4 16
0 1
1 12
8 12
5 14
3 18
8 18
6 13
11 15
7 8
6 16
11 16
2 18
0 14
1 15
8 9
2 12
6 14
7 15
12 13
13 16
14 19
3 6
1 10
7 20
6 11
5 17
10 19
0 18
12 18
1 19
13 19
0 8
4 11
3 5
9 13
5 10
4 6
15 16
5 7
6 20
5 20
16 20
0 2
3 15
1 3
10 15
8 19
11 14
6 12
9 18
15 19
11 19
1 20
16 17
2 19
11 12
3 10
9 11
3 16
6 15
11 13
6 18
2 20
1 4
1 9
14 16
5 16
10 16
0 19
7 13
1 18
0 6
1 7
0 9
1 17
2 4
9 12
4 18
5 19
12 16
0 3
3 14
1 2
8 14
4 9
2 9
9 15
8 20
9 17
7 10
3 4
17 19
1 13
5 15
8 17
14 20
19 20
6 19
12 15
11 17
13 14
1 8
2 15

Solution strand #2636 at tube 4: 
0 0 1 1 0 0 0 0 1 0 0 1 0 0 0 0 0 0 0 0 0 

Maximum independent set: 
2 3 8 11 
Elapsed times: init=1.814407 s, comp=0.004208 s, total=1.818615 s, t2=0.002193 s, t3=0.002015 s
