20 vertices, 100 edges
Edges:
6 9
7 12
1 17
13 17
14 17
1 3
18 19
0 10
2 5
5 8
6 7
4 19
6 10
0 17
7 19
0 4
8 15
4 10
9 14
10 13
9 16
14 15
0 1
1 12
8 12
2 11
5 14
3 18
8 18
6 13
6 16
2 18
1 15
8 9
4 12
2 12
3 17
6 11
0 11
14 19
10 19
0 18
13 19
0 8
4 11
9 13
4 6
7 17
3 15
14 18
4 8
10 15
8 19
9 18
15 19
6 17
11 19
16 17
2 19
3 10
8 10
9 11
3 16
6 15
11 13
7 14
0 12
1 9
10 16
7 13
12 19
1 18
13 18
0 9
3 4
9 12
5 9
4 7
4 18
0 16
0 3
3 14
1 2
8 14
4 9
9 15
5 12
9 17
16 18
2 16
3 13
1 13
4 14
2 10
5 15
8 17
6 19
11 17
13 14
0 13

Solution strand #3042 at tube 5: 
0 1 0 0 0 1 0 1 0 0 1 1 0 0 0 0 0 0 0 0 

Maximum independent set: 
1 5 7 10 11 
Elapsed times: init=1.744714 s, comp=0.003425 s, total=1.748139 s, t2=0.001628 s, t3=0.001797 s
