22 vertices, 75 edges
Edges:
11 16
4 7
6 10
10 17
2 18
6 12
1 17
6 21
3 21
8 9
10 21
7 16
2 10
14 20
9 18
7 11
0 3
3 17
13 21
7 17
1 18
4 9
0 15
5 12
14 18
1 14
10 18
7 19
9 11
12 17
3 6
1 10
11 18
8 16
6 15
18 20
12 21
2 16
7 14
6 18
6 13
5 11
5 17
13 15
4 14
7 18
4 16
0 9
2 15
16 18
17 20
11 21
6 7
18 21
1 15
19 20
3 5
0 1
9 13
2 5
11 17
3 12
5 16
8 12
15 16
0 13
6 16
3 8
3 18
14 21
16 20
10 15
3 4
2 4
10 16

Solution strand #529989 at tube 7: 
1 0 1 0 0 0 1 0 1 0 0 1 0 0 1 0 0 0 0 1 0 0 

Maximum independent set: 
0 2 6 8 11 14 19 
Elapsed times: init=1.799318 s, comp=0.003140 s, total=1.802458 s, t2=0.001162 s, t3=0.001978 s
