24 vertices, 75 edges
Edges:
11 16
1 21
6 9
9 15
10 11
3 15
15 20
1 14
1 17
17 20
5 19
10 23
10 21
2 22
11 14
14 20
9 18
7 11
15 22
13 21
5 8
6 14
16 17
3 8
0 21
0 15
0 6
9 21
5 18
11 22
2 23
14 19
0 11
9 11
9 17
2 8
13 20
10 22
6 15
7 23
4 10
7 14
2 6
20 22
6 11
5 17
8 11
21 23
6 7
5 15
6 23
7 12
13 19
8 17
1 22
2 17
15 17
2 7
9 13
8 16
5 10
4 6
3 22
11 23
0 19
1 2
18 20
1 18
17 21
0 16
8 18
4 13
9 19
6 16
16 20

Solution strand #9439131 at tube 9: 
1 1 0 1 1 1 0 0 0 1 0 0 1 0 0 0 0 0 0 0 1 0 0 1 

Maximum independent set: 
0 1 3 4 5 9 12 20 23 
Elapsed times: init=1.855255 s, comp=0.003620 s, total=1.858875 s, t2=0.001193 s, t3=0.002427 s
