20 vertices, 75 edges
Edges:
5 9
6 9
10 11
3 8
4 8
7 12
0 14
0 17
5 13
0 7
13 17
8 19
0 16
0 10
12 16
3 7
2 5
3 10
11 19
5 8
8 14
1 11
2 19
0 15
1 16
13 16
5 12
4 13
0 11
9 11
3 6
0 4
1 10
11 18
7 9
0 3
16 18
11 13
2 7
7 14
9 14
10 18
3 13
4 5
1 13
10 13
10 19
4 14
7 18
0 18
9 16
8 12
13 19
8 17
3 4
16 19
2 14
3 5
6 19
3 12
4 6
4 7
6 15
7 13
4 17
12 19
5 14
1 8
1 7
2 15
9 19
7 8
2 4
9 12
10 16

Solution strand #962858 at tube 7: 
0 1 0 1 0 0 0 0 0 0 0 0 0 0 1 1 0 1 1 1 

Maximum independent set: 
1 3 14 15 17 18 19 
Elapsed times: init=1.746719 s, comp=0.002839 s, total=1.749558 s, t2=0.001179 s, t3=0.001660 s
