24 vertices, 150 edges
Edges:
14 17
10 17
1 17
0 7
13 17
2 22
0 10
2 5
1 11
6 7
4 19
9 21
6 10
5 18
11 22
10 18
0 17
7 19
13 20
18 20
8 15
3 23
10 13
8 21
14 15
11 21
10 23
16 19
0 1
13 23
3 12
8 12
4 15
2 11
5 14
14 18
10 14
6 13
4 21
11 15
9 19
6 16
1 21
7 13
2 18
1 15
8 9
3 17
6 14
7 15
0 6
20 21
1 16
13 16
0 11
1 10
21 22
9 20
14 19
5 17
12 18
1 19
0 5
0 8
4 11
3 5
9 13
5 10
4 6
3 22
8 22
5 7
4 17
6 20
11 20
10 20
16 20
3 15
1 3
2 8
5 13
11 14
9 18
11 19
1 20
7 20
12 20
0 15
14 23
1 14
4 13
9 11
3 16
8 16
6 15
11 13
0 22
6 18
12 14
0 12
3 9
1 9
14 16
10 16
0 19
15 21
1 18
17 21
13 18
7 9
0 9
10 11
8 23
5 6
4 18
10 21
16 21
0 3
13 21
3 14
18 23
8 14
4 9
9 15
5 12
3 20
8 20
4 23
7 10
5 22
11 18
7 23
17 19
1 13
4 14
2 10
3 19
8 17
14 20
4 20
0 23
15 17
12 15
11 17
1 22
13 14
2 21
3 8
2 15
6 23

Solution strand #8585316 at tube 6: 
0 0 1 0 0 0 0 0 0 1 0 0 1 0 0 0 1 1 0 0 0 0 0 1 

Maximum independent set: 
2 9 12 16 17 23 
Elapsed times: init=2.017201 s, comp=0.081186 s, total=2.098387 s, t2=0.002481 s, t3=0.078705 s
