24 vertices, 100 edges
Edges:
0 7
13 17
18 19
2 5
16 19
14 18
10 18
16 22
0 4
8 15
4 10
4 16
17 20
11 21
7 22
2 17
0 1
13 23
3 12
5 14
3 18
6 13
1 6
15 16
11 16
1 21
7 21
6 14
12 13
1 16
2 23
1 5
1 10
14 19
5 17
10 19
0 18
16 23
11 15
4 11
2 7
9 13
9 23
6 20
10 20
7 17
18 22
4 8
2 8
3 21
8 19
11 14
6 17
5 23
7 20
0 15
7 19
1 14
9 11
3 16
8 16
14 23
19 21
2 20
1 4
0 12
2 3
2 14
5 16
0 19
13 14
1 7
0 9
16 21
2 4
8 23
5 6
5 19
10 21
7 16
0 3
3 14
18 23
2 9
4 23
15 18
17 19
3 13
1 13
4 14
2 10
5 15
14 20
4 20
0 23
6 19
21 22
3 8
2 15
5 21

Solution strand #4218273 at tube 7: 
1 0 0 0 0 1 0 0 1 0 1 1 0 1 0 0 0 0 0 0 0 0 1 0 

Maximum independent set: 
0 5 8 10 11 13 22 
Elapsed times: init=1.854465 s, comp=0.004000 s, total=1.858465 s, t2=0.001592 s, t3=0.002408 s
