20 vertices, 75 edges
Edges:
5 9
14 17
6 10
8 13
3 8
2 18
4 17
1 17
1 15
7 16
11 14
3 7
6 17
3 17
11 19
5 8
6 14
1 2
8 14
5 12
1 11
2 19
12 13
3 10
14 18
1 14
8 10
10 18
15 16
9 11
5 19
4 11
7 10
5 17
4 5
1 12
11 13
4 18
0 1
6 18
3 14
6 11
1 13
4 14
10 19
0 18
4 16
9 16
2 3
4 9
16 19
2 14
2 17
3 5
17 18
12 15
5 10
2 11
5 16
8 12
10 16
7 13
0 13
12 19
2 4
1 18
0 6
1 8
6 19
6 13
7 17
11 15
7 8
0 2
9 12

Solution strand #566017 at tube 6: 
1 0 0 0 0 0 0 1 0 1 0 0 0 0 1 1 0 0 0 1 

Maximum independent set: 
0 7 9 14 15 19 
Elapsed times: init=1.745930 s, comp=0.002892 s, total=1.748822 s, t2=0.001208 s, t3=0.001684 s
