23 vertices, 50 edges
Edges:
13 22
5 9
7 21
1 21
1 14
5 13
5 19
8 9
12 16
3 7
19 20
14 22
3 21
4 9
2 9
9 21
1 16
3 20
10 12
2 13
9 11
12 17
4 18
1 10
8 16
3 15
16 18
19 21
2 16
7 14
5 11
4 5
8 21
1 4
1 19
14 15
18 21
0 8
11 12
15 17
0 1
6 16
0 6
16 19
8 18
14 21
4 21
11 13
3 4
0 2

Solution strand #4780372 at tube 10: 
0 0 1 0 1 0 1 1 1 0 1 1 0 0 0 1 0 0 0 1 0 0 1 

Maximum independent set: 
2 4 6 7 8 10 11 15 19 22 
Elapsed times: init=1.796346 s, comp=0.003044 s, total=1.799390 s, t2=0.000802 s, t3=0.002242 s
