23 vertices, 75 edges
Edges:
1 21
6 9
1 3
4 12
14 18
4 8
18 21
0 13
0 7
3 21
10 21
2 22
18 19
19 22
0 14
7 11
0 3
2 5
6 14
4 9
9 21
3 10
0 20
5 18
13 21
5 6
0 11
17 22
0 4
5 22
0 19
3 15
8 15
12 21
4 10
12 14
9 20
3 13
14 19
1 13
13 15
8 21
0 18
1 4
2 20
9 10
2 3
7 18
11 21
6 12
16 19
5 19
19 20
12 22
4 11
12 15
1 7
1 22
3 22
21 22
6 10
5 7
2 11
12 19
2 4
3 8
0 6
3 18
0 16
7 21
6 13
7 17
2 15
14 15
0 2

Solution strand #1258370 at tube 9: 
0 1 0 0 0 1 0 0 1 0 1 1 1 0 0 0 1 1 0 0 1 0 0 

Maximum independent set: 
1 5 8 10 11 12 16 17 20 
Elapsed times: init=1.801784 s, comp=0.003408 s, total=1.805192 s, t2=0.001192 s, t3=0.002216 s
