22 vertices, 125 edges
Edges:
10 17
0 20
7 12
1 6
3 7
1 11
6 7
4 19
9 21
6 10
5 18
10 18
12 17
8 15
2 6
5 11
10 13
4 16
9 16
14 15
5 21
2 17
0 1
3 12
5 14
3 18
6 13
11 15
9 19
7 8
7 21
2 18
0 14
3 11
8 9
4 12
2 12
7 11
3 17
6 14
0 21
7 15
1 16
1 10
9 20
6 11
5 17
10 19
0 18
7 18
12 18
1 19
13 19
18 21
0 8
2 7
9 13
6 20
5 20
11 20
0 2
3 15
14 18
8 13
4 8
3 21
11 14
6 12
9 18
15 19
6 17
1 20
7 20
12 20
0 15
3 10
8 10
4 13
2 13
3 16
7 14
6 18
12 14
13 15
2 20
1 4
0 12
2 3
2 14
14 16
5 16
10 16
15 21
1 18
17 21
13 18
7 16
2 4
5 9
5 6
5 19
0 16
16 21
12 16
0 3
13 21
3 14
1 2
4 9
5 12
8 20
11 18
16 18
12 21
3 13
9 10
5 15
3 19
8 17
14 20
19 20
15 17
12 15
13 14
2 21

Solution strand #1233 at tube 5: 
1 0 0 0 1 1 0 1 0 0 1 0 0 0 0 0 0 0 0 0 0 0 

Maximum independent set: 
0 4 5 7 10 
Elapsed times: init=1.767224 s, comp=0.004004 s, total=1.771228 s, t2=0.001979 s, t3=0.002025 s
