25 vertices, 100 edges
Edges:
15 20
1 17
17 20
13 17
1 11
4 19
6 10
11 22
16 22
12 17
13 20
5 11
8 21
10 24
9 16
14 15
5 21
16 19
12 22
2 17
17 18
3 12
8 12
4 15
2 11
10 14
4 21
9 19
6 16
1 21
0 14
8 9
2 12
3 17
12 13
1 16
1 10
9 20
16 23
12 18
17 22
7 18
23 24
2 7
5 10
4 6
9 23
7 17
12 23
4 8
5 13
8 19
4 22
19 22
9 18
11 19
1 20
12 20
0 15
7 19
3 10
4 13
6 15
11 13
0 22
1 4
3 9
0 19
7 13
12 19
1 18
17 21
16 21
10 11
9 22
10 21
7 16
6 24
0 3
3 14
9 15
3 20
10 12
4 23
15 18
6 22
12 21
17 19
1 13
8 11
3 19
8 17
14 20
4 20
11 12
7 9
11 17
13 14
2 21
20 21

Solution strand #9719685 at tube 8: 
1 0 1 0 0 1 1 0 1 0 0 0 0 0 0 0 0 0 1 0 1 0 0 1 0 

Maximum independent set: 
0 2 5 6 8 18 20 23 
Elapsed times: init=2.113596 s, comp=0.053628 s, total=2.167224 s, t2=0.001609 s, t3=0.052019 s
