23 vertices, 50 edges
Edges:
3 15
5 7
10 11
10 17
4 8
15 20
6 21
13 17
2 12
11 14
9 18
3 7
0 3
1 11
13 21
3 14
1 2
0 21
4 19
9 21
3 10
13 16
10 18
5 6
2 13
10 22
19 21
9 14
4 5
7 18
12 18
0 5
1 9
13 19
14 20
0 8
11 12
3 5
14 16
3 22
17 20
13 14
15 21
17 21
7 9
1 4
4 21
17 22
15 16
2 4

Solution strand #551810 at tube 9: 
0 1 0 0 0 0 1 1 1 0 1 0 1 0 1 1 0 0 0 1 0 0 0 

Maximum independent set: 
1 6 7 8 10 12 14 15 19 
Elapsed times: init=1.797214 s, comp=0.003207 s, total=1.800421 s, t2=0.000848 s, t3=0.002359 s
