21 vertices, 125 edges
Edges:
6 9
10 17
7 12
1 17
0 7
2 5
1 11
5 8
6 7
4 19
6 10
10 18
0 17
15 20
0 4
13 20
8 15
4 10
2 6
15 18
4 5
10 13
9 16
14 15
17 20
16 19
6 8
0 1
3 12
1 12
8 12
4 15
5 14
3 18
10 14
6 13
11 15
9 19
7 8
2 18
0 14
1 15
8 9
3 17
7 15
1 16
13 16
1 5
3 6
1 10
14 19
5 17
0 18
7 18
12 18
1 19
4 11
3 5
2 7
9 13
15 16
5 7
5 20
11 20
10 20
3 15
1 3
8 13
4 8
5 13
10 15
11 14
14 20
7 11
1 20
7 20
12 20
0 15
3 10
1 14
4 13
3 16
8 16
11 13
6 18
12 14
13 15
2 20
1 4
0 12
3 9
2 14
14 16
5 16
10 16
7 13
1 18
4 7
10 11
4 18
5 19
0 16
7 16
0 3
4 9
2 9
5 12
3 20
10 12
8 20
9 17
7 10
8 11
9 10
5 15
3 19
6 12
19 20
7 9
6 19
12 15
11 17
0 13
3 8
2 15

Solution strand #216980 at tube 5: 
0 0 1 0 1 0 0 0 0 0 0 0 1 0 0 0 1 1 0 0 0 

Maximum independent set: 
2 4 12 16 17 
Elapsed times: init=1.754839 s, comp=0.003982 s, total=1.758821 s, t2=0.002055 s, t3=0.001927 s
