20 vertices, 100 edges
Edges:
14 17
10 17
7 12
1 11
4 19
14 18
10 18
0 17
7 19
8 15
4 10
9 14
5 11
4 5
9 16
2 17
0 1
1 12
8 12
4 15
3 18
8 18
11 15
9 19
7 8
2 18
2 12
3 17
7 15
12 13
1 16
3 6
1 10
14 19
0 18
7 18
12 18
1 19
13 19
3 5
2 7
9 13
5 10
4 6
17 18
5 7
4 17
0 2
2 8
5 13
10 15
11 14
9 18
7 11
2 19
3 16
8 16
6 18
12 14
13 15
1 4
0 12
3 9
1 9
6 8
5 16
10 16
7 13
12 19
0 6
13 18
1 7
2 4
5 9
4 7
5 6
0 16
7 16
0 3
3 14
2 9
9 15
10 12
15 16
16 18
2 16
3 13
8 11
9 10
5 15
3 19
8 17
6 12
7 9
6 19
12 15
11 17
13 14
3 8
1 8

Solution strand #14852 at tube 5: 
0 0 1 0 0 0 1 0 0 0 1 1 0 1 0 0 0 0 0 0 

Maximum independent set: 
2 6 10 11 13 
Elapsed times: init=1.747187 s, comp=0.003364 s, total=1.750551 s, t2=0.001630 s, t3=0.001734 s
