25 vertices, 150 edges
Edges:
14 17
10 17
0 20
7 12
1 17
0 7
13 17
1 6
3 7
2 5
5 8
4 19
14 18
5 18
0 17
16 22
12 17
21 23
8 15
4 10
2 6
9 14
5 11
10 13
8 21
4 16
9 16
14 15
5 21
11 21
7 22
17 18
3 12
8 12
4 15
3 18
14 21
4 21
19 23
7 8
6 16
21 24
11 16
2 18
3 11
1 15
8 9
2 12
14 22
7 15
12 13
1 16
7 24
12 24
17 24
3 6
6 10
9 20
5 17
10 19
0 18
7 18
1 19
16 23
13 19
18 21
23 24
4 11
2 7
9 13
3 22
8 22
4 17
5 20
15 20
3 15
18 22
4 8
5 13
3 21
8 19
11 14
14 20
9 18
7 11
11 19
7 20
2 19
1 14
8 10
4 13
2 13
9 11
8 16
15 22
6 18
13 15
2 20
2 3
1 9
15 24
6 8
15 21
12 19
0 6
1 7
0 9
2 4
5 9
10 11
8 23
9 22
7 14
11 23
16 21
6 24
11 24
0 3
16 24
13 21
3 14
18 23
12 15
9 15
3 20
10 12
8 20
4 23
6 22
11 18
6 14
7 23
1 2
1 24
17 19
1 13
8 11
4 14
2 10
3 19
6 12
19 20
15 17
6 19
20 23
13 14
2 21
0 13
1 8
6 23

Solution strand #4207955 at tube 6: 
1 1 0 0 1 1 0 0 0 0 0 0 1 0 0 0 0 0 0 0 0 0 1 0 0 

Maximum independent set: 
0 1 4 5 12 22 
Elapsed times: init=1.998779 s, comp=0.184365 s, total=2.183144 s, t2=0.002380 s, t3=0.181985 s
