22 vertices, 100 edges
Edges:
14 17
10 17
15 20
1 17
0 7
18 19
2 5
5 8
9 21
14 18
5 18
8 15
4 10
2 6
9 14
16 19
2 17
17 18
4 15
2 11
3 18
6 13
1 6
9 19
15 16
1 21
7 13
2 18
0 14
8 9
4 12
7 11
3 17
13 16
0 11
9 20
14 19
10 19
0 18
1 19
0 5
5 10
5 20
10 20
16 20
3 15
6 10
4 8
3 21
9 18
15 19
11 19
2 19
1 14
4 13
2 13
3 16
8 16
6 15
11 13
7 14
6 18
13 15
14 16
5 16
10 16
0 19
15 21
12 19
1 18
0 6
13 18
0 9
19 21
3 4
9 12
5 6
4 18
5 19
10 21
16 21
12 16
0 3
13 21
8 14
8 20
9 17
12 21
2 16
3 13
1 13
8 11
4 14
5 15
8 17
19 20
15 17
11 17
1 8
2 15

Solution strand #1550 at tube 6: 
0 1 1 1 0 0 0 1 0 1 1 0 0 0 0 0 0 0 0 0 0 0 

Maximum independent set: 
1 2 3 7 9 10 
Elapsed times: init=1.768182 s, comp=0.003590 s, total=1.771772 s, t2=0.001572 s, t3=0.002018 s
